2025-04-28 05:00:04 - INFO - Logging has been set up successfully.
2025-04-28 05:00:04 - INFO - Loading gpspoint data from PostgreSQL...
2025-04-28 05:00:05 - INFO - Saving gpspoint DataFrame to Parquet at /home/exx/myCode/horse-racing/FoxRiverAIRacing/data/parquet/gpspoint.parquet...
2025-04-28 05:02:59 - INFO - gpspoint data loaded and saved successfully.
2025-04-28 05:02:59 - INFO - Loading sectionals data from PostgreSQL...
2025-04-28 05:02:59 - INFO - Saving sectionals DataFrame to Parquet at /home/exx/myCode/horse-racing/FoxRiverAIRacing/data/parquet/sectionals.parquet...
2025-04-28 05:03:15 - INFO - sectionals data loaded and saved successfully.
2025-04-28 05:03:15 - INFO - Loading runners data from PostgreSQL...
2025-04-28 05:03:15 - INFO - Saving runners DataFrame to Parquet at /home/exx/myCode/horse-racing/FoxRiverAIRacing/data/parquet/runners.parquet...
2025-04-28 05:03:27 - INFO - runners data loaded and saved successfully.
2025-04-28 05:03:27 - INFO - Loading horse data from PostgreSQL...
2025-04-28 05:03:27 - INFO - Saving horse DataFrame to Parquet at /home/exx/myCode/horse-racing/FoxRiverAIRacing/data/parquet/horse.parquet...
2025-04-28 05:03:27 - INFO - horse data loaded and saved successfully.
2025-04-28 05:03:27 - INFO - DataFrame 'gpspoint' loaded. Schema:
2025-04-28 05:03:27 - INFO - DataFrame 'sectionals' loaded. Schema:
2025-04-28 05:03:27 - INFO - DataFrame 'runners' loaded. Schema:
2025-04-28 05:03:27 - INFO - DataFrame 'horse' loaded. Schema:
2025-04-28 05:03:27 - INFO - Starting Spark-based aggregation for sectionals...
2025-04-28 05:03:39 - INFO - Writing aggregated results to staging table (overwrite)...
2025-04-28 05:03:55 - INFO - Staging table sectionals_aggregated written successfully.
2025-04-28 05:03:55 - INFO - Spark-based sectionals aggregation and write completed in 27.94 seconds.
2025-04-28 05:03:55 - INFO - Starting Spark-based aggregation for sectionals keyed by (horse_id, as_of_date) with LOCF ...
2025-04-28 05:04:06 - INFO - Writing aggregator keyed by (horse_id, as_of_date) with LOCF to sectionals_aggregated_locf (overwrite).
2025-04-28 05:04:23 - INFO - Done. Wrote table=sectionals_aggregated_locf in 27.52 sec, keyed by (horse_id, as_of_date).
2025-04-28 05:04:23 - INFO - Starting quartile-based GPS metrics calculation...
2025-04-28 05:04:23 - INFO - Writing quartile + overall GPS metrics (with horse_id) to gps_aggregated ...
2025-04-28 05:05:52 - INFO - GPS quartile metrics aggregated (with axciskey => horse_id) and written in 88.41 seconds.
2025-04-28 05:05:59 - INFO - Ingestion job succeeded
2025-04-28 05:05:59 - INFO - Updating net_sentiment beginning...
2025-04-28 05:06:14 - INFO - Net sentiment updated successfully in 14.72 seconds.
2025-04-28 05:06:14 - INFO - Updating distance_meters in racedata beginning...
2025-04-28 05:06:16 - INFO - Distance_meters updated successfully in 2.42 seconds.
2025-04-28 05:06:16 - INFO - Updating rr_par_time in races beginning...
2025-04-28 05:06:17 - INFO - rr_par_time updated successfully in 0.96 seconds.
2025-04-28 05:06:17 - INFO - Updating previous race data and race count in runners beginning...
2025-04-28 05:06:43 - INFO - Previous race data and race count updated successfully.
2025-04-28 05:06:43 - INFO - Time taken to update previous race data and race count: 25.712058067321777 seconds
2025-04-28 05:07:21 - INFO - Updated runners: prev_speed_rating set from results_entries.speed_rating.
2025-04-28 05:07:21 - INFO - Speed_rating updated using forward-fill (LOCF) successfully.
2025-04-28 05:07:59 - INFO - Updated runners: prev_speed_rating set from results_entries.speed_rating.
2025-04-28 05:07:59 - INFO - Update previous_surface successful.
2025-04-28 05:07:59 - INFO - Updating finish_time in results_entries beginning...
2025-04-28 05:08:13 - INFO - finish_time updated successfully in 13.72 seconds.
2025-04-28 05:08:14 - INFO - Closing down clientserver connection
