2025-04-26 05:00:03 - INFO - Logging has been set up successfully.
2025-04-26 05:00:03 - INFO - Loading gpspoint data from PostgreSQL...
2025-04-26 05:00:03 - INFO - Saving gpspoint DataFrame to Parquet at /home/exx/myCode/horse-racing/FoxRiverAIRacing/data/parquet/gpspoint.parquet...
2025-04-26 05:02:59 - INFO - gpspoint data loaded and saved successfully.
2025-04-26 05:02:59 - INFO - Loading sectionals data from PostgreSQL...
2025-04-26 05:02:59 - INFO - Saving sectionals DataFrame to Parquet at /home/exx/myCode/horse-racing/FoxRiverAIRacing/data/parquet/sectionals.parquet...
2025-04-26 05:03:15 - INFO - sectionals data loaded and saved successfully.
2025-04-26 05:03:15 - INFO - Loading runners data from PostgreSQL...
2025-04-26 05:03:15 - INFO - Saving runners DataFrame to Parquet at /home/exx/myCode/horse-racing/FoxRiverAIRacing/data/parquet/runners.parquet...
2025-04-26 05:03:27 - INFO - runners data loaded and saved successfully.
2025-04-26 05:03:27 - INFO - Loading horse data from PostgreSQL...
2025-04-26 05:03:27 - INFO - Saving horse DataFrame to Parquet at /home/exx/myCode/horse-racing/FoxRiverAIRacing/data/parquet/horse.parquet...
2025-04-26 05:03:27 - INFO - horse data loaded and saved successfully.
2025-04-26 05:03:27 - INFO - DataFrame 'gpspoint' loaded. Schema:
2025-04-26 05:03:27 - INFO - DataFrame 'sectionals' loaded. Schema:
2025-04-26 05:03:27 - INFO - DataFrame 'runners' loaded. Schema:
2025-04-26 05:03:27 - INFO - DataFrame 'horse' loaded. Schema:
2025-04-26 05:03:27 - INFO - Starting Spark-based aggregation for sectionals...
2025-04-26 05:03:39 - INFO - Writing aggregated results to staging table (overwrite)...
2025-04-26 05:03:56 - INFO - Staging table sectionals_aggregated written successfully.
2025-04-26 05:03:56 - INFO - Spark-based sectionals aggregation and write completed in 28.64 seconds.
2025-04-26 05:03:56 - INFO - Starting Spark-based aggregation for sectionals keyed by (horse_id, as_of_date) with LOCF ...
2025-04-26 05:04:06 - INFO - Writing aggregator keyed by (horse_id, as_of_date) with LOCF to sectionals_aggregated_locf (overwrite).
2025-04-26 05:04:25 - INFO - Done. Wrote table=sectionals_aggregated_locf in 29.18 sec, keyed by (horse_id, as_of_date).
2025-04-26 05:04:26 - INFO - Starting quartile-based GPS metrics calculation...
2025-04-26 05:04:27 - INFO - Writing quartile + overall GPS metrics (with horse_id) to gps_aggregated ...
2025-04-26 05:05:59 - INFO - GPS quartile metrics aggregated (with axciskey => horse_id) and written in 92.21 seconds.
2025-04-26 05:06:10 - INFO - Ingestion job succeeded
2025-04-26 05:06:10 - INFO - Updating net_sentiment beginning...
2025-04-26 05:06:42 - INFO - Net sentiment updated successfully in 31.92 seconds.
2025-04-26 05:06:42 - INFO - Updating distance_meters in racedata beginning...
2025-04-26 05:06:43 - INFO - Distance_meters updated successfully in 1.49 seconds.
2025-04-26 05:06:43 - INFO - Updating rr_par_time in races beginning...
2025-04-26 05:06:44 - INFO - rr_par_time updated successfully in 0.68 seconds.
2025-04-26 05:06:44 - INFO - Updating previous race data and race count in runners beginning...
2025-04-26 05:07:04 - INFO - Previous race data and race count updated successfully.
2025-04-26 05:07:04 - INFO - Time taken to update previous race data and race count: 20.633986949920654 seconds
2025-04-26 05:07:40 - INFO - Updated runners: prev_speed_rating set from results_entries.speed_rating.
2025-04-26 05:07:40 - INFO - Speed_rating updated using forward-fill (LOCF) successfully.
2025-04-26 05:08:17 - INFO - Updated runners: prev_speed_rating set from results_entries.speed_rating.
2025-04-26 05:08:19 - INFO - Update previous_surface successful.
2025-04-26 05:08:19 - INFO - Updating finish_time in results_entries beginning...
2025-04-26 05:08:30 - INFO - finish_time updated successfully in 11.53 seconds.
2025-04-26 05:08:31 - INFO - Closing down clientserver connection
