2025-05-06 05:00:04 - INFO - Logging has been set up successfully.
2025-05-06 05:00:04 - INFO - Loading gpspoint data from PostgreSQL...
2025-05-06 05:00:04 - INFO - Saving gpspoint DataFrame to Parquet at /home/exx/myCode/horse-racing/FoxRiverAIRacing/data/parquet/gpspoint.parquet...
2025-05-06 05:03:05 - INFO - gpspoint data loaded and saved successfully.
2025-05-06 05:03:05 - INFO - Loading sectionals data from PostgreSQL...
2025-05-06 05:03:05 - INFO - Saving sectionals DataFrame to Parquet at /home/exx/myCode/horse-racing/FoxRiverAIRacing/data/parquet/sectionals.parquet...
2025-05-06 05:03:22 - INFO - sectionals data loaded and saved successfully.
2025-05-06 05:03:22 - INFO - Loading runners data from PostgreSQL...
2025-05-06 05:03:22 - INFO - Saving runners DataFrame to Parquet at /home/exx/myCode/horse-racing/FoxRiverAIRacing/data/parquet/runners.parquet...
2025-05-06 05:03:34 - INFO - runners data loaded and saved successfully.
2025-05-06 05:03:34 - INFO - Loading horse data from PostgreSQL...
2025-05-06 05:03:34 - INFO - Saving horse DataFrame to Parquet at /home/exx/myCode/horse-racing/FoxRiverAIRacing/data/parquet/horse.parquet...
2025-05-06 05:03:34 - INFO - horse data loaded and saved successfully.
2025-05-06 05:03:34 - INFO - DataFrame 'gpspoint' loaded. Schema:
2025-05-06 05:03:34 - INFO - DataFrame 'sectionals' loaded. Schema:
2025-05-06 05:03:34 - INFO - DataFrame 'runners' loaded. Schema:
2025-05-06 05:03:34 - INFO - DataFrame 'horse' loaded. Schema:
2025-05-06 05:03:34 - INFO - Starting Spark-based aggregation for sectionals...
2025-05-06 05:03:47 - INFO - Writing aggregated results to staging table (overwrite)...
2025-05-06 05:04:02 - INFO - Staging table sectionals_aggregated written successfully.
2025-05-06 05:04:02 - INFO - Spark-based sectionals aggregation and write completed in 27.78 seconds.
2025-05-06 05:04:02 - INFO - Starting Spark-based aggregation for sectionals keyed by (horse_id, as_of_date) with LOCF ...
2025-05-06 05:04:13 - INFO - Writing aggregator keyed by (horse_id, as_of_date) with LOCF to sectionals_aggregated_locf (overwrite).
2025-05-06 05:04:29 - INFO - Done. Wrote table=sectionals_aggregated_locf in 27.34 sec, keyed by (horse_id, as_of_date).
2025-05-06 05:04:30 - INFO - Starting quartile-based GPS metrics calculation...
2025-05-06 05:04:30 - INFO - Writing quartile + overall GPS metrics (with horse_id) to gps_aggregated ...
2025-05-06 05:06:01 - INFO - GPS quartile metrics aggregated (with axciskey => horse_id) and written in 91.27 seconds.
2025-05-06 05:06:08 - INFO - Ingestion job succeeded
2025-05-06 05:06:08 - INFO - Updating net_sentiment beginning...
2025-05-06 05:06:28 - INFO - Net sentiment updated successfully in 19.67 seconds.
2025-05-06 05:06:28 - INFO - Updating distance_meters in racedata beginning...
2025-05-06 05:06:29 - INFO - Distance_meters updated successfully in 1.19 seconds.
2025-05-06 05:06:29 - INFO - Updating rr_par_time in races beginning...
2025-05-06 05:06:30 - INFO - rr_par_time updated successfully in 0.61 seconds.
2025-05-06 05:06:30 - INFO - Updating previous race data and race count in runners beginning...
2025-05-06 05:07:08 - INFO - Previous race data and race count updated successfully.
2025-05-06 05:07:08 - INFO - Time taken to update previous race data and race count: 38.03131723403931 seconds
2025-05-06 05:07:51 - INFO - Updated runners: prev_speed_rating set from results_entries.speed_rating.
2025-05-06 05:07:51 - INFO - Speed_rating updated using forward-fill (LOCF) successfully.
2025-05-06 05:08:27 - INFO - Updated runners: prev_speed_rating set from results_entries.speed_rating.
2025-05-06 05:08:28 - INFO - Update previous_surface successful.
2025-05-06 05:08:28 - INFO - Updating finish_time in results_entries beginning...
2025-05-06 05:08:39 - INFO - finish_time updated successfully in 11.50 seconds.
2025-05-06 05:08:40 - INFO - Closing down clientserver connection
