2025-04-09 05:00:03 - INFO - Logging has been set up successfully.
2025-04-09 05:00:03 - INFO - Loading gpspoint data from PostgreSQL...
2025-04-09 05:00:04 - INFO - Saving gpspoint DataFrame to Parquet at /home/exx/myCode/horse-racing/FoxRiverAIRacing/data/parquet/gpspoint.parquet...
2025-04-09 05:02:51 - INFO - gpspoint data loaded and saved successfully.
2025-04-09 05:02:51 - INFO - Loading sectionals data from PostgreSQL...
2025-04-09 05:02:51 - INFO - Saving sectionals DataFrame to Parquet at /home/exx/myCode/horse-racing/FoxRiverAIRacing/data/parquet/sectionals.parquet...
2025-04-09 05:03:07 - INFO - sectionals data loaded and saved successfully.
2025-04-09 05:03:07 - INFO - Loading runners data from PostgreSQL...
2025-04-09 05:03:07 - INFO - Saving runners DataFrame to Parquet at /home/exx/myCode/horse-racing/FoxRiverAIRacing/data/parquet/runners.parquet...
2025-04-09 05:03:19 - INFO - runners data loaded and saved successfully.
2025-04-09 05:03:19 - INFO - Loading horse data from PostgreSQL...
2025-04-09 05:03:19 - INFO - Saving horse DataFrame to Parquet at /home/exx/myCode/horse-racing/FoxRiverAIRacing/data/parquet/horse.parquet...
2025-04-09 05:03:19 - INFO - horse data loaded and saved successfully.
2025-04-09 05:03:19 - INFO - DataFrame 'gpspoint' loaded. Schema:
2025-04-09 05:03:19 - INFO - DataFrame 'sectionals' loaded. Schema:
2025-04-09 05:03:19 - INFO - DataFrame 'runners' loaded. Schema:
2025-04-09 05:03:19 - INFO - DataFrame 'horse' loaded. Schema:
2025-04-09 05:03:19 - INFO - Starting Spark-based aggregation for sectionals...
2025-04-09 05:03:31 - INFO - Writing aggregated results to staging table (overwrite)...
2025-04-09 05:03:47 - INFO - Staging table sectionals_aggregated written successfully.
2025-04-09 05:03:47 - INFO - Spark-based sectionals aggregation and write completed in 28.52 seconds.
2025-04-09 05:03:47 - INFO - Starting Spark-based aggregation for sectionals keyed by (horse_id, as_of_date) with LOCF ...
2025-04-09 05:03:58 - INFO - Writing aggregator keyed by (horse_id, as_of_date) with LOCF to sectionals_aggregated_locf (overwrite).
2025-04-09 05:04:16 - INFO - Done. Wrote table=sectionals_aggregated_locf in 28.04 sec, keyed by (horse_id, as_of_date).
2025-04-09 05:04:17 - INFO - Starting quartile-based GPS metrics calculation...
2025-04-09 05:04:17 - INFO - Writing quartile + overall GPS metrics (with horse_id) to gps_aggregated ...
2025-04-09 05:05:45 - INFO - GPS quartile metrics aggregated (with axciskey => horse_id) and written in 87.87 seconds.
2025-04-09 05:05:56 - INFO - Ingestion job succeeded
2025-04-09 05:05:56 - INFO - Updating net_sentiment beginning...
2025-04-09 05:06:35 - INFO - Net sentiment updated successfully in 39.22 seconds.
2025-04-09 05:06:35 - INFO - Updating distance_meters in racedata beginning...
2025-04-09 05:06:36 - INFO - Distance_meters updated successfully in 1.15 seconds.
2025-04-09 05:06:36 - INFO - Updating rr_par_time in races beginning...
2025-04-09 05:06:37 - INFO - rr_par_time updated successfully in 0.61 seconds.
2025-04-09 05:06:37 - INFO - Updating previous race data and race count in runners beginning...
2025-04-09 05:07:07 - INFO - Previous race data and race count updated successfully.
2025-04-09 05:07:07 - INFO - Time taken to update previous race data and race count: 29.969181537628174 seconds
2025-04-09 05:07:48 - INFO - Updated runners: prev_speed_rating set from results_entries.speed_rating.
2025-04-09 05:07:49 - INFO - Speed_rating updated using forward-fill (LOCF) successfully.
2025-04-09 05:08:30 - INFO - Updated runners: prev_speed_rating set from results_entries.speed_rating.
2025-04-09 05:08:31 - INFO - Update previous_surface successful.
2025-04-09 05:08:31 - INFO - Updating finish_time in results_entries beginning...
2025-04-09 05:08:44 - INFO - finish_time updated successfully in 13.55 seconds.
2025-04-09 05:08:45 - INFO - Closing down clientserver connection
