2025-03-01 05:00:03 - INFO - Logging has been set up successfully.
2025-03-01 05:00:03 - INFO - Loading gpspoint data from PostgreSQL...
2025-03-01 05:00:04 - INFO - Saving gpspoint DataFrame to Parquet at /home/exx/myCode/horse-racing/FoxRiverAIRacing/data/parquet/gpspoint.parquet...
2025-03-01 05:02:45 - INFO - gpspoint data loaded and saved successfully.
2025-03-01 05:02:45 - INFO - Loading sectionals data from PostgreSQL...
2025-03-01 05:02:45 - INFO - Saving sectionals DataFrame to Parquet at /home/exx/myCode/horse-racing/FoxRiverAIRacing/data/parquet/sectionals.parquet...
2025-03-01 05:03:00 - INFO - sectionals data loaded and saved successfully.
2025-03-01 05:03:00 - INFO - Starting quartile-based GPS metrics calculation...
2025-03-01 05:03:01 - INFO - Writing quartile + overall GPS metrics to gps_aggregated ...
2025-03-01 05:04:27 - INFO - GPS quartile metrics aggregated and written in 86.82 seconds.
2025-03-01 05:04:27 - INFO - Starting Spark-based aggregation for sectionals...
2025-03-01 05:04:38 - INFO - Writing aggregated results to staging table (overwrite)...
2025-03-01 05:04:54 - INFO - Staging table sectionals_aggregated written successfully.
2025-03-01 05:04:54 - INFO - Spark-based sectionals aggregation and write completed in 27.12 seconds.
2025-03-01 05:04:55 - INFO - Ingestion job succeeded
2025-03-01 05:04:55 - INFO - Updating net_sentiment beginning...
2025-03-01 05:05:15 - INFO - Net sentiment updated successfully in 19.78 seconds.
2025-03-01 05:05:15 - INFO - Updating distance_meters in racedata beginning...
2025-03-01 05:05:17 - INFO - Distance_meters updated successfully in 2.02 seconds.
2025-03-01 05:05:17 - INFO - Updating rr_par_time in races beginning...
2025-03-01 05:05:17 - INFO - rr_par_time updated successfully in 0.55 seconds.
2025-03-01 05:05:17 - INFO - Updating previous race data and race count in runners beginning...
2025-03-01 05:05:31 - INFO - Previous race data and race count updated successfully.
2025-03-01 05:05:31 - INFO - Time taken to update previous race data and race count: 14.268651008605957 seconds
2025-03-01 05:05:32 - INFO - Speed_rating updated using forward-fill (LOCF) successfully.
2025-03-01 05:05:41 - INFO - Updated runners: prev_speed_rating set from results_entries.speed_rating.
2025-03-01 05:05:49 - INFO - Update previous_surface successful.
2025-03-01 05:05:49 - INFO - Updating finish_time in results_entries beginning...
2025-03-01 05:06:01 - INFO - finish_time updated successfully in 11.64 seconds.
2025-03-01 05:06:01 - INFO - Closing down clientserver connection
