2025-05-07 05:00:03 - INFO - Logging has been set up successfully.
2025-05-07 05:00:03 - INFO - Loading gpspoint data from PostgreSQL...
2025-05-07 05:00:04 - INFO - Saving gpspoint DataFrame to Parquet at /home/exx/myCode/horse-racing/FoxRiverAIRacing/data/parquet/gpspoint.parquet...
2025-05-07 05:03:02 - INFO - gpspoint data loaded and saved successfully.
2025-05-07 05:03:02 - INFO - Loading sectionals data from PostgreSQL...
2025-05-07 05:03:02 - INFO - Saving sectionals DataFrame to Parquet at /home/exx/myCode/horse-racing/FoxRiverAIRacing/data/parquet/sectionals.parquet...
2025-05-07 05:03:18 - INFO - sectionals data loaded and saved successfully.
2025-05-07 05:03:18 - INFO - Loading runners data from PostgreSQL...
2025-05-07 05:03:18 - INFO - Saving runners DataFrame to Parquet at /home/exx/myCode/horse-racing/FoxRiverAIRacing/data/parquet/runners.parquet...
2025-05-07 05:03:30 - INFO - runners data loaded and saved successfully.
2025-05-07 05:03:30 - INFO - Loading horse data from PostgreSQL...
2025-05-07 05:03:30 - INFO - Saving horse DataFrame to Parquet at /home/exx/myCode/horse-racing/FoxRiverAIRacing/data/parquet/horse.parquet...
2025-05-07 05:03:30 - INFO - horse data loaded and saved successfully.
2025-05-07 05:03:30 - INFO - DataFrame 'gpspoint' loaded. Schema:
2025-05-07 05:03:30 - INFO - DataFrame 'sectionals' loaded. Schema:
2025-05-07 05:03:30 - INFO - DataFrame 'runners' loaded. Schema:
2025-05-07 05:03:30 - INFO - DataFrame 'horse' loaded. Schema:
2025-05-07 05:03:30 - INFO - Starting Spark-based aggregation for sectionals...
2025-05-07 05:03:42 - INFO - Writing aggregated results to staging table (overwrite)...
2025-05-07 05:03:58 - INFO - Staging table sectionals_aggregated written successfully.
2025-05-07 05:03:58 - INFO - Spark-based sectionals aggregation and write completed in 27.59 seconds.
2025-05-07 05:03:58 - INFO - Starting Spark-based aggregation for sectionals keyed by (horse_id, as_of_date) with LOCF ...
2025-05-07 05:04:09 - INFO - Writing aggregator keyed by (horse_id, as_of_date) with LOCF to sectionals_aggregated_locf (overwrite).
2025-05-07 05:04:27 - INFO - Done. Wrote table=sectionals_aggregated_locf in 28.57 sec, keyed by (horse_id, as_of_date).
2025-05-07 05:04:27 - INFO - Starting quartile-based GPS metrics calculation...
2025-05-07 05:04:27 - INFO - Writing quartile + overall GPS metrics (with horse_id) to gps_aggregated ...
2025-05-07 05:05:57 - INFO - GPS quartile metrics aggregated (with axciskey => horse_id) and written in 89.76 seconds.
2025-05-07 05:06:04 - INFO - Ingestion job succeeded
2025-05-07 05:06:04 - INFO - Updating net_sentiment beginning...
2025-05-07 05:06:14 - INFO - Net sentiment updated successfully in 9.76 seconds.
2025-05-07 05:06:14 - INFO - Updating distance_meters in racedata beginning...
2025-05-07 05:06:19 - INFO - Distance_meters updated successfully in 5.65 seconds.
2025-05-07 05:06:19 - INFO - Updating rr_par_time in races beginning...
2025-05-07 05:06:21 - INFO - rr_par_time updated successfully in 2.25 seconds.
2025-05-07 05:06:21 - INFO - Updating previous race data and race count in runners beginning...
2025-05-07 05:06:44 - INFO - Previous race data and race count updated successfully.
2025-05-07 05:06:44 - INFO - Time taken to update previous race data and race count: 22.912264823913574 seconds
2025-05-07 05:07:31 - INFO - Updated runners: prev_speed_rating set from results_entries.speed_rating.
2025-05-07 05:07:32 - INFO - Speed_rating updated using forward-fill (LOCF) successfully.
2025-05-07 05:08:25 - INFO - Updated runners: prev_speed_rating set from results_entries.speed_rating.
2025-05-07 05:08:26 - INFO - Update previous_surface successful.
2025-05-07 05:08:26 - INFO - Updating finish_time in results_entries beginning...
2025-05-07 05:08:40 - INFO - finish_time updated successfully in 14.20 seconds.
2025-05-07 05:08:40 - INFO - Closing down clientserver connection
