2025-03-31 05:00:04 - INFO - Logging has been set up successfully.
2025-03-31 05:00:04 - INFO - Loading gpspoint data from PostgreSQL...
2025-03-31 05:00:04 - INFO - Saving gpspoint DataFrame to Parquet at /home/exx/myCode/horse-racing/FoxRiverAIRacing/data/parquet/gpspoint.parquet...
2025-03-31 05:02:57 - INFO - gpspoint data loaded and saved successfully.
2025-03-31 05:02:57 - INFO - Loading sectionals data from PostgreSQL...
2025-03-31 05:02:57 - INFO - Saving sectionals DataFrame to Parquet at /home/exx/myCode/horse-racing/FoxRiverAIRacing/data/parquet/sectionals.parquet...
2025-03-31 05:03:13 - INFO - sectionals data loaded and saved successfully.
2025-03-31 05:03:13 - INFO - Loading runners data from PostgreSQL...
2025-03-31 05:03:14 - INFO - Saving runners DataFrame to Parquet at /home/exx/myCode/horse-racing/FoxRiverAIRacing/data/parquet/runners.parquet...
2025-03-31 05:03:26 - INFO - runners data loaded and saved successfully.
2025-03-31 05:03:26 - INFO - Loading horse data from PostgreSQL...
2025-03-31 05:03:26 - INFO - Saving horse DataFrame to Parquet at /home/exx/myCode/horse-racing/FoxRiverAIRacing/data/parquet/horse.parquet...
2025-03-31 05:03:26 - INFO - horse data loaded and saved successfully.
2025-03-31 05:03:26 - INFO - DataFrame 'gpspoint' loaded. Schema:
2025-03-31 05:03:26 - INFO - DataFrame 'sectionals' loaded. Schema:
2025-03-31 05:03:26 - INFO - DataFrame 'runners' loaded. Schema:
2025-03-31 05:03:26 - INFO - DataFrame 'horse' loaded. Schema:
2025-03-31 05:03:26 - INFO - Starting Spark-based aggregation for sectionals...
2025-03-31 05:03:38 - INFO - Writing aggregated results to staging table (overwrite)...
2025-03-31 05:03:55 - INFO - Staging table sectionals_aggregated written successfully.
2025-03-31 05:03:55 - INFO - Spark-based sectionals aggregation and write completed in 28.90 seconds.
2025-03-31 05:03:55 - INFO - Starting Spark-based aggregation for sectionals keyed by (horse_id, as_of_date) with LOCF ...
2025-03-31 05:04:06 - INFO - Writing aggregator keyed by (horse_id, as_of_date) with LOCF to sectionals_aggregated_locf (overwrite).
2025-03-31 05:04:26 - INFO - Done. Wrote table=sectionals_aggregated_locf in 30.95 sec, keyed by (horse_id, as_of_date).
2025-03-31 05:04:28 - INFO - Starting quartile-based GPS metrics calculation...
2025-03-31 05:04:28 - INFO - Writing quartile + overall GPS metrics (with horse_id) to gps_aggregated ...
2025-03-31 05:05:57 - INFO - GPS quartile metrics aggregated (with axciskey => horse_id) and written in 89.61 seconds.
2025-03-31 05:06:12 - INFO - Ingestion job succeeded
2025-03-31 05:06:12 - INFO - Updating net_sentiment beginning...
2025-03-31 05:07:02 - INFO - Net sentiment updated successfully in 50.12 seconds.
2025-03-31 05:07:02 - INFO - Updating distance_meters in racedata beginning...
2025-03-31 05:07:08 - INFO - Distance_meters updated successfully in 5.68 seconds.
2025-03-31 05:07:08 - INFO - Updating rr_par_time in races beginning...
2025-03-31 05:07:10 - INFO - rr_par_time updated successfully in 1.79 seconds.
2025-03-31 05:07:10 - INFO - Updating previous race data and race count in runners beginning...
2025-03-31 05:07:31 - INFO - Previous race data and race count updated successfully.
2025-03-31 05:07:31 - INFO - Time taken to update previous race data and race count: 20.990495443344116 seconds
2025-03-31 05:08:05 - INFO - Updated runners: prev_speed_rating set from results_entries.speed_rating.
2025-03-31 05:08:05 - INFO - Speed_rating updated using forward-fill (LOCF) successfully.
2025-03-31 05:08:39 - INFO - Updated runners: prev_speed_rating set from results_entries.speed_rating.
2025-03-31 05:08:40 - INFO - Update previous_surface successful.
2025-03-31 05:08:40 - INFO - Updating finish_time in results_entries beginning...
2025-03-31 05:08:53 - INFO - finish_time updated successfully in 13.43 seconds.
2025-03-31 05:08:54 - INFO - Closing down clientserver connection
