2025-02-28 05:00:04 - INFO - Logging has been set up successfully.
2025-02-28 05:00:04 - INFO - Loading gpspoint data from PostgreSQL...
2025-02-28 05:00:05 - INFO - Saving gpspoint DataFrame to Parquet at /home/exx/myCode/horse-racing/FoxRiverAIRacing/data/parquet/gpspoint.parquet...
2025-02-28 05:02:45 - INFO - gpspoint data loaded and saved successfully.
2025-02-28 05:02:45 - INFO - Loading sectionals data from PostgreSQL...
2025-02-28 05:02:45 - INFO - Saving sectionals DataFrame to Parquet at /home/exx/myCode/horse-racing/FoxRiverAIRacing/data/parquet/sectionals.parquet...
2025-02-28 05:03:01 - INFO - sectionals data loaded and saved successfully.
2025-02-28 05:03:01 - INFO - Starting quartile-based GPS metrics calculation...
2025-02-28 05:03:01 - INFO - Writing quartile + overall GPS metrics to gps_aggregated ...
2025-02-28 05:04:25 - INFO - GPS quartile metrics aggregated and written in 84.21 seconds.
2025-02-28 05:04:25 - INFO - Starting Spark-based aggregation for sectionals...
2025-02-28 05:04:36 - INFO - Writing aggregated results to staging table (overwrite)...
2025-02-28 05:04:50 - INFO - Staging table sectionals_aggregated written successfully.
2025-02-28 05:04:50 - INFO - Spark-based sectionals aggregation and write completed in 25.36 seconds.
2025-02-28 05:04:50 - INFO - Ingestion job succeeded
2025-02-28 05:04:50 - INFO - Updating net_sentiment beginning...
2025-02-28 05:04:56 - INFO - Net sentiment updated successfully in 5.55 seconds.
2025-02-28 05:04:56 - INFO - Updating distance_meters in racedata beginning...
2025-02-28 05:04:58 - INFO - Distance_meters updated successfully in 1.65 seconds.
2025-02-28 05:04:58 - INFO - Updating rr_par_time in races beginning...
2025-02-28 05:04:58 - INFO - rr_par_time updated successfully in 0.56 seconds.
2025-02-28 05:04:58 - INFO - Updating previous race data and race count in runners beginning...
2025-02-28 05:05:13 - INFO - Previous race data and race count updated successfully.
2025-02-28 05:05:13 - INFO - Time taken to update previous race data and race count: 14.352724552154541 seconds
2025-02-28 05:05:13 - INFO - Speed_rating updated using forward-fill (LOCF) successfully.
2025-02-28 05:05:22 - INFO - Updated runners: prev_speed_rating set from results_entries.speed_rating.
2025-02-28 05:05:31 - INFO - Update previous_surface successful.
2025-02-28 05:05:31 - INFO - Updating finish_time in results_entries beginning...
2025-02-28 05:05:42 - INFO - finish_time updated successfully in 11.25 seconds.
2025-02-28 05:05:43 - INFO - Closing down clientserver connection
