2025-06-06 05:00:03 - INFO - Logging has been set up successfully.
2025-06-06 05:00:03 - INFO - Loading gpspoint data from PostgreSQL...
2025-06-06 05:00:04 - INFO - Saving gpspoint DataFrame to Parquet at /home/exx/myCode/horse-racing/FoxRiverAIRacing/data/parquet/gpspoint.parquet...
2025-06-06 05:03:09 - INFO - gpspoint data loaded and saved successfully.
2025-06-06 05:03:09 - INFO - Loading sectionals data from PostgreSQL...
2025-06-06 05:03:09 - INFO - Saving sectionals DataFrame to Parquet at /home/exx/myCode/horse-racing/FoxRiverAIRacing/data/parquet/sectionals.parquet...
2025-06-06 05:03:26 - INFO - sectionals data loaded and saved successfully.
2025-06-06 05:03:26 - INFO - Loading runners data from PostgreSQL...
2025-06-06 05:03:26 - INFO - Saving runners DataFrame to Parquet at /home/exx/myCode/horse-racing/FoxRiverAIRacing/data/parquet/runners.parquet...
2025-06-06 05:03:39 - INFO - runners data loaded and saved successfully.
2025-06-06 05:03:39 - INFO - Loading horse data from PostgreSQL...
2025-06-06 05:03:39 - INFO - Saving horse DataFrame to Parquet at /home/exx/myCode/horse-racing/FoxRiverAIRacing/data/parquet/horse.parquet...
2025-06-06 05:03:39 - INFO - horse data loaded and saved successfully.
2025-06-06 05:03:39 - INFO - DataFrame 'gpspoint' loaded. Schema:
2025-06-06 05:03:39 - INFO - DataFrame 'sectionals' loaded. Schema:
2025-06-06 05:03:39 - INFO - DataFrame 'runners' loaded. Schema:
2025-06-06 05:03:39 - INFO - DataFrame 'horse' loaded. Schema:
2025-06-06 05:03:39 - INFO - Starting Spark-based aggregation for sectionals...
2025-06-06 05:03:52 - INFO - Writing aggregated results to staging table (overwrite)...
2025-06-06 05:04:09 - INFO - Staging table sectionals_aggregated written successfully.
2025-06-06 05:04:09 - INFO - Spark-based sectionals aggregation and write completed in 29.44 seconds.
2025-06-06 05:04:09 - INFO - Starting Spark-based aggregation for sectionals keyed by (horse_id, as_of_date) with LOCF ...
2025-06-06 05:04:20 - INFO - Writing aggregator keyed by (horse_id, as_of_date) with LOCF to sectionals_aggregated_locf (overwrite).
2025-06-06 05:04:37 - INFO - Done. Wrote table=sectionals_aggregated_locf in 28.77 sec, keyed by (horse_id, as_of_date).
2025-06-06 05:04:38 - INFO - Starting quartile-based GPS metrics calculation...
2025-06-06 05:04:38 - INFO - Writing quartile + overall GPS metrics (with horse_id) to gps_aggregated ...
2025-06-06 05:06:11 - INFO - GPS quartile metrics aggregated (with axciskey => horse_id) and written in 93.63 seconds.
2025-06-06 05:06:19 - INFO - Ingestion job succeeded
2025-06-06 05:06:19 - INFO - Updating net_sentiment beginning...
2025-06-06 05:06:35 - INFO - Net sentiment updated successfully in 16.77 seconds.
2025-06-06 05:06:35 - INFO - Updating distance_meters in racedata beginning...
2025-06-06 05:06:37 - INFO - Distance_meters updated successfully in 1.19 seconds.
2025-06-06 05:06:37 - INFO - Updating rr_par_time in races beginning...
2025-06-06 05:06:37 - INFO - rr_par_time updated successfully in 0.60 seconds.
2025-06-06 05:06:37 - INFO - Updating previous race data and race count in runners beginning...
2025-06-06 05:06:59 - INFO - Previous race data and race count updated successfully.
2025-06-06 05:06:59 - INFO - Time taken to update previous race data and race count: 21.520580530166626 seconds
2025-06-06 05:07:33 - INFO - Updated runners: prev_speed_rating set from results_entries.speed_rating.
2025-06-06 05:07:34 - INFO - Speed_rating updated using forward-fill (LOCF) successfully.
2025-06-06 05:08:10 - INFO - Updated runners: prev_speed_rating set from results_entries.speed_rating.
2025-06-06 05:08:11 - INFO - Update previous_surface successful.
2025-06-06 05:08:11 - INFO - Updating finish_time in results_entries beginning...
2025-06-06 05:08:24 - INFO - finish_time updated successfully in 12.90 seconds.
2025-06-06 05:08:24 - INFO - Closing down clientserver connection
