2024-12-17 03:00:02 - INFO - Logging has been set up successfully.
2024-12-17 03:00:02 - INFO - Setting up logging for PlusPro
2024-12-17 03:00:02 - INFO - Starting ingestion job
2024-12-17 03:00:02 - INFO - Starting ingestion for: PlusPro
2024-12-17 03:00:02 - INFO - Validating XML file /home/exx/myCode/horse-racing/FoxRiverAIRacing/data/Equibase/PlusPro/Daily/fg20241222plusXML.xml against XSD schema /home/exx/myCode/horse-racing/FoxRiverAIRacing/data/Equibase/plusProXMLData.xsd...
2024-12-17 03:00:02 - INFO - Validation successful for file /home/exx/myCode/horse-racing/FoxRiverAIRacing/data/Equibase/PlusPro/Daily/fg20241222plusXML.xml.
2024-12-17 03:00:02 - INFO - Validating XML file /home/exx/myCode/horse-racing/FoxRiverAIRacing/data/Equibase/PlusPro/Daily/fg20241222plusXML.xml against XSD schema /home/exx/myCode/horse-racing/FoxRiverAIRacing/data/Equibase/plusProXMLData.xsd...
2024-12-17 03:00:02 - INFO - Validation successful for file /home/exx/myCode/horse-racing/FoxRiverAIRacing/data/Equibase/PlusPro/Daily/fg20241222plusXML.xml.
2024-12-17 03:00:02 - INFO - Processing racedata data file: /home/exx/myCode/horse-racing/FoxRiverAIRacing/data/Equibase/PlusPro/Daily/fg20241222plusXML.xml
2024-12-17 03:00:02 - INFO - Validating XML file /home/exx/myCode/horse-racing/FoxRiverAIRacing/data/Equibase/PlusPro/Daily/fg20241222plusXML.xml against XSD schema /home/exx/myCode/horse-racing/FoxRiverAIRacing/data/Equibase/plusProXMLData.xsd...
2024-12-17 03:00:02 - INFO - Validation successful for file /home/exx/myCode/horse-racing/FoxRiverAIRacing/data/Equibase/PlusPro/Daily/fg20241222plusXML.xml.
2024-12-17 03:00:02 - INFO - Parsed XML file: /home/exx/myCode/horse-racing/FoxRiverAIRacing/data/Equibase/PlusPro/Daily/fg20241222plusXML.xml
2024-12-17 03:00:02 - INFO - Normalized XML tags to lowercase.
2024-12-17 03:00:02 - INFO - Determined course_cd: TFG for track_code: fg
2024-12-17 03:00:02 - INFO - Successfully inserted/updated race number 1 on 2024-12-22.
2024-12-17 03:00:02 - INFO - Determined course_cd: TFG for track_code: fg
2024-12-17 03:00:02 - INFO - Successfully inserted/updated race number 2 on 2024-12-22.
2024-12-17 03:00:02 - INFO - Determined course_cd: TFG for track_code: fg
2024-12-17 03:00:02 - INFO - Successfully inserted/updated race number 3 on 2024-12-22.
2024-12-17 03:00:02 - INFO - Determined course_cd: TFG for track_code: fg
2024-12-17 03:00:02 - INFO - Successfully inserted/updated race number 4 on 2024-12-22.
2024-12-17 03:00:02 - INFO - Determined course_cd: TFG for track_code: fg
2024-12-17 03:00:02 - INFO - Successfully inserted/updated race number 5 on 2024-12-22.
2024-12-17 03:00:02 - INFO - Determined course_cd: TFG for track_code: fg
2024-12-17 03:00:02 - INFO - Successfully inserted/updated race number 6 on 2024-12-22.
2024-12-17 03:00:02 - INFO - Determined course_cd: TFG for track_code: fg
2024-12-17 03:00:02 - INFO - Successfully inserted/updated race number 7 on 2024-12-22.
2024-12-17 03:00:02 - INFO - Determined course_cd: TFG for track_code: fg
2024-12-17 03:00:02 - INFO - Successfully inserted/updated race number 8 on 2024-12-22.
2024-12-17 03:00:02 - INFO - Processing horse_data data file: /home/exx/myCode/horse-racing/FoxRiverAIRacing/data/Equibase/PlusPro/Daily/fg20241222plusXML.xml
2024-12-17 03:00:02 - INFO - Validating XML file /home/exx/myCode/horse-racing/FoxRiverAIRacing/data/Equibase/PlusPro/Daily/fg20241222plusXML.xml against XSD schema /home/exx/myCode/horse-racing/FoxRiverAIRacing/data/Equibase/plusProXMLData.xsd...
2024-12-17 03:00:02 - INFO - Validation successful for file /home/exx/myCode/horse-racing/FoxRiverAIRacing/data/Equibase/PlusPro/Daily/fg20241222plusXML.xml.
2024-12-17 03:00:02 - INFO - Processing stat_horse data file: /home/exx/myCode/horse-racing/FoxRiverAIRacing/data/Equibase/PlusPro/Daily/fg20241222plusXML.xml
2024-12-17 03:00:02 - INFO - Validating XML file /home/exx/myCode/horse-racing/FoxRiverAIRacing/data/Equibase/PlusPro/Daily/fg20241222plusXML.xml against XSD schema /home/exx/myCode/horse-racing/FoxRiverAIRacing/data/Equibase/plusProXMLData.xsd...
2024-12-17 03:00:03 - INFO - Validation successful for file /home/exx/myCode/horse-racing/FoxRiverAIRacing/data/Equibase/PlusPro/Daily/fg20241222plusXML.xml.
2024-12-17 03:00:03 - INFO - Processing dam data file: /home/exx/myCode/horse-racing/FoxRiverAIRacing/data/Equibase/PlusPro/Daily/fg20241222plusXML.xml
2024-12-17 03:00:03 - INFO - Validating XML file /home/exx/myCode/horse-racing/FoxRiverAIRacing/data/Equibase/PlusPro/Daily/fg20241222plusXML.xml against XSD schema /home/exx/myCode/horse-racing/FoxRiverAIRacing/data/Equibase/plusProXMLData.xsd...
2024-12-17 03:00:03 - INFO - Validation successful for file /home/exx/myCode/horse-racing/FoxRiverAIRacing/data/Equibase/PlusPro/Daily/fg20241222plusXML.xml.
2024-12-17 03:00:03 - INFO - Processing stat_dam data file: /home/exx/myCode/horse-racing/FoxRiverAIRacing/data/Equibase/PlusPro/Daily/fg20241222plusXML.xml
2024-12-17 03:00:03 - INFO - Validating XML file /home/exx/myCode/horse-racing/FoxRiverAIRacing/data/Equibase/PlusPro/Daily/fg20241222plusXML.xml against XSD schema /home/exx/myCode/horse-racing/FoxRiverAIRacing/data/Equibase/plusProXMLData.xsd...
2024-12-17 03:00:03 - INFO - Validation successful for file /home/exx/myCode/horse-racing/FoxRiverAIRacing/data/Equibase/PlusPro/Daily/fg20241222plusXML.xml.
2024-12-17 03:00:03 - INFO - Processing sire data file: /home/exx/myCode/horse-racing/FoxRiverAIRacing/data/Equibase/PlusPro/Daily/fg20241222plusXML.xml
2024-12-17 03:00:03 - INFO - Validating XML file /home/exx/myCode/horse-racing/FoxRiverAIRacing/data/Equibase/PlusPro/Daily/fg20241222plusXML.xml against XSD schema /home/exx/myCode/horse-racing/FoxRiverAIRacing/data/Equibase/plusProXMLData.xsd...
2024-12-17 03:00:03 - INFO - Validation successful for file /home/exx/myCode/horse-racing/FoxRiverAIRacing/data/Equibase/PlusPro/Daily/fg20241222plusXML.xml.
2024-12-17 03:00:03 - INFO - Processing stat_sire data file: /home/exx/myCode/horse-racing/FoxRiverAIRacing/data/Equibase/PlusPro/Daily/fg20241222plusXML.xml
2024-12-17 03:00:03 - INFO - Validating XML file /home/exx/myCode/horse-racing/FoxRiverAIRacing/data/Equibase/PlusPro/Daily/fg20241222plusXML.xml against XSD schema /home/exx/myCode/horse-racing/FoxRiverAIRacing/data/Equibase/plusProXMLData.xsd...
2024-12-17 03:00:03 - INFO - Validation successful for file /home/exx/myCode/horse-racing/FoxRiverAIRacing/data/Equibase/PlusPro/Daily/fg20241222plusXML.xml.
2024-12-17 03:00:03 - INFO - Processing jockey data file: /home/exx/myCode/horse-racing/FoxRiverAIRacing/data/Equibase/PlusPro/Daily/fg20241222plusXML.xml
2024-12-17 03:00:03 - INFO - Validating XML file /home/exx/myCode/horse-racing/FoxRiverAIRacing/data/Equibase/PlusPro/Daily/fg20241222plusXML.xml against XSD schema /home/exx/myCode/horse-racing/FoxRiverAIRacing/data/Equibase/plusProXMLData.xsd...
2024-12-17 03:00:03 - INFO - Validation successful for file /home/exx/myCode/horse-racing/FoxRiverAIRacing/data/Equibase/PlusPro/Daily/fg20241222plusXML.xml.
2024-12-17 03:00:04 - INFO - Processing stat_jockey data file: /home/exx/myCode/horse-racing/FoxRiverAIRacing/data/Equibase/PlusPro/Daily/fg20241222plusXML.xml
2024-12-17 03:00:04 - INFO - Validating XML file /home/exx/myCode/horse-racing/FoxRiverAIRacing/data/Equibase/PlusPro/Daily/fg20241222plusXML.xml against XSD schema /home/exx/myCode/horse-racing/FoxRiverAIRacing/data/Equibase/plusProXMLData.xsd...
2024-12-17 03:00:04 - INFO - Validation successful for file /home/exx/myCode/horse-racing/FoxRiverAIRacing/data/Equibase/PlusPro/Daily/fg20241222plusXML.xml.
2024-12-17 03:00:04 - INFO - Processing trainer data file: /home/exx/myCode/horse-racing/FoxRiverAIRacing/data/Equibase/PlusPro/Daily/fg20241222plusXML.xml
2024-12-17 03:00:04 - INFO - Validating XML file /home/exx/myCode/horse-racing/FoxRiverAIRacing/data/Equibase/PlusPro/Daily/fg20241222plusXML.xml against XSD schema /home/exx/myCode/horse-racing/FoxRiverAIRacing/data/Equibase/plusProXMLData.xsd...
2024-12-17 03:00:04 - INFO - Validation successful for file /home/exx/myCode/horse-racing/FoxRiverAIRacing/data/Equibase/PlusPro/Daily/fg20241222plusXML.xml.
2024-12-17 03:00:04 - INFO - Processing stat_trainer data file: /home/exx/myCode/horse-racing/FoxRiverAIRacing/data/Equibase/PlusPro/Daily/fg20241222plusXML.xml
2024-12-17 03:00:04 - INFO - Validating XML file /home/exx/myCode/horse-racing/FoxRiverAIRacing/data/Equibase/PlusPro/Daily/fg20241222plusXML.xml against XSD schema /home/exx/myCode/horse-racing/FoxRiverAIRacing/data/Equibase/plusProXMLData.xsd...
2024-12-17 03:00:04 - INFO - Validation successful for file /home/exx/myCode/horse-racing/FoxRiverAIRacing/data/Equibase/PlusPro/Daily/fg20241222plusXML.xml.
2024-12-17 03:00:04 - INFO - Processing runners data file: /home/exx/myCode/horse-racing/FoxRiverAIRacing/data/Equibase/PlusPro/Daily/fg20241222plusXML.xml
2024-12-17 03:00:04 - INFO - Validating XML file /home/exx/myCode/horse-racing/FoxRiverAIRacing/data/Equibase/PlusPro/Daily/fg20241222plusXML.xml against XSD schema /home/exx/myCode/horse-racing/FoxRiverAIRacing/data/Equibase/plusProXMLData.xsd...
2024-12-17 03:00:04 - INFO - Validation successful for file /home/exx/myCode/horse-racing/FoxRiverAIRacing/data/Equibase/PlusPro/Daily/fg20241222plusXML.xml.
2024-12-17 03:00:04 - INFO - Processing workout data file: /home/exx/myCode/horse-racing/FoxRiverAIRacing/data/Equibase/PlusPro/Daily/fg20241222plusXML.xml
2024-12-17 03:00:04 - INFO - Validating XML file /home/exx/myCode/horse-racing/FoxRiverAIRacing/data/Equibase/PlusPro/Daily/fg20241222plusXML.xml against XSD schema /home/exx/myCode/horse-racing/FoxRiverAIRacing/data/Equibase/plusProXMLData.xsd...
2024-12-17 03:00:04 - INFO - Validation successful for file /home/exx/myCode/horse-racing/FoxRiverAIRacing/data/Equibase/PlusPro/Daily/fg20241222plusXML.xml.
2024-12-17 03:00:05 - INFO - Validating XML file /home/exx/myCode/horse-racing/FoxRiverAIRacing/data/Equibase/PlusPro/Daily/tup20241219plusXML.xml against XSD schema /home/exx/myCode/horse-racing/FoxRiverAIRacing/data/Equibase/plusProXMLData.xsd...
2024-12-17 03:00:05 - INFO - Validation successful for file /home/exx/myCode/horse-racing/FoxRiverAIRacing/data/Equibase/PlusPro/Daily/tup20241219plusXML.xml.
2024-12-17 03:00:05 - INFO - Validating XML file /home/exx/myCode/horse-racing/FoxRiverAIRacing/data/Equibase/PlusPro/Daily/tup20241219plusXML.xml against XSD schema /home/exx/myCode/horse-racing/FoxRiverAIRacing/data/Equibase/plusProXMLData.xsd...
2024-12-17 03:00:05 - INFO - Validation successful for file /home/exx/myCode/horse-racing/FoxRiverAIRacing/data/Equibase/PlusPro/Daily/tup20241219plusXML.xml.
2024-12-17 03:00:05 - INFO - Processing racedata data file: /home/exx/myCode/horse-racing/FoxRiverAIRacing/data/Equibase/PlusPro/Daily/tup20241219plusXML.xml
2024-12-17 03:00:05 - INFO - Validating XML file /home/exx/myCode/horse-racing/FoxRiverAIRacing/data/Equibase/PlusPro/Daily/tup20241219plusXML.xml against XSD schema /home/exx/myCode/horse-racing/FoxRiverAIRacing/data/Equibase/plusProXMLData.xsd...
2024-12-17 03:00:05 - INFO - Validation successful for file /home/exx/myCode/horse-racing/FoxRiverAIRacing/data/Equibase/PlusPro/Daily/tup20241219plusXML.xml.
2024-12-17 03:00:05 - INFO - Parsed XML file: /home/exx/myCode/horse-racing/FoxRiverAIRacing/data/Equibase/PlusPro/Daily/tup20241219plusXML.xml
2024-12-17 03:00:05 - INFO - Normalized XML tags to lowercase.
2024-12-17 03:00:05 - INFO - Determined course_cd: TUP for track_code: tup
2024-12-17 03:00:05 - INFO - Successfully inserted/updated race number 1 on 2024-12-19.
2024-12-17 03:00:05 - INFO - Determined course_cd: TUP for track_code: tup
2024-12-17 03:00:05 - INFO - Successfully inserted/updated race number 2 on 2024-12-19.
2024-12-17 03:00:05 - INFO - Determined course_cd: TUP for track_code: tup
2024-12-17 03:00:05 - INFO - Successfully inserted/updated race number 3 on 2024-12-19.
2024-12-17 03:00:05 - INFO - Determined course_cd: TUP for track_code: tup
2024-12-17 03:00:05 - INFO - Successfully inserted/updated race number 4 on 2024-12-19.
2024-12-17 03:00:05 - INFO - Determined course_cd: TUP for track_code: tup
2024-12-17 03:00:05 - INFO - Successfully inserted/updated race number 5 on 2024-12-19.
2024-12-17 03:00:05 - INFO - Determined course_cd: TUP for track_code: tup
2024-12-17 03:00:05 - INFO - Successfully inserted/updated race number 6 on 2024-12-19.
2024-12-17 03:00:05 - INFO - Determined course_cd: TUP for track_code: tup
2024-12-17 03:00:05 - INFO - Successfully inserted/updated race number 7 on 2024-12-19.
2024-12-17 03:00:05 - INFO - Determined course_cd: TUP for track_code: tup
2024-12-17 03:00:05 - INFO - Successfully inserted/updated race number 8 on 2024-12-19.
2024-12-17 03:00:05 - INFO - Processing horse_data data file: /home/exx/myCode/horse-racing/FoxRiverAIRacing/data/Equibase/PlusPro/Daily/tup20241219plusXML.xml
2024-12-17 03:00:05 - INFO - Validating XML file /home/exx/myCode/horse-racing/FoxRiverAIRacing/data/Equibase/PlusPro/Daily/tup20241219plusXML.xml against XSD schema /home/exx/myCode/horse-racing/FoxRiverAIRacing/data/Equibase/plusProXMLData.xsd...
2024-12-17 03:00:05 - INFO - Validation successful for file /home/exx/myCode/horse-racing/FoxRiverAIRacing/data/Equibase/PlusPro/Daily/tup20241219plusXML.xml.
2024-12-17 03:00:05 - INFO - Processing stat_horse data file: /home/exx/myCode/horse-racing/FoxRiverAIRacing/data/Equibase/PlusPro/Daily/tup20241219plusXML.xml
2024-12-17 03:00:05 - INFO - Validating XML file /home/exx/myCode/horse-racing/FoxRiverAIRacing/data/Equibase/PlusPro/Daily/tup20241219plusXML.xml against XSD schema /home/exx/myCode/horse-racing/FoxRiverAIRacing/data/Equibase/plusProXMLData.xsd...
2024-12-17 03:00:05 - INFO - Validation successful for file /home/exx/myCode/horse-racing/FoxRiverAIRacing/data/Equibase/PlusPro/Daily/tup20241219plusXML.xml.
2024-12-17 03:00:05 - INFO - Processing dam data file: /home/exx/myCode/horse-racing/FoxRiverAIRacing/data/Equibase/PlusPro/Daily/tup20241219plusXML.xml
2024-12-17 03:00:05 - INFO - Validating XML file /home/exx/myCode/horse-racing/FoxRiverAIRacing/data/Equibase/PlusPro/Daily/tup20241219plusXML.xml against XSD schema /home/exx/myCode/horse-racing/FoxRiverAIRacing/data/Equibase/plusProXMLData.xsd...
2024-12-17 03:00:05 - INFO - Validation successful for file /home/exx/myCode/horse-racing/FoxRiverAIRacing/data/Equibase/PlusPro/Daily/tup20241219plusXML.xml.
2024-12-17 03:00:06 - INFO - Processing stat_dam data file: /home/exx/myCode/horse-racing/FoxRiverAIRacing/data/Equibase/PlusPro/Daily/tup20241219plusXML.xml
2024-12-17 03:00:06 - INFO - Validating XML file /home/exx/myCode/horse-racing/FoxRiverAIRacing/data/Equibase/PlusPro/Daily/tup20241219plusXML.xml against XSD schema /home/exx/myCode/horse-racing/FoxRiverAIRacing/data/Equibase/plusProXMLData.xsd...
2024-12-17 03:00:06 - INFO - Validation successful for file /home/exx/myCode/horse-racing/FoxRiverAIRacing/data/Equibase/PlusPro/Daily/tup20241219plusXML.xml.
2024-12-17 03:00:06 - INFO - Processing sire data file: /home/exx/myCode/horse-racing/FoxRiverAIRacing/data/Equibase/PlusPro/Daily/tup20241219plusXML.xml
2024-12-17 03:00:06 - INFO - Validating XML file /home/exx/myCode/horse-racing/FoxRiverAIRacing/data/Equibase/PlusPro/Daily/tup20241219plusXML.xml against XSD schema /home/exx/myCode/horse-racing/FoxRiverAIRacing/data/Equibase/plusProXMLData.xsd...
2024-12-17 03:00:06 - INFO - Validation successful for file /home/exx/myCode/horse-racing/FoxRiverAIRacing/data/Equibase/PlusPro/Daily/tup20241219plusXML.xml.
2024-12-17 03:00:06 - INFO - Processing stat_sire data file: /home/exx/myCode/horse-racing/FoxRiverAIRacing/data/Equibase/PlusPro/Daily/tup20241219plusXML.xml
2024-12-17 03:00:06 - INFO - Validating XML file /home/exx/myCode/horse-racing/FoxRiverAIRacing/data/Equibase/PlusPro/Daily/tup20241219plusXML.xml against XSD schema /home/exx/myCode/horse-racing/FoxRiverAIRacing/data/Equibase/plusProXMLData.xsd...
2024-12-17 03:00:06 - INFO - Validation successful for file /home/exx/myCode/horse-racing/FoxRiverAIRacing/data/Equibase/PlusPro/Daily/tup20241219plusXML.xml.
2024-12-17 03:00:06 - INFO - Processing jockey data file: /home/exx/myCode/horse-racing/FoxRiverAIRacing/data/Equibase/PlusPro/Daily/tup20241219plusXML.xml
2024-12-17 03:00:06 - INFO - Validating XML file /home/exx/myCode/horse-racing/FoxRiverAIRacing/data/Equibase/PlusPro/Daily/tup20241219plusXML.xml against XSD schema /home/exx/myCode/horse-racing/FoxRiverAIRacing/data/Equibase/plusProXMLData.xsd...
2024-12-17 03:00:06 - INFO - Validation successful for file /home/exx/myCode/horse-racing/FoxRiverAIRacing/data/Equibase/PlusPro/Daily/tup20241219plusXML.xml.
2024-12-17 03:00:06 - INFO - Processing stat_jockey data file: /home/exx/myCode/horse-racing/FoxRiverAIRacing/data/Equibase/PlusPro/Daily/tup20241219plusXML.xml
2024-12-17 03:00:06 - INFO - Validating XML file /home/exx/myCode/horse-racing/FoxRiverAIRacing/data/Equibase/PlusPro/Daily/tup20241219plusXML.xml against XSD schema /home/exx/myCode/horse-racing/FoxRiverAIRacing/data/Equibase/plusProXMLData.xsd...
2024-12-17 03:00:06 - INFO - Validation successful for file /home/exx/myCode/horse-racing/FoxRiverAIRacing/data/Equibase/PlusPro/Daily/tup20241219plusXML.xml.
2024-12-17 03:00:07 - INFO - Processing trainer data file: /home/exx/myCode/horse-racing/FoxRiverAIRacing/data/Equibase/PlusPro/Daily/tup20241219plusXML.xml
2024-12-17 03:00:07 - INFO - Validating XML file /home/exx/myCode/horse-racing/FoxRiverAIRacing/data/Equibase/PlusPro/Daily/tup20241219plusXML.xml against XSD schema /home/exx/myCode/horse-racing/FoxRiverAIRacing/data/Equibase/plusProXMLData.xsd...
2024-12-17 03:00:07 - INFO - Validation successful for file /home/exx/myCode/horse-racing/FoxRiverAIRacing/data/Equibase/PlusPro/Daily/tup20241219plusXML.xml.
2024-12-17 03:00:07 - INFO - Processing stat_trainer data file: /home/exx/myCode/horse-racing/FoxRiverAIRacing/data/Equibase/PlusPro/Daily/tup20241219plusXML.xml
2024-12-17 03:00:07 - INFO - Validating XML file /home/exx/myCode/horse-racing/FoxRiverAIRacing/data/Equibase/PlusPro/Daily/tup20241219plusXML.xml against XSD schema /home/exx/myCode/horse-racing/FoxRiverAIRacing/data/Equibase/plusProXMLData.xsd...
2024-12-17 03:00:07 - INFO - Validation successful for file /home/exx/myCode/horse-racing/FoxRiverAIRacing/data/Equibase/PlusPro/Daily/tup20241219plusXML.xml.
2024-12-17 03:00:07 - INFO - Processing runners data file: /home/exx/myCode/horse-racing/FoxRiverAIRacing/data/Equibase/PlusPro/Daily/tup20241219plusXML.xml
2024-12-17 03:00:07 - INFO - Validating XML file /home/exx/myCode/horse-racing/FoxRiverAIRacing/data/Equibase/PlusPro/Daily/tup20241219plusXML.xml against XSD schema /home/exx/myCode/horse-racing/FoxRiverAIRacing/data/Equibase/plusProXMLData.xsd...
2024-12-17 03:00:07 - INFO - Validation successful for file /home/exx/myCode/horse-racing/FoxRiverAIRacing/data/Equibase/PlusPro/Daily/tup20241219plusXML.xml.
2024-12-17 03:00:07 - INFO - Processing workout data file: /home/exx/myCode/horse-racing/FoxRiverAIRacing/data/Equibase/PlusPro/Daily/tup20241219plusXML.xml
2024-12-17 03:00:07 - INFO - Validating XML file /home/exx/myCode/horse-racing/FoxRiverAIRacing/data/Equibase/PlusPro/Daily/tup20241219plusXML.xml against XSD schema /home/exx/myCode/horse-racing/FoxRiverAIRacing/data/Equibase/plusProXMLData.xsd...
2024-12-17 03:00:07 - INFO - Validation successful for file /home/exx/myCode/horse-racing/FoxRiverAIRacing/data/Equibase/PlusPro/Daily/tup20241219plusXML.xml.
2024-12-17 03:00:07 - INFO - Validating XML file /home/exx/myCode/horse-racing/FoxRiverAIRacing/data/Equibase/PlusPro/Daily/mvr20241219plusXML.xml against XSD schema /home/exx/myCode/horse-racing/FoxRiverAIRacing/data/Equibase/plusProXMLData.xsd...
2024-12-17 03:00:08 - INFO - Validation successful for file /home/exx/myCode/horse-racing/FoxRiverAIRacing/data/Equibase/PlusPro/Daily/mvr20241219plusXML.xml.
2024-12-17 03:00:08 - INFO - Validating XML file /home/exx/myCode/horse-racing/FoxRiverAIRacing/data/Equibase/PlusPro/Daily/mvr20241219plusXML.xml against XSD schema /home/exx/myCode/horse-racing/FoxRiverAIRacing/data/Equibase/plusProXMLData.xsd...
2024-12-17 03:00:08 - INFO - Validation successful for file /home/exx/myCode/horse-racing/FoxRiverAIRacing/data/Equibase/PlusPro/Daily/mvr20241219plusXML.xml.
2024-12-17 03:00:08 - INFO - Processing racedata data file: /home/exx/myCode/horse-racing/FoxRiverAIRacing/data/Equibase/PlusPro/Daily/mvr20241219plusXML.xml
2024-12-17 03:00:08 - INFO - Validating XML file /home/exx/myCode/horse-racing/FoxRiverAIRacing/data/Equibase/PlusPro/Daily/mvr20241219plusXML.xml against XSD schema /home/exx/myCode/horse-racing/FoxRiverAIRacing/data/Equibase/plusProXMLData.xsd...
2024-12-17 03:00:08 - INFO - Validation successful for file /home/exx/myCode/horse-racing/FoxRiverAIRacing/data/Equibase/PlusPro/Daily/mvr20241219plusXML.xml.
2024-12-17 03:00:08 - INFO - Parsed XML file: /home/exx/myCode/horse-racing/FoxRiverAIRacing/data/Equibase/PlusPro/Daily/mvr20241219plusXML.xml
2024-12-17 03:00:08 - INFO - Normalized XML tags to lowercase.
2024-12-17 03:00:08 - INFO - Determined course_cd: MVR for track_code: mvr
2024-12-17 03:00:08 - INFO - Successfully inserted/updated race number 1 on 2024-12-19.
2024-12-17 03:00:08 - INFO - Determined course_cd: MVR for track_code: mvr
2024-12-17 03:00:08 - INFO - Successfully inserted/updated race number 2 on 2024-12-19.
2024-12-17 03:00:08 - INFO - Determined course_cd: MVR for track_code: mvr
2024-12-17 03:00:08 - INFO - Successfully inserted/updated race number 3 on 2024-12-19.
2024-12-17 03:00:08 - INFO - Determined course_cd: MVR for track_code: mvr
2024-12-17 03:00:08 - INFO - Successfully inserted/updated race number 4 on 2024-12-19.
2024-12-17 03:00:08 - INFO - Determined course_cd: MVR for track_code: mvr
2024-12-17 03:00:08 - INFO - Successfully inserted/updated race number 5 on 2024-12-19.
2024-12-17 03:00:08 - INFO - Determined course_cd: MVR for track_code: mvr
2024-12-17 03:00:08 - INFO - Successfully inserted/updated race number 6 on 2024-12-19.
2024-12-17 03:00:08 - INFO - Determined course_cd: MVR for track_code: mvr
2024-12-17 03:00:08 - INFO - Successfully inserted/updated race number 7 on 2024-12-19.
2024-12-17 03:00:08 - INFO - Determined course_cd: MVR for track_code: mvr
2024-12-17 03:00:08 - INFO - Successfully inserted/updated race number 8 on 2024-12-19.
2024-12-17 03:00:08 - INFO - Processing horse_data data file: /home/exx/myCode/horse-racing/FoxRiverAIRacing/data/Equibase/PlusPro/Daily/mvr20241219plusXML.xml
2024-12-17 03:00:08 - INFO - Validating XML file /home/exx/myCode/horse-racing/FoxRiverAIRacing/data/Equibase/PlusPro/Daily/mvr20241219plusXML.xml against XSD schema /home/exx/myCode/horse-racing/FoxRiverAIRacing/data/Equibase/plusProXMLData.xsd...
2024-12-17 03:00:08 - INFO - Validation successful for file /home/exx/myCode/horse-racing/FoxRiverAIRacing/data/Equibase/PlusPro/Daily/mvr20241219plusXML.xml.
2024-12-17 03:00:08 - INFO - Processing stat_horse data file: /home/exx/myCode/horse-racing/FoxRiverAIRacing/data/Equibase/PlusPro/Daily/mvr20241219plusXML.xml
2024-12-17 03:00:08 - INFO - Validating XML file /home/exx/myCode/horse-racing/FoxRiverAIRacing/data/Equibase/PlusPro/Daily/mvr20241219plusXML.xml against XSD schema /home/exx/myCode/horse-racing/FoxRiverAIRacing/data/Equibase/plusProXMLData.xsd...
2024-12-17 03:00:08 - INFO - Validation successful for file /home/exx/myCode/horse-racing/FoxRiverAIRacing/data/Equibase/PlusPro/Daily/mvr20241219plusXML.xml.
2024-12-17 03:00:09 - INFO - Processing dam data file: /home/exx/myCode/horse-racing/FoxRiverAIRacing/data/Equibase/PlusPro/Daily/mvr20241219plusXML.xml
2024-12-17 03:00:09 - INFO - Validating XML file /home/exx/myCode/horse-racing/FoxRiverAIRacing/data/Equibase/PlusPro/Daily/mvr20241219plusXML.xml against XSD schema /home/exx/myCode/horse-racing/FoxRiverAIRacing/data/Equibase/plusProXMLData.xsd...
2024-12-17 03:00:09 - INFO - Validation successful for file /home/exx/myCode/horse-racing/FoxRiverAIRacing/data/Equibase/PlusPro/Daily/mvr20241219plusXML.xml.
2024-12-17 03:00:09 - INFO - Processing stat_dam data file: /home/exx/myCode/horse-racing/FoxRiverAIRacing/data/Equibase/PlusPro/Daily/mvr20241219plusXML.xml
2024-12-17 03:00:09 - INFO - Validating XML file /home/exx/myCode/horse-racing/FoxRiverAIRacing/data/Equibase/PlusPro/Daily/mvr20241219plusXML.xml against XSD schema /home/exx/myCode/horse-racing/FoxRiverAIRacing/data/Equibase/plusProXMLData.xsd...
2024-12-17 03:00:09 - INFO - Validation successful for file /home/exx/myCode/horse-racing/FoxRiverAIRacing/data/Equibase/PlusPro/Daily/mvr20241219plusXML.xml.
2024-12-17 03:00:09 - INFO - Processing sire data file: /home/exx/myCode/horse-racing/FoxRiverAIRacing/data/Equibase/PlusPro/Daily/mvr20241219plusXML.xml
2024-12-17 03:00:09 - INFO - Validating XML file /home/exx/myCode/horse-racing/FoxRiverAIRacing/data/Equibase/PlusPro/Daily/mvr20241219plusXML.xml against XSD schema /home/exx/myCode/horse-racing/FoxRiverAIRacing/data/Equibase/plusProXMLData.xsd...
2024-12-17 03:00:09 - INFO - Validation successful for file /home/exx/myCode/horse-racing/FoxRiverAIRacing/data/Equibase/PlusPro/Daily/mvr20241219plusXML.xml.
2024-12-17 03:00:09 - INFO - Processing stat_sire data file: /home/exx/myCode/horse-racing/FoxRiverAIRacing/data/Equibase/PlusPro/Daily/mvr20241219plusXML.xml
2024-12-17 03:00:09 - INFO - Validating XML file /home/exx/myCode/horse-racing/FoxRiverAIRacing/data/Equibase/PlusPro/Daily/mvr20241219plusXML.xml against XSD schema /home/exx/myCode/horse-racing/FoxRiverAIRacing/data/Equibase/plusProXMLData.xsd...
2024-12-17 03:00:10 - INFO - Validation successful for file /home/exx/myCode/horse-racing/FoxRiverAIRacing/data/Equibase/PlusPro/Daily/mvr20241219plusXML.xml.
2024-12-17 03:00:10 - INFO - Processing jockey data file: /home/exx/myCode/horse-racing/FoxRiverAIRacing/data/Equibase/PlusPro/Daily/mvr20241219plusXML.xml
2024-12-17 03:00:10 - INFO - Validating XML file /home/exx/myCode/horse-racing/FoxRiverAIRacing/data/Equibase/PlusPro/Daily/mvr20241219plusXML.xml against XSD schema /home/exx/myCode/horse-racing/FoxRiverAIRacing/data/Equibase/plusProXMLData.xsd...
2024-12-17 03:00:10 - INFO - Validation successful for file /home/exx/myCode/horse-racing/FoxRiverAIRacing/data/Equibase/PlusPro/Daily/mvr20241219plusXML.xml.
2024-12-17 03:00:10 - INFO - Processing stat_jockey data file: /home/exx/myCode/horse-racing/FoxRiverAIRacing/data/Equibase/PlusPro/Daily/mvr20241219plusXML.xml
2024-12-17 03:00:10 - INFO - Validating XML file /home/exx/myCode/horse-racing/FoxRiverAIRacing/data/Equibase/PlusPro/Daily/mvr20241219plusXML.xml against XSD schema /home/exx/myCode/horse-racing/FoxRiverAIRacing/data/Equibase/plusProXMLData.xsd...
2024-12-17 03:00:10 - INFO - Validation successful for file /home/exx/myCode/horse-racing/FoxRiverAIRacing/data/Equibase/PlusPro/Daily/mvr20241219plusXML.xml.
2024-12-17 03:00:10 - INFO - Processing trainer data file: /home/exx/myCode/horse-racing/FoxRiverAIRacing/data/Equibase/PlusPro/Daily/mvr20241219plusXML.xml
2024-12-17 03:00:10 - INFO - Validating XML file /home/exx/myCode/horse-racing/FoxRiverAIRacing/data/Equibase/PlusPro/Daily/mvr20241219plusXML.xml against XSD schema /home/exx/myCode/horse-racing/FoxRiverAIRacing/data/Equibase/plusProXMLData.xsd...
2024-12-17 03:00:10 - INFO - Validation successful for file /home/exx/myCode/horse-racing/FoxRiverAIRacing/data/Equibase/PlusPro/Daily/mvr20241219plusXML.xml.
2024-12-17 03:00:11 - INFO - Processing stat_trainer data file: /home/exx/myCode/horse-racing/FoxRiverAIRacing/data/Equibase/PlusPro/Daily/mvr20241219plusXML.xml
2024-12-17 03:00:11 - INFO - Validating XML file /home/exx/myCode/horse-racing/FoxRiverAIRacing/data/Equibase/PlusPro/Daily/mvr20241219plusXML.xml against XSD schema /home/exx/myCode/horse-racing/FoxRiverAIRacing/data/Equibase/plusProXMLData.xsd...
2024-12-17 03:00:11 - INFO - Validation successful for file /home/exx/myCode/horse-racing/FoxRiverAIRacing/data/Equibase/PlusPro/Daily/mvr20241219plusXML.xml.
2024-12-17 03:00:11 - INFO - Processing runners data file: /home/exx/myCode/horse-racing/FoxRiverAIRacing/data/Equibase/PlusPro/Daily/mvr20241219plusXML.xml
2024-12-17 03:00:11 - INFO - Validating XML file /home/exx/myCode/horse-racing/FoxRiverAIRacing/data/Equibase/PlusPro/Daily/mvr20241219plusXML.xml against XSD schema /home/exx/myCode/horse-racing/FoxRiverAIRacing/data/Equibase/plusProXMLData.xsd...
2024-12-17 03:00:11 - INFO - Validation successful for file /home/exx/myCode/horse-racing/FoxRiverAIRacing/data/Equibase/PlusPro/Daily/mvr20241219plusXML.xml.
2024-12-17 03:00:11 - INFO - Processing workout data file: /home/exx/myCode/horse-racing/FoxRiverAIRacing/data/Equibase/PlusPro/Daily/mvr20241219plusXML.xml
2024-12-17 03:00:11 - INFO - Validating XML file /home/exx/myCode/horse-racing/FoxRiverAIRacing/data/Equibase/PlusPro/Daily/mvr20241219plusXML.xml against XSD schema /home/exx/myCode/horse-racing/FoxRiverAIRacing/data/Equibase/plusProXMLData.xsd...
2024-12-17 03:00:11 - INFO - Validation successful for file /home/exx/myCode/horse-racing/FoxRiverAIRacing/data/Equibase/PlusPro/Daily/mvr20241219plusXML.xml.
2024-12-17 03:00:12 - INFO - Validating XML file /home/exx/myCode/horse-racing/FoxRiverAIRacing/data/Equibase/PlusPro/Daily/op20241221plusXML.xml against XSD schema /home/exx/myCode/horse-racing/FoxRiverAIRacing/data/Equibase/plusProXMLData.xsd...
2024-12-17 03:00:12 - INFO - Validation successful for file /home/exx/myCode/horse-racing/FoxRiverAIRacing/data/Equibase/PlusPro/Daily/op20241221plusXML.xml.
2024-12-17 03:00:12 - INFO - Validating XML file /home/exx/myCode/horse-racing/FoxRiverAIRacing/data/Equibase/PlusPro/Daily/op20241221plusXML.xml against XSD schema /home/exx/myCode/horse-racing/FoxRiverAIRacing/data/Equibase/plusProXMLData.xsd...
2024-12-17 03:00:12 - INFO - Validation successful for file /home/exx/myCode/horse-racing/FoxRiverAIRacing/data/Equibase/PlusPro/Daily/op20241221plusXML.xml.
2024-12-17 03:00:12 - INFO - Processing racedata data file: /home/exx/myCode/horse-racing/FoxRiverAIRacing/data/Equibase/PlusPro/Daily/op20241221plusXML.xml
2024-12-17 03:00:12 - INFO - Validating XML file /home/exx/myCode/horse-racing/FoxRiverAIRacing/data/Equibase/PlusPro/Daily/op20241221plusXML.xml against XSD schema /home/exx/myCode/horse-racing/FoxRiverAIRacing/data/Equibase/plusProXMLData.xsd...
2024-12-17 03:00:12 - INFO - Validation successful for file /home/exx/myCode/horse-racing/FoxRiverAIRacing/data/Equibase/PlusPro/Daily/op20241221plusXML.xml.
2024-12-17 03:00:12 - INFO - Parsed XML file: /home/exx/myCode/horse-racing/FoxRiverAIRacing/data/Equibase/PlusPro/Daily/op20241221plusXML.xml
2024-12-17 03:00:12 - INFO - Normalized XML tags to lowercase.
2024-12-17 03:00:12 - INFO - Determined course_cd: TOP for track_code: op
2024-12-17 03:00:12 - INFO - Successfully inserted/updated race number 1 on 2024-12-21.
2024-12-17 03:00:12 - INFO - Determined course_cd: TOP for track_code: op
2024-12-17 03:00:12 - INFO - Successfully inserted/updated race number 2 on 2024-12-21.
2024-12-17 03:00:12 - INFO - Determined course_cd: TOP for track_code: op
2024-12-17 03:00:12 - INFO - Successfully inserted/updated race number 3 on 2024-12-21.
2024-12-17 03:00:12 - INFO - Determined course_cd: TOP for track_code: op
2024-12-17 03:00:12 - INFO - Successfully inserted/updated race number 4 on 2024-12-21.
2024-12-17 03:00:12 - INFO - Determined course_cd: TOP for track_code: op
2024-12-17 03:00:12 - INFO - Successfully inserted/updated race number 5 on 2024-12-21.
2024-12-17 03:00:12 - INFO - Determined course_cd: TOP for track_code: op
2024-12-17 03:00:12 - INFO - Successfully inserted/updated race number 6 on 2024-12-21.
2024-12-17 03:00:12 - INFO - Determined course_cd: TOP for track_code: op
2024-12-17 03:00:12 - INFO - Successfully inserted/updated race number 7 on 2024-12-21.
2024-12-17 03:00:12 - INFO - Determined course_cd: TOP for track_code: op
2024-12-17 03:00:12 - INFO - Successfully inserted/updated race number 8 on 2024-12-21.
2024-12-17 03:00:12 - INFO - Determined course_cd: TOP for track_code: op
2024-12-17 03:00:12 - INFO - Successfully inserted/updated race number 9 on 2024-12-21.
2024-12-17 03:00:12 - INFO - Determined course_cd: TOP for track_code: op
2024-12-17 03:00:12 - INFO - Successfully inserted/updated race number 10 on 2024-12-21.
2024-12-17 03:00:12 - INFO - Processing horse_data data file: /home/exx/myCode/horse-racing/FoxRiverAIRacing/data/Equibase/PlusPro/Daily/op20241221plusXML.xml
2024-12-17 03:00:12 - INFO - Validating XML file /home/exx/myCode/horse-racing/FoxRiverAIRacing/data/Equibase/PlusPro/Daily/op20241221plusXML.xml against XSD schema /home/exx/myCode/horse-racing/FoxRiverAIRacing/data/Equibase/plusProXMLData.xsd...
2024-12-17 03:00:12 - INFO - Validation successful for file /home/exx/myCode/horse-racing/FoxRiverAIRacing/data/Equibase/PlusPro/Daily/op20241221plusXML.xml.
2024-12-17 03:00:12 - INFO - Processing stat_horse data file: /home/exx/myCode/horse-racing/FoxRiverAIRacing/data/Equibase/PlusPro/Daily/op20241221plusXML.xml
2024-12-17 03:00:12 - INFO - Validating XML file /home/exx/myCode/horse-racing/FoxRiverAIRacing/data/Equibase/PlusPro/Daily/op20241221plusXML.xml against XSD schema /home/exx/myCode/horse-racing/FoxRiverAIRacing/data/Equibase/plusProXMLData.xsd...
2024-12-17 03:00:12 - INFO - Validation successful for file /home/exx/myCode/horse-racing/FoxRiverAIRacing/data/Equibase/PlusPro/Daily/op20241221plusXML.xml.
2024-12-17 03:00:13 - INFO - Processing dam data file: /home/exx/myCode/horse-racing/FoxRiverAIRacing/data/Equibase/PlusPro/Daily/op20241221plusXML.xml
2024-12-17 03:00:13 - INFO - Validating XML file /home/exx/myCode/horse-racing/FoxRiverAIRacing/data/Equibase/PlusPro/Daily/op20241221plusXML.xml against XSD schema /home/exx/myCode/horse-racing/FoxRiverAIRacing/data/Equibase/plusProXMLData.xsd...
2024-12-17 03:00:13 - INFO - Validation successful for file /home/exx/myCode/horse-racing/FoxRiverAIRacing/data/Equibase/PlusPro/Daily/op20241221plusXML.xml.
2024-12-17 03:00:13 - INFO - Processing stat_dam data file: /home/exx/myCode/horse-racing/FoxRiverAIRacing/data/Equibase/PlusPro/Daily/op20241221plusXML.xml
2024-12-17 03:00:13 - INFO - Validating XML file /home/exx/myCode/horse-racing/FoxRiverAIRacing/data/Equibase/PlusPro/Daily/op20241221plusXML.xml against XSD schema /home/exx/myCode/horse-racing/FoxRiverAIRacing/data/Equibase/plusProXMLData.xsd...
2024-12-17 03:00:13 - INFO - Validation successful for file /home/exx/myCode/horse-racing/FoxRiverAIRacing/data/Equibase/PlusPro/Daily/op20241221plusXML.xml.
2024-12-17 03:00:13 - INFO - Processing sire data file: /home/exx/myCode/horse-racing/FoxRiverAIRacing/data/Equibase/PlusPro/Daily/op20241221plusXML.xml
2024-12-17 03:00:13 - INFO - Validating XML file /home/exx/myCode/horse-racing/FoxRiverAIRacing/data/Equibase/PlusPro/Daily/op20241221plusXML.xml against XSD schema /home/exx/myCode/horse-racing/FoxRiverAIRacing/data/Equibase/plusProXMLData.xsd...
2024-12-17 03:00:13 - INFO - Validation successful for file /home/exx/myCode/horse-racing/FoxRiverAIRacing/data/Equibase/PlusPro/Daily/op20241221plusXML.xml.
2024-12-17 03:00:14 - INFO - Processing stat_sire data file: /home/exx/myCode/horse-racing/FoxRiverAIRacing/data/Equibase/PlusPro/Daily/op20241221plusXML.xml
2024-12-17 03:00:14 - INFO - Validating XML file /home/exx/myCode/horse-racing/FoxRiverAIRacing/data/Equibase/PlusPro/Daily/op20241221plusXML.xml against XSD schema /home/exx/myCode/horse-racing/FoxRiverAIRacing/data/Equibase/plusProXMLData.xsd...
2024-12-17 03:00:14 - INFO - Validation successful for file /home/exx/myCode/horse-racing/FoxRiverAIRacing/data/Equibase/PlusPro/Daily/op20241221plusXML.xml.
2024-12-17 03:00:14 - INFO - Processing jockey data file: /home/exx/myCode/horse-racing/FoxRiverAIRacing/data/Equibase/PlusPro/Daily/op20241221plusXML.xml
2024-12-17 03:00:14 - INFO - Validating XML file /home/exx/myCode/horse-racing/FoxRiverAIRacing/data/Equibase/PlusPro/Daily/op20241221plusXML.xml against XSD schema /home/exx/myCode/horse-racing/FoxRiverAIRacing/data/Equibase/plusProXMLData.xsd...
2024-12-17 03:00:14 - INFO - Validation successful for file /home/exx/myCode/horse-racing/FoxRiverAIRacing/data/Equibase/PlusPro/Daily/op20241221plusXML.xml.
2024-12-17 03:00:14 - INFO - Processing stat_jockey data file: /home/exx/myCode/horse-racing/FoxRiverAIRacing/data/Equibase/PlusPro/Daily/op20241221plusXML.xml
2024-12-17 03:00:14 - INFO - Validating XML file /home/exx/myCode/horse-racing/FoxRiverAIRacing/data/Equibase/PlusPro/Daily/op20241221plusXML.xml against XSD schema /home/exx/myCode/horse-racing/FoxRiverAIRacing/data/Equibase/plusProXMLData.xsd...
2024-12-17 03:00:14 - INFO - Validation successful for file /home/exx/myCode/horse-racing/FoxRiverAIRacing/data/Equibase/PlusPro/Daily/op20241221plusXML.xml.
2024-12-17 03:00:14 - INFO - Processing trainer data file: /home/exx/myCode/horse-racing/FoxRiverAIRacing/data/Equibase/PlusPro/Daily/op20241221plusXML.xml
2024-12-17 03:00:14 - INFO - Validating XML file /home/exx/myCode/horse-racing/FoxRiverAIRacing/data/Equibase/PlusPro/Daily/op20241221plusXML.xml against XSD schema /home/exx/myCode/horse-racing/FoxRiverAIRacing/data/Equibase/plusProXMLData.xsd...
2024-12-17 03:00:14 - INFO - Validation successful for file /home/exx/myCode/horse-racing/FoxRiverAIRacing/data/Equibase/PlusPro/Daily/op20241221plusXML.xml.
2024-12-17 03:00:15 - INFO - Processing stat_trainer data file: /home/exx/myCode/horse-racing/FoxRiverAIRacing/data/Equibase/PlusPro/Daily/op20241221plusXML.xml
2024-12-17 03:00:15 - INFO - Validating XML file /home/exx/myCode/horse-racing/FoxRiverAIRacing/data/Equibase/PlusPro/Daily/op20241221plusXML.xml against XSD schema /home/exx/myCode/horse-racing/FoxRiverAIRacing/data/Equibase/plusProXMLData.xsd...
2024-12-17 03:00:15 - INFO - Validation successful for file /home/exx/myCode/horse-racing/FoxRiverAIRacing/data/Equibase/PlusPro/Daily/op20241221plusXML.xml.
2024-12-17 03:00:15 - INFO - Processing runners data file: /home/exx/myCode/horse-racing/FoxRiverAIRacing/data/Equibase/PlusPro/Daily/op20241221plusXML.xml
2024-12-17 03:00:15 - INFO - Validating XML file /home/exx/myCode/horse-racing/FoxRiverAIRacing/data/Equibase/PlusPro/Daily/op20241221plusXML.xml against XSD schema /home/exx/myCode/horse-racing/FoxRiverAIRacing/data/Equibase/plusProXMLData.xsd...
2024-12-17 03:00:15 - INFO - Validation successful for file /home/exx/myCode/horse-racing/FoxRiverAIRacing/data/Equibase/PlusPro/Daily/op20241221plusXML.xml.
2024-12-17 03:00:15 - INFO - Processing workout data file: /home/exx/myCode/horse-racing/FoxRiverAIRacing/data/Equibase/PlusPro/Daily/op20241221plusXML.xml
2024-12-17 03:00:15 - INFO - Validating XML file /home/exx/myCode/horse-racing/FoxRiverAIRacing/data/Equibase/PlusPro/Daily/op20241221plusXML.xml against XSD schema /home/exx/myCode/horse-racing/FoxRiverAIRacing/data/Equibase/plusProXMLData.xsd...
2024-12-17 03:00:15 - INFO - Validation successful for file /home/exx/myCode/horse-racing/FoxRiverAIRacing/data/Equibase/PlusPro/Daily/op20241221plusXML.xml.
2024-12-17 03:00:16 - INFO - Validating XML file /home/exx/myCode/horse-racing/FoxRiverAIRacing/data/Equibase/PlusPro/Daily/prx20241218plusXML.xml against XSD schema /home/exx/myCode/horse-racing/FoxRiverAIRacing/data/Equibase/plusProXMLData.xsd...
2024-12-17 03:00:16 - INFO - Validation successful for file /home/exx/myCode/horse-racing/FoxRiverAIRacing/data/Equibase/PlusPro/Daily/prx20241218plusXML.xml.
2024-12-17 03:00:16 - INFO - Validating XML file /home/exx/myCode/horse-racing/FoxRiverAIRacing/data/Equibase/PlusPro/Daily/prx20241218plusXML.xml against XSD schema /home/exx/myCode/horse-racing/FoxRiverAIRacing/data/Equibase/plusProXMLData.xsd...
2024-12-17 03:00:16 - INFO - Validation successful for file /home/exx/myCode/horse-racing/FoxRiverAIRacing/data/Equibase/PlusPro/Daily/prx20241218plusXML.xml.
2024-12-17 03:00:16 - INFO - Processing racedata data file: /home/exx/myCode/horse-racing/FoxRiverAIRacing/data/Equibase/PlusPro/Daily/prx20241218plusXML.xml
2024-12-17 03:00:16 - INFO - Validating XML file /home/exx/myCode/horse-racing/FoxRiverAIRacing/data/Equibase/PlusPro/Daily/prx20241218plusXML.xml against XSD schema /home/exx/myCode/horse-racing/FoxRiverAIRacing/data/Equibase/plusProXMLData.xsd...
2024-12-17 03:00:16 - INFO - Validation successful for file /home/exx/myCode/horse-racing/FoxRiverAIRacing/data/Equibase/PlusPro/Daily/prx20241218plusXML.xml.
2024-12-17 03:00:16 - INFO - Parsed XML file: /home/exx/myCode/horse-racing/FoxRiverAIRacing/data/Equibase/PlusPro/Daily/prx20241218plusXML.xml
2024-12-17 03:00:16 - INFO - Normalized XML tags to lowercase.
2024-12-17 03:00:16 - INFO - Determined course_cd: PRX for track_code: prx
2024-12-17 03:00:16 - INFO - Successfully inserted/updated race number 1 on 2024-12-18.
2024-12-17 03:00:16 - INFO - Determined course_cd: PRX for track_code: prx
2024-12-17 03:00:16 - INFO - Successfully inserted/updated race number 2 on 2024-12-18.
2024-12-17 03:00:16 - INFO - Determined course_cd: PRX for track_code: prx
2024-12-17 03:00:16 - INFO - Successfully inserted/updated race number 3 on 2024-12-18.
2024-12-17 03:00:16 - INFO - Determined course_cd: PRX for track_code: prx
2024-12-17 03:00:16 - INFO - Successfully inserted/updated race number 4 on 2024-12-18.
2024-12-17 03:00:16 - INFO - Determined course_cd: PRX for track_code: prx
2024-12-17 03:00:16 - INFO - Successfully inserted/updated race number 5 on 2024-12-18.
2024-12-17 03:00:16 - INFO - Determined course_cd: PRX for track_code: prx
2024-12-17 03:00:16 - INFO - Successfully inserted/updated race number 6 on 2024-12-18.
2024-12-17 03:00:16 - INFO - Determined course_cd: PRX for track_code: prx
2024-12-17 03:00:16 - INFO - Successfully inserted/updated race number 7 on 2024-12-18.
2024-12-17 03:00:16 - INFO - Determined course_cd: PRX for track_code: prx
2024-12-17 03:00:16 - INFO - Successfully inserted/updated race number 8 on 2024-12-18.
2024-12-17 03:00:16 - INFO - Determined course_cd: PRX for track_code: prx
2024-12-17 03:00:16 - INFO - Successfully inserted/updated race number 9 on 2024-12-18.
2024-12-17 03:00:16 - INFO - Determined course_cd: PRX for track_code: prx
2024-12-17 03:00:16 - INFO - Successfully inserted/updated race number 10 on 2024-12-18.
2024-12-17 03:00:16 - INFO - Processing horse_data data file: /home/exx/myCode/horse-racing/FoxRiverAIRacing/data/Equibase/PlusPro/Daily/prx20241218plusXML.xml
2024-12-17 03:00:16 - INFO - Validating XML file /home/exx/myCode/horse-racing/FoxRiverAIRacing/data/Equibase/PlusPro/Daily/prx20241218plusXML.xml against XSD schema /home/exx/myCode/horse-racing/FoxRiverAIRacing/data/Equibase/plusProXMLData.xsd...
2024-12-17 03:00:16 - INFO - Validation successful for file /home/exx/myCode/horse-racing/FoxRiverAIRacing/data/Equibase/PlusPro/Daily/prx20241218plusXML.xml.
2024-12-17 03:00:17 - INFO - Processing stat_horse data file: /home/exx/myCode/horse-racing/FoxRiverAIRacing/data/Equibase/PlusPro/Daily/prx20241218plusXML.xml
2024-12-17 03:00:17 - INFO - Validating XML file /home/exx/myCode/horse-racing/FoxRiverAIRacing/data/Equibase/PlusPro/Daily/prx20241218plusXML.xml against XSD schema /home/exx/myCode/horse-racing/FoxRiverAIRacing/data/Equibase/plusProXMLData.xsd...
2024-12-17 03:00:17 - INFO - Validation successful for file /home/exx/myCode/horse-racing/FoxRiverAIRacing/data/Equibase/PlusPro/Daily/prx20241218plusXML.xml.
2024-12-17 03:00:17 - INFO - Processing dam data file: /home/exx/myCode/horse-racing/FoxRiverAIRacing/data/Equibase/PlusPro/Daily/prx20241218plusXML.xml
2024-12-17 03:00:17 - INFO - Validating XML file /home/exx/myCode/horse-racing/FoxRiverAIRacing/data/Equibase/PlusPro/Daily/prx20241218plusXML.xml against XSD schema /home/exx/myCode/horse-racing/FoxRiverAIRacing/data/Equibase/plusProXMLData.xsd...
2024-12-17 03:00:17 - INFO - Validation successful for file /home/exx/myCode/horse-racing/FoxRiverAIRacing/data/Equibase/PlusPro/Daily/prx20241218plusXML.xml.
2024-12-17 03:00:18 - INFO - Processing stat_dam data file: /home/exx/myCode/horse-racing/FoxRiverAIRacing/data/Equibase/PlusPro/Daily/prx20241218plusXML.xml
2024-12-17 03:00:18 - INFO - Validating XML file /home/exx/myCode/horse-racing/FoxRiverAIRacing/data/Equibase/PlusPro/Daily/prx20241218plusXML.xml against XSD schema /home/exx/myCode/horse-racing/FoxRiverAIRacing/data/Equibase/plusProXMLData.xsd...
2024-12-17 03:00:18 - INFO - Validation successful for file /home/exx/myCode/horse-racing/FoxRiverAIRacing/data/Equibase/PlusPro/Daily/prx20241218plusXML.xml.
2024-12-17 03:00:18 - INFO - Processing sire data file: /home/exx/myCode/horse-racing/FoxRiverAIRacing/data/Equibase/PlusPro/Daily/prx20241218plusXML.xml
2024-12-17 03:00:18 - INFO - Validating XML file /home/exx/myCode/horse-racing/FoxRiverAIRacing/data/Equibase/PlusPro/Daily/prx20241218plusXML.xml against XSD schema /home/exx/myCode/horse-racing/FoxRiverAIRacing/data/Equibase/plusProXMLData.xsd...
2024-12-17 03:00:18 - INFO - Validation successful for file /home/exx/myCode/horse-racing/FoxRiverAIRacing/data/Equibase/PlusPro/Daily/prx20241218plusXML.xml.
2024-12-17 03:00:18 - INFO - Processing stat_sire data file: /home/exx/myCode/horse-racing/FoxRiverAIRacing/data/Equibase/PlusPro/Daily/prx20241218plusXML.xml
2024-12-17 03:00:18 - INFO - Validating XML file /home/exx/myCode/horse-racing/FoxRiverAIRacing/data/Equibase/PlusPro/Daily/prx20241218plusXML.xml against XSD schema /home/exx/myCode/horse-racing/FoxRiverAIRacing/data/Equibase/plusProXMLData.xsd...
2024-12-17 03:00:18 - INFO - Validation successful for file /home/exx/myCode/horse-racing/FoxRiverAIRacing/data/Equibase/PlusPro/Daily/prx20241218plusXML.xml.
2024-12-17 03:00:19 - INFO - Processing jockey data file: /home/exx/myCode/horse-racing/FoxRiverAIRacing/data/Equibase/PlusPro/Daily/prx20241218plusXML.xml
2024-12-17 03:00:19 - INFO - Validating XML file /home/exx/myCode/horse-racing/FoxRiverAIRacing/data/Equibase/PlusPro/Daily/prx20241218plusXML.xml against XSD schema /home/exx/myCode/horse-racing/FoxRiverAIRacing/data/Equibase/plusProXMLData.xsd...
2024-12-17 03:00:19 - INFO - Validation successful for file /home/exx/myCode/horse-racing/FoxRiverAIRacing/data/Equibase/PlusPro/Daily/prx20241218plusXML.xml.
2024-12-17 03:00:19 - INFO - Processing stat_jockey data file: /home/exx/myCode/horse-racing/FoxRiverAIRacing/data/Equibase/PlusPro/Daily/prx20241218plusXML.xml
2024-12-17 03:00:19 - INFO - Validating XML file /home/exx/myCode/horse-racing/FoxRiverAIRacing/data/Equibase/PlusPro/Daily/prx20241218plusXML.xml against XSD schema /home/exx/myCode/horse-racing/FoxRiverAIRacing/data/Equibase/plusProXMLData.xsd...
2024-12-17 03:00:19 - INFO - Validation successful for file /home/exx/myCode/horse-racing/FoxRiverAIRacing/data/Equibase/PlusPro/Daily/prx20241218plusXML.xml.
2024-12-17 03:00:20 - INFO - Processing trainer data file: /home/exx/myCode/horse-racing/FoxRiverAIRacing/data/Equibase/PlusPro/Daily/prx20241218plusXML.xml
2024-12-17 03:00:20 - INFO - Validating XML file /home/exx/myCode/horse-racing/FoxRiverAIRacing/data/Equibase/PlusPro/Daily/prx20241218plusXML.xml against XSD schema /home/exx/myCode/horse-racing/FoxRiverAIRacing/data/Equibase/plusProXMLData.xsd...
2024-12-17 03:00:20 - INFO - Validation successful for file /home/exx/myCode/horse-racing/FoxRiverAIRacing/data/Equibase/PlusPro/Daily/prx20241218plusXML.xml.
2024-12-17 03:00:20 - INFO - Processing stat_trainer data file: /home/exx/myCode/horse-racing/FoxRiverAIRacing/data/Equibase/PlusPro/Daily/prx20241218plusXML.xml
2024-12-17 03:00:20 - INFO - Validating XML file /home/exx/myCode/horse-racing/FoxRiverAIRacing/data/Equibase/PlusPro/Daily/prx20241218plusXML.xml against XSD schema /home/exx/myCode/horse-racing/FoxRiverAIRacing/data/Equibase/plusProXMLData.xsd...
2024-12-17 03:00:20 - INFO - Validation successful for file /home/exx/myCode/horse-racing/FoxRiverAIRacing/data/Equibase/PlusPro/Daily/prx20241218plusXML.xml.
2024-12-17 03:00:21 - INFO - Processing runners data file: /home/exx/myCode/horse-racing/FoxRiverAIRacing/data/Equibase/PlusPro/Daily/prx20241218plusXML.xml
2024-12-17 03:00:21 - INFO - Validating XML file /home/exx/myCode/horse-racing/FoxRiverAIRacing/data/Equibase/PlusPro/Daily/prx20241218plusXML.xml against XSD schema /home/exx/myCode/horse-racing/FoxRiverAIRacing/data/Equibase/plusProXMLData.xsd...
2024-12-17 03:00:21 - INFO - Validation successful for file /home/exx/myCode/horse-racing/FoxRiverAIRacing/data/Equibase/PlusPro/Daily/prx20241218plusXML.xml.
2024-12-17 03:00:21 - INFO - Processing workout data file: /home/exx/myCode/horse-racing/FoxRiverAIRacing/data/Equibase/PlusPro/Daily/prx20241218plusXML.xml
2024-12-17 03:00:21 - INFO - Validating XML file /home/exx/myCode/horse-racing/FoxRiverAIRacing/data/Equibase/PlusPro/Daily/prx20241218plusXML.xml against XSD schema /home/exx/myCode/horse-racing/FoxRiverAIRacing/data/Equibase/plusProXMLData.xsd...
2024-12-17 03:00:21 - INFO - Validation successful for file /home/exx/myCode/horse-racing/FoxRiverAIRacing/data/Equibase/PlusPro/Daily/prx20241218plusXML.xml.
2024-12-17 03:00:21 - INFO - Validating XML file /home/exx/myCode/horse-racing/FoxRiverAIRacing/data/Equibase/PlusPro/Daily/fg20241221plusXML.xml against XSD schema /home/exx/myCode/horse-racing/FoxRiverAIRacing/data/Equibase/plusProXMLData.xsd...
2024-12-17 03:00:21 - INFO - Validation successful for file /home/exx/myCode/horse-racing/FoxRiverAIRacing/data/Equibase/PlusPro/Daily/fg20241221plusXML.xml.
2024-12-17 03:00:21 - INFO - Validating XML file /home/exx/myCode/horse-racing/FoxRiverAIRacing/data/Equibase/PlusPro/Daily/fg20241221plusXML.xml against XSD schema /home/exx/myCode/horse-racing/FoxRiverAIRacing/data/Equibase/plusProXMLData.xsd...
2024-12-17 03:00:21 - INFO - Validation successful for file /home/exx/myCode/horse-racing/FoxRiverAIRacing/data/Equibase/PlusPro/Daily/fg20241221plusXML.xml.
2024-12-17 03:00:21 - INFO - Processing racedata data file: /home/exx/myCode/horse-racing/FoxRiverAIRacing/data/Equibase/PlusPro/Daily/fg20241221plusXML.xml
2024-12-17 03:00:21 - INFO - Validating XML file /home/exx/myCode/horse-racing/FoxRiverAIRacing/data/Equibase/PlusPro/Daily/fg20241221plusXML.xml against XSD schema /home/exx/myCode/horse-racing/FoxRiverAIRacing/data/Equibase/plusProXMLData.xsd...
2024-12-17 03:00:21 - INFO - Validation successful for file /home/exx/myCode/horse-racing/FoxRiverAIRacing/data/Equibase/PlusPro/Daily/fg20241221plusXML.xml.
2024-12-17 03:00:22 - INFO - Parsed XML file: /home/exx/myCode/horse-racing/FoxRiverAIRacing/data/Equibase/PlusPro/Daily/fg20241221plusXML.xml
2024-12-17 03:00:22 - INFO - Normalized XML tags to lowercase.
2024-12-17 03:00:22 - INFO - Determined course_cd: TFG for track_code: fg
2024-12-17 03:00:22 - INFO - Successfully inserted/updated race number 1 on 2024-12-21.
2024-12-17 03:00:22 - INFO - Determined course_cd: TFG for track_code: fg
2024-12-17 03:00:22 - INFO - Successfully inserted/updated race number 2 on 2024-12-21.
2024-12-17 03:00:22 - INFO - Determined course_cd: TFG for track_code: fg
2024-12-17 03:00:22 - INFO - Successfully inserted/updated race number 3 on 2024-12-21.
2024-12-17 03:00:22 - INFO - Determined course_cd: TFG for track_code: fg
2024-12-17 03:00:22 - INFO - Successfully inserted/updated race number 4 on 2024-12-21.
2024-12-17 03:00:22 - INFO - Determined course_cd: TFG for track_code: fg
2024-12-17 03:00:22 - INFO - Successfully inserted/updated race number 5 on 2024-12-21.
2024-12-17 03:00:22 - INFO - Determined course_cd: TFG for track_code: fg
2024-12-17 03:00:22 - INFO - Successfully inserted/updated race number 6 on 2024-12-21.
2024-12-17 03:00:22 - INFO - Determined course_cd: TFG for track_code: fg
2024-12-17 03:00:22 - INFO - Successfully inserted/updated race number 7 on 2024-12-21.
2024-12-17 03:00:22 - INFO - Determined course_cd: TFG for track_code: fg
2024-12-17 03:00:22 - INFO - Successfully inserted/updated race number 8 on 2024-12-21.
2024-12-17 03:00:22 - INFO - Determined course_cd: TFG for track_code: fg
2024-12-17 03:00:22 - INFO - Successfully inserted/updated race number 9 on 2024-12-21.
2024-12-17 03:00:22 - INFO - Determined course_cd: TFG for track_code: fg
2024-12-17 03:00:22 - INFO - Successfully inserted/updated race number 10 on 2024-12-21.
2024-12-17 03:00:22 - INFO - Determined course_cd: TFG for track_code: fg
2024-12-17 03:00:22 - INFO - Successfully inserted/updated race number 11 on 2024-12-21.
2024-12-17 03:00:22 - INFO - Determined course_cd: TFG for track_code: fg
2024-12-17 03:00:22 - INFO - Successfully inserted/updated race number 12 on 2024-12-21.
2024-12-17 03:00:22 - INFO - Processing horse_data data file: /home/exx/myCode/horse-racing/FoxRiverAIRacing/data/Equibase/PlusPro/Daily/fg20241221plusXML.xml
2024-12-17 03:00:22 - INFO - Validating XML file /home/exx/myCode/horse-racing/FoxRiverAIRacing/data/Equibase/PlusPro/Daily/fg20241221plusXML.xml against XSD schema /home/exx/myCode/horse-racing/FoxRiverAIRacing/data/Equibase/plusProXMLData.xsd...
2024-12-17 03:00:22 - INFO - Validation successful for file /home/exx/myCode/horse-racing/FoxRiverAIRacing/data/Equibase/PlusPro/Daily/fg20241221plusXML.xml.
2024-12-17 03:00:22 - INFO - Processing stat_horse data file: /home/exx/myCode/horse-racing/FoxRiverAIRacing/data/Equibase/PlusPro/Daily/fg20241221plusXML.xml
2024-12-17 03:00:22 - INFO - Validating XML file /home/exx/myCode/horse-racing/FoxRiverAIRacing/data/Equibase/PlusPro/Daily/fg20241221plusXML.xml against XSD schema /home/exx/myCode/horse-racing/FoxRiverAIRacing/data/Equibase/plusProXMLData.xsd...
2024-12-17 03:00:22 - INFO - Validation successful for file /home/exx/myCode/horse-racing/FoxRiverAIRacing/data/Equibase/PlusPro/Daily/fg20241221plusXML.xml.
2024-12-17 03:00:22 - INFO - Processing dam data file: /home/exx/myCode/horse-racing/FoxRiverAIRacing/data/Equibase/PlusPro/Daily/fg20241221plusXML.xml
2024-12-17 03:00:22 - INFO - Validating XML file /home/exx/myCode/horse-racing/FoxRiverAIRacing/data/Equibase/PlusPro/Daily/fg20241221plusXML.xml against XSD schema /home/exx/myCode/horse-racing/FoxRiverAIRacing/data/Equibase/plusProXMLData.xsd...
2024-12-17 03:00:22 - INFO - Validation successful for file /home/exx/myCode/horse-racing/FoxRiverAIRacing/data/Equibase/PlusPro/Daily/fg20241221plusXML.xml.
2024-12-17 03:00:23 - INFO - Processing stat_dam data file: /home/exx/myCode/horse-racing/FoxRiverAIRacing/data/Equibase/PlusPro/Daily/fg20241221plusXML.xml
2024-12-17 03:00:23 - INFO - Validating XML file /home/exx/myCode/horse-racing/FoxRiverAIRacing/data/Equibase/PlusPro/Daily/fg20241221plusXML.xml against XSD schema /home/exx/myCode/horse-racing/FoxRiverAIRacing/data/Equibase/plusProXMLData.xsd...
2024-12-17 03:00:23 - INFO - Validation successful for file /home/exx/myCode/horse-racing/FoxRiverAIRacing/data/Equibase/PlusPro/Daily/fg20241221plusXML.xml.
2024-12-17 03:00:23 - INFO - Processing sire data file: /home/exx/myCode/horse-racing/FoxRiverAIRacing/data/Equibase/PlusPro/Daily/fg20241221plusXML.xml
2024-12-17 03:00:23 - INFO - Validating XML file /home/exx/myCode/horse-racing/FoxRiverAIRacing/data/Equibase/PlusPro/Daily/fg20241221plusXML.xml against XSD schema /home/exx/myCode/horse-racing/FoxRiverAIRacing/data/Equibase/plusProXMLData.xsd...
2024-12-17 03:00:23 - INFO - Validation successful for file /home/exx/myCode/horse-racing/FoxRiverAIRacing/data/Equibase/PlusPro/Daily/fg20241221plusXML.xml.
2024-12-17 03:00:23 - INFO - Processing stat_sire data file: /home/exx/myCode/horse-racing/FoxRiverAIRacing/data/Equibase/PlusPro/Daily/fg20241221plusXML.xml
2024-12-17 03:00:23 - INFO - Validating XML file /home/exx/myCode/horse-racing/FoxRiverAIRacing/data/Equibase/PlusPro/Daily/fg20241221plusXML.xml against XSD schema /home/exx/myCode/horse-racing/FoxRiverAIRacing/data/Equibase/plusProXMLData.xsd...
2024-12-17 03:00:23 - INFO - Validation successful for file /home/exx/myCode/horse-racing/FoxRiverAIRacing/data/Equibase/PlusPro/Daily/fg20241221plusXML.xml.
2024-12-17 03:00:23 - INFO - Processing jockey data file: /home/exx/myCode/horse-racing/FoxRiverAIRacing/data/Equibase/PlusPro/Daily/fg20241221plusXML.xml
2024-12-17 03:00:23 - INFO - Validating XML file /home/exx/myCode/horse-racing/FoxRiverAIRacing/data/Equibase/PlusPro/Daily/fg20241221plusXML.xml against XSD schema /home/exx/myCode/horse-racing/FoxRiverAIRacing/data/Equibase/plusProXMLData.xsd...
2024-12-17 03:00:23 - INFO - Validation successful for file /home/exx/myCode/horse-racing/FoxRiverAIRacing/data/Equibase/PlusPro/Daily/fg20241221plusXML.xml.
2024-12-17 03:00:24 - INFO - Processing stat_jockey data file: /home/exx/myCode/horse-racing/FoxRiverAIRacing/data/Equibase/PlusPro/Daily/fg20241221plusXML.xml
2024-12-17 03:00:24 - INFO - Validating XML file /home/exx/myCode/horse-racing/FoxRiverAIRacing/data/Equibase/PlusPro/Daily/fg20241221plusXML.xml against XSD schema /home/exx/myCode/horse-racing/FoxRiverAIRacing/data/Equibase/plusProXMLData.xsd...
2024-12-17 03:00:24 - INFO - Validation successful for file /home/exx/myCode/horse-racing/FoxRiverAIRacing/data/Equibase/PlusPro/Daily/fg20241221plusXML.xml.
2024-12-17 03:00:24 - INFO - Processing trainer data file: /home/exx/myCode/horse-racing/FoxRiverAIRacing/data/Equibase/PlusPro/Daily/fg20241221plusXML.xml
2024-12-17 03:00:24 - INFO - Validating XML file /home/exx/myCode/horse-racing/FoxRiverAIRacing/data/Equibase/PlusPro/Daily/fg20241221plusXML.xml against XSD schema /home/exx/myCode/horse-racing/FoxRiverAIRacing/data/Equibase/plusProXMLData.xsd...
2024-12-17 03:00:24 - INFO - Validation successful for file /home/exx/myCode/horse-racing/FoxRiverAIRacing/data/Equibase/PlusPro/Daily/fg20241221plusXML.xml.
2024-12-17 03:00:24 - INFO - Processing stat_trainer data file: /home/exx/myCode/horse-racing/FoxRiverAIRacing/data/Equibase/PlusPro/Daily/fg20241221plusXML.xml
2024-12-17 03:00:24 - INFO - Validating XML file /home/exx/myCode/horse-racing/FoxRiverAIRacing/data/Equibase/PlusPro/Daily/fg20241221plusXML.xml against XSD schema /home/exx/myCode/horse-racing/FoxRiverAIRacing/data/Equibase/plusProXMLData.xsd...
2024-12-17 03:00:24 - INFO - Validation successful for file /home/exx/myCode/horse-racing/FoxRiverAIRacing/data/Equibase/PlusPro/Daily/fg20241221plusXML.xml.
2024-12-17 03:00:25 - INFO - Processing runners data file: /home/exx/myCode/horse-racing/FoxRiverAIRacing/data/Equibase/PlusPro/Daily/fg20241221plusXML.xml
2024-12-17 03:00:25 - INFO - Validating XML file /home/exx/myCode/horse-racing/FoxRiverAIRacing/data/Equibase/PlusPro/Daily/fg20241221plusXML.xml against XSD schema /home/exx/myCode/horse-racing/FoxRiverAIRacing/data/Equibase/plusProXMLData.xsd...
2024-12-17 03:00:25 - INFO - Validation successful for file /home/exx/myCode/horse-racing/FoxRiverAIRacing/data/Equibase/PlusPro/Daily/fg20241221plusXML.xml.
2024-12-17 03:00:25 - INFO - Processing workout data file: /home/exx/myCode/horse-racing/FoxRiverAIRacing/data/Equibase/PlusPro/Daily/fg20241221plusXML.xml
2024-12-17 03:00:25 - INFO - Validating XML file /home/exx/myCode/horse-racing/FoxRiverAIRacing/data/Equibase/PlusPro/Daily/fg20241221plusXML.xml against XSD schema /home/exx/myCode/horse-racing/FoxRiverAIRacing/data/Equibase/plusProXMLData.xsd...
2024-12-17 03:00:25 - INFO - Validation successful for file /home/exx/myCode/horse-racing/FoxRiverAIRacing/data/Equibase/PlusPro/Daily/fg20241221plusXML.xml.
2024-12-17 03:00:25 - INFO - Validating XML file /home/exx/myCode/horse-racing/FoxRiverAIRacing/data/Equibase/PlusPro/Daily/op20241220plusXML.xml against XSD schema /home/exx/myCode/horse-racing/FoxRiverAIRacing/data/Equibase/plusProXMLData.xsd...
2024-12-17 03:00:25 - INFO - Validation successful for file /home/exx/myCode/horse-racing/FoxRiverAIRacing/data/Equibase/PlusPro/Daily/op20241220plusXML.xml.
2024-12-17 03:00:25 - INFO - Validating XML file /home/exx/myCode/horse-racing/FoxRiverAIRacing/data/Equibase/PlusPro/Daily/op20241220plusXML.xml against XSD schema /home/exx/myCode/horse-racing/FoxRiverAIRacing/data/Equibase/plusProXMLData.xsd...
2024-12-17 03:00:25 - INFO - Validation successful for file /home/exx/myCode/horse-racing/FoxRiverAIRacing/data/Equibase/PlusPro/Daily/op20241220plusXML.xml.
2024-12-17 03:00:25 - INFO - Processing racedata data file: /home/exx/myCode/horse-racing/FoxRiverAIRacing/data/Equibase/PlusPro/Daily/op20241220plusXML.xml
2024-12-17 03:00:25 - INFO - Validating XML file /home/exx/myCode/horse-racing/FoxRiverAIRacing/data/Equibase/PlusPro/Daily/op20241220plusXML.xml against XSD schema /home/exx/myCode/horse-racing/FoxRiverAIRacing/data/Equibase/plusProXMLData.xsd...
2024-12-17 03:00:25 - INFO - Validation successful for file /home/exx/myCode/horse-racing/FoxRiverAIRacing/data/Equibase/PlusPro/Daily/op20241220plusXML.xml.
2024-12-17 03:00:25 - INFO - Parsed XML file: /home/exx/myCode/horse-racing/FoxRiverAIRacing/data/Equibase/PlusPro/Daily/op20241220plusXML.xml
2024-12-17 03:00:25 - INFO - Normalized XML tags to lowercase.
2024-12-17 03:00:25 - INFO - Determined course_cd: TOP for track_code: op
2024-12-17 03:00:25 - INFO - Successfully inserted/updated race number 1 on 2024-12-20.
2024-12-17 03:00:25 - INFO - Determined course_cd: TOP for track_code: op
2024-12-17 03:00:25 - INFO - Successfully inserted/updated race number 2 on 2024-12-20.
2024-12-17 03:00:25 - INFO - Determined course_cd: TOP for track_code: op
2024-12-17 03:00:25 - INFO - Successfully inserted/updated race number 3 on 2024-12-20.
2024-12-17 03:00:25 - INFO - Determined course_cd: TOP for track_code: op
2024-12-17 03:00:25 - INFO - Successfully inserted/updated race number 4 on 2024-12-20.
2024-12-17 03:00:25 - INFO - Determined course_cd: TOP for track_code: op
2024-12-17 03:00:25 - INFO - Successfully inserted/updated race number 5 on 2024-12-20.
2024-12-17 03:00:25 - INFO - Determined course_cd: TOP for track_code: op
2024-12-17 03:00:25 - INFO - Successfully inserted/updated race number 6 on 2024-12-20.
2024-12-17 03:00:25 - INFO - Determined course_cd: TOP for track_code: op
2024-12-17 03:00:25 - INFO - Successfully inserted/updated race number 7 on 2024-12-20.
2024-12-17 03:00:25 - INFO - Determined course_cd: TOP for track_code: op
2024-12-17 03:00:25 - INFO - Successfully inserted/updated race number 8 on 2024-12-20.
2024-12-17 03:00:25 - INFO - Determined course_cd: TOP for track_code: op
2024-12-17 03:00:25 - INFO - Successfully inserted/updated race number 9 on 2024-12-20.
2024-12-17 03:00:25 - INFO - Determined course_cd: TOP for track_code: op
2024-12-17 03:00:25 - INFO - Successfully inserted/updated race number 10 on 2024-12-20.
2024-12-17 03:00:25 - INFO - Processing horse_data data file: /home/exx/myCode/horse-racing/FoxRiverAIRacing/data/Equibase/PlusPro/Daily/op20241220plusXML.xml
2024-12-17 03:00:25 - INFO - Validating XML file /home/exx/myCode/horse-racing/FoxRiverAIRacing/data/Equibase/PlusPro/Daily/op20241220plusXML.xml against XSD schema /home/exx/myCode/horse-racing/FoxRiverAIRacing/data/Equibase/plusProXMLData.xsd...
2024-12-17 03:00:25 - INFO - Validation successful for file /home/exx/myCode/horse-racing/FoxRiverAIRacing/data/Equibase/PlusPro/Daily/op20241220plusXML.xml.
2024-12-17 03:00:25 - INFO - Processing stat_horse data file: /home/exx/myCode/horse-racing/FoxRiverAIRacing/data/Equibase/PlusPro/Daily/op20241220plusXML.xml
2024-12-17 03:00:25 - INFO - Validating XML file /home/exx/myCode/horse-racing/FoxRiverAIRacing/data/Equibase/PlusPro/Daily/op20241220plusXML.xml against XSD schema /home/exx/myCode/horse-racing/FoxRiverAIRacing/data/Equibase/plusProXMLData.xsd...
2024-12-17 03:00:26 - INFO - Validation successful for file /home/exx/myCode/horse-racing/FoxRiverAIRacing/data/Equibase/PlusPro/Daily/op20241220plusXML.xml.
2024-12-17 03:00:26 - INFO - Processing dam data file: /home/exx/myCode/horse-racing/FoxRiverAIRacing/data/Equibase/PlusPro/Daily/op20241220plusXML.xml
2024-12-17 03:00:26 - INFO - Validating XML file /home/exx/myCode/horse-racing/FoxRiverAIRacing/data/Equibase/PlusPro/Daily/op20241220plusXML.xml against XSD schema /home/exx/myCode/horse-racing/FoxRiverAIRacing/data/Equibase/plusProXMLData.xsd...
2024-12-17 03:00:26 - INFO - Validation successful for file /home/exx/myCode/horse-racing/FoxRiverAIRacing/data/Equibase/PlusPro/Daily/op20241220plusXML.xml.
2024-12-17 03:00:26 - INFO - Processing stat_dam data file: /home/exx/myCode/horse-racing/FoxRiverAIRacing/data/Equibase/PlusPro/Daily/op20241220plusXML.xml
2024-12-17 03:00:26 - INFO - Validating XML file /home/exx/myCode/horse-racing/FoxRiverAIRacing/data/Equibase/PlusPro/Daily/op20241220plusXML.xml against XSD schema /home/exx/myCode/horse-racing/FoxRiverAIRacing/data/Equibase/plusProXMLData.xsd...
2024-12-17 03:00:26 - INFO - Validation successful for file /home/exx/myCode/horse-racing/FoxRiverAIRacing/data/Equibase/PlusPro/Daily/op20241220plusXML.xml.
2024-12-17 03:00:26 - INFO - Processing sire data file: /home/exx/myCode/horse-racing/FoxRiverAIRacing/data/Equibase/PlusPro/Daily/op20241220plusXML.xml
2024-12-17 03:00:26 - INFO - Validating XML file /home/exx/myCode/horse-racing/FoxRiverAIRacing/data/Equibase/PlusPro/Daily/op20241220plusXML.xml against XSD schema /home/exx/myCode/horse-racing/FoxRiverAIRacing/data/Equibase/plusProXMLData.xsd...
2024-12-17 03:00:27 - INFO - Validation successful for file /home/exx/myCode/horse-racing/FoxRiverAIRacing/data/Equibase/PlusPro/Daily/op20241220plusXML.xml.
2024-12-17 03:00:27 - INFO - Processing stat_sire data file: /home/exx/myCode/horse-racing/FoxRiverAIRacing/data/Equibase/PlusPro/Daily/op20241220plusXML.xml
2024-12-17 03:00:27 - INFO - Validating XML file /home/exx/myCode/horse-racing/FoxRiverAIRacing/data/Equibase/PlusPro/Daily/op20241220plusXML.xml against XSD schema /home/exx/myCode/horse-racing/FoxRiverAIRacing/data/Equibase/plusProXMLData.xsd...
2024-12-17 03:00:27 - INFO - Validation successful for file /home/exx/myCode/horse-racing/FoxRiverAIRacing/data/Equibase/PlusPro/Daily/op20241220plusXML.xml.
2024-12-17 03:00:27 - INFO - Processing jockey data file: /home/exx/myCode/horse-racing/FoxRiverAIRacing/data/Equibase/PlusPro/Daily/op20241220plusXML.xml
2024-12-17 03:00:27 - INFO - Validating XML file /home/exx/myCode/horse-racing/FoxRiverAIRacing/data/Equibase/PlusPro/Daily/op20241220plusXML.xml against XSD schema /home/exx/myCode/horse-racing/FoxRiverAIRacing/data/Equibase/plusProXMLData.xsd...
2024-12-17 03:00:27 - INFO - Validation successful for file /home/exx/myCode/horse-racing/FoxRiverAIRacing/data/Equibase/PlusPro/Daily/op20241220plusXML.xml.
2024-12-17 03:00:27 - INFO - Processing stat_jockey data file: /home/exx/myCode/horse-racing/FoxRiverAIRacing/data/Equibase/PlusPro/Daily/op20241220plusXML.xml
2024-12-17 03:00:27 - INFO - Validating XML file /home/exx/myCode/horse-racing/FoxRiverAIRacing/data/Equibase/PlusPro/Daily/op20241220plusXML.xml against XSD schema /home/exx/myCode/horse-racing/FoxRiverAIRacing/data/Equibase/plusProXMLData.xsd...
2024-12-17 03:00:27 - INFO - Validation successful for file /home/exx/myCode/horse-racing/FoxRiverAIRacing/data/Equibase/PlusPro/Daily/op20241220plusXML.xml.
2024-12-17 03:00:27 - INFO - Processing trainer data file: /home/exx/myCode/horse-racing/FoxRiverAIRacing/data/Equibase/PlusPro/Daily/op20241220plusXML.xml
2024-12-17 03:00:27 - INFO - Validating XML file /home/exx/myCode/horse-racing/FoxRiverAIRacing/data/Equibase/PlusPro/Daily/op20241220plusXML.xml against XSD schema /home/exx/myCode/horse-racing/FoxRiverAIRacing/data/Equibase/plusProXMLData.xsd...
2024-12-17 03:00:27 - INFO - Validation successful for file /home/exx/myCode/horse-racing/FoxRiverAIRacing/data/Equibase/PlusPro/Daily/op20241220plusXML.xml.
2024-12-17 03:00:27 - INFO - Processing stat_trainer data file: /home/exx/myCode/horse-racing/FoxRiverAIRacing/data/Equibase/PlusPro/Daily/op20241220plusXML.xml
2024-12-17 03:00:27 - INFO - Validating XML file /home/exx/myCode/horse-racing/FoxRiverAIRacing/data/Equibase/PlusPro/Daily/op20241220plusXML.xml against XSD schema /home/exx/myCode/horse-racing/FoxRiverAIRacing/data/Equibase/plusProXMLData.xsd...
2024-12-17 03:00:28 - INFO - Validation successful for file /home/exx/myCode/horse-racing/FoxRiverAIRacing/data/Equibase/PlusPro/Daily/op20241220plusXML.xml.
2024-12-17 03:00:28 - INFO - Processing runners data file: /home/exx/myCode/horse-racing/FoxRiverAIRacing/data/Equibase/PlusPro/Daily/op20241220plusXML.xml
2024-12-17 03:00:28 - INFO - Validating XML file /home/exx/myCode/horse-racing/FoxRiverAIRacing/data/Equibase/PlusPro/Daily/op20241220plusXML.xml against XSD schema /home/exx/myCode/horse-racing/FoxRiverAIRacing/data/Equibase/plusProXMLData.xsd...
2024-12-17 03:00:28 - INFO - Validation successful for file /home/exx/myCode/horse-racing/FoxRiverAIRacing/data/Equibase/PlusPro/Daily/op20241220plusXML.xml.
2024-12-17 03:00:28 - INFO - Processing workout data file: /home/exx/myCode/horse-racing/FoxRiverAIRacing/data/Equibase/PlusPro/Daily/op20241220plusXML.xml
2024-12-17 03:00:28 - INFO - Validating XML file /home/exx/myCode/horse-racing/FoxRiverAIRacing/data/Equibase/PlusPro/Daily/op20241220plusXML.xml against XSD schema /home/exx/myCode/horse-racing/FoxRiverAIRacing/data/Equibase/plusProXMLData.xsd...
2024-12-17 03:00:28 - INFO - Validation successful for file /home/exx/myCode/horse-racing/FoxRiverAIRacing/data/Equibase/PlusPro/Daily/op20241220plusXML.xml.
2024-12-17 03:00:28 - INFO - PlusPro data ingestion completed successfully.
2024-12-17 03:00:28 - INFO - Ingestion for PlusPro succeeded
2024-12-17 03:00:28 - INFO - Setting up logging for ResultsCharts
