2025-02-27 05:00:03 - INFO - Logging has been set up successfully.
2025-02-27 05:00:03 - INFO - Loading gpspoint data from PostgreSQL...
2025-02-27 05:00:04 - INFO - Saving gpspoint DataFrame to Parquet at /home/exx/myCode/horse-racing/FoxRiverAIRacing/data/parquet/gpspoint.parquet...
2025-02-27 05:02:58 - INFO - gpspoint data loaded and saved successfully.
2025-02-27 05:02:58 - INFO - Loading sectionals data from PostgreSQL...
2025-02-27 05:02:58 - INFO - Saving sectionals DataFrame to Parquet at /home/exx/myCode/horse-racing/FoxRiverAIRacing/data/parquet/sectionals.parquet...
2025-02-27 05:03:14 - INFO - sectionals data loaded and saved successfully.
2025-02-27 05:03:14 - INFO - Starting quartile-based GPS metrics calculation...
2025-02-27 05:03:15 - INFO - Writing quartile + overall GPS metrics to gps_aggregated ...
2025-02-27 05:04:44 - INFO - GPS quartile metrics aggregated and written in 89.26 seconds.
2025-02-27 05:04:44 - INFO - Starting Spark-based aggregation for sectionals...
2025-02-27 05:04:55 - INFO - Writing aggregated results to staging table (overwrite)...
2025-02-27 05:05:09 - INFO - Staging table sectionals_aggregated written successfully.
2025-02-27 05:05:09 - INFO - Spark-based sectionals aggregation and write completed in 25.59 seconds.
2025-02-27 05:05:10 - INFO - Ingestion job succeeded
2025-02-27 05:05:10 - INFO - Updating net_sentiment beginning...
2025-02-27 05:05:15 - INFO - Net sentiment updated successfully in 5.81 seconds.
2025-02-27 05:05:15 - INFO - Updating distance_meters in racedata beginning...
2025-02-27 05:05:18 - INFO - Distance_meters updated successfully in 2.22 seconds.
2025-02-27 05:05:18 - INFO - Updating rr_par_time in races beginning...
2025-02-27 05:05:18 - INFO - rr_par_time updated successfully in 0.63 seconds.
2025-02-27 05:05:18 - INFO - Updating previous race data and race count in runners beginning...
2025-02-27 05:05:34 - INFO - Previous race data and race count updated successfully.
2025-02-27 05:05:34 - INFO - Time taken to update previous race data and race count: 15.557756662368774 seconds
2025-02-27 05:05:34 - INFO - Speed_rating updated using forward-fill (LOCF) successfully.
2025-02-27 05:05:44 - INFO - Updated runners: prev_speed_rating set from results_entries.speed_rating.
2025-02-27 05:05:52 - INFO - Update previous_surface successful.
2025-02-27 05:05:52 - INFO - Updating finish_time in results_entries beginning...
2025-02-27 05:06:04 - INFO - finish_time updated successfully in 11.14 seconds.
2025-02-27 05:06:04 - INFO - Closing down clientserver connection
