2025-03-02 05:00:03 - INFO - Logging has been set up successfully.
2025-03-02 05:00:03 - INFO - Loading gpspoint data from PostgreSQL...
2025-03-02 05:00:04 - INFO - Saving gpspoint DataFrame to Parquet at /home/exx/myCode/horse-racing/FoxRiverAIRacing/data/parquet/gpspoint.parquet...
2025-03-02 05:03:01 - INFO - gpspoint data loaded and saved successfully.
2025-03-02 05:03:01 - INFO - Loading sectionals data from PostgreSQL...
2025-03-02 05:03:01 - INFO - Saving sectionals DataFrame to Parquet at /home/exx/myCode/horse-racing/FoxRiverAIRacing/data/parquet/sectionals.parquet...
2025-03-02 05:03:17 - INFO - sectionals data loaded and saved successfully.
2025-03-02 05:03:17 - INFO - Starting quartile-based GPS metrics calculation...
2025-03-02 05:03:17 - INFO - Writing quartile + overall GPS metrics to gps_aggregated ...
2025-03-02 05:04:44 - INFO - GPS quartile metrics aggregated and written in 87.21 seconds.
2025-03-02 05:04:44 - INFO - Starting Spark-based aggregation for sectionals...
2025-03-02 05:04:56 - INFO - Writing aggregated results to staging table (overwrite)...
2025-03-02 05:05:12 - INFO - Staging table sectionals_aggregated written successfully.
2025-03-02 05:05:12 - INFO - Spark-based sectionals aggregation and write completed in 27.64 seconds.
2025-03-02 05:05:12 - INFO - Ingestion job succeeded
2025-03-02 05:05:12 - INFO - Updating net_sentiment beginning...
2025-03-02 05:05:31 - INFO - Net sentiment updated successfully in 18.30 seconds.
2025-03-02 05:05:31 - INFO - Updating distance_meters in racedata beginning...
2025-03-02 05:05:36 - INFO - Distance_meters updated successfully in 5.40 seconds.
2025-03-02 05:05:36 - INFO - Updating rr_par_time in races beginning...
2025-03-02 05:05:39 - INFO - rr_par_time updated successfully in 3.15 seconds.
2025-03-02 05:05:39 - INFO - Updating previous race data and race count in runners beginning...
2025-03-02 05:05:54 - INFO - Previous race data and race count updated successfully.
2025-03-02 05:05:54 - INFO - Time taken to update previous race data and race count: 14.58822774887085 seconds
2025-03-02 05:05:54 - INFO - Speed_rating updated using forward-fill (LOCF) successfully.
2025-03-02 05:06:03 - INFO - Updated runners: prev_speed_rating set from results_entries.speed_rating.
2025-03-02 05:06:11 - INFO - Update previous_surface successful.
2025-03-02 05:06:11 - INFO - Updating finish_time in results_entries beginning...
2025-03-02 05:06:49 - INFO - finish_time updated successfully in 38.55 seconds.
2025-03-02 05:06:50 - INFO - Closing down clientserver connection
