2025-04-05 05:00:05 - INFO - Logging has been set up successfully.
2025-04-05 05:00:05 - INFO - Loading gpspoint data from PostgreSQL...
2025-04-05 05:00:07 - INFO - Saving gpspoint DataFrame to Parquet at /home/exx/myCode/horse-racing/FoxRiverAIRacing/data/parquet/gpspoint.parquet...
2025-04-05 05:05:18 - INFO - gpspoint data loaded and saved successfully.
2025-04-05 05:05:18 - INFO - Loading sectionals data from PostgreSQL...
2025-04-05 05:05:18 - INFO - Saving sectionals DataFrame to Parquet at /home/exx/myCode/horse-racing/FoxRiverAIRacing/data/parquet/sectionals.parquet...
2025-04-05 05:05:47 - INFO - sectionals data loaded and saved successfully.
2025-04-05 05:05:47 - INFO - Loading runners data from PostgreSQL...
2025-04-05 05:05:47 - INFO - Saving runners DataFrame to Parquet at /home/exx/myCode/horse-racing/FoxRiverAIRacing/data/parquet/runners.parquet...
2025-04-05 05:06:07 - INFO - runners data loaded and saved successfully.
2025-04-05 05:06:07 - INFO - Loading horse data from PostgreSQL...
2025-04-05 05:06:08 - INFO - Saving horse DataFrame to Parquet at /home/exx/myCode/horse-racing/FoxRiverAIRacing/data/parquet/horse.parquet...
2025-04-05 05:06:08 - INFO - horse data loaded and saved successfully.
2025-04-05 05:06:08 - INFO - DataFrame 'gpspoint' loaded. Schema:
2025-04-05 05:06:08 - INFO - DataFrame 'sectionals' loaded. Schema:
2025-04-05 05:06:08 - INFO - DataFrame 'runners' loaded. Schema:
2025-04-05 05:06:08 - INFO - DataFrame 'horse' loaded. Schema:
2025-04-05 05:06:08 - INFO - Starting Spark-based aggregation for sectionals...
2025-04-05 05:06:26 - INFO - Writing aggregated results to staging table (overwrite)...
2025-04-05 05:06:55 - INFO - Staging table sectionals_aggregated written successfully.
2025-04-05 05:06:55 - INFO - Spark-based sectionals aggregation and write completed in 47.02 seconds.
2025-04-05 05:06:55 - INFO - Starting Spark-based aggregation for sectionals keyed by (horse_id, as_of_date) with LOCF ...
2025-04-05 05:07:12 - INFO - Writing aggregator keyed by (horse_id, as_of_date) with LOCF to sectionals_aggregated_locf (overwrite).
2025-04-05 05:07:43 - INFO - Done. Wrote table=sectionals_aggregated_locf in 47.44 sec, keyed by (horse_id, as_of_date).
2025-04-05 05:07:44 - INFO - Starting quartile-based GPS metrics calculation...
2025-04-05 05:07:44 - INFO - Writing quartile + overall GPS metrics (with horse_id) to gps_aggregated ...
2025-04-05 05:10:19 - INFO - GPS quartile metrics aggregated (with axciskey => horse_id) and written in 155.20 seconds.
2025-04-05 05:10:31 - INFO - Ingestion job succeeded
2025-04-05 05:10:31 - INFO - Updating net_sentiment beginning...
2025-04-05 05:11:01 - INFO - Net sentiment updated successfully in 30.16 seconds.
2025-04-05 05:11:01 - INFO - Updating distance_meters in racedata beginning...
2025-04-05 05:11:04 - INFO - Distance_meters updated successfully in 2.38 seconds.
2025-04-05 05:11:04 - INFO - Updating rr_par_time in races beginning...
2025-04-05 05:11:05 - INFO - rr_par_time updated successfully in 1.35 seconds.
2025-04-05 05:11:05 - INFO - Updating previous race data and race count in runners beginning...
2025-04-05 05:11:45 - INFO - Previous race data and race count updated successfully.
2025-04-05 05:11:45 - INFO - Time taken to update previous race data and race count: 40.18706274032593 seconds
2025-04-05 05:13:11 - INFO - Updated runners: prev_speed_rating set from results_entries.speed_rating.
2025-04-05 05:13:11 - INFO - Speed_rating updated using forward-fill (LOCF) successfully.
2025-04-05 05:14:34 - INFO - Updated runners: prev_speed_rating set from results_entries.speed_rating.
2025-04-05 05:14:35 - INFO - Update previous_surface successful.
2025-04-05 05:14:35 - INFO - Updating finish_time in results_entries beginning...
2025-04-05 05:15:06 - INFO - finish_time updated successfully in 31.34 seconds.
2025-04-05 05:15:07 - INFO - Closing down clientserver connection
