2025-03-11 22:41:38 - INFO - Logging has been set up successfully.
2025-03-11 22:41:38 - INFO - Loading gpspoint data from PostgreSQL...
2025-03-11 22:41:39 - INFO - Saving gpspoint DataFrame to Parquet at /home/exx/myCode/horse-racing/FoxRiverAIRacing/data/parquet/gpspoint.parquet...
2025-03-11 22:44:18 - INFO - gpspoint data loaded and saved successfully.
2025-03-11 22:44:18 - INFO - Loading sectionals data from PostgreSQL...
2025-03-11 22:44:18 - INFO - Saving sectionals DataFrame to Parquet at /home/exx/myCode/horse-racing/FoxRiverAIRacing/data/parquet/sectionals.parquet...
2025-03-11 22:44:33 - INFO - sectionals data loaded and saved successfully.
2025-03-11 22:44:33 - INFO - Loading runners data from PostgreSQL...
2025-03-11 22:44:33 - INFO - Saving runners DataFrame to Parquet at /home/exx/myCode/horse-racing/FoxRiverAIRacing/data/parquet/runners.parquet...
2025-03-11 22:44:45 - INFO - runners data loaded and saved successfully.
2025-03-11 22:44:45 - INFO - Loading horse data from PostgreSQL...
2025-03-11 22:44:45 - INFO - Saving horse DataFrame to Parquet at /home/exx/myCode/horse-racing/FoxRiverAIRacing/data/parquet/horse.parquet...
2025-03-11 22:44:45 - INFO - horse data loaded and saved successfully.
2025-03-11 22:44:45 - INFO - DataFrame 'gpspoint' loaded. Schema:
2025-03-11 22:44:45 - INFO - DataFrame 'sectionals' loaded. Schema:
2025-03-11 22:44:45 - INFO - DataFrame 'runners' loaded. Schema:
2025-03-11 22:44:45 - INFO - DataFrame 'horse' loaded. Schema:
2025-03-11 22:44:45 - INFO - Starting Spark-based aggregation for sectionals keyed by (horse_id, as_of_date) with LOCF ...
2025-03-11 22:44:57 - INFO - Writing aggregator keyed by (horse_id, as_of_date) with LOCF to sectionals_aggregated_locf (overwrite).
2025-03-11 22:45:14 - INFO - Done. Wrote table=sectionals_aggregated_locf in 28.60 sec, keyed by (horse_id, as_of_date).
2025-03-11 22:45:14 - INFO - Ingestion job succeeded
2025-03-11 22:45:14 - INFO - Updating net_sentiment beginning...
2025-03-11 22:45:18 - INFO - Net sentiment updated successfully in 4.77 seconds.
2025-03-11 22:45:18 - INFO - Updating distance_meters in racedata beginning...
2025-03-11 22:45:20 - INFO - Distance_meters updated successfully in 1.51 seconds.
2025-03-11 22:45:20 - INFO - Updating rr_par_time in races beginning...
2025-03-11 22:45:20 - INFO - rr_par_time updated successfully in 0.47 seconds.
2025-03-11 22:45:20 - INFO - Updating previous race data and race count in runners beginning...
2025-03-11 22:45:35 - INFO - Previous race data and race count updated successfully.
2025-03-11 22:45:35 - INFO - Time taken to update previous race data and race count: 14.357031345367432 seconds
2025-03-11 22:45:35 - INFO - Speed_rating updated using forward-fill (LOCF) successfully.
2025-03-11 22:45:45 - INFO - Updated runners: prev_speed_rating set from results_entries.speed_rating.
2025-03-11 22:45:53 - INFO - Update previous_surface successful.
2025-03-11 22:45:53 - INFO - Updating finish_time in results_entries beginning...
2025-03-11 22:46:05 - INFO - finish_time updated successfully in 12.18 seconds.
2025-03-11 22:46:05 - INFO - Closing down clientserver connection
