2025-04-11 05:00:03 - INFO - Logging has been set up successfully.
2025-04-11 05:00:03 - INFO - Loading gpspoint data from PostgreSQL...
2025-04-11 05:00:03 - INFO - Saving gpspoint DataFrame to Parquet at /home/exx/myCode/horse-racing/FoxRiverAIRacing/data/parquet/gpspoint.parquet...
2025-04-11 05:02:53 - INFO - gpspoint data loaded and saved successfully.
2025-04-11 05:02:53 - INFO - Loading sectionals data from PostgreSQL...
2025-04-11 05:02:53 - INFO - Saving sectionals DataFrame to Parquet at /home/exx/myCode/horse-racing/FoxRiverAIRacing/data/parquet/sectionals.parquet...
2025-04-11 05:03:09 - INFO - sectionals data loaded and saved successfully.
2025-04-11 05:03:09 - INFO - Loading runners data from PostgreSQL...
2025-04-11 05:03:09 - INFO - Saving runners DataFrame to Parquet at /home/exx/myCode/horse-racing/FoxRiverAIRacing/data/parquet/runners.parquet...
2025-04-11 05:03:21 - INFO - runners data loaded and saved successfully.
2025-04-11 05:03:21 - INFO - Loading horse data from PostgreSQL...
2025-04-11 05:03:21 - INFO - Saving horse DataFrame to Parquet at /home/exx/myCode/horse-racing/FoxRiverAIRacing/data/parquet/horse.parquet...
2025-04-11 05:03:21 - INFO - horse data loaded and saved successfully.
2025-04-11 05:03:21 - INFO - DataFrame 'gpspoint' loaded. Schema:
2025-04-11 05:03:21 - INFO - DataFrame 'sectionals' loaded. Schema:
2025-04-11 05:03:21 - INFO - DataFrame 'runners' loaded. Schema:
2025-04-11 05:03:21 - INFO - DataFrame 'horse' loaded. Schema:
2025-04-11 05:03:21 - INFO - Starting Spark-based aggregation for sectionals...
2025-04-11 05:03:32 - INFO - Writing aggregated results to staging table (overwrite)...
2025-04-11 05:03:49 - INFO - Staging table sectionals_aggregated written successfully.
2025-04-11 05:03:49 - INFO - Spark-based sectionals aggregation and write completed in 27.95 seconds.
2025-04-11 05:03:49 - INFO - Starting Spark-based aggregation for sectionals keyed by (horse_id, as_of_date) with LOCF ...
2025-04-11 05:03:59 - INFO - Writing aggregator keyed by (horse_id, as_of_date) with LOCF to sectionals_aggregated_locf (overwrite).
2025-04-11 05:04:16 - INFO - Done. Wrote table=sectionals_aggregated_locf in 26.81 sec, keyed by (horse_id, as_of_date).
2025-04-11 05:04:16 - INFO - Starting quartile-based GPS metrics calculation...
2025-04-11 05:04:16 - INFO - Writing quartile + overall GPS metrics (with horse_id) to gps_aggregated ...
2025-04-11 05:05:42 - INFO - GPS quartile metrics aggregated (with axciskey => horse_id) and written in 86.48 seconds.
2025-04-11 05:05:49 - INFO - Ingestion job succeeded
2025-04-11 05:05:49 - INFO - Updating net_sentiment beginning...
2025-04-11 05:06:16 - INFO - Net sentiment updated successfully in 26.16 seconds.
2025-04-11 05:06:16 - INFO - Updating distance_meters in racedata beginning...
2025-04-11 05:06:17 - INFO - Distance_meters updated successfully in 1.12 seconds.
2025-04-11 05:06:17 - INFO - Updating rr_par_time in races beginning...
2025-04-11 05:06:17 - INFO - rr_par_time updated successfully in 0.61 seconds.
2025-04-11 05:06:17 - INFO - Updating previous race data and race count in runners beginning...
2025-04-11 05:06:53 - INFO - Previous race data and race count updated successfully.
2025-04-11 05:06:53 - INFO - Time taken to update previous race data and race count: 35.58452534675598 seconds
2025-04-11 05:07:37 - INFO - Updated runners: prev_speed_rating set from results_entries.speed_rating.
2025-04-11 05:07:37 - INFO - Speed_rating updated using forward-fill (LOCF) successfully.
2025-04-11 05:08:42 - INFO - Updated runners: prev_speed_rating set from results_entries.speed_rating.
2025-04-11 05:08:46 - INFO - Update previous_surface successful.
2025-04-11 05:08:46 - INFO - Updating finish_time in results_entries beginning...
2025-04-11 05:09:30 - INFO - finish_time updated successfully in 43.72 seconds.
2025-04-11 05:09:31 - INFO - Closing down clientserver connection
