2025-03-24 05:00:03 - INFO - Logging has been set up successfully.
2025-03-24 05:00:03 - INFO - Loading gpspoint data from PostgreSQL...
2025-03-24 05:00:04 - INFO - Saving gpspoint DataFrame to Parquet at /home/exx/myCode/horse-racing/FoxRiverAIRacing/data/parquet/gpspoint.parquet...
2025-03-24 05:02:56 - INFO - gpspoint data loaded and saved successfully.
2025-03-24 05:02:56 - INFO - Loading sectionals data from PostgreSQL...
2025-03-24 05:02:56 - INFO - Saving sectionals DataFrame to Parquet at /home/exx/myCode/horse-racing/FoxRiverAIRacing/data/parquet/sectionals.parquet...
2025-03-24 05:03:11 - INFO - sectionals data loaded and saved successfully.
2025-03-24 05:03:11 - INFO - Loading runners data from PostgreSQL...
2025-03-24 05:03:11 - INFO - Saving runners DataFrame to Parquet at /home/exx/myCode/horse-racing/FoxRiverAIRacing/data/parquet/runners.parquet...
2025-03-24 05:03:24 - INFO - runners data loaded and saved successfully.
2025-03-24 05:03:24 - INFO - Loading horse data from PostgreSQL...
2025-03-24 05:03:24 - INFO - Saving horse DataFrame to Parquet at /home/exx/myCode/horse-racing/FoxRiverAIRacing/data/parquet/horse.parquet...
2025-03-24 05:03:24 - INFO - horse data loaded and saved successfully.
2025-03-24 05:03:24 - INFO - DataFrame 'gpspoint' loaded. Schema:
2025-03-24 05:03:24 - INFO - DataFrame 'sectionals' loaded. Schema:
2025-03-24 05:03:24 - INFO - DataFrame 'runners' loaded. Schema:
2025-03-24 05:03:24 - INFO - DataFrame 'horse' loaded. Schema:
2025-03-24 05:03:24 - INFO - Starting Spark-based aggregation for sectionals...
2025-03-24 05:03:35 - INFO - Writing aggregated results to staging table (overwrite)...
2025-03-24 05:03:51 - INFO - Staging table sectionals_aggregated written successfully.
2025-03-24 05:03:51 - INFO - Spark-based sectionals aggregation and write completed in 27.20 seconds.
2025-03-24 05:03:51 - INFO - Starting Spark-based aggregation for sectionals keyed by (horse_id, as_of_date) with LOCF ...
2025-03-24 05:04:02 - INFO - Writing aggregator keyed by (horse_id, as_of_date) with LOCF to sectionals_aggregated_locf (overwrite).
2025-03-24 05:04:18 - INFO - Done. Wrote table=sectionals_aggregated_locf in 27.18 sec, keyed by (horse_id, as_of_date).
2025-03-24 05:04:19 - INFO - Starting quartile-based GPS metrics calculation...
2025-03-24 05:04:19 - INFO - Writing quartile + overall GPS metrics (with horse_id) to gps_aggregated ...
2025-03-24 05:05:44 - INFO - GPS quartile metrics aggregated (with axciskey => horse_id) and written in 85.81 seconds.
2025-03-24 05:05:51 - INFO - Ingestion job succeeded
2025-03-24 05:05:51 - INFO - Updating net_sentiment beginning...
2025-03-24 05:06:10 - INFO - Net sentiment updated successfully in 18.77 seconds.
2025-03-24 05:06:10 - INFO - Updating distance_meters in racedata beginning...
2025-03-24 05:06:11 - INFO - Distance_meters updated successfully in 1.13 seconds.
2025-03-24 05:06:11 - INFO - Updating rr_par_time in races beginning...
2025-03-24 05:06:12 - INFO - rr_par_time updated successfully in 0.59 seconds.
2025-03-24 05:06:12 - INFO - Updating previous race data and race count in runners beginning...
2025-03-24 05:06:34 - INFO - Previous race data and race count updated successfully.
2025-03-24 05:06:34 - INFO - Time taken to update previous race data and race count: 22.20588970184326 seconds
2025-03-24 05:07:16 - INFO - Updated runners: prev_speed_rating set from results_entries.speed_rating.
2025-03-24 05:07:16 - INFO - Speed_rating updated using forward-fill (LOCF) successfully.
2025-03-24 05:07:57 - INFO - Updated runners: prev_speed_rating set from results_entries.speed_rating.
2025-03-24 05:07:58 - INFO - Update previous_surface successful.
2025-03-24 05:07:58 - INFO - Updating finish_time in results_entries beginning...
2025-03-24 05:08:29 - INFO - finish_time updated successfully in 30.96 seconds.
2025-03-24 05:08:30 - INFO - Closing down clientserver connection
