2025-04-01 05:00:04 - INFO - Logging has been set up successfully.
2025-04-01 05:00:04 - INFO - Loading gpspoint data from PostgreSQL...
2025-04-01 05:00:05 - INFO - Saving gpspoint DataFrame to Parquet at /home/exx/myCode/horse-racing/FoxRiverAIRacing/data/parquet/gpspoint.parquet...
2025-04-01 05:02:52 - INFO - gpspoint data loaded and saved successfully.
2025-04-01 05:02:52 - INFO - Loading sectionals data from PostgreSQL...
2025-04-01 05:02:52 - INFO - Saving sectionals DataFrame to Parquet at /home/exx/myCode/horse-racing/FoxRiverAIRacing/data/parquet/sectionals.parquet...
2025-04-01 05:03:08 - INFO - sectionals data loaded and saved successfully.
2025-04-01 05:03:08 - INFO - Loading runners data from PostgreSQL...
2025-04-01 05:03:08 - INFO - Saving runners DataFrame to Parquet at /home/exx/myCode/horse-racing/FoxRiverAIRacing/data/parquet/runners.parquet...
2025-04-01 05:03:20 - INFO - runners data loaded and saved successfully.
2025-04-01 05:03:20 - INFO - Loading horse data from PostgreSQL...
2025-04-01 05:03:20 - INFO - Saving horse DataFrame to Parquet at /home/exx/myCode/horse-racing/FoxRiverAIRacing/data/parquet/horse.parquet...
2025-04-01 05:03:20 - INFO - horse data loaded and saved successfully.
2025-04-01 05:03:20 - INFO - DataFrame 'gpspoint' loaded. Schema:
2025-04-01 05:03:20 - INFO - DataFrame 'sectionals' loaded. Schema:
2025-04-01 05:03:20 - INFO - DataFrame 'runners' loaded. Schema:
2025-04-01 05:03:20 - INFO - DataFrame 'horse' loaded. Schema:
2025-04-01 05:03:20 - INFO - Starting Spark-based aggregation for sectionals...
2025-04-01 05:03:31 - INFO - Writing aggregated results to staging table (overwrite)...
2025-04-01 05:03:47 - INFO - Staging table sectionals_aggregated written successfully.
2025-04-01 05:03:47 - INFO - Spark-based sectionals aggregation and write completed in 26.59 seconds.
2025-04-01 05:03:47 - INFO - Starting Spark-based aggregation for sectionals keyed by (horse_id, as_of_date) with LOCF ...
2025-04-01 05:03:57 - INFO - Writing aggregator keyed by (horse_id, as_of_date) with LOCF to sectionals_aggregated_locf (overwrite).
2025-04-01 05:04:13 - INFO - Done. Wrote table=sectionals_aggregated_locf in 26.61 sec, keyed by (horse_id, as_of_date).
2025-04-01 05:04:14 - INFO - Starting quartile-based GPS metrics calculation...
2025-04-01 05:04:14 - INFO - Writing quartile + overall GPS metrics (with horse_id) to gps_aggregated ...
2025-04-01 05:05:39 - INFO - GPS quartile metrics aggregated (with axciskey => horse_id) and written in 85.67 seconds.
2025-04-01 05:05:47 - INFO - Ingestion job succeeded
2025-04-01 05:05:47 - INFO - Updating net_sentiment beginning...
2025-04-01 05:06:00 - INFO - Net sentiment updated successfully in 13.03 seconds.
2025-04-01 05:06:00 - INFO - Updating distance_meters in racedata beginning...
2025-04-01 05:06:01 - INFO - Distance_meters updated successfully in 1.13 seconds.
2025-04-01 05:06:01 - INFO - Updating rr_par_time in races beginning...
2025-04-01 05:06:02 - INFO - rr_par_time updated successfully in 0.64 seconds.
2025-04-01 05:06:02 - INFO - Updating previous race data and race count in runners beginning...
2025-04-01 05:06:23 - INFO - Previous race data and race count updated successfully.
2025-04-01 05:06:23 - INFO - Time taken to update previous race data and race count: 21.06496500968933 seconds
2025-04-01 05:06:57 - INFO - Updated runners: prev_speed_rating set from results_entries.speed_rating.
2025-04-01 05:06:57 - INFO - Speed_rating updated using forward-fill (LOCF) successfully.
2025-04-01 05:07:32 - INFO - Updated runners: prev_speed_rating set from results_entries.speed_rating.
2025-04-01 05:07:33 - INFO - Update previous_surface successful.
2025-04-01 05:07:33 - INFO - Updating finish_time in results_entries beginning...
2025-04-01 05:07:44 - INFO - finish_time updated successfully in 11.50 seconds.
2025-04-01 05:07:45 - INFO - Closing down clientserver connection
