2025-03-06 05:00:04 - INFO - Logging has been set up successfully.
2025-03-06 05:00:04 - INFO - Loading gpspoint data from PostgreSQL...
2025-03-06 05:00:05 - INFO - Saving gpspoint DataFrame to Parquet at /home/exx/myCode/horse-racing/FoxRiverAIRacing/data/parquet/gpspoint.parquet...
2025-03-06 05:02:56 - INFO - gpspoint data loaded and saved successfully.
2025-03-06 05:02:56 - INFO - Loading sectionals data from PostgreSQL...
2025-03-06 05:02:56 - INFO - Saving sectionals DataFrame to Parquet at /home/exx/myCode/horse-racing/FoxRiverAIRacing/data/parquet/sectionals.parquet...
2025-03-06 05:03:12 - INFO - sectionals data loaded and saved successfully.
2025-03-06 05:03:12 - INFO - Starting quartile-based GPS metrics calculation...
2025-03-06 05:03:12 - INFO - Writing quartile + overall GPS metrics to gps_aggregated ...
2025-03-06 05:04:38 - INFO - GPS quartile metrics aggregated and written in 86.09 seconds.
2025-03-06 05:04:38 - INFO - Starting Spark-based aggregation for sectionals...
2025-03-06 05:04:49 - INFO - Writing aggregated results to staging table (overwrite)...
2025-03-06 05:05:04 - INFO - Staging table sectionals_aggregated written successfully.
2025-03-06 05:05:04 - INFO - Spark-based sectionals aggregation and write completed in 26.21 seconds.
2025-03-06 05:05:04 - INFO - Ingestion job succeeded
2025-03-06 05:05:04 - INFO - Updating net_sentiment beginning...
2025-03-06 05:05:10 - INFO - Net sentiment updated successfully in 5.51 seconds.
2025-03-06 05:05:10 - INFO - Updating distance_meters in racedata beginning...
2025-03-06 05:05:12 - INFO - Distance_meters updated successfully in 1.59 seconds.
2025-03-06 05:05:12 - INFO - Updating rr_par_time in races beginning...
2025-03-06 05:05:12 - INFO - rr_par_time updated successfully in 0.55 seconds.
2025-03-06 05:05:12 - INFO - Updating previous race data and race count in runners beginning...
2025-03-06 05:05:26 - INFO - Previous race data and race count updated successfully.
2025-03-06 05:05:26 - INFO - Time taken to update previous race data and race count: 13.954776287078857 seconds
2025-03-06 05:05:26 - INFO - Speed_rating updated using forward-fill (LOCF) successfully.
2025-03-06 05:05:35 - INFO - Updated runners: prev_speed_rating set from results_entries.speed_rating.
2025-03-06 05:05:43 - INFO - Update previous_surface successful.
2025-03-06 05:05:43 - INFO - Updating finish_time in results_entries beginning...
2025-03-06 05:05:55 - INFO - finish_time updated successfully in 11.55 seconds.
2025-03-06 05:05:55 - INFO - Closing down clientserver connection
