2025-03-03 05:00:04 - INFO - Logging has been set up successfully.
2025-03-03 05:00:04 - INFO - Loading gpspoint data from PostgreSQL...
2025-03-03 05:00:05 - INFO - Saving gpspoint DataFrame to Parquet at /home/exx/myCode/horse-racing/FoxRiverAIRacing/data/parquet/gpspoint.parquet...
2025-03-03 05:02:48 - INFO - gpspoint data loaded and saved successfully.
2025-03-03 05:02:48 - INFO - Loading sectionals data from PostgreSQL...
2025-03-03 05:02:48 - INFO - Saving sectionals DataFrame to Parquet at /home/exx/myCode/horse-racing/FoxRiverAIRacing/data/parquet/sectionals.parquet...
2025-03-03 05:03:03 - INFO - sectionals data loaded and saved successfully.
2025-03-03 05:03:03 - INFO - Starting quartile-based GPS metrics calculation...
2025-03-03 05:03:04 - INFO - Writing quartile + overall GPS metrics to gps_aggregated ...
2025-03-03 05:04:28 - INFO - GPS quartile metrics aggregated and written in 85.00 seconds.
2025-03-03 05:04:28 - INFO - Starting Spark-based aggregation for sectionals...
2025-03-03 05:04:39 - INFO - Writing aggregated results to staging table (overwrite)...
2025-03-03 05:04:54 - INFO - Staging table sectionals_aggregated written successfully.
2025-03-03 05:04:54 - INFO - Spark-based sectionals aggregation and write completed in 26.10 seconds.
2025-03-03 05:04:55 - INFO - Ingestion job succeeded
2025-03-03 05:04:55 - INFO - Updating net_sentiment beginning...
2025-03-03 05:05:17 - INFO - Net sentiment updated successfully in 21.70 seconds.
2025-03-03 05:05:17 - INFO - Updating distance_meters in racedata beginning...
2025-03-03 05:05:23 - INFO - Distance_meters updated successfully in 6.17 seconds.
2025-03-03 05:05:23 - INFO - Updating rr_par_time in races beginning...
2025-03-03 05:05:26 - INFO - rr_par_time updated successfully in 3.55 seconds.
2025-03-03 05:05:26 - INFO - Updating previous race data and race count in runners beginning...
2025-03-03 05:06:02 - INFO - Previous race data and race count updated successfully.
2025-03-03 05:06:02 - INFO - Time taken to update previous race data and race count: 35.453874588012695 seconds
2025-03-03 05:06:02 - INFO - Speed_rating updated using forward-fill (LOCF) successfully.
2025-03-03 05:06:15 - INFO - Updated runners: prev_speed_rating set from results_entries.speed_rating.
2025-03-03 05:06:23 - INFO - Update previous_surface successful.
2025-03-03 05:06:23 - INFO - Updating finish_time in results_entries beginning...
2025-03-03 05:06:35 - INFO - finish_time updated successfully in 11.91 seconds.
2025-03-03 05:06:35 - INFO - Closing down clientserver connection
