2025-03-04 05:00:04 - INFO - Logging has been set up successfully.
2025-03-04 05:00:04 - INFO - Loading gpspoint data from PostgreSQL...
2025-03-04 05:00:05 - INFO - Saving gpspoint DataFrame to Parquet at /home/exx/myCode/horse-racing/FoxRiverAIRacing/data/parquet/gpspoint.parquet...
2025-03-04 05:02:57 - INFO - gpspoint data loaded and saved successfully.
2025-03-04 05:02:57 - INFO - Loading sectionals data from PostgreSQL...
2025-03-04 05:02:57 - INFO - Saving sectionals DataFrame to Parquet at /home/exx/myCode/horse-racing/FoxRiverAIRacing/data/parquet/sectionals.parquet...
2025-03-04 05:03:13 - INFO - sectionals data loaded and saved successfully.
2025-03-04 05:03:13 - INFO - Starting quartile-based GPS metrics calculation...
2025-03-04 05:03:14 - INFO - Writing quartile + overall GPS metrics to gps_aggregated ...
2025-03-04 05:04:46 - INFO - GPS quartile metrics aggregated and written in 92.11 seconds.
2025-03-04 05:04:46 - INFO - Starting Spark-based aggregation for sectionals...
2025-03-04 05:04:57 - INFO - Writing aggregated results to staging table (overwrite)...
2025-03-04 05:05:14 - INFO - Staging table sectionals_aggregated written successfully.
2025-03-04 05:05:14 - INFO - Spark-based sectionals aggregation and write completed in 28.17 seconds.
2025-03-04 05:05:15 - INFO - Ingestion job succeeded
2025-03-04 05:05:15 - INFO - Updating net_sentiment beginning...
2025-03-04 05:05:37 - INFO - Net sentiment updated successfully in 22.26 seconds.
2025-03-04 05:05:37 - INFO - Updating distance_meters in racedata beginning...
2025-03-04 05:05:42 - INFO - Distance_meters updated successfully in 5.04 seconds.
2025-03-04 05:05:42 - INFO - Updating rr_par_time in races beginning...
2025-03-04 05:05:46 - INFO - rr_par_time updated successfully in 3.63 seconds.
2025-03-04 05:05:46 - INFO - Updating previous race data and race count in runners beginning...
2025-03-04 05:06:02 - INFO - Previous race data and race count updated successfully.
2025-03-04 05:06:02 - INFO - Time taken to update previous race data and race count: 16.100191354751587 seconds
2025-03-04 05:06:02 - INFO - Speed_rating updated using forward-fill (LOCF) successfully.
2025-03-04 05:06:12 - INFO - Updated runners: prev_speed_rating set from results_entries.speed_rating.
2025-03-04 05:06:20 - INFO - Update previous_surface successful.
2025-03-04 05:06:20 - INFO - Updating finish_time in results_entries beginning...
2025-03-04 05:06:34 - INFO - finish_time updated successfully in 13.42 seconds.
2025-03-04 05:06:34 - INFO - Closing down clientserver connection
