2025-03-08 05:00:04 - INFO - Logging has been set up successfully.
2025-03-08 05:00:04 - INFO - Loading gpspoint data from PostgreSQL...
2025-03-08 05:00:05 - INFO - Saving gpspoint DataFrame to Parquet at /home/exx/myCode/horse-racing/FoxRiverAIRacing/data/parquet/gpspoint.parquet...
2025-03-08 05:02:51 - INFO - gpspoint data loaded and saved successfully.
2025-03-08 05:02:51 - INFO - Loading sectionals data from PostgreSQL...
2025-03-08 05:02:51 - INFO - Saving sectionals DataFrame to Parquet at /home/exx/myCode/horse-racing/FoxRiverAIRacing/data/parquet/sectionals.parquet...
2025-03-08 05:03:07 - INFO - sectionals data loaded and saved successfully.
2025-03-08 05:03:07 - INFO - Starting quartile-based GPS metrics calculation...
2025-03-08 05:03:07 - INFO - Writing quartile + overall GPS metrics to gps_aggregated ...
2025-03-08 05:04:31 - INFO - GPS quartile metrics aggregated and written in 84.16 seconds.
2025-03-08 05:04:31 - INFO - Starting Spark-based aggregation for sectionals...
2025-03-08 05:04:42 - INFO - Writing aggregated results to staging table (overwrite)...
2025-03-08 05:04:57 - INFO - Staging table sectionals_aggregated written successfully.
2025-03-08 05:04:57 - INFO - Spark-based sectionals aggregation and write completed in 26.02 seconds.
2025-03-08 05:04:57 - INFO - Ingestion job succeeded
2025-03-08 05:04:57 - INFO - Updating net_sentiment beginning...
2025-03-08 05:05:15 - INFO - Net sentiment updated successfully in 17.88 seconds.
2025-03-08 05:05:15 - INFO - Updating distance_meters in racedata beginning...
2025-03-08 05:05:19 - INFO - Distance_meters updated successfully in 4.24 seconds.
2025-03-08 05:05:19 - INFO - Updating rr_par_time in races beginning...
2025-03-08 05:05:22 - INFO - rr_par_time updated successfully in 2.84 seconds.
2025-03-08 05:05:22 - INFO - Updating previous race data and race count in runners beginning...
2025-03-08 05:05:38 - INFO - Previous race data and race count updated successfully.
2025-03-08 05:05:38 - INFO - Time taken to update previous race data and race count: 15.640910863876343 seconds
2025-03-08 05:05:38 - INFO - Speed_rating updated using forward-fill (LOCF) successfully.
2025-03-08 05:05:48 - INFO - Updated runners: prev_speed_rating set from results_entries.speed_rating.
2025-03-08 05:05:58 - INFO - Update previous_surface successful.
2025-03-08 05:05:58 - INFO - Updating finish_time in results_entries beginning...
2025-03-08 05:06:27 - INFO - finish_time updated successfully in 28.95 seconds.
2025-03-08 05:06:28 - INFO - Closing down clientserver connection
