2025-06-05 05:00:04 - INFO - Logging has been set up successfully.
2025-06-05 05:00:04 - INFO - Loading gpspoint data from PostgreSQL...
2025-06-05 05:00:04 - INFO - Saving gpspoint DataFrame to Parquet at /home/exx/myCode/horse-racing/FoxRiverAIRacing/data/parquet/gpspoint.parquet...
2025-06-05 05:03:10 - INFO - gpspoint data loaded and saved successfully.
2025-06-05 05:03:10 - INFO - Loading sectionals data from PostgreSQL...
2025-06-05 05:03:10 - INFO - Saving sectionals DataFrame to Parquet at /home/exx/myCode/horse-racing/FoxRiverAIRacing/data/parquet/sectionals.parquet...
2025-06-05 05:03:26 - INFO - sectionals data loaded and saved successfully.
2025-06-05 05:03:26 - INFO - Loading runners data from PostgreSQL...
2025-06-05 05:03:26 - INFO - Saving runners DataFrame to Parquet at /home/exx/myCode/horse-racing/FoxRiverAIRacing/data/parquet/runners.parquet...
2025-06-05 05:03:38 - INFO - runners data loaded and saved successfully.
2025-06-05 05:03:38 - INFO - Loading horse data from PostgreSQL...
2025-06-05 05:03:38 - INFO - Saving horse DataFrame to Parquet at /home/exx/myCode/horse-racing/FoxRiverAIRacing/data/parquet/horse.parquet...
2025-06-05 05:03:38 - INFO - horse data loaded and saved successfully.
2025-06-05 05:03:38 - INFO - DataFrame 'gpspoint' loaded. Schema:
2025-06-05 05:03:38 - INFO - DataFrame 'sectionals' loaded. Schema:
2025-06-05 05:03:38 - INFO - DataFrame 'runners' loaded. Schema:
2025-06-05 05:03:38 - INFO - DataFrame 'horse' loaded. Schema:
2025-06-05 05:03:38 - INFO - Starting Spark-based aggregation for sectionals...
2025-06-05 05:03:50 - INFO - Writing aggregated results to staging table (overwrite)...
2025-06-05 05:04:07 - INFO - Staging table sectionals_aggregated written successfully.
2025-06-05 05:04:07 - INFO - Spark-based sectionals aggregation and write completed in 28.54 seconds.
2025-06-05 05:04:07 - INFO - Starting Spark-based aggregation for sectionals keyed by (horse_id, as_of_date) with LOCF ...
2025-06-05 05:04:18 - INFO - Writing aggregator keyed by (horse_id, as_of_date) with LOCF to sectionals_aggregated_locf (overwrite).
2025-06-05 05:04:35 - INFO - Done. Wrote table=sectionals_aggregated_locf in 27.95 sec, keyed by (horse_id, as_of_date).
2025-06-05 05:04:35 - INFO - Starting quartile-based GPS metrics calculation...
2025-06-05 05:04:36 - INFO - Writing quartile + overall GPS metrics (with horse_id) to gps_aggregated ...
2025-06-05 05:06:10 - INFO - GPS quartile metrics aggregated (with axciskey => horse_id) and written in 94.61 seconds.
2025-06-05 05:06:17 - INFO - Ingestion job succeeded
2025-06-05 05:06:17 - INFO - Updating net_sentiment beginning...
2025-06-05 05:06:25 - INFO - Net sentiment updated successfully in 7.19 seconds.
2025-06-05 05:06:25 - INFO - Updating distance_meters in racedata beginning...
2025-06-05 05:06:26 - INFO - Distance_meters updated successfully in 1.25 seconds.
2025-06-05 05:06:26 - INFO - Updating rr_par_time in races beginning...
2025-06-05 05:06:27 - INFO - rr_par_time updated successfully in 1.51 seconds.
2025-06-05 05:06:27 - INFO - Updating previous race data and race count in runners beginning...
2025-06-05 05:06:46 - INFO - Previous race data and race count updated successfully.
2025-06-05 05:06:46 - INFO - Time taken to update previous race data and race count: 18.470998764038086 seconds
2025-06-05 05:07:19 - INFO - Updated runners: prev_speed_rating set from results_entries.speed_rating.
2025-06-05 05:07:19 - INFO - Speed_rating updated using forward-fill (LOCF) successfully.
2025-06-05 05:07:54 - INFO - Updated runners: prev_speed_rating set from results_entries.speed_rating.
2025-06-05 05:07:55 - INFO - Update previous_surface successful.
2025-06-05 05:07:55 - INFO - Updating finish_time in results_entries beginning...
2025-06-05 05:08:04 - INFO - finish_time updated successfully in 9.65 seconds.
2025-06-05 05:08:05 - INFO - Closing down clientserver connection
