2025-05-14 05:00:04 - INFO - Logging has been set up successfully.
2025-05-14 05:00:04 - INFO - Loading gpspoint data from PostgreSQL...
2025-05-14 05:00:04 - INFO - Saving gpspoint DataFrame to Parquet at /home/exx/myCode/horse-racing/FoxRiverAIRacing/data/parquet/gpspoint.parquet...
2025-05-14 05:03:08 - INFO - gpspoint data loaded and saved successfully.
2025-05-14 05:03:08 - INFO - Loading sectionals data from PostgreSQL...
2025-05-14 05:03:09 - INFO - Saving sectionals DataFrame to Parquet at /home/exx/myCode/horse-racing/FoxRiverAIRacing/data/parquet/sectionals.parquet...
2025-05-14 05:03:25 - INFO - sectionals data loaded and saved successfully.
2025-05-14 05:03:25 - INFO - Loading runners data from PostgreSQL...
2025-05-14 05:03:25 - INFO - Saving runners DataFrame to Parquet at /home/exx/myCode/horse-racing/FoxRiverAIRacing/data/parquet/runners.parquet...
2025-05-14 05:03:37 - INFO - runners data loaded and saved successfully.
2025-05-14 05:03:37 - INFO - Loading horse data from PostgreSQL...
2025-05-14 05:03:37 - INFO - Saving horse DataFrame to Parquet at /home/exx/myCode/horse-racing/FoxRiverAIRacing/data/parquet/horse.parquet...
2025-05-14 05:03:38 - INFO - horse data loaded and saved successfully.
2025-05-14 05:03:38 - INFO - DataFrame 'gpspoint' loaded. Schema:
2025-05-14 05:03:38 - INFO - DataFrame 'sectionals' loaded. Schema:
2025-05-14 05:03:38 - INFO - DataFrame 'runners' loaded. Schema:
2025-05-14 05:03:38 - INFO - DataFrame 'horse' loaded. Schema:
2025-05-14 05:03:38 - INFO - Starting Spark-based aggregation for sectionals...
2025-05-14 05:03:50 - INFO - Writing aggregated results to staging table (overwrite)...
2025-05-14 05:04:07 - INFO - Staging table sectionals_aggregated written successfully.
2025-05-14 05:04:07 - INFO - Spark-based sectionals aggregation and write completed in 29.05 seconds.
2025-05-14 05:04:07 - INFO - Starting Spark-based aggregation for sectionals keyed by (horse_id, as_of_date) with LOCF ...
2025-05-14 05:04:18 - INFO - Writing aggregator keyed by (horse_id, as_of_date) with LOCF to sectionals_aggregated_locf (overwrite).
2025-05-14 05:04:36 - INFO - Done. Wrote table=sectionals_aggregated_locf in 28.81 sec, keyed by (horse_id, as_of_date).
2025-05-14 05:04:36 - INFO - Starting quartile-based GPS metrics calculation...
2025-05-14 05:04:37 - INFO - Writing quartile + overall GPS metrics (with horse_id) to gps_aggregated ...
2025-05-14 05:06:09 - INFO - GPS quartile metrics aggregated (with axciskey => horse_id) and written in 92.82 seconds.
2025-05-14 05:06:19 - INFO - Ingestion job succeeded
2025-05-14 05:06:19 - INFO - Updating net_sentiment beginning...
2025-05-14 05:06:53 - INFO - Net sentiment updated successfully in 33.79 seconds.
2025-05-14 05:06:53 - INFO - Updating distance_meters in racedata beginning...
2025-05-14 05:06:59 - INFO - Distance_meters updated successfully in 6.45 seconds.
2025-05-14 05:06:59 - INFO - Updating rr_par_time in races beginning...
2025-05-14 05:07:01 - INFO - rr_par_time updated successfully in 1.88 seconds.
2025-05-14 05:07:01 - INFO - Updating previous race data and race count in runners beginning...
2025-05-14 05:07:20 - INFO - Previous race data and race count updated successfully.
2025-05-14 05:07:20 - INFO - Time taken to update previous race data and race count: 19.407817840576172 seconds
2025-05-14 05:07:55 - INFO - Updated runners: prev_speed_rating set from results_entries.speed_rating.
2025-05-14 05:07:56 - INFO - Speed_rating updated using forward-fill (LOCF) successfully.
2025-05-14 05:08:31 - INFO - Updated runners: prev_speed_rating set from results_entries.speed_rating.
2025-05-14 05:08:31 - INFO - Update previous_surface successful.
2025-05-14 05:08:31 - INFO - Updating finish_time in results_entries beginning...
2025-05-14 05:08:42 - INFO - finish_time updated successfully in 10.51 seconds.
2025-05-14 05:08:42 - INFO - Closing down clientserver connection
