2025-06-01 05:00:03 - INFO - Logging has been set up successfully.
2025-06-01 05:00:03 - INFO - Loading gpspoint data from PostgreSQL...
2025-06-01 05:00:04 - INFO - Saving gpspoint DataFrame to Parquet at /home/exx/myCode/horse-racing/FoxRiverAIRacing/data/parquet/gpspoint.parquet...
2025-06-01 05:03:08 - INFO - gpspoint data loaded and saved successfully.
2025-06-01 05:03:08 - INFO - Loading sectionals data from PostgreSQL...
2025-06-01 05:03:08 - INFO - Saving sectionals DataFrame to Parquet at /home/exx/myCode/horse-racing/FoxRiverAIRacing/data/parquet/sectionals.parquet...
2025-06-01 05:03:25 - INFO - sectionals data loaded and saved successfully.
2025-06-01 05:03:25 - INFO - Loading runners data from PostgreSQL...
2025-06-01 05:03:25 - INFO - Saving runners DataFrame to Parquet at /home/exx/myCode/horse-racing/FoxRiverAIRacing/data/parquet/runners.parquet...
2025-06-01 05:03:37 - INFO - runners data loaded and saved successfully.
2025-06-01 05:03:37 - INFO - Loading horse data from PostgreSQL...
2025-06-01 05:03:37 - INFO - Saving horse DataFrame to Parquet at /home/exx/myCode/horse-racing/FoxRiverAIRacing/data/parquet/horse.parquet...
2025-06-01 05:03:37 - INFO - horse data loaded and saved successfully.
2025-06-01 05:03:37 - INFO - DataFrame 'gpspoint' loaded. Schema:
2025-06-01 05:03:37 - INFO - DataFrame 'sectionals' loaded. Schema:
2025-06-01 05:03:37 - INFO - DataFrame 'runners' loaded. Schema:
2025-06-01 05:03:37 - INFO - DataFrame 'horse' loaded. Schema:
2025-06-01 05:03:37 - INFO - Starting Spark-based aggregation for sectionals...
2025-06-01 05:03:49 - INFO - Writing aggregated results to staging table (overwrite)...
2025-06-01 05:04:05 - INFO - Staging table sectionals_aggregated written successfully.
2025-06-01 05:04:05 - INFO - Spark-based sectionals aggregation and write completed in 28.21 seconds.
2025-06-01 05:04:05 - INFO - Starting Spark-based aggregation for sectionals keyed by (horse_id, as_of_date) with LOCF ...
2025-06-01 05:04:16 - INFO - Writing aggregator keyed by (horse_id, as_of_date) with LOCF to sectionals_aggregated_locf (overwrite).
2025-06-01 05:04:33 - INFO - Done. Wrote table=sectionals_aggregated_locf in 27.96 sec, keyed by (horse_id, as_of_date).
2025-06-01 05:04:34 - INFO - Starting quartile-based GPS metrics calculation...
2025-06-01 05:04:34 - INFO - Writing quartile + overall GPS metrics (with horse_id) to gps_aggregated ...
2025-06-01 05:06:07 - INFO - GPS quartile metrics aggregated (with axciskey => horse_id) and written in 93.08 seconds.
2025-06-01 05:06:14 - INFO - Ingestion job succeeded
2025-06-01 05:06:14 - INFO - Updating net_sentiment beginning...
2025-06-01 05:06:36 - INFO - Net sentiment updated successfully in 21.71 seconds.
2025-06-01 05:06:36 - INFO - Updating distance_meters in racedata beginning...
2025-06-01 05:06:41 - INFO - Distance_meters updated successfully in 5.56 seconds.
2025-06-01 05:06:41 - INFO - Updating rr_par_time in races beginning...
2025-06-01 05:06:43 - INFO - rr_par_time updated successfully in 1.50 seconds.
2025-06-01 05:06:43 - INFO - Updating previous race data and race count in runners beginning...
2025-06-01 05:07:06 - INFO - Previous race data and race count updated successfully.
2025-06-01 05:07:06 - INFO - Time taken to update previous race data and race count: 22.824766874313354 seconds
2025-06-01 05:07:43 - INFO - Updated runners: prev_speed_rating set from results_entries.speed_rating.
2025-06-01 05:07:43 - INFO - Speed_rating updated using forward-fill (LOCF) successfully.
2025-06-01 05:08:22 - INFO - Updated runners: prev_speed_rating set from results_entries.speed_rating.
2025-06-01 05:08:22 - INFO - Update previous_surface successful.
2025-06-01 05:08:22 - INFO - Updating finish_time in results_entries beginning...
2025-06-01 05:08:33 - INFO - finish_time updated successfully in 10.27 seconds.
2025-06-01 05:08:33 - INFO - Closing down clientserver connection
