2025-04-15 05:00:04 - INFO - Logging has been set up successfully.
2025-04-15 05:00:04 - INFO - Loading gpspoint data from PostgreSQL...
2025-04-15 05:00:05 - INFO - Saving gpspoint DataFrame to Parquet at /home/exx/myCode/horse-racing/FoxRiverAIRacing/data/parquet/gpspoint.parquet...
2025-04-15 05:05:20 - INFO - gpspoint data loaded and saved successfully.
2025-04-15 05:05:20 - INFO - Loading sectionals data from PostgreSQL...
2025-04-15 05:05:21 - INFO - Saving sectionals DataFrame to Parquet at /home/exx/myCode/horse-racing/FoxRiverAIRacing/data/parquet/sectionals.parquet...
2025-04-15 05:05:49 - INFO - sectionals data loaded and saved successfully.
2025-04-15 05:05:49 - INFO - Loading runners data from PostgreSQL...
2025-04-15 05:05:49 - INFO - Saving runners DataFrame to Parquet at /home/exx/myCode/horse-racing/FoxRiverAIRacing/data/parquet/runners.parquet...
2025-04-15 05:06:09 - INFO - runners data loaded and saved successfully.
2025-04-15 05:06:09 - INFO - Loading horse data from PostgreSQL...
2025-04-15 05:06:09 - INFO - Saving horse DataFrame to Parquet at /home/exx/myCode/horse-racing/FoxRiverAIRacing/data/parquet/horse.parquet...
2025-04-15 05:06:10 - INFO - horse data loaded and saved successfully.
2025-04-15 05:06:10 - INFO - DataFrame 'gpspoint' loaded. Schema:
2025-04-15 05:06:10 - INFO - DataFrame 'sectionals' loaded. Schema:
2025-04-15 05:06:10 - INFO - DataFrame 'runners' loaded. Schema:
2025-04-15 05:06:10 - INFO - DataFrame 'horse' loaded. Schema:
2025-04-15 05:06:10 - INFO - Starting Spark-based aggregation for sectionals...
2025-04-15 05:06:30 - INFO - Writing aggregated results to staging table (overwrite)...
2025-04-15 05:06:58 - INFO - Staging table sectionals_aggregated written successfully.
2025-04-15 05:06:58 - INFO - Spark-based sectionals aggregation and write completed in 48.39 seconds.
2025-04-15 05:06:58 - INFO - Starting Spark-based aggregation for sectionals keyed by (horse_id, as_of_date) with LOCF ...
2025-04-15 05:07:16 - INFO - Writing aggregator keyed by (horse_id, as_of_date) with LOCF to sectionals_aggregated_locf (overwrite).
2025-04-15 05:07:45 - INFO - Done. Wrote table=sectionals_aggregated_locf in 47.16 sec, keyed by (horse_id, as_of_date).
2025-04-15 05:07:46 - INFO - Starting quartile-based GPS metrics calculation...
2025-04-15 05:07:46 - INFO - Writing quartile + overall GPS metrics (with horse_id) to gps_aggregated ...
2025-04-15 05:10:25 - INFO - GPS quartile metrics aggregated (with axciskey => horse_id) and written in 158.91 seconds.
2025-04-15 05:10:37 - INFO - Ingestion job succeeded
2025-04-15 05:10:37 - INFO - Updating net_sentiment beginning...
2025-04-15 05:11:09 - INFO - Net sentiment updated successfully in 31.25 seconds.
2025-04-15 05:11:09 - INFO - Updating distance_meters in racedata beginning...
2025-04-15 05:11:12 - INFO - Distance_meters updated successfully in 2.88 seconds.
2025-04-15 05:11:12 - INFO - Updating rr_par_time in races beginning...
2025-04-15 05:11:13 - INFO - rr_par_time updated successfully in 1.03 seconds.
2025-04-15 05:11:13 - INFO - Updating previous race data and race count in runners beginning...
2025-04-15 05:12:03 - INFO - Previous race data and race count updated successfully.
2025-04-15 05:12:03 - INFO - Time taken to update previous race data and race count: 50.81653451919556 seconds
2025-04-15 05:13:24 - INFO - Updated runners: prev_speed_rating set from results_entries.speed_rating.
2025-04-15 05:13:25 - INFO - Speed_rating updated using forward-fill (LOCF) successfully.
2025-04-15 05:14:54 - INFO - Updated runners: prev_speed_rating set from results_entries.speed_rating.
2025-04-15 05:15:02 - INFO - Update previous_surface successful.
2025-04-15 05:15:02 - INFO - Updating finish_time in results_entries beginning...
2025-04-15 05:15:49 - INFO - finish_time updated successfully in 47.20 seconds.
2025-04-15 05:15:49 - INFO - Closing down clientserver connection
