2025-03-14 20:43:04 - INFO - Logging has been set up successfully.
2025-03-14 20:43:04 - INFO - Loading gpspoint data from PostgreSQL...
2025-03-14 20:43:05 - INFO - Saving gpspoint DataFrame to Parquet at /home/exx/myCode/horse-racing/FoxRiverAIRacing/data/parquet/gpspoint.parquet...
2025-03-14 20:45:44 - INFO - gpspoint data loaded and saved successfully.
2025-03-14 20:45:44 - INFO - Loading sectionals data from PostgreSQL...
2025-03-14 20:45:44 - INFO - Saving sectionals DataFrame to Parquet at /home/exx/myCode/horse-racing/FoxRiverAIRacing/data/parquet/sectionals.parquet...
2025-03-14 20:46:00 - INFO - sectionals data loaded and saved successfully.
2025-03-14 20:46:00 - INFO - Loading runners data from PostgreSQL...
2025-03-14 20:46:00 - INFO - Saving runners DataFrame to Parquet at /home/exx/myCode/horse-racing/FoxRiverAIRacing/data/parquet/runners.parquet...
2025-03-14 20:46:10 - INFO - runners data loaded and saved successfully.
2025-03-14 20:46:10 - INFO - Loading horse data from PostgreSQL...
2025-03-14 20:46:10 - INFO - Saving horse DataFrame to Parquet at /home/exx/myCode/horse-racing/FoxRiverAIRacing/data/parquet/horse.parquet...
2025-03-14 20:46:10 - INFO - horse data loaded and saved successfully.
2025-03-14 20:46:10 - INFO - DataFrame 'gpspoint' loaded. Schema:
2025-03-14 20:46:10 - INFO - DataFrame 'sectionals' loaded. Schema:
2025-03-14 20:46:10 - INFO - DataFrame 'runners' loaded. Schema:
2025-03-14 20:46:10 - INFO - DataFrame 'horse' loaded. Schema:
2025-03-14 20:46:10 - INFO - Starting Spark-based aggregation for sectionals...
2025-03-14 20:46:21 - INFO - Writing aggregated results to staging table (overwrite)...
2025-03-14 20:46:37 - INFO - Staging table sectionals_aggregated written successfully.
2025-03-14 20:46:37 - INFO - Spark-based sectionals aggregation and write completed in 26.86 seconds.
2025-03-14 20:46:37 - INFO - Starting Spark-based aggregation for sectionals keyed by (horse_id, as_of_date) with LOCF ...
2025-03-14 20:46:47 - INFO - Writing aggregator keyed by (horse_id, as_of_date) with LOCF to sectionals_aggregated_locf (overwrite).
2025-03-14 20:47:04 - INFO - Done. Wrote table=sectionals_aggregated_locf in 26.97 sec, keyed by (horse_id, as_of_date).
2025-03-14 20:47:04 - INFO - Starting quartile-based GPS metrics calculation...
2025-03-14 20:47:04 - INFO - Writing quartile + overall GPS metrics (with horse_id) to gps_aggregated ...
2025-03-14 20:48:29 - INFO - GPS quartile metrics aggregated (with axciskey => horse_id) and written in 84.31 seconds.
2025-03-14 20:48:38 - INFO - Ingestion job succeeded
2025-03-14 20:48:38 - INFO - Updating net_sentiment beginning...
2025-03-14 20:49:29 - INFO - Net sentiment updated successfully in 51.07 seconds.
2025-03-14 20:49:29 - INFO - Updating distance_meters in racedata beginning...
2025-03-14 20:49:35 - INFO - Distance_meters updated successfully in 6.22 seconds.
2025-03-14 20:49:35 - INFO - Updating rr_par_time in races beginning...
2025-03-14 20:49:39 - INFO - rr_par_time updated successfully in 3.87 seconds.
2025-03-14 20:49:39 - INFO - Updating previous race data and race count in runners beginning...
2025-03-14 20:50:18 - INFO - Previous race data and race count updated successfully.
2025-03-14 20:50:18 - INFO - Time taken to update previous race data and race count: 39.15702748298645 seconds
2025-03-14 20:50:18 - ERROR - Error updating runners: column "off_fin_last_race" of relation "runners" does not exist
LINE 3:     SET off_fin_last_race = (
                ^

2025-03-14 20:50:18 - INFO - Speed_rating updated using forward-fill (LOCF) successfully.
2025-03-14 20:51:07 - INFO - Updated runners: prev_speed_rating set from results_entries.speed_rating.
2025-03-14 20:51:09 - INFO - Update previous_surface successful.
2025-03-14 20:51:09 - INFO - Updating finish_time in results_entries beginning...
2025-03-14 20:51:22 - INFO - finish_time updated successfully in 12.39 seconds.
2025-03-14 20:51:22 - INFO - Closing down clientserver connection
