2025-05-31 05:00:03 - INFO - Logging has been set up successfully.
2025-05-31 05:00:03 - INFO - Loading gpspoint data from PostgreSQL...
2025-05-31 05:00:04 - INFO - Saving gpspoint DataFrame to Parquet at /home/exx/myCode/horse-racing/FoxRiverAIRacing/data/parquet/gpspoint.parquet...
2025-05-31 05:03:08 - INFO - gpspoint data loaded and saved successfully.
2025-05-31 05:03:08 - INFO - Loading sectionals data from PostgreSQL...
2025-05-31 05:03:08 - INFO - Saving sectionals DataFrame to Parquet at /home/exx/myCode/horse-racing/FoxRiverAIRacing/data/parquet/sectionals.parquet...
2025-05-31 05:03:24 - INFO - sectionals data loaded and saved successfully.
2025-05-31 05:03:24 - INFO - Loading runners data from PostgreSQL...
2025-05-31 05:03:25 - INFO - Saving runners DataFrame to Parquet at /home/exx/myCode/horse-racing/FoxRiverAIRacing/data/parquet/runners.parquet...
2025-05-31 05:03:36 - INFO - runners data loaded and saved successfully.
2025-05-31 05:03:36 - INFO - Loading horse data from PostgreSQL...
2025-05-31 05:03:36 - INFO - Saving horse DataFrame to Parquet at /home/exx/myCode/horse-racing/FoxRiverAIRacing/data/parquet/horse.parquet...
2025-05-31 05:03:36 - INFO - horse data loaded and saved successfully.
2025-05-31 05:03:36 - INFO - DataFrame 'gpspoint' loaded. Schema:
2025-05-31 05:03:36 - INFO - DataFrame 'sectionals' loaded. Schema:
2025-05-31 05:03:36 - INFO - DataFrame 'runners' loaded. Schema:
2025-05-31 05:03:36 - INFO - DataFrame 'horse' loaded. Schema:
2025-05-31 05:03:36 - INFO - Starting Spark-based aggregation for sectionals...
2025-05-31 05:03:48 - INFO - Writing aggregated results to staging table (overwrite)...
2025-05-31 05:04:05 - INFO - Staging table sectionals_aggregated written successfully.
2025-05-31 05:04:05 - INFO - Spark-based sectionals aggregation and write completed in 28.49 seconds.
2025-05-31 05:04:05 - INFO - Starting Spark-based aggregation for sectionals keyed by (horse_id, as_of_date) with LOCF ...
2025-05-31 05:04:16 - INFO - Writing aggregator keyed by (horse_id, as_of_date) with LOCF to sectionals_aggregated_locf (overwrite).
2025-05-31 05:04:32 - INFO - Done. Wrote table=sectionals_aggregated_locf in 27.39 sec, keyed by (horse_id, as_of_date).
2025-05-31 05:04:33 - INFO - Starting quartile-based GPS metrics calculation...
2025-05-31 05:04:33 - INFO - Writing quartile + overall GPS metrics (with horse_id) to gps_aggregated ...
2025-05-31 05:06:07 - INFO - GPS quartile metrics aggregated (with axciskey => horse_id) and written in 94.37 seconds.
2025-05-31 05:06:14 - INFO - Ingestion job succeeded
2025-05-31 05:06:14 - INFO - Updating net_sentiment beginning...
2025-05-31 05:06:28 - INFO - Net sentiment updated successfully in 14.17 seconds.
2025-05-31 05:06:28 - INFO - Updating distance_meters in racedata beginning...
2025-05-31 05:06:30 - INFO - Distance_meters updated successfully in 1.17 seconds.
2025-05-31 05:06:30 - INFO - Updating rr_par_time in races beginning...
2025-05-31 05:06:30 - INFO - rr_par_time updated successfully in 0.60 seconds.
2025-05-31 05:06:30 - INFO - Updating previous race data and race count in runners beginning...
2025-05-31 05:06:51 - INFO - Previous race data and race count updated successfully.
2025-05-31 05:06:51 - INFO - Time taken to update previous race data and race count: 21.186737775802612 seconds
2025-05-31 05:07:26 - INFO - Updated runners: prev_speed_rating set from results_entries.speed_rating.
2025-05-31 05:07:27 - INFO - Speed_rating updated using forward-fill (LOCF) successfully.
2025-05-31 05:08:04 - INFO - Updated runners: prev_speed_rating set from results_entries.speed_rating.
2025-05-31 05:08:05 - INFO - Update previous_surface successful.
2025-05-31 05:08:05 - INFO - Updating finish_time in results_entries beginning...
2025-05-31 05:08:18 - INFO - finish_time updated successfully in 12.91 seconds.
2025-05-31 05:08:18 - INFO - Closing down clientserver connection
