2025-04-27 21:00:18 - INFO - Logging has been set up successfully.
2025-04-27 21:00:18 - INFO - Loading race_predictions data from PostgreSQL...
2025-04-27 21:00:19 - INFO - Saving race_predictions DataFrame to Parquet at /home/exx/myCode/horse-racing/FoxRiverAIRacing/data/parquet/race_predictions.parquet...
2025-04-27 21:00:24 - INFO - race_predictions data loaded and saved successfully.
2025-04-27 21:00:24 - INFO - Loading wagers data from PostgreSQL...
2025-04-27 21:00:24 - INFO - Saving wagers DataFrame to Parquet at /home/exx/myCode/horse-racing/FoxRiverAIRacing/data/parquet/wagers.parquet...
2025-04-27 21:00:26 - INFO - wagers data loaded and saved successfully.
2025-04-27 21:00:26 - INFO - DataFrame 'race_predictions' loaded. Schema:
2025-04-27 21:00:26 - INFO - DataFrame 'wagers' loaded. Schema:
2025-04-27 21:00:42 - INFO - races_pdf columns: ['course_cd', 'race_date', 'race_number', 'saddle_cloth_number', 'horse_id', 'official_fin', 'morn_odds', 'avg_purse_val_calc', 'dollar_odds', 'race_type', 'track_condition', 'surface', 'distance_meters', 'raw_score', 'rank', 'group_id', 'score', 'track_name', 'race_key', 'field_size', 'race_number_int']
2025-04-27 21:00:42 - INFO -   course_cd  race_date  race_number saddle_cloth_number  horse_id  official_fin  morn_odds avg_purse_val_calc  dollar_odds race_type track_condition surface  distance_meters  raw_score  rank  group_id     score track_name          race_key  field_size  race_number_int
0       AQU 2022-12-29            1                   9      6303           1.0       0.29               1.20         2.10       MDN              FT       D           1308.0   0.406383     1         0  0.269226   AQUEDUCT  AQU_2022-12-29_1           9                1
1       AQU 2022-12-29            1                   1    158036           2.0       0.09               0.00        24.50       MDN              FT       D           1308.0  -1.620810     7         0  0.066733   AQUEDUCT  AQU_2022-12-29_1           9                1
2       AQU 2022-12-29            1                   2    158037           7.0       0.11               0.60         8.50       MDN              FT       D           1308.0  -1.383271     5         0  0.078582   AQUEDUCT  AQU_2022-12-29_1           9                1
3       AQU 2022-12-29            1                   3    143811           4.0       0.18               1.60         3.65       MDN              FT       D           1308.0  -0.729641     4         0  0.123209   AQUEDUCT  AQU_2022-12-29_1           9                1
4       AQU 2022-12-29            1                   4     55931           9.0       0.05               1.20        64.75       MDN              FT       D           1308.0  -2.308163     8         0  0.041585   AQUEDUCT  AQU_2022-12-29_1           9                1
2025-04-27 21:00:42 - INFO - wagers_pdf columns: ['course_cd', 'race_date', 'race_number', 'wager_id', 'num_tickets', 'wager_type', 'winners', 'payoff', 'pool_total', 'post_time', 'parsed_winners', 'race_number_int', 'race_key']
2025-04-27 21:00:42 - INFO -   course_cd  race_date  race_number  wager_id  num_tickets    wager_type  winners  payoff  pool_total            post_time        parsed_winners  race_number_int          race_key
0       TWO 2022-08-21            1         1          1.0        Exacta      7-9    7.65     72786.0  1970-01-01 12:27:00            [[7], [9]]                1  TWO_2022-08-21_1
1       LRL 2024-12-08            1         2          1.0    Superfecta  3-2-1-6   96.70      8877.0  1970-01-01 12:28:00  [[3], [2], [1], [6]]                1  LRL_2024-12-08_1
2       LRL 2024-12-08            1         3          1.0      Trifecta    3-2-1   38.90     15048.0  1970-01-01 12:28:00       [[3], [2], [1]]                1  LRL_2024-12-08_1
3       FAN 2022-07-15            1         2          1.0      Trifecta    4-1-2   84.80      6680.0  1970-01-01 07:33:00       [[4], [1], [2]]                1  FAN_2022-07-15_1
4       FAN 2022-07-15            2         1          1.0  Daily Double      4-2   20.70      3318.0  1970-01-01 08:00:00            [[4], [2]]                2  FAN_2022-07-15_2
2025-04-27 21:00:55 - INFO - Starting bandit.fit on 133196 samples, 9 features…
2025-04-27 21:00:55 - INFO - …done training bandit in 0.0s
2025-04-27 21:00:55 - INFO - Exacta bandit trained and saved successfully.
2025-04-27 21:01:03 - INFO - Closing down clientserver connection
