2025-05-08 05:00:03 - INFO - Logging has been set up successfully.
2025-05-08 05:00:03 - INFO - Loading gpspoint data from PostgreSQL...
2025-05-08 05:00:04 - INFO - Saving gpspoint DataFrame to Parquet at /home/exx/myCode/horse-racing/FoxRiverAIRacing/data/parquet/gpspoint.parquet...
2025-05-08 05:03:01 - INFO - gpspoint data loaded and saved successfully.
2025-05-08 05:03:01 - INFO - Loading sectionals data from PostgreSQL...
2025-05-08 05:03:01 - INFO - Saving sectionals DataFrame to Parquet at /home/exx/myCode/horse-racing/FoxRiverAIRacing/data/parquet/sectionals.parquet...
2025-05-08 05:03:17 - INFO - sectionals data loaded and saved successfully.
2025-05-08 05:03:17 - INFO - Loading runners data from PostgreSQL...
2025-05-08 05:03:17 - INFO - Saving runners DataFrame to Parquet at /home/exx/myCode/horse-racing/FoxRiverAIRacing/data/parquet/runners.parquet...
2025-05-08 05:03:29 - INFO - runners data loaded and saved successfully.
2025-05-08 05:03:29 - INFO - Loading horse data from PostgreSQL...
2025-05-08 05:03:29 - INFO - Saving horse DataFrame to Parquet at /home/exx/myCode/horse-racing/FoxRiverAIRacing/data/parquet/horse.parquet...
2025-05-08 05:03:30 - INFO - horse data loaded and saved successfully.
2025-05-08 05:03:30 - INFO - DataFrame 'gpspoint' loaded. Schema:
2025-05-08 05:03:30 - INFO - DataFrame 'sectionals' loaded. Schema:
2025-05-08 05:03:30 - INFO - DataFrame 'runners' loaded. Schema:
2025-05-08 05:03:30 - INFO - DataFrame 'horse' loaded. Schema:
2025-05-08 05:03:30 - INFO - Starting Spark-based aggregation for sectionals...
2025-05-08 05:03:41 - INFO - Writing aggregated results to staging table (overwrite)...
2025-05-08 05:03:57 - INFO - Staging table sectionals_aggregated written successfully.
2025-05-08 05:03:57 - INFO - Spark-based sectionals aggregation and write completed in 27.72 seconds.
2025-05-08 05:03:57 - INFO - Starting Spark-based aggregation for sectionals keyed by (horse_id, as_of_date) with LOCF ...
2025-05-08 05:04:08 - INFO - Writing aggregator keyed by (horse_id, as_of_date) with LOCF to sectionals_aggregated_locf (overwrite).
2025-05-08 05:04:25 - INFO - Done. Wrote table=sectionals_aggregated_locf in 28.03 sec, keyed by (horse_id, as_of_date).
2025-05-08 05:04:26 - INFO - Starting quartile-based GPS metrics calculation...
2025-05-08 05:04:26 - INFO - Writing quartile + overall GPS metrics (with horse_id) to gps_aggregated ...
2025-05-08 05:05:56 - INFO - GPS quartile metrics aggregated (with axciskey => horse_id) and written in 90.69 seconds.
2025-05-08 05:06:03 - INFO - Ingestion job succeeded
2025-05-08 05:06:03 - INFO - Updating net_sentiment beginning...
2025-05-08 05:06:19 - INFO - Net sentiment updated successfully in 16.04 seconds.
2025-05-08 05:06:19 - INFO - Updating distance_meters in racedata beginning...
2025-05-08 05:06:21 - INFO - Distance_meters updated successfully in 1.18 seconds.
2025-05-08 05:06:21 - INFO - Updating rr_par_time in races beginning...
2025-05-08 05:06:21 - INFO - rr_par_time updated successfully in 0.60 seconds.
2025-05-08 05:06:21 - INFO - Updating previous race data and race count in runners beginning...
2025-05-08 05:06:43 - INFO - Previous race data and race count updated successfully.
2025-05-08 05:06:43 - INFO - Time taken to update previous race data and race count: 21.959714651107788 seconds
2025-05-08 05:07:19 - INFO - Updated runners: prev_speed_rating set from results_entries.speed_rating.
2025-05-08 05:07:19 - INFO - Speed_rating updated using forward-fill (LOCF) successfully.
2025-05-08 05:08:09 - INFO - Updated runners: prev_speed_rating set from results_entries.speed_rating.
2025-05-08 05:08:10 - INFO - Update previous_surface successful.
2025-05-08 05:08:10 - INFO - Updating finish_time in results_entries beginning...
2025-05-08 05:08:50 - INFO - finish_time updated successfully in 39.52 seconds.
2025-05-08 05:08:50 - INFO - Closing down clientserver connection
