2025-02-21 05:00:03 - INFO - Logging has been set up successfully.
2025-02-21 05:00:03 - INFO - Loading gpspoint data from PostgreSQL...
2025-02-21 05:00:04 - INFO - Saving gpspoint DataFrame to Parquet at /home/exx/myCode/horse-racing/FoxRiverAIRacing/data/parquet/gpspoint.parquet...
2025-02-21 05:02:44 - INFO - gpspoint data loaded and saved successfully.
2025-02-21 05:02:44 - INFO - Loading sectionals data from PostgreSQL...
2025-02-21 05:02:44 - INFO - Saving sectionals DataFrame to Parquet at /home/exx/myCode/horse-racing/FoxRiverAIRacing/data/parquet/sectionals.parquet...
2025-02-21 05:02:59 - INFO - sectionals data loaded and saved successfully.
2025-02-21 05:02:59 - INFO - Starting quartile-based GPS metrics calculation...
2025-02-21 05:03:00 - INFO - Writing quartile + overall GPS metrics to gps_aggregated ...
2025-02-21 05:04:24 - INFO - GPS quartile metrics aggregated and written in 84.33 seconds.
2025-02-21 05:04:24 - INFO - Starting Spark-based aggregation for sectionals...
2025-02-21 05:04:34 - INFO - Writing aggregated results to staging table (overwrite)...
2025-02-21 05:04:48 - INFO - Staging table sectionals_aggregated written successfully.
2025-02-21 05:04:48 - INFO - Spark-based sectionals aggregation and write completed in 23.96 seconds.
2025-02-21 05:04:48 - INFO - Ingestion job succeeded
2025-02-21 05:04:48 - INFO - Updating net_sentiment beginning...
2025-02-21 05:06:15 - INFO - Net sentiment updated successfully in 86.63 seconds.
2025-02-21 05:06:15 - INFO - Updating distance_meters in racedata beginning...
2025-02-21 05:06:24 - INFO - Distance_meters updated successfully in 9.69 seconds.
2025-02-21 05:06:24 - INFO - Updating rr_par_time in races beginning...
2025-02-21 05:06:31 - INFO - rr_par_time updated successfully in 7.09 seconds.
2025-02-21 05:06:31 - INFO - Updating previous race data and race count in runners beginning...
2025-02-21 05:06:55 - INFO - Previous race data and race count updated successfully.
2025-02-21 05:06:55 - INFO - Time taken to update previous race data and race count: 23.34046697616577 seconds
2025-02-21 05:06:55 - INFO - Updating finish_time in results_entries beginning...
2025-02-21 05:07:07 - INFO - finish_time updated successfully in 11.99 seconds.
2025-02-21 05:07:07 - INFO - All tasks completed. Spark session stopped and DB pool closed.
2025-02-21 05:07:07 - INFO - Closing down clientserver connection
