2025-03-21 04:15:01,059 - INFO - Logging initialized in /home/exx/myCode/horse-racing/FoxRiverAIRacing/logs/stat_type_update_jy.log
2025-03-21 04:15:01,064 - INFO - === Begin processing for ALL_RACES_J (All races stats for jockey) ===
2025-03-21 04:15:01,066 - INFO - Last processed date for ALL_RACES_J is 2025-03-19
2025-03-21 04:15:01,068 - INFO - 1 new race_dates to process for ALL_RACES_J: [datetime.date(2025, 3, 20)] ...
2025-03-21 04:15:01,068 - INFO - Processing stat_type=ALL_RACES_J, race_date=2025-03-20
2025-03-21 04:15:02,943 - INFO - Committed ALL_RACES_J stats for 2025-03-20.
2025-03-21 04:15:02,944 - INFO - === Done processing ALL_RACES_J, last_date=2025-03-20 ===
2025-03-21 04:15:02,944 - INFO - === Begin processing for ALL_RACES_JT (All races stats for jockey-trainer) ===
2025-03-21 04:15:02,944 - INFO - Last processed date for ALL_RACES_JT is 2025-03-19
2025-03-21 04:15:02,944 - INFO - 1 new race_dates to process for ALL_RACES_JT: [datetime.date(2025, 3, 20)] ...
2025-03-21 04:15:02,944 - INFO - Processing stat_type=ALL_RACES_JT, race_date=2025-03-20
2025-03-21 04:15:03,223 - INFO - Committed ALL_RACES_JT stats for 2025-03-20.
2025-03-21 04:15:03,223 - INFO - === Done processing ALL_RACES_JT, last_date=2025-03-20 ===
2025-03-21 04:15:03,223 - INFO - === Begin processing for ALL_RACES_T (All races stats for trainer) ===
2025-03-21 04:15:03,223 - INFO - Last processed date for ALL_RACES_T is 2025-03-19
2025-03-21 04:15:03,224 - INFO - 1 new race_dates to process for ALL_RACES_T: [datetime.date(2025, 3, 20)] ...
2025-03-21 04:15:03,224 - INFO - Processing stat_type=ALL_RACES_T, race_date=2025-03-20
2025-03-21 04:15:04,535 - INFO - Committed ALL_RACES_T stats for 2025-03-20.
2025-03-21 04:15:04,535 - INFO - === Done processing ALL_RACES_T, last_date=2025-03-20 ===
2025-03-21 04:15:04,536 - INFO - === Begin processing for ALL_RACES_J_TRACK (All races stats for jockey by track) ===
2025-03-21 04:15:04,536 - INFO - Last processed date for ALL_RACES_J_TRACK is 2025-03-19
2025-03-21 04:15:04,536 - INFO - 1 new race_dates to process for ALL_RACES_J_TRACK: [datetime.date(2025, 3, 20)] ...
2025-03-21 04:15:04,536 - INFO - Processing stat_type=ALL_RACES_J_TRACK, race_date=2025-03-20
2025-03-21 04:15:05,036 - INFO - Committed ALL_RACES_J_TRACK stats for 2025-03-20.
2025-03-21 04:15:05,036 - INFO - === Done processing ALL_RACES_J_TRACK, last_date=2025-03-20 ===
2025-03-21 04:15:05,036 - INFO - === Begin processing for ALL_RACES_T_TRACK (All races stats for trainer by track) ===
2025-03-21 04:15:05,037 - INFO - Last processed date for ALL_RACES_T_TRACK is 2025-03-19
2025-03-21 04:15:05,037 - INFO - 1 new race_dates to process for ALL_RACES_T_TRACK: [datetime.date(2025, 3, 20)] ...
2025-03-21 04:15:05,037 - INFO - Processing stat_type=ALL_RACES_T_TRACK, race_date=2025-03-20
2025-03-21 04:15:05,495 - INFO - Committed ALL_RACES_T_TRACK stats for 2025-03-20.
2025-03-21 04:15:05,496 - INFO - === Done processing ALL_RACES_T_TRACK, last_date=2025-03-20 ===
2025-03-21 04:15:05,496 - INFO - === Begin processing for ALL_RACES_JT_TRACK (All races stats for jockey-trainer by track) ===
2025-03-21 04:15:05,496 - INFO - Last processed date for ALL_RACES_JT_TRACK is 2025-03-19
2025-03-21 04:15:05,496 - INFO - 1 new race_dates to process for ALL_RACES_JT_TRACK: [datetime.date(2025, 3, 20)] ...
2025-03-21 04:15:05,496 - INFO - Processing stat_type=ALL_RACES_JT_TRACK, race_date=2025-03-20
2025-03-21 04:15:05,704 - INFO - Committed ALL_RACES_JT_TRACK stats for 2025-03-20.
2025-03-21 04:15:05,705 - INFO - === Done processing ALL_RACES_JT_TRACK, last_date=2025-03-20 ===
2025-03-21 04:15:05,705 - INFO - All stat_types processed successfully.
2025-03-21 04:15:05,705 - INFO - Database connection closed.
