2025-01-07 06:00:01 - INFO - Logging has been set up successfully.
2025-01-07 06:00:01 - INFO - Initializing stat types in stat_type_code table...
2025-01-07 06:00:01 - INFO - Stat types initialized successfully.
2025-01-07 06:00:01 - INFO - Unprocessed stat types: ['ALL_WEATHR', 'FAST_TRACK', 'MUDDY_TRACK', 'FIRM_TURF', 'SOFT_TURF', 'CLAIMING', 'ALLOWANCE', 'STAKE_HCP', 'MAIDEN', 'UP_IN_CLASS', 'DOWN_IN_CLASS', 'FAVORITE', 'LONGSHOT', 'TWO_YEAR_OLD', 'FIRST_TIME', 'LAST_OUT_WINNER', 'JOCK_TRAIN_COMBO', 'FAVORITE_SPRNT', 'FAVORITE_RTE', 'ALL_WEATHER_SPRNT', 'ALL_WEATHER_RTE', '1_7OFF', 'LAST30', '31_60OFF', '61_180OFF', 'TY_TURF', 'AT_DST_CRS', 'AT_DST_D', 'LY_SOFT', 'AT_TRK_CRS', 'TY_ALLWTHR', 'TY_JUMP', 'AT_TRKDIRT', 'MUD', 'AT_TRKTURF', 'AT_TRK_DRT', 'MSW2MCL', 'ODDSGT5', 'ODDSLE5', 'ROUTE2SPRT', 'SCND60_180', 'SCND180_UP', 'SPRT2ROUTE', 'SYN2TURF', 'TURF2DIRT', 'TURF2SYN', '2YEAR_OLD', 'UP_INCLASS', 'WON_LAST', 'SHRT_LAY34', 'SHRT_LAY12', 'THIS_YEAR', 'TURF', 'TY_MUD', 'TY_SOFT', 'ALL_RACES_J', 'ALL_RACES_JT', 'ALL_RACES_T', 'ALL_RACES', 'TRAN_HORSE', 'MUDDY_SPRNT', 'MUDDY_RTE', 'ALL_RACES_J_TRACK', 'ALL_RACES_T_TRACK', 'ALL_RACES_JT_TRACK', 'DIRT_SPRNT', 'TY_DIRT', 'AT_TRK_DSP', 'AT_TRKDSTT', 'AT_TRKDSTD', 'AT_TRK_TSP', 'AT_TRK', 'JUMP', 'AT_TRKSOFT', 'AT_TRKMUD', 'DIST_SURF', 'JOCK_HORSE', 'LONG_LAY34', 'LY_ALLWTHR', 'LY_JUMP', 'LY_MUD', 'LY_TURF', 'OFF_CLM1', 'OFF_CLM2', 'AT_DST_T', 'AT_TRK_TRT', 'DIRT', 'STAKES', 'Allowance_SPRNT', 'Allowance_RTE', 'Maiden_SPRNT', 'Maiden_RTE', '180_UPOFF', 'AFTER_60', 'AFTER_CLM', 'BLINKOFF', 'BLINKON', 'DIRT2TURF', 'DOWNCLASS', 'FRSTBLINK', 'FRSTLASIX', 'FRSTTURF', 'LAST10', 'MCLDEBUT', 'MCLRACE', 'MSWRACE', 'JOCK_TRAN', 'LIFETIME', 'LONG_LAY12', 'LY_DIRT', 'LAST_YEAR', 'AT_TRKSURF', 'DIRT_RTE', 'TURF_SPRNT', 'TURF_RTE', 'ALLOWANCE_SPRNT', 'ALLOWANCE_RTE', 'CLAIMING_SPRNT', 'CLAIMING_RTE', 'STAKES_SPRNT', 'STAKES_RTE']
2025-01-07 06:00:01 - INFO - Starting processing for stat type: ALL_RACES
2025-01-07 06:00:01 - INFO - Last processed date for ALL_RACES: 2025-01-05
2025-01-07 06:00:01 - INFO - Fetched 1 race_dates for ALL_RACES.
2025-01-07 06:00:01 - INFO - Processing stat type: ALL_RACES for 1 new race dates.
2025-01-07 06:00:01 - INFO - Total horses fetched from 'horse' table: 112855.
2025-01-07 06:00:01 - INFO - Processing race_date: 2025-01-06 for stat_type: ALL_RACES
2025-01-07 06:00:01 - INFO - Race_date 2025-01-06: 119 actual_horses found.
2025-01-07 06:00:01 - INFO - Updated horse_accum_stats for horse 049053050051056057057059 on date 2025-01-06 stat_type ALL_RACES.
2025-01-07 06:00:01 - INFO - Updated horse_accum_stats for horse 050050050051055058054064 on date 2025-01-06 stat_type ALL_RACES.
2025-01-07 06:00:01 - INFO - Updated horse_accum_stats for horse 050049050052057053063058 on date 2025-01-06 stat_type ALL_RACES.
2025-01-07 06:00:01 - INFO - Updated horse_accum_stats for horse 050049050051058058058063 on date 2025-01-06 stat_type ALL_RACES.
2025-01-07 06:00:01 - INFO - Updated horse_accum_stats for horse 049057050052061057054057 on date 2025-01-06 stat_type ALL_RACES.
2025-01-07 06:00:01 - INFO - Updated horse_accum_stats for horse 050049050052053062060058 on date 2025-01-06 stat_type ALL_RACES.
2025-01-07 06:00:01 - INFO - Updated horse_accum_stats for horse 050050050052056057057058 on date 2025-01-06 stat_type ALL_RACES.
2025-01-07 06:00:01 - INFO - Updated horse_accum_stats for horse 050051050051052057063056 on date 2025-01-06 stat_type ALL_RACES.
2025-01-07 06:00:01 - INFO - Updated horse_accum_stats for horse 081052054056056057058063 on date 2025-01-06 stat_type ALL_RACES.
2025-01-07 06:00:01 - INFO - Updated horse_accum_stats for horse 081052053058056053058056 on date 2025-01-06 stat_type ALL_RACES.
2025-01-07 06:00:01 - INFO - Updated horse_accum_stats for horse 050050050052059058055061 on date 2025-01-06 stat_type ALL_RACES.
2025-01-07 06:00:01 - INFO - Updated horse_accum_stats for horse 050049050053052057062062 on date 2025-01-06 stat_type ALL_RACES.
2025-01-07 06:00:01 - INFO - Updated horse_accum_stats for horse 050050050052058054056057 on date 2025-01-06 stat_type ALL_RACES.
2025-01-07 06:00:01 - INFO - Updated horse_accum_stats for horse 050051050052059061056056 on date 2025-01-06 stat_type ALL_RACES.
2025-01-07 06:00:01 - INFO - Updated horse_accum_stats for horse 050049050051057060060056 on date 2025-01-06 stat_type ALL_RACES.
2025-01-07 06:00:01 - INFO - Updated horse_accum_stats for horse 050051050051056061061056 on date 2025-01-06 stat_type ALL_RACES.
2025-01-07 06:00:01 - INFO - Updated horse_accum_stats for horse 050050050051058054057059 on date 2025-01-06 stat_type ALL_RACES.
2025-01-07 06:00:01 - INFO - Updated horse_accum_stats for horse 050049050051054058061056 on date 2025-01-06 stat_type ALL_RACES.
2025-01-07 06:00:01 - INFO - Updated horse_accum_stats for horse 050050050052059056056056 on date 2025-01-06 stat_type ALL_RACES.
2025-01-07 06:00:01 - INFO - Updated horse_accum_stats for horse 081052053057055055057060 on date 2025-01-06 stat_type ALL_RACES.
2025-01-07 06:00:01 - INFO - Updated horse_accum_stats for horse 081052053055059053059060 on date 2025-01-06 stat_type ALL_RACES.
2025-01-07 06:00:01 - INFO - Updated horse_accum_stats for horse 050050050052055054063063 on date 2025-01-06 stat_type ALL_RACES.
2025-01-07 06:00:01 - INFO - Updated horse_accum_stats for horse 049058050052058061054055 on date 2025-01-06 stat_type ALL_RACES.
2025-01-07 06:00:01 - INFO - Updated horse_accum_stats for horse 050050050051057054058055 on date 2025-01-06 stat_type ALL_RACES.
2025-01-07 06:00:01 - INFO - Updated horse_accum_stats for horse 050049050052054055055055 on date 2025-01-06 stat_type ALL_RACES.
2025-01-07 06:00:01 - INFO - Updated horse_accum_stats for horse 050050050052059062060058 on date 2025-01-06 stat_type ALL_RACES.
2025-01-07 06:00:01 - INFO - Updated horse_accum_stats for horse 050050050052058060057059 on date 2025-01-06 stat_type ALL_RACES.
2025-01-07 06:00:01 - INFO - Updated horse_accum_stats for horse 050049050052059059063055 on date 2025-01-06 stat_type ALL_RACES.
2025-01-07 06:00:01 - INFO - Updated horse_accum_stats for horse 081052053055052060061062 on date 2025-01-06 stat_type ALL_RACES.
2025-01-07 06:00:01 - INFO - Updated horse_accum_stats for horse 049058050051058053058062 on date 2025-01-06 stat_type ALL_RACES.
2025-01-07 06:00:01 - INFO - Updated horse_accum_stats for horse 050050050051058060060064 on date 2025-01-06 stat_type ALL_RACES.
2025-01-07 06:00:01 - INFO - Updated horse_accum_stats for horse 050050050052059059060061 on date 2025-01-06 stat_type ALL_RACES.
2025-01-07 06:00:01 - INFO - Updated horse_accum_stats for horse 049058050051059062057055 on date 2025-01-06 stat_type ALL_RACES.
2025-01-07 06:00:01 - INFO - Updated horse_accum_stats for horse 050050050051057058054060 on date 2025-01-06 stat_type ALL_RACES.
2025-01-07 06:00:01 - INFO - Updated horse_accum_stats for horse 081052053054061053054056 on date 2025-01-06 stat_type ALL_RACES.
2025-01-07 06:00:01 - INFO - Updated horse_accum_stats for horse 050050050051059058063055 on date 2025-01-06 stat_type ALL_RACES.
2025-01-07 06:00:01 - INFO - Updated horse_accum_stats for horse 050049050052056060062064 on date 2025-01-06 stat_type ALL_RACES.
2025-01-07 06:00:01 - INFO - Updated horse_accum_stats for horse 081052053059054053058060 on date 2025-01-06 stat_type ALL_RACES.
2025-01-07 06:00:01 - INFO - Updated horse_accum_stats for horse 050049050052055061057060 on date 2025-01-06 stat_type ALL_RACES.
2025-01-07 06:00:01 - INFO - Updated horse_accum_stats for horse 050050050052060062062059 on date 2025-01-06 stat_type ALL_RACES.
2025-01-07 06:00:01 - INFO - Updated horse_accum_stats for horse 081052052058053061062062 on date 2025-01-06 stat_type ALL_RACES.
2025-01-07 06:00:01 - INFO - Updated horse_accum_stats for horse 049058050051058055063063 on date 2025-01-06 stat_type ALL_RACES.
2025-01-07 06:00:01 - INFO - Updated horse_accum_stats for horse 049058050051053060054055 on date 2025-01-06 stat_type ALL_RACES.
2025-01-07 06:00:01 - INFO - Updated horse_accum_stats for horse 049058050051061059063064 on date 2025-01-06 stat_type ALL_RACES.
2025-01-07 06:00:01 - INFO - Updated horse_accum_stats for horse 050050050052055057057060 on date 2025-01-06 stat_type ALL_RACES.
2025-01-07 06:00:01 - INFO - Updated horse_accum_stats for horse 081052053053053057054064 on date 2025-01-06 stat_type ALL_RACES.
2025-01-07 06:00:01 - INFO - Updated horse_accum_stats for horse 050050050051057061055058 on date 2025-01-06 stat_type ALL_RACES.
2025-01-07 06:00:01 - INFO - Updated horse_accum_stats for horse 081052053052057056060061 on date 2025-01-06 stat_type ALL_RACES.
2025-01-07 06:00:01 - INFO - Updated horse_accum_stats for horse 049058050052053058063064 on date 2025-01-06 stat_type ALL_RACES.
2025-01-07 06:00:01 - INFO - Updated horse_accum_stats for horse 049058050051058060059056 on date 2025-01-06 stat_type ALL_RACES.
2025-01-07 06:00:01 - INFO - Updated horse_accum_stats for horse 081052054053060053059058 on date 2025-01-06 stat_type ALL_RACES.
2025-01-07 06:00:01 - INFO - Updated horse_accum_stats for horse 049055050052060054062061 on date 2025-01-06 stat_type ALL_RACES.
2025-01-07 06:00:01 - INFO - Updated horse_accum_stats for horse 050050050052061056054059 on date 2025-01-06 stat_type ALL_RACES.
2025-01-07 06:00:01 - INFO - Updated horse_accum_stats for horse 050050050051053057059056 on date 2025-01-06 stat_type ALL_RACES.
2025-01-07 06:00:01 - INFO - Updated horse_accum_stats for horse 049058050052057062057055 on date 2025-01-06 stat_type ALL_RACES.
2025-01-07 06:00:01 - INFO - Updated horse_accum_stats for horse 049058050052058059056057 on date 2025-01-06 stat_type ALL_RACES.
2025-01-07 06:00:01 - INFO - Updated horse_accum_stats for horse 081052053053052059062056 on date 2025-01-06 stat_type ALL_RACES.
2025-01-07 06:00:01 - INFO - Updated horse_accum_stats for horse 049057050051052055059056 on date 2025-01-06 stat_type ALL_RACES.
2025-01-07 06:00:01 - INFO - Updated horse_accum_stats for horse 081052053056060056063057 on date 2025-01-06 stat_type ALL_RACES.
2025-01-07 06:00:01 - INFO - Updated horse_accum_stats for horse 050049050051057056058063 on date 2025-01-06 stat_type ALL_RACES.
2025-01-07 06:00:01 - INFO - Updated horse_accum_stats for horse 050051050052054058054062 on date 2025-01-06 stat_type ALL_RACES.
2025-01-07 06:00:01 - INFO - Updated horse_accum_stats for horse 049055050051053053054062 on date 2025-01-06 stat_type ALL_RACES.
2025-01-07 06:00:01 - INFO - Updated horse_accum_stats for horse 081052054052056058060057 on date 2025-01-06 stat_type ALL_RACES.
2025-01-07 06:00:01 - INFO - Updated horse_accum_stats for horse 050050050051053058059063 on date 2025-01-06 stat_type ALL_RACES.
2025-01-07 06:00:01 - INFO - Updated horse_accum_stats for horse 049057050051053056060057 on date 2025-01-06 stat_type ALL_RACES.
2025-01-07 06:00:01 - INFO - Updated horse_accum_stats for horse 050051050051059061061064 on date 2025-01-06 stat_type ALL_RACES.
2025-01-07 06:00:01 - INFO - Updated horse_accum_stats for horse 050050050052052056063061 on date 2025-01-06 stat_type ALL_RACES.
2025-01-07 06:00:01 - INFO - Updated horse_accum_stats for horse 050051050052057058061062 on date 2025-01-06 stat_type ALL_RACES.
2025-01-07 06:00:01 - INFO - Updated horse_accum_stats for horse 050050050052055059062057 on date 2025-01-06 stat_type ALL_RACES.
2025-01-07 06:00:01 - INFO - Updated horse_accum_stats for horse 050050050051058058056056 on date 2025-01-06 stat_type ALL_RACES.
2025-01-07 06:00:01 - INFO - Updated horse_accum_stats for horse 081052053054055060057062 on date 2025-01-06 stat_type ALL_RACES.
2025-01-07 06:00:01 - INFO - Updated horse_accum_stats for horse 050051050051057056060060 on date 2025-01-06 stat_type ALL_RACES.
2025-01-07 06:00:01 - INFO - Updated horse_accum_stats for horse 050050050051061062058057 on date 2025-01-06 stat_type ALL_RACES.
2025-01-07 06:00:01 - INFO - Updated horse_accum_stats for horse 050049050052056060061058 on date 2025-01-06 stat_type ALL_RACES.
2025-01-07 06:00:01 - INFO - Updated horse_accum_stats for horse 049058050051055062060062 on date 2025-01-06 stat_type ALL_RACES.
2025-01-07 06:00:01 - INFO - Updated horse_accum_stats for horse 049058050052061053055058 on date 2025-01-06 stat_type ALL_RACES.
2025-01-07 06:00:01 - INFO - Updated horse_accum_stats for horse 049058050052061056060058 on date 2025-01-06 stat_type ALL_RACES.
2025-01-07 06:00:01 - INFO - Updated horse_accum_stats for horse 050051050051058055054056 on date 2025-01-06 stat_type ALL_RACES.
2025-01-07 06:00:01 - INFO - Updated horse_accum_stats for horse 049057050052053055060055 on date 2025-01-06 stat_type ALL_RACES.
2025-01-07 06:00:01 - INFO - Updated horse_accum_stats for horse 050049050052054056062058 on date 2025-01-06 stat_type ALL_RACES.
2025-01-07 06:00:01 - INFO - Updated horse_accum_stats for horse 049055050052058058057062 on date 2025-01-06 stat_type ALL_RACES.
2025-01-07 06:00:01 - INFO - Updated horse_accum_stats for horse 081052053051054060055063 on date 2025-01-06 stat_type ALL_RACES.
2025-01-07 06:00:01 - INFO - Updated horse_accum_stats for horse 081052053051054056063056 on date 2025-01-06 stat_type ALL_RACES.
2025-01-07 06:00:01 - INFO - Updated horse_accum_stats for horse 050051050051055061057062 on date 2025-01-06 stat_type ALL_RACES.
2025-01-07 06:00:01 - INFO - Updated horse_accum_stats for horse 050050050051060053055059 on date 2025-01-06 stat_type ALL_RACES.
2025-01-07 06:00:01 - INFO - Updated horse_accum_stats for horse 050049050052060061056062 on date 2025-01-06 stat_type ALL_RACES.
2025-01-07 06:00:01 - INFO - Updated horse_accum_stats for horse 081052053053054057054056 on date 2025-01-06 stat_type ALL_RACES.
2025-01-07 06:00:01 - INFO - Updated horse_accum_stats for horse 081052053052053062060061 on date 2025-01-06 stat_type ALL_RACES.
2025-01-07 06:00:01 - INFO - Updated horse_accum_stats for horse 050050050052057054056060 on date 2025-01-06 stat_type ALL_RACES.
2025-01-07 06:00:01 - INFO - Updated horse_accum_stats for horse 049058050052057062057057 on date 2025-01-06 stat_type ALL_RACES.
2025-01-07 06:00:01 - INFO - Updated horse_accum_stats for horse 050049050051053058054062 on date 2025-01-06 stat_type ALL_RACES.
2025-01-07 06:00:01 - INFO - Updated horse_accum_stats for horse 050051050052057062057061 on date 2025-01-06 stat_type ALL_RACES.
2025-01-07 06:00:01 - INFO - Updated horse_accum_stats for horse 050050050051056055056055 on date 2025-01-06 stat_type ALL_RACES.
2025-01-07 06:00:01 - INFO - Updated horse_accum_stats for horse 050049050051056060063055 on date 2025-01-06 stat_type ALL_RACES.
2025-01-07 06:00:01 - INFO - Updated horse_accum_stats for horse 050050050052059053054059 on date 2025-01-06 stat_type ALL_RACES.
2025-01-07 06:00:01 - INFO - Updated horse_accum_stats for horse 050050050051061061062060 on date 2025-01-06 stat_type ALL_RACES.
2025-01-07 06:00:01 - INFO - Updated horse_accum_stats for horse 050050050051054062063055 on date 2025-01-06 stat_type ALL_RACES.
2025-01-07 06:00:01 - INFO - Updated horse_accum_stats for horse 049058050052058062056063 on date 2025-01-06 stat_type ALL_RACES.
2025-01-07 06:00:01 - INFO - Updated horse_accum_stats for horse 050050050052055059057056 on date 2025-01-06 stat_type ALL_RACES.
2025-01-07 06:00:01 - INFO - Updated horse_accum_stats for horse 049058050051055055058058 on date 2025-01-06 stat_type ALL_RACES.
2025-01-07 06:00:01 - INFO - Updated horse_accum_stats for horse 050050050052057059063063 on date 2025-01-06 stat_type ALL_RACES.
2025-01-07 06:00:01 - INFO - Updated horse_accum_stats for horse 050051050051060061054064 on date 2025-01-06 stat_type ALL_RACES.
2025-01-07 06:00:01 - INFO - Updated horse_accum_stats for horse 050050050051056056063058 on date 2025-01-06 stat_type ALL_RACES.
2025-01-07 06:00:01 - INFO - Updated horse_accum_stats for horse 050050050052056058060062 on date 2025-01-06 stat_type ALL_RACES.
2025-01-07 06:00:01 - INFO - Updated horse_accum_stats for horse 050049050052058060054063 on date 2025-01-06 stat_type ALL_RACES.
2025-01-07 06:00:01 - INFO - Updated horse_accum_stats for horse 049058050051059058056060 on date 2025-01-06 stat_type ALL_RACES.
2025-01-07 06:00:01 - INFO - Updated horse_accum_stats for horse 050049050051052062062061 on date 2025-01-06 stat_type ALL_RACES.
2025-01-07 06:00:01 - INFO - Updated horse_accum_stats for horse 050050050051054054060058 on date 2025-01-06 stat_type ALL_RACES.
2025-01-07 06:00:01 - INFO - Updated horse_accum_stats for horse 081052053054052054054059 on date 2025-01-06 stat_type ALL_RACES.
2025-01-07 06:00:01 - INFO - Updated horse_accum_stats for horse 050050050053052060057055 on date 2025-01-06 stat_type ALL_RACES.
2025-01-07 06:00:01 - INFO - Updated horse_accum_stats for horse 050051050052059060060061 on date 2025-01-06 stat_type ALL_RACES.
2025-01-07 06:00:01 - INFO - Updated horse_accum_stats for horse 050050050051058056059062 on date 2025-01-06 stat_type ALL_RACES.
2025-01-07 06:00:01 - INFO - Updated horse_accum_stats for horse 050049050051057062063055 on date 2025-01-06 stat_type ALL_RACES.
2025-01-07 06:00:01 - INFO - Updated horse_accum_stats for horse 050051050051053062057061 on date 2025-01-06 stat_type ALL_RACES.
2025-01-07 06:00:01 - INFO - Updated horse_accum_stats for horse 050049050052054053058057 on date 2025-01-06 stat_type ALL_RACES.
2025-01-07 06:00:01 - INFO - Updated horse_accum_stats for horse 050051050051061056059055 on date 2025-01-06 stat_type ALL_RACES.
2025-01-07 06:00:01 - INFO - Updated horse_accum_stats for horse 049056050052055055063059 on date 2025-01-06 stat_type ALL_RACES.
2025-01-07 06:00:01 - INFO - Updated horse_accum_stats for horse 070049050055058059054063 on date 2025-01-06 stat_type ALL_RACES.
2025-01-07 06:00:01 - INFO - Updated horse_accum_stats for horse 050049050051059057062058 on date 2025-01-06 stat_type ALL_RACES.
2025-01-07 06:00:01 - INFO - Marked race_date 2025-01-06 as processed for stat_type ALL_RACES.
2025-01-07 06:00:01 - INFO - Updated last processed date for stat type: ALL_RACES to 2025-01-06
2025-01-07 06:00:01 - INFO - Starting processing for stat type: DIRT_SPRNT
2025-01-07 06:00:01 - INFO - Last processed date for DIRT_SPRNT: 2025-01-05
2025-01-07 06:00:01 - INFO - Fetched 1 race_dates for DIRT_SPRNT.
2025-01-07 06:00:01 - INFO - Processing stat type: DIRT_SPRNT for 1 new race dates.
2025-01-07 06:00:01 - INFO - Total horses fetched from 'horse' table: 112855.
2025-01-07 06:00:01 - INFO - Processing race_date: 2025-01-06 for stat_type: DIRT_SPRNT
2025-01-07 06:00:01 - INFO - Race_date 2025-01-06: 103 actual_horses found.
2025-01-07 06:00:01 - INFO - Updated horse_accum_stats for horse 050050050051055058054064 on date 2025-01-06 stat_type DIRT_SPRNT.
2025-01-07 06:00:01 - INFO - Updated horse_accum_stats for horse 050049050052057053063058 on date 2025-01-06 stat_type DIRT_SPRNT.
2025-01-07 06:00:01 - INFO - Updated horse_accum_stats for horse 050049050051058058058063 on date 2025-01-06 stat_type DIRT_SPRNT.
2025-01-07 06:00:01 - INFO - Updated horse_accum_stats for horse 049057050052061057054057 on date 2025-01-06 stat_type DIRT_SPRNT.
2025-01-07 06:00:01 - INFO - Updated horse_accum_stats for horse 050049050052053062060058 on date 2025-01-06 stat_type DIRT_SPRNT.
2025-01-07 06:00:01 - INFO - Updated horse_accum_stats for horse 050050050052056057057058 on date 2025-01-06 stat_type DIRT_SPRNT.
2025-01-07 06:00:01 - INFO - Updated horse_accum_stats for horse 081052054056056057058063 on date 2025-01-06 stat_type DIRT_SPRNT.
2025-01-07 06:00:01 - INFO - Updated horse_accum_stats for horse 081052053058056053058056 on date 2025-01-06 stat_type DIRT_SPRNT.
2025-01-07 06:00:01 - INFO - Updated horse_accum_stats for horse 050050050052059058055061 on date 2025-01-06 stat_type DIRT_SPRNT.
2025-01-07 06:00:01 - INFO - Updated horse_accum_stats for horse 050050050052058054056057 on date 2025-01-06 stat_type DIRT_SPRNT.
2025-01-07 06:00:01 - INFO - Updated horse_accum_stats for horse 050049050051057060060056 on date 2025-01-06 stat_type DIRT_SPRNT.
2025-01-07 06:00:01 - INFO - Updated horse_accum_stats for horse 050050050051058054057059 on date 2025-01-06 stat_type DIRT_SPRNT.
2025-01-07 06:00:01 - INFO - Updated horse_accum_stats for horse 050050050052059056056056 on date 2025-01-06 stat_type DIRT_SPRNT.
2025-01-07 06:00:01 - INFO - Updated horse_accum_stats for horse 081052053057055055057060 on date 2025-01-06 stat_type DIRT_SPRNT.
2025-01-07 06:00:01 - INFO - Updated horse_accum_stats for horse 081052053055059053059060 on date 2025-01-06 stat_type DIRT_SPRNT.
2025-01-07 06:00:01 - INFO - Updated horse_accum_stats for horse 050050050052055054063063 on date 2025-01-06 stat_type DIRT_SPRNT.
2025-01-07 06:00:01 - INFO - Updated horse_accum_stats for horse 049058050052058061054055 on date 2025-01-06 stat_type DIRT_SPRNT.
2025-01-07 06:00:01 - INFO - Updated horse_accum_stats for horse 050050050051057054058055 on date 2025-01-06 stat_type DIRT_SPRNT.
2025-01-07 06:00:01 - INFO - Updated horse_accum_stats for horse 050049050052054055055055 on date 2025-01-06 stat_type DIRT_SPRNT.
2025-01-07 06:00:01 - INFO - Updated horse_accum_stats for horse 050050050052059062060058 on date 2025-01-06 stat_type DIRT_SPRNT.
2025-01-07 06:00:01 - INFO - Updated horse_accum_stats for horse 050050050052058060057059 on date 2025-01-06 stat_type DIRT_SPRNT.
2025-01-07 06:00:01 - INFO - Updated horse_accum_stats for horse 050049050052059059063055 on date 2025-01-06 stat_type DIRT_SPRNT.
2025-01-07 06:00:01 - INFO - Updated horse_accum_stats for horse 081052053055052060061062 on date 2025-01-06 stat_type DIRT_SPRNT.
2025-01-07 06:00:01 - INFO - Updated horse_accum_stats for horse 049058050051058053058062 on date 2025-01-06 stat_type DIRT_SPRNT.
2025-01-07 06:00:01 - INFO - Updated horse_accum_stats for horse 050050050051058060060064 on date 2025-01-06 stat_type DIRT_SPRNT.
2025-01-07 06:00:01 - INFO - Updated horse_accum_stats for horse 050050050052059059060061 on date 2025-01-06 stat_type DIRT_SPRNT.
2025-01-07 06:00:01 - INFO - Updated horse_accum_stats for horse 049058050051059062057055 on date 2025-01-06 stat_type DIRT_SPRNT.
2025-01-07 06:00:01 - INFO - Updated horse_accum_stats for horse 050050050051057058054060 on date 2025-01-06 stat_type DIRT_SPRNT.
2025-01-07 06:00:01 - INFO - Updated horse_accum_stats for horse 081052053054061053054056 on date 2025-01-06 stat_type DIRT_SPRNT.
2025-01-07 06:00:01 - INFO - Updated horse_accum_stats for horse 050050050051059058063055 on date 2025-01-06 stat_type DIRT_SPRNT.
2025-01-07 06:00:01 - INFO - Updated horse_accum_stats for horse 050049050052056060062064 on date 2025-01-06 stat_type DIRT_SPRNT.
2025-01-07 06:00:01 - INFO - Updated horse_accum_stats for horse 081052053059054053058060 on date 2025-01-06 stat_type DIRT_SPRNT.
2025-01-07 06:00:01 - INFO - Updated horse_accum_stats for horse 050049050052055061057060 on date 2025-01-06 stat_type DIRT_SPRNT.
2025-01-07 06:00:01 - INFO - Updated horse_accum_stats for horse 050050050052060062062059 on date 2025-01-06 stat_type DIRT_SPRNT.
2025-01-07 06:00:01 - INFO - Updated horse_accum_stats for horse 081052052058053061062062 on date 2025-01-06 stat_type DIRT_SPRNT.
2025-01-07 06:00:01 - INFO - Updated horse_accum_stats for horse 049058050051058055063063 on date 2025-01-06 stat_type DIRT_SPRNT.
2025-01-07 06:00:01 - INFO - Updated horse_accum_stats for horse 049058050051053060054055 on date 2025-01-06 stat_type DIRT_SPRNT.
2025-01-07 06:00:01 - INFO - Updated horse_accum_stats for horse 049058050051061059063064 on date 2025-01-06 stat_type DIRT_SPRNT.
2025-01-07 06:00:01 - INFO - Updated horse_accum_stats for horse 050050050052055057057060 on date 2025-01-06 stat_type DIRT_SPRNT.
2025-01-07 06:00:01 - INFO - Updated horse_accum_stats for horse 081052053053053057054064 on date 2025-01-06 stat_type DIRT_SPRNT.
2025-01-07 06:00:01 - INFO - Updated horse_accum_stats for horse 050050050051057061055058 on date 2025-01-06 stat_type DIRT_SPRNT.
2025-01-07 06:00:01 - INFO - Updated horse_accum_stats for horse 081052053052057056060061 on date 2025-01-06 stat_type DIRT_SPRNT.
2025-01-07 06:00:01 - INFO - Updated horse_accum_stats for horse 049058050052053058063064 on date 2025-01-06 stat_type DIRT_SPRNT.
2025-01-07 06:00:01 - INFO - Updated horse_accum_stats for horse 049058050051058060059056 on date 2025-01-06 stat_type DIRT_SPRNT.
2025-01-07 06:00:01 - INFO - Updated horse_accum_stats for horse 081052054053060053059058 on date 2025-01-06 stat_type DIRT_SPRNT.
2025-01-07 06:00:01 - INFO - Updated horse_accum_stats for horse 049055050052060054062061 on date 2025-01-06 stat_type DIRT_SPRNT.
2025-01-07 06:00:01 - INFO - Updated horse_accum_stats for horse 050050050052061056054059 on date 2025-01-06 stat_type DIRT_SPRNT.
2025-01-07 06:00:01 - INFO - Updated horse_accum_stats for horse 050050050051053057059056 on date 2025-01-06 stat_type DIRT_SPRNT.
2025-01-07 06:00:01 - INFO - Updated horse_accum_stats for horse 049058050052057062057055 on date 2025-01-06 stat_type DIRT_SPRNT.
2025-01-07 06:00:01 - INFO - Updated horse_accum_stats for horse 049058050052058059056057 on date 2025-01-06 stat_type DIRT_SPRNT.
2025-01-07 06:00:01 - INFO - Updated horse_accum_stats for horse 081052053053052059062056 on date 2025-01-06 stat_type DIRT_SPRNT.
2025-01-07 06:00:01 - INFO - Updated horse_accum_stats for horse 081052053056060056063057 on date 2025-01-06 stat_type DIRT_SPRNT.
2025-01-07 06:00:01 - INFO - Updated horse_accum_stats for horse 050049050051057056058063 on date 2025-01-06 stat_type DIRT_SPRNT.
2025-01-07 06:00:01 - INFO - Updated horse_accum_stats for horse 049055050051053053054062 on date 2025-01-06 stat_type DIRT_SPRNT.
2025-01-07 06:00:01 - INFO - Updated horse_accum_stats for horse 081052054052056058060057 on date 2025-01-06 stat_type DIRT_SPRNT.
2025-01-07 06:00:01 - INFO - Updated horse_accum_stats for horse 050050050051053058059063 on date 2025-01-06 stat_type DIRT_SPRNT.
2025-01-07 06:00:01 - INFO - Updated horse_accum_stats for horse 050051050051059061061064 on date 2025-01-06 stat_type DIRT_SPRNT.
2025-01-07 06:00:01 - INFO - Updated horse_accum_stats for horse 050050050052052056063061 on date 2025-01-06 stat_type DIRT_SPRNT.
2025-01-07 06:00:01 - INFO - Updated horse_accum_stats for horse 050051050052057058061062 on date 2025-01-06 stat_type DIRT_SPRNT.
2025-01-07 06:00:01 - INFO - Updated horse_accum_stats for horse 050050050052055059062057 on date 2025-01-06 stat_type DIRT_SPRNT.
2025-01-07 06:00:01 - INFO - Updated horse_accum_stats for horse 050050050051058058056056 on date 2025-01-06 stat_type DIRT_SPRNT.
2025-01-07 06:00:01 - INFO - Updated horse_accum_stats for horse 081052053054055060057062 on date 2025-01-06 stat_type DIRT_SPRNT.
2025-01-07 06:00:01 - INFO - Updated horse_accum_stats for horse 050050050051061062058057 on date 2025-01-06 stat_type DIRT_SPRNT.
2025-01-07 06:00:01 - INFO - Updated horse_accum_stats for horse 050049050052056060061058 on date 2025-01-06 stat_type DIRT_SPRNT.
2025-01-07 06:00:01 - INFO - Updated horse_accum_stats for horse 049058050051055062060062 on date 2025-01-06 stat_type DIRT_SPRNT.
2025-01-07 06:00:01 - INFO - Updated horse_accum_stats for horse 049058050052061053055058 on date 2025-01-06 stat_type DIRT_SPRNT.
2025-01-07 06:00:01 - INFO - Updated horse_accum_stats for horse 049057050052053055060055 on date 2025-01-06 stat_type DIRT_SPRNT.
2025-01-07 06:00:01 - INFO - Updated horse_accum_stats for horse 050049050052054056062058 on date 2025-01-06 stat_type DIRT_SPRNT.
2025-01-07 06:00:01 - INFO - Updated horse_accum_stats for horse 049055050052058058057062 on date 2025-01-06 stat_type DIRT_SPRNT.
2025-01-07 06:00:01 - INFO - Updated horse_accum_stats for horse 081052053051054060055063 on date 2025-01-06 stat_type DIRT_SPRNT.
2025-01-07 06:00:01 - INFO - Updated horse_accum_stats for horse 081052053051054056063056 on date 2025-01-06 stat_type DIRT_SPRNT.
2025-01-07 06:00:01 - INFO - Updated horse_accum_stats for horse 050051050051055061057062 on date 2025-01-06 stat_type DIRT_SPRNT.
2025-01-07 06:00:01 - INFO - Updated horse_accum_stats for horse 050050050051060053055059 on date 2025-01-06 stat_type DIRT_SPRNT.
2025-01-07 06:00:01 - INFO - Updated horse_accum_stats for horse 050049050052060061056062 on date 2025-01-06 stat_type DIRT_SPRNT.
2025-01-07 06:00:01 - INFO - Updated horse_accum_stats for horse 081052053053054057054056 on date 2025-01-06 stat_type DIRT_SPRNT.
2025-01-07 06:00:01 - INFO - Updated horse_accum_stats for horse 081052053052053062060061 on date 2025-01-06 stat_type DIRT_SPRNT.
2025-01-07 06:00:01 - INFO - Updated horse_accum_stats for horse 050050050052057054056060 on date 2025-01-06 stat_type DIRT_SPRNT.
2025-01-07 06:00:01 - INFO - Updated horse_accum_stats for horse 049058050052057062057057 on date 2025-01-06 stat_type DIRT_SPRNT.
2025-01-07 06:00:01 - INFO - Updated horse_accum_stats for horse 050049050051053058054062 on date 2025-01-06 stat_type DIRT_SPRNT.
2025-01-07 06:00:01 - INFO - Updated horse_accum_stats for horse 050051050052057062057061 on date 2025-01-06 stat_type DIRT_SPRNT.
2025-01-07 06:00:01 - INFO - Updated horse_accum_stats for horse 050050050051056055056055 on date 2025-01-06 stat_type DIRT_SPRNT.
2025-01-07 06:00:01 - INFO - Updated horse_accum_stats for horse 050049050051056060063055 on date 2025-01-06 stat_type DIRT_SPRNT.
2025-01-07 06:00:01 - INFO - Updated horse_accum_stats for horse 050050050052059053054059 on date 2025-01-06 stat_type DIRT_SPRNT.
2025-01-07 06:00:01 - INFO - Updated horse_accum_stats for horse 050050050051061061062060 on date 2025-01-06 stat_type DIRT_SPRNT.
2025-01-07 06:00:01 - INFO - Updated horse_accum_stats for horse 050050050051054062063055 on date 2025-01-06 stat_type DIRT_SPRNT.
2025-01-07 06:00:01 - INFO - Updated horse_accum_stats for horse 049058050052058062056063 on date 2025-01-06 stat_type DIRT_SPRNT.
2025-01-07 06:00:01 - INFO - Updated horse_accum_stats for horse 050050050052055059057056 on date 2025-01-06 stat_type DIRT_SPRNT.
2025-01-07 06:00:01 - INFO - Updated horse_accum_stats for horse 049058050051055055058058 on date 2025-01-06 stat_type DIRT_SPRNT.
2025-01-07 06:00:01 - INFO - Updated horse_accum_stats for horse 050050050052057059063063 on date 2025-01-06 stat_type DIRT_SPRNT.
2025-01-07 06:00:01 - INFO - Updated horse_accum_stats for horse 050050050052056058060062 on date 2025-01-06 stat_type DIRT_SPRNT.
2025-01-07 06:00:01 - INFO - Updated horse_accum_stats for horse 050049050052058060054063 on date 2025-01-06 stat_type DIRT_SPRNT.
2025-01-07 06:00:01 - INFO - Updated horse_accum_stats for horse 049058050051059058056060 on date 2025-01-06 stat_type DIRT_SPRNT.
2025-01-07 06:00:01 - INFO - Updated horse_accum_stats for horse 050049050051052062062061 on date 2025-01-06 stat_type DIRT_SPRNT.
2025-01-07 06:00:01 - INFO - Updated horse_accum_stats for horse 050050050051054054060058 on date 2025-01-06 stat_type DIRT_SPRNT.
2025-01-07 06:00:01 - INFO - Updated horse_accum_stats for horse 081052053054052054054059 on date 2025-01-06 stat_type DIRT_SPRNT.
2025-01-07 06:00:01 - INFO - Updated horse_accum_stats for horse 050050050053052060057055 on date 2025-01-06 stat_type DIRT_SPRNT.
2025-01-07 06:00:01 - INFO - Updated horse_accum_stats for horse 050051050052059060060061 on date 2025-01-06 stat_type DIRT_SPRNT.
2025-01-07 06:00:01 - INFO - Updated horse_accum_stats for horse 050050050051058056059062 on date 2025-01-06 stat_type DIRT_SPRNT.
2025-01-07 06:00:01 - INFO - Updated horse_accum_stats for horse 050049050051057062063055 on date 2025-01-06 stat_type DIRT_SPRNT.
2025-01-07 06:00:01 - INFO - Updated horse_accum_stats for horse 050049050052054053058057 on date 2025-01-06 stat_type DIRT_SPRNT.
2025-01-07 06:00:01 - INFO - Updated horse_accum_stats for horse 049056050052055055063059 on date 2025-01-06 stat_type DIRT_SPRNT.
2025-01-07 06:00:01 - INFO - Updated horse_accum_stats for horse 070049050055058059054063 on date 2025-01-06 stat_type DIRT_SPRNT.
2025-01-07 06:00:01 - INFO - Updated horse_accum_stats for horse 050049050051059057062058 on date 2025-01-06 stat_type DIRT_SPRNT.
2025-01-07 06:00:01 - INFO - Marked race_date 2025-01-06 as processed for stat_type DIRT_SPRNT.
2025-01-07 06:00:01 - INFO - Updated last processed date for stat type: DIRT_SPRNT to 2025-01-06
2025-01-07 06:00:01 - INFO - Starting processing for stat type: DIRT_RTE
2025-01-07 06:00:01 - INFO - Last processed date for DIRT_RTE: 2025-01-05
2025-01-07 06:00:01 - INFO - Fetched 1 race_dates for DIRT_RTE.
2025-01-07 06:00:01 - INFO - Processing stat type: DIRT_RTE for 1 new race dates.
2025-01-07 06:00:01 - INFO - Total horses fetched from 'horse' table: 112855.
2025-01-07 06:00:01 - INFO - Processing race_date: 2025-01-06 for stat_type: DIRT_RTE
2025-01-07 06:00:01 - INFO - Race_date 2025-01-06: 103 actual_horses found.
2025-01-07 06:00:01 - INFO - Updated horse_accum_stats for horse 050050050051055058054064 on date 2025-01-06 stat_type DIRT_RTE.
2025-01-07 06:00:01 - INFO - Updated horse_accum_stats for horse 050049050052057053063058 on date 2025-01-06 stat_type DIRT_RTE.
2025-01-07 06:00:01 - INFO - Updated horse_accum_stats for horse 050049050051058058058063 on date 2025-01-06 stat_type DIRT_RTE.
2025-01-07 06:00:01 - INFO - Updated horse_accum_stats for horse 049057050052061057054057 on date 2025-01-06 stat_type DIRT_RTE.
2025-01-07 06:00:01 - INFO - Updated horse_accum_stats for horse 050049050052053062060058 on date 2025-01-06 stat_type DIRT_RTE.
2025-01-07 06:00:01 - INFO - Updated horse_accum_stats for horse 050050050052056057057058 on date 2025-01-06 stat_type DIRT_RTE.
2025-01-07 06:00:01 - INFO - Updated horse_accum_stats for horse 081052054056056057058063 on date 2025-01-06 stat_type DIRT_RTE.
2025-01-07 06:00:01 - INFO - Updated horse_accum_stats for horse 081052053058056053058056 on date 2025-01-06 stat_type DIRT_RTE.
2025-01-07 06:00:01 - INFO - Updated horse_accum_stats for horse 050050050052059058055061 on date 2025-01-06 stat_type DIRT_RTE.
2025-01-07 06:00:01 - INFO - Updated horse_accum_stats for horse 050050050052058054056057 on date 2025-01-06 stat_type DIRT_RTE.
2025-01-07 06:00:01 - INFO - Updated horse_accum_stats for horse 050049050051057060060056 on date 2025-01-06 stat_type DIRT_RTE.
2025-01-07 06:00:01 - INFO - Updated horse_accum_stats for horse 050050050051058054057059 on date 2025-01-06 stat_type DIRT_RTE.
2025-01-07 06:00:01 - INFO - Updated horse_accum_stats for horse 050050050052059056056056 on date 2025-01-06 stat_type DIRT_RTE.
2025-01-07 06:00:01 - INFO - Updated horse_accum_stats for horse 081052053057055055057060 on date 2025-01-06 stat_type DIRT_RTE.
2025-01-07 06:00:01 - INFO - Updated horse_accum_stats for horse 081052053055059053059060 on date 2025-01-06 stat_type DIRT_RTE.
2025-01-07 06:00:01 - INFO - Updated horse_accum_stats for horse 050050050052055054063063 on date 2025-01-06 stat_type DIRT_RTE.
2025-01-07 06:00:01 - INFO - Updated horse_accum_stats for horse 049058050052058061054055 on date 2025-01-06 stat_type DIRT_RTE.
2025-01-07 06:00:01 - INFO - Updated horse_accum_stats for horse 050050050051057054058055 on date 2025-01-06 stat_type DIRT_RTE.
2025-01-07 06:00:01 - INFO - Updated horse_accum_stats for horse 050049050052054055055055 on date 2025-01-06 stat_type DIRT_RTE.
2025-01-07 06:00:01 - INFO - Updated horse_accum_stats for horse 050050050052059062060058 on date 2025-01-06 stat_type DIRT_RTE.
2025-01-07 06:00:01 - INFO - Updated horse_accum_stats for horse 050050050052058060057059 on date 2025-01-06 stat_type DIRT_RTE.
2025-01-07 06:00:01 - INFO - Updated horse_accum_stats for horse 050049050052059059063055 on date 2025-01-06 stat_type DIRT_RTE.
2025-01-07 06:00:01 - INFO - Updated horse_accum_stats for horse 081052053055052060061062 on date 2025-01-06 stat_type DIRT_RTE.
2025-01-07 06:00:01 - INFO - Updated horse_accum_stats for horse 049058050051058053058062 on date 2025-01-06 stat_type DIRT_RTE.
2025-01-07 06:00:01 - INFO - Updated horse_accum_stats for horse 050050050051058060060064 on date 2025-01-06 stat_type DIRT_RTE.
2025-01-07 06:00:01 - INFO - Updated horse_accum_stats for horse 050050050052059059060061 on date 2025-01-06 stat_type DIRT_RTE.
2025-01-07 06:00:01 - INFO - Updated horse_accum_stats for horse 049058050051059062057055 on date 2025-01-06 stat_type DIRT_RTE.
2025-01-07 06:00:01 - INFO - Updated horse_accum_stats for horse 050050050051057058054060 on date 2025-01-06 stat_type DIRT_RTE.
2025-01-07 06:00:01 - INFO - Updated horse_accum_stats for horse 081052053054061053054056 on date 2025-01-06 stat_type DIRT_RTE.
2025-01-07 06:00:01 - INFO - Updated horse_accum_stats for horse 050050050051059058063055 on date 2025-01-06 stat_type DIRT_RTE.
2025-01-07 06:00:01 - INFO - Updated horse_accum_stats for horse 050049050052056060062064 on date 2025-01-06 stat_type DIRT_RTE.
2025-01-07 06:00:01 - INFO - Updated horse_accum_stats for horse 081052053059054053058060 on date 2025-01-06 stat_type DIRT_RTE.
2025-01-07 06:00:01 - INFO - Updated horse_accum_stats for horse 050049050052055061057060 on date 2025-01-06 stat_type DIRT_RTE.
2025-01-07 06:00:01 - INFO - Updated horse_accum_stats for horse 050050050052060062062059 on date 2025-01-06 stat_type DIRT_RTE.
2025-01-07 06:00:01 - INFO - Updated horse_accum_stats for horse 081052052058053061062062 on date 2025-01-06 stat_type DIRT_RTE.
2025-01-07 06:00:01 - INFO - Updated horse_accum_stats for horse 049058050051058055063063 on date 2025-01-06 stat_type DIRT_RTE.
2025-01-07 06:00:01 - INFO - Updated horse_accum_stats for horse 049058050051053060054055 on date 2025-01-06 stat_type DIRT_RTE.
2025-01-07 06:00:01 - INFO - Updated horse_accum_stats for horse 049058050051061059063064 on date 2025-01-06 stat_type DIRT_RTE.
2025-01-07 06:00:01 - INFO - Updated horse_accum_stats for horse 050050050052055057057060 on date 2025-01-06 stat_type DIRT_RTE.
2025-01-07 06:00:01 - INFO - Updated horse_accum_stats for horse 081052053053053057054064 on date 2025-01-06 stat_type DIRT_RTE.
2025-01-07 06:00:01 - INFO - Updated horse_accum_stats for horse 050050050051057061055058 on date 2025-01-06 stat_type DIRT_RTE.
2025-01-07 06:00:01 - INFO - Updated horse_accum_stats for horse 081052053052057056060061 on date 2025-01-06 stat_type DIRT_RTE.
2025-01-07 06:00:01 - INFO - Updated horse_accum_stats for horse 049058050052053058063064 on date 2025-01-06 stat_type DIRT_RTE.
2025-01-07 06:00:01 - INFO - Updated horse_accum_stats for horse 049058050051058060059056 on date 2025-01-06 stat_type DIRT_RTE.
2025-01-07 06:00:01 - INFO - Updated horse_accum_stats for horse 081052054053060053059058 on date 2025-01-06 stat_type DIRT_RTE.
2025-01-07 06:00:01 - INFO - Updated horse_accum_stats for horse 049055050052060054062061 on date 2025-01-06 stat_type DIRT_RTE.
2025-01-07 06:00:01 - INFO - Updated horse_accum_stats for horse 050050050052061056054059 on date 2025-01-06 stat_type DIRT_RTE.
2025-01-07 06:00:01 - INFO - Updated horse_accum_stats for horse 050050050051053057059056 on date 2025-01-06 stat_type DIRT_RTE.
2025-01-07 06:00:01 - INFO - Updated horse_accum_stats for horse 049058050052057062057055 on date 2025-01-06 stat_type DIRT_RTE.
2025-01-07 06:00:01 - INFO - Updated horse_accum_stats for horse 049058050052058059056057 on date 2025-01-06 stat_type DIRT_RTE.
2025-01-07 06:00:01 - INFO - Updated horse_accum_stats for horse 081052053053052059062056 on date 2025-01-06 stat_type DIRT_RTE.
2025-01-07 06:00:01 - INFO - Updated horse_accum_stats for horse 081052053056060056063057 on date 2025-01-06 stat_type DIRT_RTE.
2025-01-07 06:00:01 - INFO - Updated horse_accum_stats for horse 050049050051057056058063 on date 2025-01-06 stat_type DIRT_RTE.
2025-01-07 06:00:01 - INFO - Updated horse_accum_stats for horse 049055050051053053054062 on date 2025-01-06 stat_type DIRT_RTE.
2025-01-07 06:00:01 - INFO - Updated horse_accum_stats for horse 081052054052056058060057 on date 2025-01-06 stat_type DIRT_RTE.
2025-01-07 06:00:01 - INFO - Updated horse_accum_stats for horse 050050050051053058059063 on date 2025-01-06 stat_type DIRT_RTE.
2025-01-07 06:00:01 - INFO - Updated horse_accum_stats for horse 050051050051059061061064 on date 2025-01-06 stat_type DIRT_RTE.
2025-01-07 06:00:01 - INFO - Updated horse_accum_stats for horse 050050050052052056063061 on date 2025-01-06 stat_type DIRT_RTE.
2025-01-07 06:00:01 - INFO - Updated horse_accum_stats for horse 050051050052057058061062 on date 2025-01-06 stat_type DIRT_RTE.
2025-01-07 06:00:01 - INFO - Updated horse_accum_stats for horse 050050050052055059062057 on date 2025-01-06 stat_type DIRT_RTE.
2025-01-07 06:00:01 - INFO - Updated horse_accum_stats for horse 050050050051058058056056 on date 2025-01-06 stat_type DIRT_RTE.
2025-01-07 06:00:01 - INFO - Updated horse_accum_stats for horse 081052053054055060057062 on date 2025-01-06 stat_type DIRT_RTE.
2025-01-07 06:00:01 - INFO - Updated horse_accum_stats for horse 050050050051061062058057 on date 2025-01-06 stat_type DIRT_RTE.
2025-01-07 06:00:01 - INFO - Updated horse_accum_stats for horse 050049050052056060061058 on date 2025-01-06 stat_type DIRT_RTE.
2025-01-07 06:00:01 - INFO - Updated horse_accum_stats for horse 049058050051055062060062 on date 2025-01-06 stat_type DIRT_RTE.
2025-01-07 06:00:01 - INFO - Updated horse_accum_stats for horse 049058050052061053055058 on date 2025-01-06 stat_type DIRT_RTE.
2025-01-07 06:00:01 - INFO - Updated horse_accum_stats for horse 049057050052053055060055 on date 2025-01-06 stat_type DIRT_RTE.
2025-01-07 06:00:01 - INFO - Updated horse_accum_stats for horse 050049050052054056062058 on date 2025-01-06 stat_type DIRT_RTE.
2025-01-07 06:00:01 - INFO - Updated horse_accum_stats for horse 049055050052058058057062 on date 2025-01-06 stat_type DIRT_RTE.
2025-01-07 06:00:01 - INFO - Updated horse_accum_stats for horse 081052053051054060055063 on date 2025-01-06 stat_type DIRT_RTE.
2025-01-07 06:00:01 - INFO - Updated horse_accum_stats for horse 081052053051054056063056 on date 2025-01-06 stat_type DIRT_RTE.
2025-01-07 06:00:01 - INFO - Updated horse_accum_stats for horse 050051050051055061057062 on date 2025-01-06 stat_type DIRT_RTE.
2025-01-07 06:00:01 - INFO - Updated horse_accum_stats for horse 050050050051060053055059 on date 2025-01-06 stat_type DIRT_RTE.
2025-01-07 06:00:01 - INFO - Updated horse_accum_stats for horse 050049050052060061056062 on date 2025-01-06 stat_type DIRT_RTE.
2025-01-07 06:00:01 - INFO - Updated horse_accum_stats for horse 081052053053054057054056 on date 2025-01-06 stat_type DIRT_RTE.
2025-01-07 06:00:01 - INFO - Updated horse_accum_stats for horse 081052053052053062060061 on date 2025-01-06 stat_type DIRT_RTE.
2025-01-07 06:00:01 - INFO - Updated horse_accum_stats for horse 050050050052057054056060 on date 2025-01-06 stat_type DIRT_RTE.
2025-01-07 06:00:01 - INFO - Updated horse_accum_stats for horse 049058050052057062057057 on date 2025-01-06 stat_type DIRT_RTE.
2025-01-07 06:00:01 - INFO - Updated horse_accum_stats for horse 050049050051053058054062 on date 2025-01-06 stat_type DIRT_RTE.
2025-01-07 06:00:01 - INFO - Updated horse_accum_stats for horse 050051050052057062057061 on date 2025-01-06 stat_type DIRT_RTE.
2025-01-07 06:00:01 - INFO - Updated horse_accum_stats for horse 050050050051056055056055 on date 2025-01-06 stat_type DIRT_RTE.
2025-01-07 06:00:01 - INFO - Updated horse_accum_stats for horse 050049050051056060063055 on date 2025-01-06 stat_type DIRT_RTE.
2025-01-07 06:00:01 - INFO - Updated horse_accum_stats for horse 050050050052059053054059 on date 2025-01-06 stat_type DIRT_RTE.
2025-01-07 06:00:01 - INFO - Updated horse_accum_stats for horse 050050050051061061062060 on date 2025-01-06 stat_type DIRT_RTE.
2025-01-07 06:00:01 - INFO - Updated horse_accum_stats for horse 050050050051054062063055 on date 2025-01-06 stat_type DIRT_RTE.
2025-01-07 06:00:01 - INFO - Updated horse_accum_stats for horse 049058050052058062056063 on date 2025-01-06 stat_type DIRT_RTE.
2025-01-07 06:00:01 - INFO - Updated horse_accum_stats for horse 050050050052055059057056 on date 2025-01-06 stat_type DIRT_RTE.
2025-01-07 06:00:01 - INFO - Updated horse_accum_stats for horse 049058050051055055058058 on date 2025-01-06 stat_type DIRT_RTE.
2025-01-07 06:00:01 - INFO - Updated horse_accum_stats for horse 050050050052057059063063 on date 2025-01-06 stat_type DIRT_RTE.
2025-01-07 06:00:01 - INFO - Updated horse_accum_stats for horse 050050050052056058060062 on date 2025-01-06 stat_type DIRT_RTE.
2025-01-07 06:00:01 - INFO - Updated horse_accum_stats for horse 050049050052058060054063 on date 2025-01-06 stat_type DIRT_RTE.
2025-01-07 06:00:01 - INFO - Updated horse_accum_stats for horse 049058050051059058056060 on date 2025-01-06 stat_type DIRT_RTE.
2025-01-07 06:00:01 - INFO - Updated horse_accum_stats for horse 050049050051052062062061 on date 2025-01-06 stat_type DIRT_RTE.
2025-01-07 06:00:01 - INFO - Updated horse_accum_stats for horse 050050050051054054060058 on date 2025-01-06 stat_type DIRT_RTE.
2025-01-07 06:00:01 - INFO - Updated horse_accum_stats for horse 081052053054052054054059 on date 2025-01-06 stat_type DIRT_RTE.
2025-01-07 06:00:01 - INFO - Updated horse_accum_stats for horse 050050050053052060057055 on date 2025-01-06 stat_type DIRT_RTE.
2025-01-07 06:00:01 - INFO - Updated horse_accum_stats for horse 050051050052059060060061 on date 2025-01-06 stat_type DIRT_RTE.
2025-01-07 06:00:01 - INFO - Updated horse_accum_stats for horse 050050050051058056059062 on date 2025-01-06 stat_type DIRT_RTE.
2025-01-07 06:00:01 - INFO - Updated horse_accum_stats for horse 050049050051057062063055 on date 2025-01-06 stat_type DIRT_RTE.
2025-01-07 06:00:01 - INFO - Updated horse_accum_stats for horse 050049050052054053058057 on date 2025-01-06 stat_type DIRT_RTE.
2025-01-07 06:00:01 - INFO - Updated horse_accum_stats for horse 049056050052055055063059 on date 2025-01-06 stat_type DIRT_RTE.
2025-01-07 06:00:01 - INFO - Updated horse_accum_stats for horse 070049050055058059054063 on date 2025-01-06 stat_type DIRT_RTE.
2025-01-07 06:00:01 - INFO - Updated horse_accum_stats for horse 050049050051059057062058 on date 2025-01-06 stat_type DIRT_RTE.
2025-01-07 06:00:01 - INFO - Marked race_date 2025-01-06 as processed for stat_type DIRT_RTE.
2025-01-07 06:00:01 - INFO - Updated last processed date for stat type: DIRT_RTE to 2025-01-06
2025-01-07 06:00:01 - INFO - Starting processing for stat type: MUDDY_SPRNT
2025-01-07 06:00:01 - INFO - Last processed date for MUDDY_SPRNT: 2024-12-16
2025-01-07 06:00:01 - INFO - Fetched 21 race_dates for MUDDY_SPRNT.
2025-01-07 06:00:01 - INFO - Processing stat type: MUDDY_SPRNT for 21 new race dates.
2025-01-07 06:00:01 - INFO - Total horses fetched from 'horse' table: 112855.
2025-01-07 06:00:01 - INFO - Processing race_date: 2024-12-17 for stat_type: MUDDY_SPRNT
2025-01-07 06:00:01 - INFO - Race_date 2024-12-17: 0 actual_horses found.
2025-01-07 06:00:01 - WARNING - No actual_horses found for race_date 2024-12-17. Skipping.
2025-01-07 06:00:01 - INFO - Processing race_date: 2024-12-18 for stat_type: MUDDY_SPRNT
2025-01-07 06:00:01 - INFO - Race_date 2024-12-18: 0 actual_horses found.
2025-01-07 06:00:01 - WARNING - No actual_horses found for race_date 2024-12-18. Skipping.
2025-01-07 06:00:01 - INFO - Processing race_date: 2024-12-19 for stat_type: MUDDY_SPRNT
2025-01-07 06:00:01 - INFO - Race_date 2024-12-19: 0 actual_horses found.
2025-01-07 06:00:01 - WARNING - No actual_horses found for race_date 2024-12-19. Skipping.
2025-01-07 06:00:01 - INFO - Processing race_date: 2024-12-20 for stat_type: MUDDY_SPRNT
2025-01-07 06:00:01 - INFO - Race_date 2024-12-20: 0 actual_horses found.
2025-01-07 06:00:01 - WARNING - No actual_horses found for race_date 2024-12-20. Skipping.
2025-01-07 06:00:01 - INFO - Processing race_date: 2024-12-21 for stat_type: MUDDY_SPRNT
2025-01-07 06:00:01 - INFO - Race_date 2024-12-21: 0 actual_horses found.
2025-01-07 06:00:01 - WARNING - No actual_horses found for race_date 2024-12-21. Skipping.
2025-01-07 06:00:01 - INFO - Processing race_date: 2024-12-22 for stat_type: MUDDY_SPRNT
2025-01-07 06:00:01 - INFO - Race_date 2024-12-22: 0 actual_horses found.
2025-01-07 06:00:01 - WARNING - No actual_horses found for race_date 2024-12-22. Skipping.
2025-01-07 06:00:01 - INFO - Processing race_date: 2024-12-23 for stat_type: MUDDY_SPRNT
2025-01-07 06:00:01 - INFO - Race_date 2024-12-23: 0 actual_horses found.
2025-01-07 06:00:01 - WARNING - No actual_horses found for race_date 2024-12-23. Skipping.
2025-01-07 06:00:01 - INFO - Processing race_date: 2024-12-24 for stat_type: MUDDY_SPRNT
2025-01-07 06:00:01 - INFO - Race_date 2024-12-24: 0 actual_horses found.
2025-01-07 06:00:01 - WARNING - No actual_horses found for race_date 2024-12-24. Skipping.
2025-01-07 06:00:01 - INFO - Processing race_date: 2024-12-25 for stat_type: MUDDY_SPRNT
2025-01-07 06:00:01 - INFO - Race_date 2024-12-25: 0 actual_horses found.
2025-01-07 06:00:01 - WARNING - No actual_horses found for race_date 2024-12-25. Skipping.
2025-01-07 06:00:01 - INFO - Processing race_date: 2024-12-26 for stat_type: MUDDY_SPRNT
2025-01-07 06:00:01 - INFO - Race_date 2024-12-26: 0 actual_horses found.
2025-01-07 06:00:01 - WARNING - No actual_horses found for race_date 2024-12-26. Skipping.
2025-01-07 06:00:01 - INFO - Processing race_date: 2024-12-27 for stat_type: MUDDY_SPRNT
2025-01-07 06:00:01 - INFO - Race_date 2024-12-27: 0 actual_horses found.
2025-01-07 06:00:01 - WARNING - No actual_horses found for race_date 2024-12-27. Skipping.
2025-01-07 06:00:01 - INFO - Processing race_date: 2024-12-28 for stat_type: MUDDY_SPRNT
2025-01-07 06:00:01 - INFO - Race_date 2024-12-28: 0 actual_horses found.
2025-01-07 06:00:01 - WARNING - No actual_horses found for race_date 2024-12-28. Skipping.
2025-01-07 06:00:01 - INFO - Processing race_date: 2024-12-29 for stat_type: MUDDY_SPRNT
2025-01-07 06:00:01 - INFO - Race_date 2024-12-29: 0 actual_horses found.
2025-01-07 06:00:01 - WARNING - No actual_horses found for race_date 2024-12-29. Skipping.
2025-01-07 06:00:01 - INFO - Processing race_date: 2024-12-30 for stat_type: MUDDY_SPRNT
2025-01-07 06:00:01 - INFO - Race_date 2024-12-30: 0 actual_horses found.
2025-01-07 06:00:01 - WARNING - No actual_horses found for race_date 2024-12-30. Skipping.
2025-01-07 06:00:01 - INFO - Processing race_date: 2024-12-31 for stat_type: MUDDY_SPRNT
2025-01-07 06:00:01 - INFO - Race_date 2024-12-31: 0 actual_horses found.
2025-01-07 06:00:01 - WARNING - No actual_horses found for race_date 2024-12-31. Skipping.
2025-01-07 06:00:01 - INFO - Processing race_date: 2025-01-01 for stat_type: MUDDY_SPRNT
2025-01-07 06:00:01 - INFO - Race_date 2025-01-01: 0 actual_horses found.
2025-01-07 06:00:01 - WARNING - No actual_horses found for race_date 2025-01-01. Skipping.
2025-01-07 06:00:01 - INFO - Processing race_date: 2025-01-02 for stat_type: MUDDY_SPRNT
2025-01-07 06:00:01 - INFO - Race_date 2025-01-02: 0 actual_horses found.
2025-01-07 06:00:01 - WARNING - No actual_horses found for race_date 2025-01-02. Skipping.
2025-01-07 06:00:01 - INFO - Processing race_date: 2025-01-03 for stat_type: MUDDY_SPRNT
2025-01-07 06:00:01 - INFO - Race_date 2025-01-03: 0 actual_horses found.
2025-01-07 06:00:01 - WARNING - No actual_horses found for race_date 2025-01-03. Skipping.
2025-01-07 06:00:01 - INFO - Processing race_date: 2025-01-04 for stat_type: MUDDY_SPRNT
2025-01-07 06:00:01 - INFO - Race_date 2025-01-04: 0 actual_horses found.
2025-01-07 06:00:01 - WARNING - No actual_horses found for race_date 2025-01-04. Skipping.
2025-01-07 06:00:01 - INFO - Processing race_date: 2025-01-05 for stat_type: MUDDY_SPRNT
2025-01-07 06:00:01 - INFO - Race_date 2025-01-05: 0 actual_horses found.
2025-01-07 06:00:01 - WARNING - No actual_horses found for race_date 2025-01-05. Skipping.
2025-01-07 06:00:01 - INFO - Processing race_date: 2025-01-06 for stat_type: MUDDY_SPRNT
2025-01-07 06:00:01 - INFO - Race_date 2025-01-06: 0 actual_horses found.
2025-01-07 06:00:01 - WARNING - No actual_horses found for race_date 2025-01-06. Skipping.
2025-01-07 06:00:01 - INFO - No race dates were processed for stat type: MUDDY_SPRNT
2025-01-07 06:00:01 - INFO - Starting processing for stat type: MUDDY_RTE
2025-01-07 06:00:01 - INFO - Last processed date for MUDDY_RTE: 2024-12-16
2025-01-07 06:00:01 - INFO - Fetched 21 race_dates for MUDDY_RTE.
2025-01-07 06:00:01 - INFO - Processing stat type: MUDDY_RTE for 21 new race dates.
2025-01-07 06:00:02 - INFO - Total horses fetched from 'horse' table: 112855.
2025-01-07 06:00:02 - INFO - Processing race_date: 2024-12-17 for stat_type: MUDDY_RTE
2025-01-07 06:00:02 - INFO - Race_date 2024-12-17: 0 actual_horses found.
2025-01-07 06:00:02 - WARNING - No actual_horses found for race_date 2024-12-17. Skipping.
2025-01-07 06:00:02 - INFO - Processing race_date: 2024-12-18 for stat_type: MUDDY_RTE
2025-01-07 06:00:02 - INFO - Race_date 2024-12-18: 0 actual_horses found.
2025-01-07 06:00:02 - WARNING - No actual_horses found for race_date 2024-12-18. Skipping.
2025-01-07 06:00:02 - INFO - Processing race_date: 2024-12-19 for stat_type: MUDDY_RTE
2025-01-07 06:00:02 - INFO - Race_date 2024-12-19: 0 actual_horses found.
2025-01-07 06:00:02 - WARNING - No actual_horses found for race_date 2024-12-19. Skipping.
2025-01-07 06:00:02 - INFO - Processing race_date: 2024-12-20 for stat_type: MUDDY_RTE
2025-01-07 06:00:02 - INFO - Race_date 2024-12-20: 0 actual_horses found.
2025-01-07 06:00:02 - WARNING - No actual_horses found for race_date 2024-12-20. Skipping.
2025-01-07 06:00:02 - INFO - Processing race_date: 2024-12-21 for stat_type: MUDDY_RTE
2025-01-07 06:00:02 - INFO - Race_date 2024-12-21: 0 actual_horses found.
2025-01-07 06:00:02 - WARNING - No actual_horses found for race_date 2024-12-21. Skipping.
2025-01-07 06:00:02 - INFO - Processing race_date: 2024-12-22 for stat_type: MUDDY_RTE
2025-01-07 06:00:02 - INFO - Race_date 2024-12-22: 0 actual_horses found.
2025-01-07 06:00:02 - WARNING - No actual_horses found for race_date 2024-12-22. Skipping.
2025-01-07 06:00:02 - INFO - Processing race_date: 2024-12-23 for stat_type: MUDDY_RTE
2025-01-07 06:00:02 - INFO - Race_date 2024-12-23: 0 actual_horses found.
2025-01-07 06:00:02 - WARNING - No actual_horses found for race_date 2024-12-23. Skipping.
2025-01-07 06:00:02 - INFO - Processing race_date: 2024-12-24 for stat_type: MUDDY_RTE
2025-01-07 06:00:02 - INFO - Race_date 2024-12-24: 0 actual_horses found.
2025-01-07 06:00:02 - WARNING - No actual_horses found for race_date 2024-12-24. Skipping.
2025-01-07 06:00:02 - INFO - Processing race_date: 2024-12-25 for stat_type: MUDDY_RTE
2025-01-07 06:00:02 - INFO - Race_date 2024-12-25: 0 actual_horses found.
2025-01-07 06:00:02 - WARNING - No actual_horses found for race_date 2024-12-25. Skipping.
2025-01-07 06:00:02 - INFO - Processing race_date: 2024-12-26 for stat_type: MUDDY_RTE
2025-01-07 06:00:02 - INFO - Race_date 2024-12-26: 0 actual_horses found.
2025-01-07 06:00:02 - WARNING - No actual_horses found for race_date 2024-12-26. Skipping.
2025-01-07 06:00:02 - INFO - Processing race_date: 2024-12-27 for stat_type: MUDDY_RTE
2025-01-07 06:00:02 - INFO - Race_date 2024-12-27: 0 actual_horses found.
2025-01-07 06:00:02 - WARNING - No actual_horses found for race_date 2024-12-27. Skipping.
2025-01-07 06:00:02 - INFO - Processing race_date: 2024-12-28 for stat_type: MUDDY_RTE
2025-01-07 06:00:02 - INFO - Race_date 2024-12-28: 0 actual_horses found.
2025-01-07 06:00:02 - WARNING - No actual_horses found for race_date 2024-12-28. Skipping.
2025-01-07 06:00:02 - INFO - Processing race_date: 2024-12-29 for stat_type: MUDDY_RTE
2025-01-07 06:00:02 - INFO - Race_date 2024-12-29: 0 actual_horses found.
2025-01-07 06:00:02 - WARNING - No actual_horses found for race_date 2024-12-29. Skipping.
2025-01-07 06:00:02 - INFO - Processing race_date: 2024-12-30 for stat_type: MUDDY_RTE
2025-01-07 06:00:02 - INFO - Race_date 2024-12-30: 0 actual_horses found.
2025-01-07 06:00:02 - WARNING - No actual_horses found for race_date 2024-12-30. Skipping.
2025-01-07 06:00:02 - INFO - Processing race_date: 2024-12-31 for stat_type: MUDDY_RTE
2025-01-07 06:00:02 - INFO - Race_date 2024-12-31: 0 actual_horses found.
2025-01-07 06:00:02 - WARNING - No actual_horses found for race_date 2024-12-31. Skipping.
2025-01-07 06:00:02 - INFO - Processing race_date: 2025-01-01 for stat_type: MUDDY_RTE
2025-01-07 06:00:02 - INFO - Race_date 2025-01-01: 0 actual_horses found.
2025-01-07 06:00:02 - WARNING - No actual_horses found for race_date 2025-01-01. Skipping.
2025-01-07 06:00:02 - INFO - Processing race_date: 2025-01-02 for stat_type: MUDDY_RTE
2025-01-07 06:00:02 - INFO - Race_date 2025-01-02: 0 actual_horses found.
2025-01-07 06:00:02 - WARNING - No actual_horses found for race_date 2025-01-02. Skipping.
2025-01-07 06:00:02 - INFO - Processing race_date: 2025-01-03 for stat_type: MUDDY_RTE
2025-01-07 06:00:02 - INFO - Race_date 2025-01-03: 0 actual_horses found.
2025-01-07 06:00:02 - WARNING - No actual_horses found for race_date 2025-01-03. Skipping.
2025-01-07 06:00:02 - INFO - Processing race_date: 2025-01-04 for stat_type: MUDDY_RTE
2025-01-07 06:00:02 - INFO - Race_date 2025-01-04: 0 actual_horses found.
2025-01-07 06:00:02 - WARNING - No actual_horses found for race_date 2025-01-04. Skipping.
2025-01-07 06:00:02 - INFO - Processing race_date: 2025-01-05 for stat_type: MUDDY_RTE
2025-01-07 06:00:02 - INFO - Race_date 2025-01-05: 0 actual_horses found.
2025-01-07 06:00:02 - WARNING - No actual_horses found for race_date 2025-01-05. Skipping.
2025-01-07 06:00:02 - INFO - Processing race_date: 2025-01-06 for stat_type: MUDDY_RTE
2025-01-07 06:00:02 - INFO - Race_date 2025-01-06: 0 actual_horses found.
2025-01-07 06:00:02 - WARNING - No actual_horses found for race_date 2025-01-06. Skipping.
2025-01-07 06:00:02 - INFO - No race dates were processed for stat type: MUDDY_RTE
2025-01-07 06:00:02 - INFO - Starting processing for stat type: TURF_SPRNT
2025-01-07 06:00:02 - INFO - Last processed date for TURF_SPRNT: 2025-01-05
2025-01-07 06:00:02 - INFO - Fetched 1 race_dates for TURF_SPRNT.
2025-01-07 06:00:02 - INFO - Processing stat type: TURF_SPRNT for 1 new race dates.
2025-01-07 06:00:02 - INFO - Total horses fetched from 'horse' table: 112855.
2025-01-07 06:00:02 - INFO - Processing race_date: 2025-01-06 for stat_type: TURF_SPRNT
2025-01-07 06:00:02 - INFO - Race_date 2025-01-06: 16 actual_horses found.
2025-01-07 06:00:02 - INFO - Updated horse_accum_stats for horse 050051050052054058054062 on date 2025-01-06 stat_type TURF_SPRNT.
2025-01-07 06:00:02 - INFO - Updated horse_accum_stats for horse 049058050052061056060058 on date 2025-01-06 stat_type TURF_SPRNT.
2025-01-07 06:00:02 - INFO - Updated horse_accum_stats for horse 050051050051058055054056 on date 2025-01-06 stat_type TURF_SPRNT.
2025-01-07 06:00:02 - INFO - Updated horse_accum_stats for horse 049053050051056057057059 on date 2025-01-06 stat_type TURF_SPRNT.
2025-01-07 06:00:02 - INFO - Updated horse_accum_stats for horse 050051050051056061061056 on date 2025-01-06 stat_type TURF_SPRNT.
2025-01-07 06:00:02 - INFO - Updated horse_accum_stats for horse 049057050051053056060057 on date 2025-01-06 stat_type TURF_SPRNT.
2025-01-07 06:00:02 - INFO - Updated horse_accum_stats for horse 050051050051053062057061 on date 2025-01-06 stat_type TURF_SPRNT.
2025-01-07 06:00:02 - INFO - Updated horse_accum_stats for horse 050049050051054058061056 on date 2025-01-06 stat_type TURF_SPRNT.
2025-01-07 06:00:02 - INFO - Updated horse_accum_stats for horse 050051050051061056059055 on date 2025-01-06 stat_type TURF_SPRNT.
2025-01-07 06:00:02 - INFO - Updated horse_accum_stats for horse 050051050051052057063056 on date 2025-01-06 stat_type TURF_SPRNT.
2025-01-07 06:00:02 - INFO - Updated horse_accum_stats for horse 050051050051060061054064 on date 2025-01-06 stat_type TURF_SPRNT.
2025-01-07 06:00:02 - INFO - Updated horse_accum_stats for horse 050050050051056056063058 on date 2025-01-06 stat_type TURF_SPRNT.
2025-01-07 06:00:02 - INFO - Updated horse_accum_stats for horse 050051050051057056060060 on date 2025-01-06 stat_type TURF_SPRNT.
2025-01-07 06:00:02 - INFO - Updated horse_accum_stats for horse 050049050053052057062062 on date 2025-01-06 stat_type TURF_SPRNT.
2025-01-07 06:00:02 - INFO - Updated horse_accum_stats for horse 049057050051052055059056 on date 2025-01-06 stat_type TURF_SPRNT.
2025-01-07 06:00:02 - INFO - Updated horse_accum_stats for horse 050051050052059061056056 on date 2025-01-06 stat_type TURF_SPRNT.
2025-01-07 06:00:02 - INFO - Marked race_date 2025-01-06 as processed for stat_type TURF_SPRNT.
2025-01-07 06:00:02 - INFO - Updated last processed date for stat type: TURF_SPRNT to 2025-01-06
2025-01-07 06:00:02 - INFO - Starting processing for stat type: TURF_RTE
2025-01-07 06:00:02 - INFO - Last processed date for TURF_RTE: 2025-01-05
2025-01-07 06:00:02 - INFO - Fetched 1 race_dates for TURF_RTE.
2025-01-07 06:00:02 - INFO - Processing stat type: TURF_RTE for 1 new race dates.
2025-01-07 06:00:02 - INFO - Total horses fetched from 'horse' table: 112855.
2025-01-07 06:00:02 - INFO - Processing race_date: 2025-01-06 for stat_type: TURF_RTE
2025-01-07 06:00:02 - INFO - Race_date 2025-01-06: 16 actual_horses found.
2025-01-07 06:00:02 - INFO - Updated horse_accum_stats for horse 050051050052054058054062 on date 2025-01-06 stat_type TURF_RTE.
2025-01-07 06:00:02 - INFO - Updated horse_accum_stats for horse 049058050052061056060058 on date 2025-01-06 stat_type TURF_RTE.
2025-01-07 06:00:02 - INFO - Updated horse_accum_stats for horse 050051050051058055054056 on date 2025-01-06 stat_type TURF_RTE.
2025-01-07 06:00:02 - INFO - Updated horse_accum_stats for horse 049053050051056057057059 on date 2025-01-06 stat_type TURF_RTE.
2025-01-07 06:00:02 - INFO - Updated horse_accum_stats for horse 050051050051056061061056 on date 2025-01-06 stat_type TURF_RTE.
2025-01-07 06:00:02 - INFO - Updated horse_accum_stats for horse 049057050051053056060057 on date 2025-01-06 stat_type TURF_RTE.
2025-01-07 06:00:02 - INFO - Updated horse_accum_stats for horse 050051050051053062057061 on date 2025-01-06 stat_type TURF_RTE.
2025-01-07 06:00:02 - INFO - Updated horse_accum_stats for horse 050049050051054058061056 on date 2025-01-06 stat_type TURF_RTE.
2025-01-07 06:00:02 - INFO - Updated horse_accum_stats for horse 050051050051061056059055 on date 2025-01-06 stat_type TURF_RTE.
2025-01-07 06:00:02 - INFO - Updated horse_accum_stats for horse 050051050051052057063056 on date 2025-01-06 stat_type TURF_RTE.
2025-01-07 06:00:02 - INFO - Updated horse_accum_stats for horse 050051050051060061054064 on date 2025-01-06 stat_type TURF_RTE.
2025-01-07 06:00:02 - INFO - Updated horse_accum_stats for horse 050050050051056056063058 on date 2025-01-06 stat_type TURF_RTE.
2025-01-07 06:00:02 - INFO - Updated horse_accum_stats for horse 050051050051057056060060 on date 2025-01-06 stat_type TURF_RTE.
2025-01-07 06:00:02 - INFO - Updated horse_accum_stats for horse 050049050053052057062062 on date 2025-01-06 stat_type TURF_RTE.
2025-01-07 06:00:02 - INFO - Updated horse_accum_stats for horse 049057050051052055059056 on date 2025-01-06 stat_type TURF_RTE.
2025-01-07 06:00:02 - INFO - Updated horse_accum_stats for horse 050051050052059061056056 on date 2025-01-06 stat_type TURF_RTE.
2025-01-07 06:00:02 - INFO - Marked race_date 2025-01-06 as processed for stat_type TURF_RTE.
2025-01-07 06:00:02 - INFO - Updated last processed date for stat type: TURF_RTE to 2025-01-06
2025-01-07 06:00:02 - INFO - Starting processing for stat type: ALL_WEATHER_SPRNT
2025-01-07 06:00:02 - INFO - Last processed date for ALL_WEATHER_SPRNT: None
2025-01-07 06:00:02 - INFO - Fetched 0 race_dates for ALL_WEATHER_SPRNT.
2025-01-07 06:00:02 - INFO - No new race dates to process for stat type: ALL_WEATHER_SPRNT.
2025-01-07 06:00:02 - INFO - No race dates were processed for stat type: ALL_WEATHER_SPRNT
2025-01-07 06:00:02 - INFO - Starting processing for stat type: ALL_WEATHER_RTE
2025-01-07 06:00:02 - INFO - Last processed date for ALL_WEATHER_RTE: None
2025-01-07 06:00:02 - INFO - Fetched 0 race_dates for ALL_WEATHER_RTE.
2025-01-07 06:00:02 - INFO - No new race dates to process for stat type: ALL_WEATHER_RTE.
2025-01-07 06:00:02 - INFO - No race dates were processed for stat type: ALL_WEATHER_RTE
2025-01-07 06:00:02 - INFO - Starting processing for stat type: ALLOWANCE_SPRNT
2025-01-07 06:00:02 - INFO - Last processed date for ALLOWANCE_SPRNT: 2025-01-05
2025-01-07 06:00:02 - INFO - Fetched 1 race_dates for ALLOWANCE_SPRNT.
2025-01-07 06:00:02 - INFO - Processing stat type: ALLOWANCE_SPRNT for 1 new race dates.
2025-01-07 06:00:02 - INFO - Total horses fetched from 'horse' table: 112855.
2025-01-07 06:00:02 - INFO - Processing race_date: 2025-01-06 for stat_type: ALLOWANCE_SPRNT
2025-01-07 06:00:02 - INFO - Race_date 2025-01-06: 13 actual_horses found.
2025-01-07 06:00:02 - INFO - Updated horse_accum_stats for horse 049057050052053055060055 on date 2025-01-06 stat_type ALLOWANCE_SPRNT.
2025-01-07 06:00:02 - INFO - Updated horse_accum_stats for horse 050051050052059060060061 on date 2025-01-06 stat_type ALLOWANCE_SPRNT.
2025-01-07 06:00:02 - INFO - Updated horse_accum_stats for horse 049058050051061059063064 on date 2025-01-06 stat_type ALLOWANCE_SPRNT.
2025-01-07 06:00:02 - INFO - Updated horse_accum_stats for horse 050050050052055057057060 on date 2025-01-06 stat_type ALLOWANCE_SPRNT.
2025-01-07 06:00:02 - INFO - Updated horse_accum_stats for horse 050049050052053062060058 on date 2025-01-06 stat_type ALLOWANCE_SPRNT.
2025-01-07 06:00:02 - INFO - Updated horse_accum_stats for horse 050051050051055061057062 on date 2025-01-06 stat_type ALLOWANCE_SPRNT.
2025-01-07 06:00:02 - INFO - Updated horse_accum_stats for horse 049058050051055055058058 on date 2025-01-06 stat_type ALLOWANCE_SPRNT.
2025-01-07 06:00:02 - INFO - Updated horse_accum_stats for horse 050051050051059061061064 on date 2025-01-06 stat_type ALLOWANCE_SPRNT.
2025-01-07 06:00:02 - INFO - Updated horse_accum_stats for horse 050050050052059056056056 on date 2025-01-06 stat_type ALLOWANCE_SPRNT.
2025-01-07 06:00:02 - INFO - Updated horse_accum_stats for horse 050051050052057058061062 on date 2025-01-06 stat_type ALLOWANCE_SPRNT.
2025-01-07 06:00:02 - INFO - Updated horse_accum_stats for horse 050049050051052062062061 on date 2025-01-06 stat_type ALLOWANCE_SPRNT.
2025-01-07 06:00:02 - INFO - Updated horse_accum_stats for horse 050051050052057062057061 on date 2025-01-06 stat_type ALLOWANCE_SPRNT.
2025-01-07 06:00:02 - INFO - Updated horse_accum_stats for horse 050050050051056055056055 on date 2025-01-06 stat_type ALLOWANCE_SPRNT.
2025-01-07 06:00:02 - INFO - Marked race_date 2025-01-06 as processed for stat_type ALLOWANCE_SPRNT.
2025-01-07 06:00:02 - INFO - Updated last processed date for stat type: ALLOWANCE_SPRNT to 2025-01-06
2025-01-07 06:00:02 - INFO - Starting processing for stat type: ALLOWANCE_RTE
2025-01-07 06:00:02 - INFO - Last processed date for ALLOWANCE_RTE: 2025-01-05
2025-01-07 06:00:02 - INFO - Fetched 1 race_dates for ALLOWANCE_RTE.
2025-01-07 06:00:02 - INFO - Processing stat type: ALLOWANCE_RTE for 1 new race dates.
2025-01-07 06:00:02 - INFO - Total horses fetched from 'horse' table: 112855.
2025-01-07 06:00:02 - INFO - Processing race_date: 2025-01-06 for stat_type: ALLOWANCE_RTE
2025-01-07 06:00:02 - INFO - Race_date 2025-01-06: 13 actual_horses found.
2025-01-07 06:00:02 - INFO - Updated horse_accum_stats for horse 049057050052053055060055 on date 2025-01-06 stat_type ALLOWANCE_RTE.
2025-01-07 06:00:02 - INFO - Updated horse_accum_stats for horse 050051050052059060060061 on date 2025-01-06 stat_type ALLOWANCE_RTE.
2025-01-07 06:00:02 - INFO - Updated horse_accum_stats for horse 049058050051061059063064 on date 2025-01-06 stat_type ALLOWANCE_RTE.
2025-01-07 06:00:02 - INFO - Updated horse_accum_stats for horse 050050050052055057057060 on date 2025-01-06 stat_type ALLOWANCE_RTE.
2025-01-07 06:00:02 - INFO - Updated horse_accum_stats for horse 050049050052053062060058 on date 2025-01-06 stat_type ALLOWANCE_RTE.
2025-01-07 06:00:02 - INFO - Updated horse_accum_stats for horse 050051050051055061057062 on date 2025-01-06 stat_type ALLOWANCE_RTE.
2025-01-07 06:00:02 - INFO - Updated horse_accum_stats for horse 049058050051055055058058 on date 2025-01-06 stat_type ALLOWANCE_RTE.
2025-01-07 06:00:02 - INFO - Updated horse_accum_stats for horse 050051050051059061061064 on date 2025-01-06 stat_type ALLOWANCE_RTE.
2025-01-07 06:00:02 - INFO - Updated horse_accum_stats for horse 050050050052059056056056 on date 2025-01-06 stat_type ALLOWANCE_RTE.
2025-01-07 06:00:02 - INFO - Updated horse_accum_stats for horse 050051050052057058061062 on date 2025-01-06 stat_type ALLOWANCE_RTE.
2025-01-07 06:00:02 - INFO - Updated horse_accum_stats for horse 050049050051052062062061 on date 2025-01-06 stat_type ALLOWANCE_RTE.
2025-01-07 06:00:02 - INFO - Updated horse_accum_stats for horse 050051050052057062057061 on date 2025-01-06 stat_type ALLOWANCE_RTE.
2025-01-07 06:00:02 - INFO - Updated horse_accum_stats for horse 050050050051056055056055 on date 2025-01-06 stat_type ALLOWANCE_RTE.
2025-01-07 06:00:02 - INFO - Marked race_date 2025-01-06 as processed for stat_type ALLOWANCE_RTE.
2025-01-07 06:00:02 - INFO - Updated last processed date for stat type: ALLOWANCE_RTE to 2025-01-06
2025-01-07 06:00:02 - INFO - Starting processing for stat type: CLAIMING_SPRNT
2025-01-07 06:00:02 - INFO - Last processed date for CLAIMING_SPRNT: 2025-01-05
2025-01-07 06:00:02 - INFO - Fetched 1 race_dates for CLAIMING_SPRNT.
2025-01-07 06:00:02 - INFO - Processing stat type: CLAIMING_SPRNT for 1 new race dates.
2025-01-07 06:00:02 - INFO - Total horses fetched from 'horse' table: 112855.
2025-01-07 06:00:02 - INFO - Processing race_date: 2025-01-06 for stat_type: CLAIMING_SPRNT
2025-01-07 06:00:02 - INFO - Race_date 2025-01-06: 34 actual_horses found.
2025-01-07 06:00:02 - INFO - Updated horse_accum_stats for horse 050049050052057053063058 on date 2025-01-06 stat_type CLAIMING_SPRNT.
2025-01-07 06:00:02 - INFO - Updated horse_accum_stats for horse 050050050051058060060064 on date 2025-01-06 stat_type CLAIMING_SPRNT.
2025-01-07 06:00:02 - INFO - Updated horse_accum_stats for horse 050050050051061061062060 on date 2025-01-06 stat_type CLAIMING_SPRNT.
2025-01-07 06:00:02 - INFO - Updated horse_accum_stats for horse 050049050051058058058063 on date 2025-01-06 stat_type CLAIMING_SPRNT.
2025-01-07 06:00:02 - INFO - Updated horse_accum_stats for horse 050050050051054062063055 on date 2025-01-06 stat_type CLAIMING_SPRNT.
2025-01-07 06:00:02 - INFO - Updated horse_accum_stats for horse 050050050052055059057056 on date 2025-01-06 stat_type CLAIMING_SPRNT.
2025-01-07 06:00:02 - INFO - Updated horse_accum_stats for horse 049058050051059062057055 on date 2025-01-06 stat_type CLAIMING_SPRNT.
2025-01-07 06:00:02 - INFO - Updated horse_accum_stats for horse 050050050052057059063063 on date 2025-01-06 stat_type CLAIMING_SPRNT.
2025-01-07 06:00:02 - INFO - Updated horse_accum_stats for horse 050050050052052056063061 on date 2025-01-06 stat_type CLAIMING_SPRNT.
2025-01-07 06:00:02 - INFO - Updated horse_accum_stats for horse 050050050052056058060062 on date 2025-01-06 stat_type CLAIMING_SPRNT.
2025-01-07 06:00:02 - INFO - Updated horse_accum_stats for horse 050050050051059058063055 on date 2025-01-06 stat_type CLAIMING_SPRNT.
2025-01-07 06:00:02 - INFO - Updated horse_accum_stats for horse 050049050052056060062064 on date 2025-01-06 stat_type CLAIMING_SPRNT.
2025-01-07 06:00:02 - INFO - Updated horse_accum_stats for horse 050049050052058060054063 on date 2025-01-06 stat_type CLAIMING_SPRNT.
2025-01-07 06:00:02 - INFO - Updated horse_accum_stats for horse 050050050052055059062057 on date 2025-01-06 stat_type CLAIMING_SPRNT.
2025-01-07 06:00:02 - INFO - Updated horse_accum_stats for horse 050050050052059058055061 on date 2025-01-06 stat_type CLAIMING_SPRNT.
2025-01-07 06:00:02 - INFO - Updated horse_accum_stats for horse 050049050052055061057060 on date 2025-01-06 stat_type CLAIMING_SPRNT.
2025-01-07 06:00:02 - INFO - Updated horse_accum_stats for horse 050049050052056060061058 on date 2025-01-06 stat_type CLAIMING_SPRNT.
2025-01-07 06:00:02 - INFO - Updated horse_accum_stats for horse 050050050052058054056057 on date 2025-01-06 stat_type CLAIMING_SPRNT.
2025-01-07 06:00:02 - INFO - Updated horse_accum_stats for horse 049058050052061053055058 on date 2025-01-06 stat_type CLAIMING_SPRNT.
2025-01-07 06:00:02 - INFO - Updated horse_accum_stats for horse 050049050052054056062058 on date 2025-01-06 stat_type CLAIMING_SPRNT.
2025-01-07 06:00:02 - INFO - Updated horse_accum_stats for horse 050050050051058056059062 on date 2025-01-06 stat_type CLAIMING_SPRNT.
2025-01-07 06:00:02 - INFO - Updated horse_accum_stats for horse 050050050051057061055058 on date 2025-01-06 stat_type CLAIMING_SPRNT.
2025-01-07 06:00:02 - INFO - Updated horse_accum_stats for horse 050049050052054053058057 on date 2025-01-06 stat_type CLAIMING_SPRNT.
2025-01-07 06:00:02 - INFO - Updated horse_accum_stats for horse 050050050051060053055059 on date 2025-01-06 stat_type CLAIMING_SPRNT.
2025-01-07 06:00:02 - INFO - Updated horse_accum_stats for horse 049058050051058060059056 on date 2025-01-06 stat_type CLAIMING_SPRNT.
2025-01-07 06:00:02 - INFO - Updated horse_accum_stats for horse 050049050052060061056062 on date 2025-01-06 stat_type CLAIMING_SPRNT.
2025-01-07 06:00:02 - INFO - Updated horse_accum_stats for horse 050050050052055054063063 on date 2025-01-06 stat_type CLAIMING_SPRNT.
2025-01-07 06:00:02 - INFO - Updated horse_accum_stats for horse 050050050052057054056060 on date 2025-01-06 stat_type CLAIMING_SPRNT.
2025-01-07 06:00:02 - INFO - Updated horse_accum_stats for horse 049058050052057062057057 on date 2025-01-06 stat_type CLAIMING_SPRNT.
2025-01-07 06:00:02 - INFO - Updated horse_accum_stats for horse 050050050051053057059056 on date 2025-01-06 stat_type CLAIMING_SPRNT.
2025-01-07 06:00:02 - INFO - Updated horse_accum_stats for horse 049058050052057062057055 on date 2025-01-06 stat_type CLAIMING_SPRNT.
2025-01-07 06:00:02 - INFO - Updated horse_accum_stats for horse 050049050052054055055055 on date 2025-01-06 stat_type CLAIMING_SPRNT.
2025-01-07 06:00:02 - INFO - Updated horse_accum_stats for horse 050049050052059059063055 on date 2025-01-06 stat_type CLAIMING_SPRNT.
2025-01-07 06:00:02 - INFO - Updated horse_accum_stats for horse 050049050051056060063055 on date 2025-01-06 stat_type CLAIMING_SPRNT.
2025-01-07 06:00:02 - INFO - Marked race_date 2025-01-06 as processed for stat_type CLAIMING_SPRNT.
2025-01-07 06:00:02 - INFO - Updated last processed date for stat type: CLAIMING_SPRNT to 2025-01-06
2025-01-07 06:00:02 - INFO - Starting processing for stat type: CLAIMING_RTE
2025-01-07 06:00:02 - INFO - Last processed date for CLAIMING_RTE: 2025-01-05
2025-01-07 06:00:02 - INFO - Fetched 1 race_dates for CLAIMING_RTE.
2025-01-07 06:00:02 - INFO - Processing stat type: CLAIMING_RTE for 1 new race dates.
2025-01-07 06:00:02 - INFO - Total horses fetched from 'horse' table: 112855.
2025-01-07 06:00:02 - INFO - Processing race_date: 2025-01-06 for stat_type: CLAIMING_RTE
2025-01-07 06:00:02 - INFO - Race_date 2025-01-06: 34 actual_horses found.
2025-01-07 06:00:02 - INFO - Updated horse_accum_stats for horse 050049050052057053063058 on date 2025-01-06 stat_type CLAIMING_RTE.
2025-01-07 06:00:02 - INFO - Updated horse_accum_stats for horse 050050050051058060060064 on date 2025-01-06 stat_type CLAIMING_RTE.
2025-01-07 06:00:02 - INFO - Updated horse_accum_stats for horse 050050050051061061062060 on date 2025-01-06 stat_type CLAIMING_RTE.
2025-01-07 06:00:02 - INFO - Updated horse_accum_stats for horse 050049050051058058058063 on date 2025-01-06 stat_type CLAIMING_RTE.
2025-01-07 06:00:02 - INFO - Updated horse_accum_stats for horse 050050050051054062063055 on date 2025-01-06 stat_type CLAIMING_RTE.
2025-01-07 06:00:02 - INFO - Updated horse_accum_stats for horse 050050050052055059057056 on date 2025-01-06 stat_type CLAIMING_RTE.
2025-01-07 06:00:02 - INFO - Updated horse_accum_stats for horse 049058050051059062057055 on date 2025-01-06 stat_type CLAIMING_RTE.
2025-01-07 06:00:02 - INFO - Updated horse_accum_stats for horse 050050050052057059063063 on date 2025-01-06 stat_type CLAIMING_RTE.
2025-01-07 06:00:02 - INFO - Updated horse_accum_stats for horse 050050050052052056063061 on date 2025-01-06 stat_type CLAIMING_RTE.
2025-01-07 06:00:02 - INFO - Updated horse_accum_stats for horse 050050050052056058060062 on date 2025-01-06 stat_type CLAIMING_RTE.
2025-01-07 06:00:02 - INFO - Updated horse_accum_stats for horse 050050050051059058063055 on date 2025-01-06 stat_type CLAIMING_RTE.
2025-01-07 06:00:02 - INFO - Updated horse_accum_stats for horse 050049050052056060062064 on date 2025-01-06 stat_type CLAIMING_RTE.
2025-01-07 06:00:02 - INFO - Updated horse_accum_stats for horse 050049050052058060054063 on date 2025-01-06 stat_type CLAIMING_RTE.
2025-01-07 06:00:02 - INFO - Updated horse_accum_stats for horse 050050050052055059062057 on date 2025-01-06 stat_type CLAIMING_RTE.
2025-01-07 06:00:02 - INFO - Updated horse_accum_stats for horse 050050050052059058055061 on date 2025-01-06 stat_type CLAIMING_RTE.
2025-01-07 06:00:02 - INFO - Updated horse_accum_stats for horse 050049050052055061057060 on date 2025-01-06 stat_type CLAIMING_RTE.
2025-01-07 06:00:02 - INFO - Updated horse_accum_stats for horse 050049050052056060061058 on date 2025-01-06 stat_type CLAIMING_RTE.
2025-01-07 06:00:02 - INFO - Updated horse_accum_stats for horse 050050050052058054056057 on date 2025-01-06 stat_type CLAIMING_RTE.
2025-01-07 06:00:02 - INFO - Updated horse_accum_stats for horse 049058050052061053055058 on date 2025-01-06 stat_type CLAIMING_RTE.
2025-01-07 06:00:02 - INFO - Updated horse_accum_stats for horse 050049050052054056062058 on date 2025-01-06 stat_type CLAIMING_RTE.
2025-01-07 06:00:02 - INFO - Updated horse_accum_stats for horse 050050050051058056059062 on date 2025-01-06 stat_type CLAIMING_RTE.
2025-01-07 06:00:02 - INFO - Updated horse_accum_stats for horse 050050050051057061055058 on date 2025-01-06 stat_type CLAIMING_RTE.
2025-01-07 06:00:02 - INFO - Updated horse_accum_stats for horse 050049050052054053058057 on date 2025-01-06 stat_type CLAIMING_RTE.
2025-01-07 06:00:02 - INFO - Updated horse_accum_stats for horse 050050050051060053055059 on date 2025-01-06 stat_type CLAIMING_RTE.
2025-01-07 06:00:02 - INFO - Updated horse_accum_stats for horse 049058050051058060059056 on date 2025-01-06 stat_type CLAIMING_RTE.
2025-01-07 06:00:02 - INFO - Updated horse_accum_stats for horse 050049050052060061056062 on date 2025-01-06 stat_type CLAIMING_RTE.
2025-01-07 06:00:02 - INFO - Updated horse_accum_stats for horse 050050050052055054063063 on date 2025-01-06 stat_type CLAIMING_RTE.
2025-01-07 06:00:02 - INFO - Updated horse_accum_stats for horse 050050050052057054056060 on date 2025-01-06 stat_type CLAIMING_RTE.
2025-01-07 06:00:02 - INFO - Updated horse_accum_stats for horse 049058050052057062057057 on date 2025-01-06 stat_type CLAIMING_RTE.
2025-01-07 06:00:02 - INFO - Updated horse_accum_stats for horse 050050050051053057059056 on date 2025-01-06 stat_type CLAIMING_RTE.
2025-01-07 06:00:02 - INFO - Updated horse_accum_stats for horse 049058050052057062057055 on date 2025-01-06 stat_type CLAIMING_RTE.
2025-01-07 06:00:02 - INFO - Updated horse_accum_stats for horse 050049050052054055055055 on date 2025-01-06 stat_type CLAIMING_RTE.
2025-01-07 06:00:02 - INFO - Updated horse_accum_stats for horse 050049050052059059063055 on date 2025-01-06 stat_type CLAIMING_RTE.
2025-01-07 06:00:02 - INFO - Updated horse_accum_stats for horse 050049050051056060063055 on date 2025-01-06 stat_type CLAIMING_RTE.
2025-01-07 06:00:02 - INFO - Marked race_date 2025-01-06 as processed for stat_type CLAIMING_RTE.
2025-01-07 06:00:02 - INFO - Updated last processed date for stat type: CLAIMING_RTE to 2025-01-06
2025-01-07 06:00:02 - INFO - Starting processing for stat type: STAKES_SPRNT
2025-01-07 06:00:02 - INFO - Last processed date for STAKES_SPRNT: 2025-01-05
2025-01-07 06:00:02 - INFO - Fetched 1 race_dates for STAKES_SPRNT.
2025-01-07 06:00:02 - INFO - Processing stat type: STAKES_SPRNT for 1 new race dates.
2025-01-07 06:00:02 - INFO - Total horses fetched from 'horse' table: 112855.
2025-01-07 06:00:02 - INFO - Processing race_date: 2025-01-06 for stat_type: STAKES_SPRNT
2025-01-07 06:00:02 - INFO - Race_date 2025-01-06: 0 actual_horses found.
2025-01-07 06:00:02 - WARNING - No actual_horses found for race_date 2025-01-06. Skipping.
2025-01-07 06:00:02 - INFO - No race dates were processed for stat type: STAKES_SPRNT
2025-01-07 06:00:02 - INFO - Starting processing for stat type: STAKES_RTE
2025-01-07 06:00:02 - INFO - Last processed date for STAKES_RTE: 2025-01-05
2025-01-07 06:00:02 - INFO - Fetched 1 race_dates for STAKES_RTE.
2025-01-07 06:00:02 - INFO - Processing stat type: STAKES_RTE for 1 new race dates.
2025-01-07 06:00:02 - INFO - Total horses fetched from 'horse' table: 112855.
2025-01-07 06:00:02 - INFO - Processing race_date: 2025-01-06 for stat_type: STAKES_RTE
2025-01-07 06:00:02 - INFO - Race_date 2025-01-06: 0 actual_horses found.
2025-01-07 06:00:02 - WARNING - No actual_horses found for race_date 2025-01-06. Skipping.
2025-01-07 06:00:02 - INFO - No race dates were processed for stat type: STAKES_RTE
2025-01-07 06:00:02 - INFO - Successfully updated horse_accum_stats for all stat types, including ALL_RACES.
2025-01-07 06:00:02 - INFO - Database connection closed.
