2024-12-17 06:30:01 - INFO - Logging has been set up successfully.
2024-12-17 06:30:01 - INFO - Password found in configuration. Using provided password for authentication.
2024-12-17 06:30:01 - INFO - Connection pool created successfully.
2024-12-17 06:30:01 - INFO - Updating sectionals_aggregated beginning...
2024-12-17 06:30:02 - INFO - Total groups to process: 153330
2024-12-17 06:30:02 - INFO - Processing batch 1: Groups 1 to 1000
2024-12-17 06:30:02 - INFO - Batch 1 processed successfully.
2024-12-17 06:30:02 - INFO - Processing batch 2: Groups 1001 to 2000
2024-12-17 06:30:02 - INFO - Batch 2 processed successfully.
2024-12-17 06:30:02 - INFO - Processing batch 3: Groups 2001 to 3000
2024-12-17 06:30:02 - INFO - Batch 3 processed successfully.
2024-12-17 06:30:02 - INFO - Processing batch 4: Groups 3001 to 4000
2024-12-17 06:30:03 - INFO - Batch 4 processed successfully.
2024-12-17 06:30:03 - INFO - Processing batch 5: Groups 4001 to 5000
2024-12-17 06:30:03 - INFO - Batch 5 processed successfully.
2024-12-17 06:30:03 - INFO - Processing batch 6: Groups 5001 to 6000
2024-12-17 06:30:03 - INFO - Batch 6 processed successfully.
2024-12-17 06:30:03 - INFO - Processing batch 7: Groups 6001 to 7000
2024-12-17 06:30:03 - INFO - Batch 7 processed successfully.
2024-12-17 06:30:03 - INFO - Processing batch 8: Groups 7001 to 8000
2024-12-17 06:30:03 - INFO - Batch 8 processed successfully.
2024-12-17 06:30:03 - INFO - Processing batch 9: Groups 8001 to 9000
2024-12-17 06:30:03 - INFO - Batch 9 processed successfully.
2024-12-17 06:30:03 - INFO - Processing batch 10: Groups 9001 to 10000
2024-12-17 06:30:03 - INFO - Batch 10 processed successfully.
2024-12-17 06:30:03 - INFO - Processing batch 11: Groups 10001 to 11000
2024-12-17 06:30:04 - INFO - Batch 11 processed successfully.
2024-12-17 06:30:04 - INFO - Processing batch 12: Groups 11001 to 12000
2024-12-17 06:30:04 - INFO - Batch 12 processed successfully.
2024-12-17 06:30:04 - INFO - Processing batch 13: Groups 12001 to 13000
2024-12-17 06:30:04 - INFO - Batch 13 processed successfully.
2024-12-17 06:30:04 - INFO - Processing batch 14: Groups 13001 to 14000
2024-12-17 06:30:04 - INFO - Batch 14 processed successfully.
2024-12-17 06:30:04 - INFO - Processing batch 15: Groups 14001 to 15000
2024-12-17 06:30:04 - INFO - Batch 15 processed successfully.
2024-12-17 06:30:04 - INFO - Processing batch 16: Groups 15001 to 16000
2024-12-17 06:30:04 - INFO - Batch 16 processed successfully.
2024-12-17 06:30:04 - INFO - Processing batch 17: Groups 16001 to 17000
2024-12-17 06:30:04 - INFO - Batch 17 processed successfully.
2024-12-17 06:30:04 - INFO - Processing batch 18: Groups 17001 to 18000
2024-12-17 06:30:04 - INFO - Batch 18 processed successfully.
2024-12-17 06:30:04 - INFO - Processing batch 19: Groups 18001 to 19000
2024-12-17 06:30:04 - INFO - Batch 19 processed successfully.
2024-12-17 06:30:04 - INFO - Processing batch 20: Groups 19001 to 20000
2024-12-17 06:30:04 - INFO - Batch 20 processed successfully.
2024-12-17 06:30:04 - INFO - Processing batch 21: Groups 20001 to 21000
2024-12-17 06:30:04 - INFO - Batch 21 processed successfully.
2024-12-17 06:30:04 - INFO - Processing batch 22: Groups 21001 to 22000
2024-12-17 06:30:04 - INFO - Batch 22 processed successfully.
2024-12-17 06:30:04 - INFO - Processing batch 23: Groups 22001 to 23000
2024-12-17 06:30:04 - INFO - Batch 23 processed successfully.
2024-12-17 06:30:04 - INFO - Processing batch 24: Groups 23001 to 24000
2024-12-17 06:30:04 - INFO - Batch 24 processed successfully.
2024-12-17 06:30:04 - INFO - Processing batch 25: Groups 24001 to 25000
2024-12-17 06:30:04 - INFO - Batch 25 processed successfully.
2024-12-17 06:30:04 - INFO - Processing batch 26: Groups 25001 to 26000
2024-12-17 06:30:04 - INFO - Batch 26 processed successfully.
2024-12-17 06:30:04 - INFO - Processing batch 27: Groups 26001 to 27000
2024-12-17 06:30:04 - INFO - Batch 27 processed successfully.
2024-12-17 06:30:04 - INFO - Processing batch 28: Groups 27001 to 28000
2024-12-17 06:30:04 - INFO - Batch 28 processed successfully.
2024-12-17 06:30:04 - INFO - Processing batch 29: Groups 28001 to 29000
2024-12-17 06:30:04 - INFO - Batch 29 processed successfully.
2024-12-17 06:30:04 - INFO - Processing batch 30: Groups 29001 to 30000
2024-12-17 06:30:04 - INFO - Batch 30 processed successfully.
2024-12-17 06:30:04 - INFO - Processing batch 31: Groups 30001 to 31000
2024-12-17 06:30:04 - INFO - Batch 31 processed successfully.
2024-12-17 06:30:04 - INFO - Processing batch 32: Groups 31001 to 32000
2024-12-17 06:30:04 - INFO - Batch 32 processed successfully.
2024-12-17 06:30:04 - INFO - Processing batch 33: Groups 32001 to 33000
2024-12-17 06:30:04 - INFO - Batch 33 processed successfully.
2024-12-17 06:30:04 - INFO - Processing batch 34: Groups 33001 to 34000
2024-12-17 06:30:05 - INFO - Batch 34 processed successfully.
2024-12-17 06:30:05 - INFO - Processing batch 35: Groups 34001 to 35000
2024-12-17 06:30:05 - INFO - Batch 35 processed successfully.
2024-12-17 06:30:05 - INFO - Processing batch 36: Groups 35001 to 36000
2024-12-17 06:30:05 - INFO - Batch 36 processed successfully.
2024-12-17 06:30:05 - INFO - Processing batch 37: Groups 36001 to 37000
2024-12-17 06:30:05 - INFO - Batch 37 processed successfully.
2024-12-17 06:30:05 - INFO - Processing batch 38: Groups 37001 to 38000
2024-12-17 06:30:05 - INFO - Batch 38 processed successfully.
2024-12-17 06:30:05 - INFO - Processing batch 39: Groups 38001 to 39000
2024-12-17 06:30:05 - INFO - Batch 39 processed successfully.
2024-12-17 06:30:05 - INFO - Processing batch 40: Groups 39001 to 40000
2024-12-17 06:30:06 - INFO - Batch 40 processed successfully.
2024-12-17 06:30:06 - INFO - Processing batch 41: Groups 40001 to 41000
2024-12-17 06:30:06 - INFO - Batch 41 processed successfully.
2024-12-17 06:30:06 - INFO - Processing batch 42: Groups 41001 to 42000
2024-12-17 06:30:06 - INFO - Batch 42 processed successfully.
2024-12-17 06:30:06 - INFO - Processing batch 43: Groups 42001 to 43000
2024-12-17 06:30:06 - INFO - Batch 43 processed successfully.
2024-12-17 06:30:06 - INFO - Processing batch 44: Groups 43001 to 44000
2024-12-17 06:30:06 - INFO - Batch 44 processed successfully.
2024-12-17 06:30:06 - INFO - Processing batch 45: Groups 44001 to 45000
2024-12-17 06:30:06 - INFO - Batch 45 processed successfully.
2024-12-17 06:30:06 - INFO - Processing batch 46: Groups 45001 to 46000
2024-12-17 06:30:06 - INFO - Batch 46 processed successfully.
2024-12-17 06:30:06 - INFO - Processing batch 47: Groups 46001 to 47000
2024-12-17 06:30:06 - INFO - Batch 47 processed successfully.
2024-12-17 06:30:06 - INFO - Processing batch 48: Groups 47001 to 48000
2024-12-17 06:30:07 - INFO - Batch 48 processed successfully.
2024-12-17 06:30:07 - INFO - Processing batch 49: Groups 48001 to 49000
2024-12-17 06:30:07 - INFO - Batch 49 processed successfully.
2024-12-17 06:30:07 - INFO - Processing batch 50: Groups 49001 to 50000
2024-12-17 06:30:07 - INFO - Batch 50 processed successfully.
2024-12-17 06:30:07 - INFO - Processing batch 51: Groups 50001 to 51000
2024-12-17 06:30:07 - INFO - Batch 51 processed successfully.
2024-12-17 06:30:07 - INFO - Processing batch 52: Groups 51001 to 52000
2024-12-17 06:30:07 - INFO - Batch 52 processed successfully.
2024-12-17 06:30:07 - INFO - Processing batch 53: Groups 52001 to 53000
2024-12-17 06:30:07 - INFO - Batch 53 processed successfully.
2024-12-17 06:30:07 - INFO - Processing batch 54: Groups 53001 to 54000
2024-12-17 06:30:08 - INFO - Batch 54 processed successfully.
2024-12-17 06:30:08 - INFO - Processing batch 55: Groups 54001 to 55000
2024-12-17 06:30:08 - INFO - Batch 55 processed successfully.
2024-12-17 06:30:08 - INFO - Processing batch 56: Groups 55001 to 56000
2024-12-17 06:30:08 - INFO - Batch 56 processed successfully.
2024-12-17 06:30:08 - INFO - Processing batch 57: Groups 56001 to 57000
2024-12-17 06:30:08 - INFO - Batch 57 processed successfully.
2024-12-17 06:30:08 - INFO - Processing batch 58: Groups 57001 to 58000
2024-12-17 06:30:08 - INFO - Batch 58 processed successfully.
2024-12-17 06:30:08 - INFO - Processing batch 59: Groups 58001 to 59000
2024-12-17 06:30:08 - INFO - Batch 59 processed successfully.
2024-12-17 06:30:08 - INFO - Processing batch 60: Groups 59001 to 60000
2024-12-17 06:30:09 - INFO - Batch 60 processed successfully.
2024-12-17 06:30:09 - INFO - Processing batch 61: Groups 60001 to 61000
2024-12-17 06:30:09 - INFO - Batch 61 processed successfully.
2024-12-17 06:30:09 - INFO - Processing batch 62: Groups 61001 to 62000
2024-12-17 06:30:09 - INFO - Batch 62 processed successfully.
2024-12-17 06:30:09 - INFO - Processing batch 63: Groups 62001 to 63000
2024-12-17 06:30:09 - INFO - Batch 63 processed successfully.
2024-12-17 06:30:09 - INFO - Processing batch 64: Groups 63001 to 64000
2024-12-17 06:30:09 - INFO - Batch 64 processed successfully.
2024-12-17 06:30:09 - INFO - Processing batch 65: Groups 64001 to 65000
2024-12-17 06:30:09 - INFO - Batch 65 processed successfully.
2024-12-17 06:30:09 - INFO - Processing batch 66: Groups 65001 to 66000
2024-12-17 06:30:09 - INFO - Batch 66 processed successfully.
2024-12-17 06:30:09 - INFO - Processing batch 67: Groups 66001 to 67000
2024-12-17 06:30:09 - INFO - Batch 67 processed successfully.
2024-12-17 06:30:09 - INFO - Processing batch 68: Groups 67001 to 68000
2024-12-17 06:30:10 - INFO - Batch 68 processed successfully.
2024-12-17 06:30:10 - INFO - Processing batch 69: Groups 68001 to 69000
2024-12-17 06:30:10 - INFO - Batch 69 processed successfully.
2024-12-17 06:30:10 - INFO - Processing batch 70: Groups 69001 to 70000
2024-12-17 06:30:10 - INFO - Batch 70 processed successfully.
2024-12-17 06:30:10 - INFO - Processing batch 71: Groups 70001 to 71000
2024-12-17 06:30:10 - INFO - Batch 71 processed successfully.
2024-12-17 06:30:10 - INFO - Processing batch 72: Groups 71001 to 72000
2024-12-17 06:30:10 - INFO - Batch 72 processed successfully.
2024-12-17 06:30:10 - INFO - Processing batch 73: Groups 72001 to 73000
2024-12-17 06:30:10 - INFO - Batch 73 processed successfully.
2024-12-17 06:30:10 - INFO - Processing batch 74: Groups 73001 to 74000
2024-12-17 06:30:10 - INFO - Batch 74 processed successfully.
2024-12-17 06:30:10 - INFO - Processing batch 75: Groups 74001 to 75000
2024-12-17 06:30:10 - INFO - Batch 75 processed successfully.
2024-12-17 06:30:10 - INFO - Processing batch 76: Groups 75001 to 76000
2024-12-17 06:30:11 - INFO - Batch 76 processed successfully.
2024-12-17 06:30:11 - INFO - Processing batch 77: Groups 76001 to 77000
2024-12-17 06:30:11 - INFO - Batch 77 processed successfully.
2024-12-17 06:30:11 - INFO - Processing batch 78: Groups 77001 to 78000
2024-12-17 06:30:11 - INFO - Batch 78 processed successfully.
2024-12-17 06:30:11 - INFO - Processing batch 79: Groups 78001 to 79000
2024-12-17 06:30:11 - INFO - Batch 79 processed successfully.
2024-12-17 06:30:11 - INFO - Processing batch 80: Groups 79001 to 80000
2024-12-17 06:30:11 - INFO - Batch 80 processed successfully.
2024-12-17 06:30:11 - INFO - Processing batch 81: Groups 80001 to 81000
2024-12-17 06:30:11 - INFO - Batch 81 processed successfully.
2024-12-17 06:30:11 - INFO - Processing batch 82: Groups 81001 to 82000
2024-12-17 06:30:11 - INFO - Batch 82 processed successfully.
2024-12-17 06:30:11 - INFO - Processing batch 83: Groups 82001 to 83000
2024-12-17 06:30:12 - INFO - Batch 83 processed successfully.
2024-12-17 06:30:12 - INFO - Processing batch 84: Groups 83001 to 84000
2024-12-17 06:30:12 - INFO - Batch 84 processed successfully.
2024-12-17 06:30:12 - INFO - Processing batch 85: Groups 84001 to 85000
2024-12-17 06:30:12 - INFO - Batch 85 processed successfully.
2024-12-17 06:30:12 - INFO - Processing batch 86: Groups 85001 to 86000
2024-12-17 06:30:12 - INFO - Batch 86 processed successfully.
2024-12-17 06:30:12 - INFO - Processing batch 87: Groups 86001 to 87000
2024-12-17 06:30:12 - INFO - Batch 87 processed successfully.
2024-12-17 06:30:12 - INFO - Processing batch 88: Groups 87001 to 88000
2024-12-17 06:30:12 - INFO - Batch 88 processed successfully.
2024-12-17 06:30:12 - INFO - Processing batch 89: Groups 88001 to 89000
2024-12-17 06:30:13 - INFO - Batch 89 processed successfully.
2024-12-17 06:30:13 - INFO - Processing batch 90: Groups 89001 to 90000
2024-12-17 06:30:13 - INFO - Batch 90 processed successfully.
2024-12-17 06:30:13 - INFO - Processing batch 91: Groups 90001 to 91000
2024-12-17 06:30:13 - INFO - Batch 91 processed successfully.
2024-12-17 06:30:13 - INFO - Processing batch 92: Groups 91001 to 92000
2024-12-17 06:30:13 - INFO - Batch 92 processed successfully.
2024-12-17 06:30:13 - INFO - Processing batch 93: Groups 92001 to 93000
2024-12-17 06:30:13 - INFO - Batch 93 processed successfully.
2024-12-17 06:30:13 - INFO - Processing batch 94: Groups 93001 to 94000
2024-12-17 06:30:13 - INFO - Batch 94 processed successfully.
2024-12-17 06:30:13 - INFO - Processing batch 95: Groups 94001 to 95000
2024-12-17 06:30:13 - INFO - Batch 95 processed successfully.
2024-12-17 06:30:13 - INFO - Processing batch 96: Groups 95001 to 96000
2024-12-17 06:30:14 - INFO - Batch 96 processed successfully.
2024-12-17 06:30:14 - INFO - Processing batch 97: Groups 96001 to 97000
2024-12-17 06:30:14 - INFO - Batch 97 processed successfully.
2024-12-17 06:30:14 - INFO - Processing batch 98: Groups 97001 to 98000
2024-12-17 06:30:14 - INFO - Batch 98 processed successfully.
2024-12-17 06:30:14 - INFO - Processing batch 99: Groups 98001 to 99000
2024-12-17 06:30:14 - INFO - Batch 99 processed successfully.
2024-12-17 06:30:14 - INFO - Processing batch 100: Groups 99001 to 100000
2024-12-17 06:30:14 - INFO - Batch 100 processed successfully.
2024-12-17 06:30:14 - INFO - Processing batch 101: Groups 100001 to 101000
2024-12-17 06:30:14 - INFO - Batch 101 processed successfully.
2024-12-17 06:30:14 - INFO - Processing batch 102: Groups 101001 to 102000
2024-12-17 06:30:15 - INFO - Batch 102 processed successfully.
2024-12-17 06:30:15 - INFO - Processing batch 103: Groups 102001 to 103000
2024-12-17 06:30:15 - INFO - Batch 103 processed successfully.
2024-12-17 06:30:15 - INFO - Processing batch 104: Groups 103001 to 104000
2024-12-17 06:30:15 - INFO - Batch 104 processed successfully.
2024-12-17 06:30:15 - INFO - Processing batch 105: Groups 104001 to 105000
2024-12-17 06:30:15 - INFO - Batch 105 processed successfully.
2024-12-17 06:30:15 - INFO - Processing batch 106: Groups 105001 to 106000
2024-12-17 06:30:15 - INFO - Batch 106 processed successfully.
2024-12-17 06:30:15 - INFO - Processing batch 107: Groups 106001 to 107000
2024-12-17 06:30:15 - INFO - Batch 107 processed successfully.
2024-12-17 06:30:15 - INFO - Processing batch 108: Groups 107001 to 108000
2024-12-17 06:30:16 - INFO - Batch 108 processed successfully.
2024-12-17 06:30:16 - INFO - Processing batch 109: Groups 108001 to 109000
2024-12-17 06:30:16 - INFO - Batch 109 processed successfully.
2024-12-17 06:30:16 - INFO - Processing batch 110: Groups 109001 to 110000
2024-12-17 06:30:16 - INFO - Batch 110 processed successfully.
2024-12-17 06:30:16 - INFO - Processing batch 111: Groups 110001 to 111000
2024-12-17 06:30:16 - INFO - Batch 111 processed successfully.
2024-12-17 06:30:16 - INFO - Processing batch 112: Groups 111001 to 112000
2024-12-17 06:30:16 - INFO - Batch 112 processed successfully.
2024-12-17 06:30:16 - INFO - Processing batch 113: Groups 112001 to 113000
2024-12-17 06:30:17 - INFO - Batch 113 processed successfully.
2024-12-17 06:30:17 - INFO - Processing batch 114: Groups 113001 to 114000
2024-12-17 06:30:17 - INFO - Batch 114 processed successfully.
2024-12-17 06:30:17 - INFO - Processing batch 115: Groups 114001 to 115000
2024-12-17 06:30:17 - INFO - Batch 115 processed successfully.
2024-12-17 06:30:17 - INFO - Processing batch 116: Groups 115001 to 116000
2024-12-17 06:30:17 - INFO - Batch 116 processed successfully.
2024-12-17 06:30:17 - INFO - Processing batch 117: Groups 116001 to 117000
2024-12-17 06:30:17 - INFO - Batch 117 processed successfully.
2024-12-17 06:30:17 - INFO - Processing batch 118: Groups 117001 to 118000
2024-12-17 06:30:17 - INFO - Batch 118 processed successfully.
2024-12-17 06:30:17 - INFO - Processing batch 119: Groups 118001 to 119000
2024-12-17 06:30:18 - INFO - Batch 119 processed successfully.
2024-12-17 06:30:18 - INFO - Processing batch 120: Groups 119001 to 120000
2024-12-17 06:30:18 - INFO - Batch 120 processed successfully.
2024-12-17 06:30:18 - INFO - Processing batch 121: Groups 120001 to 121000
2024-12-17 06:30:18 - INFO - Batch 121 processed successfully.
2024-12-17 06:30:18 - INFO - Processing batch 122: Groups 121001 to 122000
2024-12-17 06:30:18 - INFO - Batch 122 processed successfully.
2024-12-17 06:30:18 - INFO - Processing batch 123: Groups 122001 to 123000
2024-12-17 06:30:18 - INFO - Batch 123 processed successfully.
2024-12-17 06:30:18 - INFO - Processing batch 124: Groups 123001 to 124000
2024-12-17 06:30:18 - INFO - Batch 124 processed successfully.
2024-12-17 06:30:18 - INFO - Processing batch 125: Groups 124001 to 125000
2024-12-17 06:30:18 - INFO - Batch 125 processed successfully.
2024-12-17 06:30:18 - INFO - Processing batch 126: Groups 125001 to 126000
2024-12-17 06:30:19 - INFO - Batch 126 processed successfully.
2024-12-17 06:30:19 - INFO - Processing batch 127: Groups 126001 to 127000
2024-12-17 06:30:19 - INFO - Batch 127 processed successfully.
2024-12-17 06:30:19 - INFO - Processing batch 128: Groups 127001 to 128000
2024-12-17 06:30:19 - INFO - Batch 128 processed successfully.
2024-12-17 06:30:19 - INFO - Processing batch 129: Groups 128001 to 129000
2024-12-17 06:30:19 - INFO - Batch 129 processed successfully.
2024-12-17 06:30:19 - INFO - Processing batch 130: Groups 129001 to 130000
2024-12-17 06:30:19 - INFO - Batch 130 processed successfully.
2024-12-17 06:30:19 - INFO - Processing batch 131: Groups 130001 to 131000
2024-12-17 06:30:19 - INFO - Batch 131 processed successfully.
2024-12-17 06:30:19 - INFO - Processing batch 132: Groups 131001 to 132000
2024-12-17 06:30:19 - INFO - Batch 132 processed successfully.
2024-12-17 06:30:19 - INFO - Processing batch 133: Groups 132001 to 133000
2024-12-17 06:30:20 - INFO - Batch 133 processed successfully.
2024-12-17 06:30:20 - INFO - Processing batch 134: Groups 133001 to 134000
2024-12-17 06:30:20 - INFO - Batch 134 processed successfully.
2024-12-17 06:30:20 - INFO - Processing batch 135: Groups 134001 to 135000
2024-12-17 06:30:20 - INFO - Batch 135 processed successfully.
2024-12-17 06:30:20 - INFO - Processing batch 136: Groups 135001 to 136000
2024-12-17 06:30:20 - INFO - Batch 136 processed successfully.
2024-12-17 06:30:20 - INFO - Processing batch 137: Groups 136001 to 137000
2024-12-17 06:30:20 - INFO - Batch 137 processed successfully.
2024-12-17 06:30:20 - INFO - Processing batch 138: Groups 137001 to 138000
2024-12-17 06:30:20 - INFO - Batch 138 processed successfully.
2024-12-17 06:30:20 - INFO - Processing batch 139: Groups 138001 to 139000
2024-12-17 06:30:20 - INFO - Batch 139 processed successfully.
2024-12-17 06:30:20 - INFO - Processing batch 140: Groups 139001 to 140000
2024-12-17 06:30:21 - INFO - Batch 140 processed successfully.
2024-12-17 06:30:21 - INFO - Processing batch 141: Groups 140001 to 141000
2024-12-17 06:30:21 - INFO - Batch 141 processed successfully.
2024-12-17 06:30:21 - INFO - Processing batch 142: Groups 141001 to 142000
2024-12-17 06:30:21 - INFO - Batch 142 processed successfully.
2024-12-17 06:30:21 - INFO - Processing batch 143: Groups 142001 to 143000
2024-12-17 06:30:21 - INFO - Batch 143 processed successfully.
2024-12-17 06:30:21 - INFO - Processing batch 144: Groups 143001 to 144000
2024-12-17 06:30:21 - INFO - Batch 144 processed successfully.
2024-12-17 06:30:21 - INFO - Processing batch 145: Groups 144001 to 145000
2024-12-17 06:30:21 - INFO - Batch 145 processed successfully.
2024-12-17 06:30:21 - INFO - Processing batch 146: Groups 145001 to 146000
2024-12-17 06:30:22 - INFO - Batch 146 processed successfully.
2024-12-17 06:30:22 - INFO - Processing batch 147: Groups 146001 to 147000
2024-12-17 06:30:22 - INFO - Batch 147 processed successfully.
2024-12-17 06:30:22 - INFO - Processing batch 148: Groups 147001 to 148000
2024-12-17 06:30:22 - INFO - Batch 148 processed successfully.
2024-12-17 06:30:22 - INFO - Processing batch 149: Groups 148001 to 149000
2024-12-17 06:30:22 - INFO - Batch 149 processed successfully.
2024-12-17 06:30:22 - INFO - Processing batch 150: Groups 149001 to 150000
2024-12-17 06:30:22 - INFO - Batch 150 processed successfully.
2024-12-17 06:30:22 - INFO - Processing batch 151: Groups 150001 to 151000
2024-12-17 06:30:22 - INFO - Batch 151 processed successfully.
2024-12-17 06:30:22 - INFO - Processing batch 152: Groups 151001 to 152000
2024-12-17 06:30:23 - INFO - Batch 152 processed successfully.
2024-12-17 06:30:23 - INFO - Processing batch 153: Groups 152001 to 153000
2024-12-17 06:30:23 - INFO - Batch 153 processed successfully.
2024-12-17 06:30:23 - INFO - Processing batch 154: Groups 153001 to 153330
2024-12-17 06:30:23 - INFO - Batch 154 processed successfully.
2024-12-17 06:30:23 - INFO - sectionals_aggregated updated successfully in 21.28 seconds.
2024-12-17 06:30:23 - INFO - Updating net_sentiment beginning...
2024-12-17 06:30:44 - INFO - Net sentiment updated successfully in 21.16 seconds.
2024-12-17 06:30:44 - INFO - All updates completed with some errors.
