Traceback (most recent call last):
  File "/home/exx/myCode/horse-racing/gmaxfeed/download_data.py", line 135, in <module>
    download_and_save_data()
  File "/home/exx/myCode/horse-racing/gmaxfeed/download_data.py", line 63, in download_and_save_data
    racelist = gmax_feed.get_racelist_range(start_date=start_date, end_date=end_date, new=True)
               ^^^^^^^^^^^^^^^^^^^^^^^^^^^^^^^^^^^^^^^^^^^^^^^^^^^^^^^^^^^^^^^^^^^^^^^^^^^^^^^^
  File "/home/exx/myCode/horse-racing/gmaxfeed/gmaxfeed/feeds/postrace_feeds.py", line 726, in get_racelist_range
    result = apply_thread_pool(
             ^^^^^^^^^^^^^^^^^^
  File "/home/exx/myCode/horse-racing/gmaxfeed/gmaxfeed/feeds/utils.py", line 580, in apply_thread_pool
    with concurrent.futures.ThreadPoolExecutor(threads) as pool:
  File "/home/exx/anaconda3/envs/mamba_env/envs/tf_gpu/lib/python3.11/concurrent/futures/_base.py", line 647, in __exit__
    self.shutdown(wait=True)
  File "/home/exx/anaconda3/envs/mamba_env/envs/tf_gpu/lib/python3.11/concurrent/futures/thread.py", line 235, in shutdown
    t.join()
  File "/home/exx/anaconda3/envs/mamba_env/envs/tf_gpu/lib/python3.11/threading.py", line 1119, in join
    self._wait_for_tstate_lock()
  File "/home/exx/anaconda3/envs/mamba_env/envs/tf_gpu/lib/python3.11/threading.py", line 1139, in _wait_for_tstate_lock
    if lock.acquire(block, timeout):
       ^^^^^^^^^^^^^^^^^^^^^^^^^^^^
KeyboardInterrupt
Exception ignored in: <module 'threading' from '/home/exx/anaconda3/envs/mamba_env/envs/tf_gpu/lib/python3.11/threading.py'>
Traceback (most recent call last):
  File "/home/exx/anaconda3/envs/mamba_env/envs/tf_gpu/lib/python3.11/threading.py", line 1560, in _shutdown
    atexit_call()
  File "/home/exx/anaconda3/envs/mamba_env/envs/tf_gpu/lib/python3.11/concurrent/futures/thread.py", line 31, in _python_exit
    t.join()
  File "/home/exx/anaconda3/envs/mamba_env/envs/tf_gpu/lib/python3.11/threading.py", line 1119, in join
    self._wait_for_tstate_lock()
  File "/home/exx/anaconda3/envs/mamba_env/envs/tf_gpu/lib/python3.11/threading.py", line 1139, in _wait_for_tstate_lock
    if lock.acquire(block, timeout):
       ^^^^^^^^^^^^^^^^^^^^^^^^^^^^
KeyboardInterrupt: 
Mon Oct 14 01:10:42 PM CDT 2024 - Python script ran successfully.
sending incremental file list
./
fixtures/
fixtures/2024-10-12
fixtures/2024-10-13
fixtures/2024-10-14
fixtures/2024-10-15
gpsData/
gpsData/73202410121130
gpsData/73202410121200
gpsData/73202410121236
gpsData/73202410121312
gpsData/73202410121348
gpsData/73202410121425
gpsData/73202410121501
gpsData/73202410121536
gpsData/73202410121610
gpsData/73202410121640
gpsData/73202410121712
gpsData/73202410121744
gpsData/73202410131225
gpsData/73202410131256
gpsData/73202410131327
gpsData/73202410131357
gpsData/73202410131428
gpsData/73202410131502
gpsData/73202410131536
gpsData/73202410131609
gpsData/73202410131640
gpsData/75202410121300
gpsData/75202410121332
gpsData/75202410121404
gpsData/75202410121436
gpsData/75202410121508
gpsData/75202410121540
gpsData/75202410121612
gpsData/75202410121644
gpsData/75202410121716
gpsData/75202410121748
gpsData/75202410131300
gpsData/75202410131332
gpsData/75202410131404
gpsData/75202410131436
gpsData/75202410131508
gpsData/75202410131540
gpsData/75202410131612
gpsData/75202410131644
gpsData/75202410131716
gpsData/86202410121250
gpsData/86202410121320
gpsData/86202410121351
gpsData/86202410121422
gpsData/86202410121456
gpsData/86202410121530
gpsData/86202410121604
gpsData/86202410121635
gpsData/86202410121708
gpsData/86202410121738
gpsData/86202410121811
gpsData/86202410131250
gpsData/86202410131320
gpsData/86202410131351
gpsData/86202410131422
gpsData/86202410131456
gpsData/86202410131530
gpsData/86202410131604
gpsData/86202410131635
gpsData/86202410131707
gpsData/86202410131738
gpsData/88202410121900
gpsData/88202410121928
gpsData/88202410121952
gpsData/88202410122016
gpsData/88202410122040
gpsData/88202410122104
gpsData/88202410122128
gpsData/88202410122152
gpsData/88202410122216
gpsData/88202410122240
gpsData/88202410122304
gpsData/88202410122328
gpsData/90202410121310
gpsData/90202410121345
gpsData/90202410121420
gpsData/90202410121455
gpsData/90202410121529
gpsData/90202410121603
gpsData/90202410121636
gpsData/90202410121709
gpsData/90202410121742
gpsData/90202410121814
gpsData/90202410131310
gpsData/90202410131345
gpsData/90202410131420
gpsData/90202410131455
gpsData/90202410131529
gpsData/90202410131603
gpsData/90202410131636
gpsData/90202410131708
gpsData/90202410131740
gpsData/91202410121910
gpsData/91202410121945
gpsData/91202410122010
gpsData/91202410122035
gpsData/91202410122100
gpsData/91202410122125
gpsData/91202410122158
gpsData/91202410122223
gpsData/91202410122248
gpsData/91202410122312
gpsData/91202410122335
gpsData/91202410122359
gpsData/93202410111832
gpsData/93202410111926
gpsData/94202410121300
gpsData/94202410121330
gpsData/94202410121400
gpsData/94202410121430
gpsData/94202410121500
gpsData/94202410121530
gpsData/94202410121600
gpsData/94202410121630
gpsData/94202410121700
gpsData/94202410131300
gpsData/94202410131330
gpsData/94202410131400
gpsData/94202410131430
gpsData/94202410131500
gpsData/94202410131530
gpsData/94202410131600
gpsData/94202410131630
gpsData/94202410131700
gpsData/96202410121210
gpsData/96202410121240
gpsData/96202410121309
gpsData/96202410121341
gpsData/96202410121413
gpsData/96202410121445
gpsData/96202410121517
gpsData/96202410121549
gpsData/96202410121620
gpsData/96202410121651
gpsData/96202410121725
gpsData/96202410131240
gpsData/96202410131310
gpsData/96202410131341
gpsData/96202410131412
gpsData/96202410131444
gpsData/96202410131517
gpsData/96202410131549
gpsData/96202410131621
gpsData/96202410131653
gpsData/CG202410121245
gpsData/CG202410121315
gpsData/CG202410121345
gpsData/CG202410121415
gpsData/CG202410121445
gpsData/CG202410121515
gpsData/CG202410121545
gpsData/CG202410121615
gpsData/CG202410121645
gpsData/CG202410131245
gpsData/CG202410131315
gpsData/CG202410131345
gpsData/CG202410131415
gpsData/CG202410131445
gpsData/CG202410131515
gpsData/CG202410131545
gpsData/CG202410131615
gpsData/ED202410111930
gpsData/ED202410111952
gpsData/ED202410112142
gpsData/ED202410121930
gpsData/ED202410121952
gpsData/ED202410122014
gpsData/ED202410122036
gpsData/ED202410122058
gpsData/ED202410122120
gpsData/ED202410122142
gpsData/ED202410122204
gpsData/ED202410122226
gpsData/ED202410122248
gpsData/ED202410122310
gpsData/ED202410122332
jumps/
racelist/
racelist/2024-10-14
routes/
sectionals-historical/
sectionals/
sectionals/73202410101326
sectionals/73202410101355
sectionals/73202410101426
sectionals/73202410101455
sectionals/73202410101525
sectionals/73202410101556
sectionals/73202410101625
sectionals/73202410111225
sectionals/73202410111256
sectionals/73202410111326
sectionals/73202410111357
sectionals/73202410111428
sectionals/73202410111500
sectionals/73202410111527
sectionals/73202410111555
sectionals/73202410111625
sectionals/73202410121130
sectionals/73202410121200
sectionals/73202410121236
sectionals/73202410121312
sectionals/73202410121348
sectionals/73202410121425
sectionals/73202410121501
sectionals/73202410121536
sectionals/73202410121610
sectionals/73202410121640
sectionals/73202410121712
sectionals/73202410121744
sectionals/73202410131225
sectionals/73202410131256
sectionals/73202410131327
sectionals/73202410131357
sectionals/73202410131428
sectionals/73202410131502
sectionals/73202410131536
sectionals/73202410131609
sectionals/73202410131640
sectionals/75202410101332
sectionals/75202410101404
sectionals/75202410101436
sectionals/75202410101508
sectionals/75202410101540
sectionals/75202410101612
sectionals/75202410101644
sectionals/75202410101716
sectionals/75202410101748
sectionals/75202410111300
sectionals/75202410111332
sectionals/75202410111404
sectionals/75202410111436
sectionals/75202410111508
sectionals/75202410111540
sectionals/75202410111612
sectionals/75202410111644
sectionals/75202410111716
sectionals/75202410111748
sectionals/75202410121300
sectionals/75202410121332
sectionals/75202410121404
sectionals/75202410121436
sectionals/75202410121508
sectionals/75202410121540
sectionals/75202410121612
sectionals/75202410121644
sectionals/75202410121716
sectionals/75202410121748
sectionals/75202410131300
sectionals/75202410131332
sectionals/75202410131404
sectionals/75202410131436
sectionals/75202410131508
sectionals/75202410131540
sectionals/75202410131612
sectionals/75202410131644
sectionals/75202410131716
sectionals/86202410111250
sectionals/86202410111320
sectionals/86202410111351
sectionals/86202410111422
sectionals/86202410111456
sectionals/86202410111530
sectionals/86202410111604
sectionals/86202410111634
sectionals/86202410111705
sectionals/86202410121250
sectionals/86202410121320
sectionals/86202410121351
sectionals/86202410121422
sectionals/86202410121456
sectionals/86202410121530
sectionals/86202410121604
sectionals/86202410121635
sectionals/86202410121708
sectionals/86202410121738
sectionals/86202410121811
sectionals/86202410131250
sectionals/86202410131320
sectionals/86202410131351
sectionals/86202410131422
sectionals/86202410131456
sectionals/86202410131530
sectionals/86202410131604
sectionals/86202410131635
sectionals/86202410131707
sectionals/86202410131738
sectionals/88202410101815
sectionals/88202410101838
sectionals/88202410101901
sectionals/88202410101924
sectionals/88202410101947
sectionals/88202410102010
sectionals/88202410102033
sectionals/88202410102056
sectionals/88202410102119
sectionals/88202410102142
sectionals/88202410102205
sectionals/88202410102228
sectionals/88202410102251
sectionals/88202410111815
sectionals/88202410111842
sectionals/88202410111905
sectionals/88202410111928
sectionals/88202410111951
sectionals/88202410112014
sectionals/88202410112037
sectionals/88202410112100
sectionals/88202410112123
sectionals/88202410112146
sectionals/88202410112209
sectionals/88202410112232
sectionals/88202410112255
sectionals/88202410112318
sectionals/88202410112341
sectionals/88202410121900
sectionals/88202410121928
sectionals/88202410121952
sectionals/88202410122016
sectionals/88202410122040
sectionals/88202410122104
sectionals/88202410122128
sectionals/88202410122152
sectionals/88202410122216
sectionals/88202410122240
sectionals/88202410122304
sectionals/88202410122328
sectionals/89202410101410
sectionals/89202410101440
sectionals/89202410101511
sectionals/89202410101543
sectionals/89202410101615
sectionals/89202410101647
sectionals/89202410101719
sectionals/89202410101820
sectionals/90202410101650
sectionals/90202410101723
sectionals/90202410101756
sectionals/90202410101827
sectionals/90202410101858
sectionals/90202410101928
sectionals/90202410101957
sectionals/90202410102026
sectionals/90202410111310
sectionals/90202410111345
sectionals/90202410111420
sectionals/90202410111455
sectionals/90202410111529
sectionals/90202410111603
sectionals/90202410111636
sectionals/90202410111709
sectionals/90202410121310
sectionals/90202410121345
sectionals/90202410121420
sectionals/90202410121455
sectionals/90202410121529
sectionals/90202410121603
sectionals/90202410121636
sectionals/90202410121709
sectionals/90202410121742
sectionals/90202410121814
sectionals/90202410131310
sectionals/90202410131345
sectionals/90202410131420
sectionals/90202410131455
sectionals/90202410131529
sectionals/90202410131603
sectionals/90202410131636
sectionals/90202410131708
sectionals/90202410131740
sectionals/91202410101910
sectionals/91202410101942
sectionals/91202410102004
sectionals/91202410102026
sectionals/91202410102048
sectionals/91202410102110
sectionals/91202410102132
sectionals/91202410102154
sectionals/91202410102216
sectionals/91202410102238
sectionals/91202410111910
sectionals/91202410111942
sectionals/91202410112004
sectionals/91202410112026
sectionals/91202410112048
sectionals/91202410112110
sectionals/91202410112132
sectionals/91202410112154
sectionals/91202410112216
sectionals/91202410112238
sectionals/91202410112300
sectionals/91202410112322
sectionals/91202410121910
sectionals/91202410121945
sectionals/91202410122010
sectionals/91202410122035
sectionals/91202410122100
sectionals/91202410122125
sectionals/91202410122158
sectionals/91202410122223
sectionals/91202410122248
sectionals/91202410122312
sectionals/91202410122335
sectionals/91202410122359
sectionals/93202410111832
sectionals/93202410111926
sectionals/94202410111300
sectionals/94202410111330
sectionals/94202410111400
sectionals/94202410111430
sectionals/94202410111500
sectionals/94202410111530
sectionals/94202410111600
sectionals/94202410111630
sectionals/94202410121300
sectionals/94202410121330
sectionals/94202410121400
sectionals/94202410121430
sectionals/94202410121500
sectionals/94202410121530
sectionals/94202410121600
sectionals/94202410121630
sectionals/94202410121700
sectionals/94202410131300
sectionals/94202410131330
sectionals/94202410131400
sectionals/94202410131430
sectionals/94202410131500
sectionals/94202410131530
sectionals/94202410131600
sectionals/94202410131630
sectionals/94202410131700
sectionals/96202410101341
sectionals/96202410101413
sectionals/96202410101445
sectionals/96202410101517
sectionals/96202410101549
sectionals/96202410101621
sectionals/96202410121210
sectionals/96202410121240
sectionals/96202410121309
sectionals/96202410121341
sectionals/96202410121413
sectionals/96202410121445
sectionals/96202410121517
sectionals/96202410121549
sectionals/96202410121620
sectionals/96202410121651
sectionals/96202410121725
sectionals/96202410131240
sectionals/96202410131310
sectionals/96202410131341
sectionals/96202410131412
sectionals/96202410131444
sectionals/96202410131517
sectionals/96202410131549
sectionals/96202410131621
sectionals/96202410131653
sectionals/CG202410121245
sectionals/CG202410121315
sectionals/CG202410121345
sectionals/CG202410121415
sectionals/CG202410121445
sectionals/CG202410121515
sectionals/CG202410121545
sectionals/CG202410121615
sectionals/CG202410121645
sectionals/CG202410131245
sectionals/CG202410131315
sectionals/CG202410131345
sectionals/CG202410131415
sectionals/CG202410131445
sectionals/CG202410131515
sectionals/CG202410131545
sectionals/CG202410131615
sectionals/ED202410111930
sectionals/ED202410111952
sectionals/ED202410112014
sectionals/ED202410112036
sectionals/ED202410112058
sectionals/ED202410112120
sectionals/ED202410112142
sectionals/ED202410112204
sectionals/ED202410112226
sectionals/ED202410112248
sectionals/ED202410112310
sectionals/ED202410121930
sectionals/ED202410121952
sectionals/ED202410122014
sectionals/ED202410122036
sectionals/ED202410122058
sectionals/ED202410122120
sectionals/ED202410122142
sectionals/ED202410122204
sectionals/ED202410122226
sectionals/ED202410122248
sectionals/ED202410122310
sectionals/ED202410122332

sent 25,383,888 bytes  received 9,512 bytes  50,786,800.00 bytes/sec
total size is 71,161,058  speedup is 2.80
Mon Oct 14 01:10:42 PM CDT 2024 - Data moved successfully to /home/exx/myCode/horse-racing/FoxRiverAIRacing/data/TPD.
