2025-04-10 05:00:03 - INFO - Logging has been set up successfully.
2025-04-10 05:00:03 - INFO - Loading gpspoint data from PostgreSQL...
2025-04-10 05:00:04 - INFO - Saving gpspoint DataFrame to Parquet at /home/exx/myCode/horse-racing/FoxRiverAIRacing/data/parquet/gpspoint.parquet...
2025-04-10 05:02:56 - INFO - gpspoint data loaded and saved successfully.
2025-04-10 05:02:56 - INFO - Loading sectionals data from PostgreSQL...
2025-04-10 05:02:56 - INFO - Saving sectionals DataFrame to Parquet at /home/exx/myCode/horse-racing/FoxRiverAIRacing/data/parquet/sectionals.parquet...
2025-04-10 05:03:12 - INFO - sectionals data loaded and saved successfully.
2025-04-10 05:03:12 - INFO - Loading runners data from PostgreSQL...
2025-04-10 05:03:12 - INFO - Saving runners DataFrame to Parquet at /home/exx/myCode/horse-racing/FoxRiverAIRacing/data/parquet/runners.parquet...
2025-04-10 05:03:23 - INFO - runners data loaded and saved successfully.
2025-04-10 05:03:23 - INFO - Loading horse data from PostgreSQL...
2025-04-10 05:03:23 - INFO - Saving horse DataFrame to Parquet at /home/exx/myCode/horse-racing/FoxRiverAIRacing/data/parquet/horse.parquet...
2025-04-10 05:03:23 - INFO - horse data loaded and saved successfully.
2025-04-10 05:03:23 - INFO - DataFrame 'gpspoint' loaded. Schema:
2025-04-10 05:03:23 - INFO - DataFrame 'sectionals' loaded. Schema:
2025-04-10 05:03:23 - INFO - DataFrame 'runners' loaded. Schema:
2025-04-10 05:03:23 - INFO - DataFrame 'horse' loaded. Schema:
2025-04-10 05:03:23 - INFO - Starting Spark-based aggregation for sectionals...
2025-04-10 05:03:35 - INFO - Writing aggregated results to staging table (overwrite)...
2025-04-10 05:03:51 - INFO - Staging table sectionals_aggregated written successfully.
2025-04-10 05:03:51 - INFO - Spark-based sectionals aggregation and write completed in 27.59 seconds.
2025-04-10 05:03:51 - INFO - Starting Spark-based aggregation for sectionals keyed by (horse_id, as_of_date) with LOCF ...
2025-04-10 05:04:01 - INFO - Writing aggregator keyed by (horse_id, as_of_date) with LOCF to sectionals_aggregated_locf (overwrite).
2025-04-10 05:04:18 - INFO - Done. Wrote table=sectionals_aggregated_locf in 27.09 sec, keyed by (horse_id, as_of_date).
2025-04-10 05:04:18 - INFO - Starting quartile-based GPS metrics calculation...
2025-04-10 05:04:18 - INFO - Writing quartile + overall GPS metrics (with horse_id) to gps_aggregated ...
2025-04-10 05:05:45 - INFO - GPS quartile metrics aggregated (with axciskey => horse_id) and written in 87.22 seconds.
2025-04-10 05:05:52 - INFO - Ingestion job succeeded
2025-04-10 05:05:52 - INFO - Updating net_sentiment beginning...
2025-04-10 05:06:09 - INFO - Net sentiment updated successfully in 17.19 seconds.
2025-04-10 05:06:09 - INFO - Updating distance_meters in racedata beginning...
2025-04-10 05:06:11 - INFO - Distance_meters updated successfully in 1.44 seconds.
2025-04-10 05:06:11 - INFO - Updating rr_par_time in races beginning...
2025-04-10 05:06:12 - INFO - rr_par_time updated successfully in 0.67 seconds.
2025-04-10 05:06:12 - INFO - Updating previous race data and race count in runners beginning...
2025-04-10 05:06:46 - INFO - Previous race data and race count updated successfully.
2025-04-10 05:06:46 - INFO - Time taken to update previous race data and race count: 34.86186385154724 seconds
2025-04-10 05:07:58 - INFO - Updated runners: prev_speed_rating set from results_entries.speed_rating.
2025-04-10 05:07:59 - INFO - Speed_rating updated using forward-fill (LOCF) successfully.
2025-04-10 05:09:23 - INFO - Updated runners: prev_speed_rating set from results_entries.speed_rating.
2025-04-10 05:09:24 - INFO - Update previous_surface successful.
2025-04-10 05:09:24 - INFO - Updating finish_time in results_entries beginning...
2025-04-10 05:09:36 - INFO - finish_time updated successfully in 11.97 seconds.
2025-04-10 05:09:37 - INFO - Closing down clientserver connection
