2025-04-08 10:03:52 - INFO - Logging has been set up successfully.
2025-04-08 10:03:52 - INFO - Loading gpspoint data from PostgreSQL...
2025-04-08 10:03:53 - INFO - Saving gpspoint DataFrame to Parquet at /home/exx/myCode/horse-racing/FoxRiverAIRacing/data/parquet/gpspoint.parquet...
2025-04-08 10:06:42 - INFO - gpspoint data loaded and saved successfully.
2025-04-08 10:06:42 - INFO - Loading sectionals data from PostgreSQL...
2025-04-08 10:06:42 - INFO - Saving sectionals DataFrame to Parquet at /home/exx/myCode/horse-racing/FoxRiverAIRacing/data/parquet/sectionals.parquet...
2025-04-08 10:06:58 - INFO - sectionals data loaded and saved successfully.
2025-04-08 10:06:58 - INFO - Loading runners data from PostgreSQL...
2025-04-08 10:06:58 - INFO - Saving runners DataFrame to Parquet at /home/exx/myCode/horse-racing/FoxRiverAIRacing/data/parquet/runners.parquet...
2025-04-08 10:07:09 - INFO - runners data loaded and saved successfully.
2025-04-08 10:07:09 - INFO - Loading horse data from PostgreSQL...
2025-04-08 10:07:09 - INFO - Saving horse DataFrame to Parquet at /home/exx/myCode/horse-racing/FoxRiverAIRacing/data/parquet/horse.parquet...
2025-04-08 10:07:09 - INFO - horse data loaded and saved successfully.
2025-04-08 10:07:09 - INFO - DataFrame 'gpspoint' loaded. Schema:
2025-04-08 10:07:09 - INFO - DataFrame 'sectionals' loaded. Schema:
2025-04-08 10:07:09 - INFO - DataFrame 'runners' loaded. Schema:
2025-04-08 10:07:09 - INFO - DataFrame 'horse' loaded. Schema:
2025-04-08 10:07:09 - INFO - Starting Spark-based aggregation for sectionals...
2025-04-08 10:07:21 - INFO - Writing aggregated results to staging table (overwrite)...
2025-04-08 10:07:38 - INFO - Staging table sectionals_aggregated written successfully.
2025-04-08 10:07:38 - INFO - Spark-based sectionals aggregation and write completed in 28.36 seconds.
2025-04-08 10:07:38 - INFO - Starting Spark-based aggregation for sectionals keyed by (horse_id, as_of_date) with LOCF ...
2025-04-08 10:07:49 - INFO - Writing aggregator keyed by (horse_id, as_of_date) with LOCF to sectionals_aggregated_locf (overwrite).
2025-04-08 10:08:06 - INFO - Done. Wrote table=sectionals_aggregated_locf in 28.30 sec, keyed by (horse_id, as_of_date).
2025-04-08 10:08:07 - INFO - Starting quartile-based GPS metrics calculation...
2025-04-08 10:08:07 - INFO - Writing quartile + overall GPS metrics (with horse_id) to gps_aggregated ...
2025-04-08 10:09:35 - INFO - GPS quartile metrics aggregated (with axciskey => horse_id) and written in 88.11 seconds.
2025-04-08 10:09:46 - INFO - Ingestion job succeeded
2025-04-08 10:09:46 - INFO - Updating net_sentiment beginning...
2025-04-08 10:10:48 - INFO - Net sentiment updated successfully in 62.11 seconds.
2025-04-08 10:10:48 - INFO - Updating distance_meters in racedata beginning...
2025-04-08 10:10:49 - INFO - Distance_meters updated successfully in 1.16 seconds.
2025-04-08 10:10:49 - INFO - Updating rr_par_time in races beginning...
2025-04-08 10:10:50 - INFO - rr_par_time updated successfully in 0.59 seconds.
2025-04-08 10:10:50 - INFO - Updating previous race data and race count in runners beginning...
2025-04-08 10:11:26 - INFO - Previous race data and race count updated successfully.
2025-04-08 10:11:26 - INFO - Time taken to update previous race data and race count: 36.791404247283936 seconds
2025-04-08 10:12:10 - INFO - Updated runners: prev_speed_rating set from results_entries.speed_rating.
2025-04-08 10:12:11 - INFO - Speed_rating updated using forward-fill (LOCF) successfully.
2025-04-08 10:12:55 - INFO - Updated runners: prev_speed_rating set from results_entries.speed_rating.
2025-04-08 10:12:56 - INFO - Update previous_surface successful.
2025-04-08 10:12:56 - INFO - Updating finish_time in results_entries beginning...
2025-04-08 10:13:07 - INFO - finish_time updated successfully in 11.66 seconds.
2025-04-08 10:13:08 - INFO - Closing down clientserver connection
