2025-03-09 05:00:04 - INFO - Logging has been set up successfully.
2025-03-09 05:00:04 - INFO - Loading gpspoint data from PostgreSQL...
2025-03-09 05:00:05 - INFO - Saving gpspoint DataFrame to Parquet at /home/exx/myCode/horse-racing/FoxRiverAIRacing/data/parquet/gpspoint.parquet...
2025-03-09 05:02:52 - INFO - gpspoint data loaded and saved successfully.
2025-03-09 05:02:52 - INFO - Loading sectionals data from PostgreSQL...
2025-03-09 05:02:52 - INFO - Saving sectionals DataFrame to Parquet at /home/exx/myCode/horse-racing/FoxRiverAIRacing/data/parquet/sectionals.parquet...
2025-03-09 05:03:08 - INFO - sectionals data loaded and saved successfully.
2025-03-09 05:03:08 - INFO - Starting quartile-based GPS metrics calculation...
2025-03-09 05:03:08 - INFO - Writing quartile + overall GPS metrics to gps_aggregated ...
2025-03-09 05:04:33 - INFO - GPS quartile metrics aggregated and written in 85.32 seconds.
2025-03-09 05:04:33 - INFO - Starting Spark-based aggregation for sectionals...
2025-03-09 05:04:44 - INFO - Writing aggregated results to staging table (overwrite)...
2025-03-09 05:04:59 - INFO - Staging table sectionals_aggregated written successfully.
2025-03-09 05:04:59 - INFO - Spark-based sectionals aggregation and write completed in 26.02 seconds.
2025-03-09 05:05:00 - INFO - Ingestion job succeeded
2025-03-09 05:05:00 - INFO - Updating net_sentiment beginning...
2025-03-09 05:05:07 - INFO - Net sentiment updated successfully in 7.96 seconds.
2025-03-09 05:05:07 - INFO - Updating distance_meters in racedata beginning...
2025-03-09 05:05:10 - INFO - Distance_meters updated successfully in 2.04 seconds.
2025-03-09 05:05:10 - INFO - Updating rr_par_time in races beginning...
2025-03-09 05:05:10 - INFO - rr_par_time updated successfully in 0.56 seconds.
2025-03-09 05:05:10 - INFO - Updating previous race data and race count in runners beginning...
2025-03-09 05:05:25 - INFO - Previous race data and race count updated successfully.
2025-03-09 05:05:25 - INFO - Time taken to update previous race data and race count: 14.602716207504272 seconds
2025-03-09 05:05:25 - INFO - Speed_rating updated using forward-fill (LOCF) successfully.
2025-03-09 05:05:34 - INFO - Updated runners: prev_speed_rating set from results_entries.speed_rating.
2025-03-09 05:05:42 - INFO - Update previous_surface successful.
2025-03-09 05:05:42 - INFO - Updating finish_time in results_entries beginning...
2025-03-09 05:06:04 - INFO - finish_time updated successfully in 21.44 seconds.
2025-03-09 05:06:04 - INFO - Closing down clientserver connection
