2025-01-21 06:15:01 - Starting database backup job
2025-01-21 06:15:01 - Environment variables loaded from /home/exx/myCode/horse-racing/FoxRiverAIRacing/config/.env
2025-01-21 06:15:01 - Starting database backup
2025-01-21 06:16:00 - Backup succeeded: /home/exx/myCode/horse-racing/FoxRiverAIRacing/data/backups/2025-01-21_foxriverai.sql
2025-01-21 06:16:00 - Syncing to S3: s3://rshane/FoxRiverAIRacing/db_backups
2025-01-21 06:17:44 - Sync to S3 succeeded
2025-01-21 06:17:44 - Job completed
2025-01-22 06:15:01 - Starting database backup job
2025-01-22 06:15:01 - Environment variables loaded from /home/exx/myCode/horse-racing/FoxRiverAIRacing/config/.env
2025-01-22 06:15:01 - Starting database backup
2025-01-22 06:16:00 - Backup succeeded: /home/exx/myCode/horse-racing/FoxRiverAIRacing/data/backups/2025-01-22_foxriverai.sql
2025-01-22 06:16:00 - Syncing to S3: s3://rshane/FoxRiverAIRacing/db_backups
2025-01-22 06:17:45 - Sync to S3 succeeded
2025-01-22 06:17:45 - Job completed
2025-01-23 06:15:01 - Starting database backup job
2025-01-23 06:15:01 - Environment variables loaded from /home/exx/myCode/horse-racing/FoxRiverAIRacing/config/.env
2025-01-23 06:15:01 - Starting database backup
2025-01-23 06:16:05 - Backup succeeded: /home/exx/myCode/horse-racing/FoxRiverAIRacing/data/backups/2025-01-23_foxriverai.sql
2025-01-23 06:16:05 - Syncing to S3: s3://rshane/FoxRiverAIRacing/db_backups
2025-01-23 06:17:50 - Sync to S3 succeeded
2025-01-23 06:17:50 - Job completed
2025-01-24 06:15:01 - Starting database backup job
2025-01-24 06:15:01 - Environment variables loaded from /home/exx/myCode/horse-racing/FoxRiverAIRacing/config/.env
2025-01-24 06:15:01 - Starting database backup
2025-01-24 06:16:03 - Backup succeeded: /home/exx/myCode/horse-racing/FoxRiverAIRacing/data/backups/2025-01-24_foxriverai.sql
2025-01-24 06:16:03 - Syncing to S3: s3://rshane/FoxRiverAIRacing/db_backups
2025-01-24 06:17:49 - Sync to S3 succeeded
2025-01-24 06:17:49 - Job completed
2025-01-25 06:15:01 - Starting database backup job
2025-01-25 06:15:01 - Environment variables loaded from /home/exx/myCode/horse-racing/FoxRiverAIRacing/config/.env
2025-01-25 06:15:01 - Starting database backup
2025-01-25 06:16:00 - Backup succeeded: /home/exx/myCode/horse-racing/FoxRiverAIRacing/data/backups/2025-01-25_foxriverai.sql
2025-01-25 06:16:00 - Syncing to S3: s3://rshane/FoxRiverAIRacing/db_backups
2025-01-25 06:17:46 - Sync to S3 succeeded
2025-01-25 06:17:46 - Job completed
2025-01-26 06:15:01 - Starting database backup job
2025-01-26 06:15:01 - Environment variables loaded from /home/exx/myCode/horse-racing/FoxRiverAIRacing/config/.env
2025-01-26 06:15:01 - Starting database backup
2025-01-26 06:16:02 - Backup succeeded: /home/exx/myCode/horse-racing/FoxRiverAIRacing/data/backups/2025-01-26_foxriverai.sql
2025-01-26 06:16:02 - Syncing to S3: s3://rshane/FoxRiverAIRacing/db_backups
2025-01-26 06:17:49 - Sync to S3 succeeded
2025-01-26 06:17:49 - Job completed
2025-01-27 06:15:01 - Starting database backup job
2025-01-27 06:15:01 - Environment variables loaded from /home/exx/myCode/horse-racing/FoxRiverAIRacing/config/.env
2025-01-27 06:15:01 - Starting database backup
2025-01-27 06:16:00 - Backup succeeded: /home/exx/myCode/horse-racing/FoxRiverAIRacing/data/backups/2025-01-27_foxriverai.sql
2025-01-27 06:16:00 - Syncing to S3: s3://rshane/FoxRiverAIRacing/db_backups
2025-01-27 06:17:45 - Sync to S3 succeeded
2025-01-27 06:17:45 - Job completed
2025-01-28 06:15:01 - Starting database backup job
2025-01-28 06:15:01 - Environment variables loaded from /home/exx/myCode/horse-racing/FoxRiverAIRacing/config/.env
2025-01-28 06:15:01 - Starting database backup
2025-01-28 06:16:02 - Backup succeeded: /home/exx/myCode/horse-racing/FoxRiverAIRacing/data/backups/2025-01-28_foxriverai.sql
2025-01-28 06:16:02 - Syncing to S3: s3://rshane/FoxRiverAIRacing/db_backups
2025-01-28 06:17:47 - Sync to S3 succeeded
2025-01-28 06:17:47 - Job completed
2025-01-29 06:15:01 - Starting database backup job
2025-01-29 06:15:01 - Environment variables loaded from /home/exx/myCode/horse-racing/FoxRiverAIRacing/config/.env
2025-01-29 06:15:01 - Starting database backup
2025-01-29 06:16:25 - Backup succeeded: /home/exx/myCode/horse-racing/FoxRiverAIRacing/data/backups/2025-01-29_foxriverai.sql
2025-01-29 06:16:25 - Syncing to S3: s3://rshane/FoxRiverAIRacing/db_backups
2025-01-29 06:18:40 - Sync to S3 succeeded
2025-01-29 06:18:40 - Job completed
2025-01-30 06:15:01 - Starting database backup job
2025-01-30 06:15:01 - Environment variables loaded from /home/exx/myCode/horse-racing/FoxRiverAIRacing/config/.env
2025-01-30 06:15:01 - Starting database backup
2025-01-30 06:16:36 - Backup succeeded: /home/exx/myCode/horse-racing/FoxRiverAIRacing/data/backups/2025-01-30_foxriverai.sql
2025-01-30 06:16:36 - Syncing to S3: s3://rshane/FoxRiverAIRacing/db_backups
2025-01-30 06:19:05 - Sync to S3 succeeded
2025-01-30 06:19:05 - Job completed
