2024-12-08 14:13:44 - Starting races table recreation job
2024-12-08 14:13:44 - Environment variables loaded from /home/exx/myCode/horse-racing/FoxRiverAIRacing/config/.env
2024-12-08 14:13:44 - Running SQL script: /sql_scripts/drop_races.sql inside container rshane_pg16_prod
DROP VIEW
psql:/sql_scripts/drop_races.sql:2: NOTICE:  view "v_races" does not exist, skipping
psql:/sql_scripts/drop_races.sql:5: ERROR:  relation "public.races" does not exist
psql:/sql_scripts/drop_races.sql:9: NOTICE:  constraint "gpspoint_races_fkey" of relation "gpspoint" does not exist, skipping
ALTER TABLE
ALTER TABLE
ALTER TABLE
psql:/sql_scripts/drop_races.sql:21: NOTICE:  constraint "sectionals_races_fkey" of relation "sectionals" does not exist, skipping
ALTER TABLE
psql:/sql_scripts/drop_races.sql:33: NOTICE:  constraint "fk_races_runners" of relation "runners" does not exist, skipping
psql:/sql_scripts/drop_races.sql:40: ERROR:  constraint "fk_racedata_runners" for relation "runners" already exists
ALTER TABLE
ALTER TABLE
psql:/sql_scripts/drop_races.sql:44: NOTICE:  constraint "fk_races_results_entries" of relation "results_entries" does not exist, skipping
psql:/sql_scripts/drop_races.sql:51: ERROR:  constraint "fk_race_results_results_entries" for relation "results_entries" already exists
psql:/sql_scripts/drop_races.sql:54: ERROR:  table "races" does not exist
2024-12-08 14:13:48 - SQL script executed successfully
2024-12-08 14:13:48 - Races table recreation job completed
2024-12-08 14:14:23 - Starting races table recreation job
2024-12-08 14:14:23 - Environment variables loaded from /home/exx/myCode/horse-racing/FoxRiverAIRacing/config/.env
2024-12-08 14:14:23 - Running SQL script: /sql_scripts/drop_races.sql inside container rshane_pg16_prod
DROP VIEW
ALTER TABLE
ALTER TABLE
ALTER TABLE
ALTER TABLE
ALTER TABLE
ALTER TABLE
ALTER TABLE
ALTER TABLE
ALTER TABLE
DROP TABLE
2024-12-08 14:14:27 - SQL script executed successfully
2024-12-08 14:14:27 - Races table recreation job completed
