2024-12-06 11:58:13 - Starting ingestion job
2024-12-06 11:58:13 - Environment variables loaded from /home/exx/myCode/horse-racing/FoxRiverAIRacing/config/.env
2024-12-06 11:58:13 - Running Python script: /home/exx/myCode/horse-racing/FoxRiverAIRacing/src/data_ingestion/ingestion_controller.py
Script_dir: /home/exx/myCode/horse-racing/FoxRiverAIRacing/src/data_ingestion
Dataset log file: /home/exx/myCode/horse-racing/FoxRiverAIRacing/src/data_ingestion/../../logs/pluspro_ingestion.log for dataset: PlusPro
Dataset log file: /home/exx/myCode/horse-racing/FoxRiverAIRacing/src/data_ingestion/../../logs/pluspro_ingestion.log for dataset: PlusPro
Processing PlusPro
Total ZIP files found: 2096
ZIP files processed successfully: 0
ZIP files failed or skipped: 0
Dataset log file: /home/exx/myCode/horse-racing/FoxRiverAIRacing/src/data_ingestion/../../logs/resultscharts_ingestion.log for dataset: ResultsCharts
Dataset log file: /home/exx/myCode/horse-racing/FoxRiverAIRacing/src/data_ingestion/../../logs/resultscharts_ingestion.log for dataset: ResultsCharts
Processing ResultsCharts
Dataset log file: /home/exx/myCode/horse-racing/FoxRiverAIRacing/src/data_ingestion/../../logs/racelist_ingestion.log for dataset: Racelist
Dataset log file: /home/exx/myCode/horse-racing/FoxRiverAIRacing/src/data_ingestion/../../logs/racelist_ingestion.log for dataset: Racelist
Processing Racelist
Dataset log file: /home/exx/myCode/horse-racing/FoxRiverAIRacing/src/data_ingestion/../../logs/sectionals_ingestion.log for dataset: Sectionals
Dataset log file: /home/exx/myCode/horse-racing/FoxRiverAIRacing/src/data_ingestion/../../logs/sectionals_ingestion.log for dataset: Sectionals
Processing Sectionals
Dataset log file: /home/exx/myCode/horse-racing/FoxRiverAIRacing/src/data_ingestion/../../logs/gpsdata_ingestion.log for dataset: GPSData
Dataset log file: /home/exx/myCode/horse-racing/FoxRiverAIRacing/src/data_ingestion/../../logs/gpsdata_ingestion.log for dataset: GPSData
Processing GPSData
Dataset log file: /home/exx/myCode/horse-racing/FoxRiverAIRacing/src/data_ingestion/../../logs/routes_ingestion.log for dataset: Routes
Dataset log file: /home/exx/myCode/horse-racing/FoxRiverAIRacing/src/data_ingestion/../../logs/routes_ingestion.log for dataset: Routes
Processing Routes
2024-12-06 11:58:15 - Python script succeeded
2024-12-06 11:58:15 - Syncing data directory to S3: s3://rshane/FoxRiverAIRacing/data
2024-12-06 11:59:06 - Sync to S3 succeeded
2024-12-06 11:59:06 - Job completed
