2024-12-08 14:14:05 - Starting races table recreation job
2024-12-08 14:14:05 - Environment variables loaded from /home/exx/myCode/horse-racing/FoxRiverAIRacing/config/.env
2024-12-08 14:14:05 - Running SQL script: /sql_scripts/recreate_races.sql inside container rshane_pg16_prod
CREATE VIEW
CREATE TABLE AS
ALTER TABLE
ALTER TABLE
INSERT 0 180071
ALTER TABLE
ALTER TABLE
ALTER TABLE
ALTER TABLE
ALTER TABLE
ALTER TABLE
ALTER TABLE
ALTER TABLE
2024-12-08 14:14:16 - SQL script executed successfully
2024-12-08 14:14:16 - Races table recreation job completed
2024-12-08 14:14:42 - Starting races table recreation job
2024-12-08 14:14:42 - Environment variables loaded from /home/exx/myCode/horse-racing/FoxRiverAIRacing/config/.env
2024-12-08 14:14:42 - Running SQL script: /sql_scripts/recreate_races.sql inside container rshane_pg16_prod
CREATE VIEW
CREATE TABLE AS
ALTER TABLE
ALTER TABLE
INSERT 0 180071
ALTER TABLE
ALTER TABLE
ALTER TABLE
ALTER TABLE
ALTER TABLE
ALTER TABLE
ALTER TABLE
ALTER TABLE
2024-12-08 14:14:54 - SQL script executed successfully
2024-12-08 14:14:54 - Races table recreation job completed
