2025-05-18 05:00:04 - INFO - Logging has been set up successfully.
2025-05-18 05:00:04 - INFO - Loading gpspoint data from PostgreSQL...
2025-05-18 05:00:04 - INFO - Saving gpspoint DataFrame to Parquet at /home/exx/myCode/horse-racing/FoxRiverAIRacing/data/parquet/gpspoint.parquet...
2025-05-18 05:03:02 - INFO - gpspoint data loaded and saved successfully.
2025-05-18 05:03:02 - INFO - Loading sectionals data from PostgreSQL...
2025-05-18 05:03:02 - INFO - Saving sectionals DataFrame to Parquet at /home/exx/myCode/horse-racing/FoxRiverAIRacing/data/parquet/sectionals.parquet...
2025-05-18 05:03:18 - INFO - sectionals data loaded and saved successfully.
2025-05-18 05:03:18 - INFO - Loading runners data from PostgreSQL...
2025-05-18 05:03:18 - INFO - Saving runners DataFrame to Parquet at /home/exx/myCode/horse-racing/FoxRiverAIRacing/data/parquet/runners.parquet...
2025-05-18 05:03:30 - INFO - runners data loaded and saved successfully.
2025-05-18 05:03:30 - INFO - Loading horse data from PostgreSQL...
2025-05-18 05:03:30 - INFO - Saving horse DataFrame to Parquet at /home/exx/myCode/horse-racing/FoxRiverAIRacing/data/parquet/horse.parquet...
2025-05-18 05:03:31 - INFO - horse data loaded and saved successfully.
2025-05-18 05:03:31 - INFO - DataFrame 'gpspoint' loaded. Schema:
2025-05-18 05:03:31 - INFO - DataFrame 'sectionals' loaded. Schema:
2025-05-18 05:03:31 - INFO - DataFrame 'runners' loaded. Schema:
2025-05-18 05:03:31 - INFO - DataFrame 'horse' loaded. Schema:
2025-05-18 05:03:31 - INFO - Starting Spark-based aggregation for sectionals...
2025-05-18 05:03:42 - INFO - Writing aggregated results to staging table (overwrite)...
2025-05-18 05:03:58 - INFO - Staging table sectionals_aggregated written successfully.
2025-05-18 05:03:58 - INFO - Spark-based sectionals aggregation and write completed in 27.79 seconds.
2025-05-18 05:03:58 - INFO - Starting Spark-based aggregation for sectionals keyed by (horse_id, as_of_date) with LOCF ...
2025-05-18 05:04:09 - INFO - Writing aggregator keyed by (horse_id, as_of_date) with LOCF to sectionals_aggregated_locf (overwrite).
2025-05-18 05:04:26 - INFO - Done. Wrote table=sectionals_aggregated_locf in 27.73 sec, keyed by (horse_id, as_of_date).
2025-05-18 05:04:27 - INFO - Starting quartile-based GPS metrics calculation...
2025-05-18 05:04:27 - INFO - Writing quartile + overall GPS metrics (with horse_id) to gps_aggregated ...
2025-05-18 05:05:58 - INFO - GPS quartile metrics aggregated (with axciskey => horse_id) and written in 91.39 seconds.
2025-05-18 05:06:05 - INFO - Ingestion job succeeded
2025-05-18 05:06:05 - INFO - Updating net_sentiment beginning...
2025-05-18 05:06:13 - INFO - Net sentiment updated successfully in 8.50 seconds.
2025-05-18 05:06:13 - INFO - Updating distance_meters in racedata beginning...
2025-05-18 05:06:15 - INFO - Distance_meters updated successfully in 1.17 seconds.
2025-05-18 05:06:15 - INFO - Updating rr_par_time in races beginning...
2025-05-18 05:06:15 - INFO - rr_par_time updated successfully in 0.61 seconds.
2025-05-18 05:06:15 - INFO - Updating previous race data and race count in runners beginning...
2025-05-18 05:06:35 - INFO - Previous race data and race count updated successfully.
2025-05-18 05:06:35 - INFO - Time taken to update previous race data and race count: 19.315741777420044 seconds
2025-05-18 05:07:08 - INFO - Updated runners: prev_speed_rating set from results_entries.speed_rating.
2025-05-18 05:07:08 - INFO - Speed_rating updated using forward-fill (LOCF) successfully.
2025-05-18 05:07:43 - INFO - Updated runners: prev_speed_rating set from results_entries.speed_rating.
2025-05-18 05:07:44 - INFO - Update previous_surface successful.
2025-05-18 05:07:44 - INFO - Updating finish_time in results_entries beginning...
2025-05-18 05:07:54 - INFO - finish_time updated successfully in 10.14 seconds.
2025-05-18 05:07:55 - INFO - Closing down clientserver connection
