2025-03-21 23:22:54 - INFO - Logging has been set up successfully.
2025-03-21 23:22:54 - INFO - Loading gpspoint data from PostgreSQL...
2025-03-21 23:22:55 - INFO - Saving gpspoint DataFrame to Parquet at /home/exx/myCode/horse-racing/FoxRiverAIRacing/data/parquet/gpspoint.parquet...
2025-03-21 23:25:34 - INFO - gpspoint data loaded and saved successfully.
2025-03-21 23:25:34 - INFO - Loading sectionals data from PostgreSQL...
2025-03-21 23:25:34 - INFO - Saving sectionals DataFrame to Parquet at /home/exx/myCode/horse-racing/FoxRiverAIRacing/data/parquet/sectionals.parquet...
2025-03-21 23:25:50 - INFO - sectionals data loaded and saved successfully.
2025-03-21 23:25:50 - INFO - Loading runners data from PostgreSQL...
2025-03-21 23:25:50 - INFO - Saving runners DataFrame to Parquet at /home/exx/myCode/horse-racing/FoxRiverAIRacing/data/parquet/runners.parquet...
2025-03-21 23:26:01 - INFO - runners data loaded and saved successfully.
2025-03-21 23:26:01 - INFO - Loading horse data from PostgreSQL...
2025-03-21 23:26:01 - INFO - Saving horse DataFrame to Parquet at /home/exx/myCode/horse-racing/FoxRiverAIRacing/data/parquet/horse.parquet...
2025-03-21 23:26:01 - INFO - horse data loaded and saved successfully.
2025-03-21 23:26:01 - INFO - DataFrame 'gpspoint' loaded. Schema:
2025-03-21 23:26:01 - INFO - DataFrame 'sectionals' loaded. Schema:
2025-03-21 23:26:01 - INFO - DataFrame 'runners' loaded. Schema:
2025-03-21 23:26:01 - INFO - DataFrame 'horse' loaded. Schema:
2025-03-21 23:26:01 - INFO - Starting Spark-based aggregation for sectionals...
2025-03-21 23:26:13 - INFO - Writing aggregated results to staging table (overwrite)...
2025-03-21 23:26:29 - INFO - Staging table sectionals_aggregated written successfully.
2025-03-21 23:26:29 - INFO - Spark-based sectionals aggregation and write completed in 27.73 seconds.
2025-03-21 23:26:29 - INFO - Starting Spark-based aggregation for sectionals keyed by (horse_id, as_of_date) with LOCF ...
2025-03-21 23:26:39 - INFO - Writing aggregator keyed by (horse_id, as_of_date) with LOCF to sectionals_aggregated_locf (overwrite).
2025-03-21 23:26:56 - INFO - Done. Wrote table=sectionals_aggregated_locf in 27.67 sec, keyed by (horse_id, as_of_date).
2025-03-21 23:26:57 - INFO - Starting quartile-based GPS metrics calculation...
2025-03-21 23:26:57 - INFO - Writing quartile + overall GPS metrics (with horse_id) to gps_aggregated ...
2025-03-21 23:28:20 - INFO - GPS quartile metrics aggregated (with axciskey => horse_id) and written in 83.03 seconds.
2025-03-21 23:28:29 - INFO - Ingestion job succeeded
2025-03-21 23:28:29 - INFO - Updating net_sentiment beginning...
2025-03-21 23:29:06 - INFO - Net sentiment updated successfully in 36.71 seconds.
2025-03-21 23:29:06 - INFO - Updating distance_meters in racedata beginning...
2025-03-21 23:29:12 - INFO - Distance_meters updated successfully in 6.06 seconds.
2025-03-21 23:29:12 - INFO - Updating rr_par_time in races beginning...
2025-03-21 23:29:14 - INFO - rr_par_time updated successfully in 1.81 seconds.
2025-03-21 23:29:14 - INFO - Updating previous race data and race count in runners beginning...
2025-03-21 23:29:49 - INFO - Previous race data and race count updated successfully.
2025-03-21 23:29:49 - INFO - Time taken to update previous race data and race count: 35.42186260223389 seconds
2025-03-21 23:30:24 - INFO - Updated runners: prev_speed_rating set from results_entries.speed_rating.
2025-03-21 23:30:24 - INFO - Speed_rating updated using forward-fill (LOCF) successfully.
2025-03-21 23:31:01 - INFO - Updated runners: prev_speed_rating set from results_entries.speed_rating.
2025-03-21 23:31:02 - INFO - Update previous_surface successful.
2025-03-21 23:31:02 - INFO - Updating finish_time in results_entries beginning...
2025-03-21 23:31:15 - INFO - finish_time updated successfully in 12.80 seconds.
2025-03-21 23:31:15 - INFO - Closing down clientserver connection
