2025-05-02 05:00:04 - INFO - Logging has been set up successfully.
2025-05-02 05:00:04 - INFO - Loading gpspoint data from PostgreSQL...
2025-05-02 05:00:04 - INFO - Saving gpspoint DataFrame to Parquet at /home/exx/myCode/horse-racing/FoxRiverAIRacing/data/parquet/gpspoint.parquet...
2025-05-02 05:02:59 - INFO - gpspoint data loaded and saved successfully.
2025-05-02 05:02:59 - INFO - Loading sectionals data from PostgreSQL...
2025-05-02 05:02:59 - INFO - Saving sectionals DataFrame to Parquet at /home/exx/myCode/horse-racing/FoxRiverAIRacing/data/parquet/sectionals.parquet...
2025-05-02 05:03:16 - INFO - sectionals data loaded and saved successfully.
2025-05-02 05:03:16 - INFO - Loading runners data from PostgreSQL...
2025-05-02 05:03:16 - INFO - Saving runners DataFrame to Parquet at /home/exx/myCode/horse-racing/FoxRiverAIRacing/data/parquet/runners.parquet...
2025-05-02 05:03:28 - INFO - runners data loaded and saved successfully.
2025-05-02 05:03:28 - INFO - Loading horse data from PostgreSQL...
2025-05-02 05:03:28 - INFO - Saving horse DataFrame to Parquet at /home/exx/myCode/horse-racing/FoxRiverAIRacing/data/parquet/horse.parquet...
2025-05-02 05:03:28 - INFO - horse data loaded and saved successfully.
2025-05-02 05:03:28 - INFO - DataFrame 'gpspoint' loaded. Schema:
2025-05-02 05:03:28 - INFO - DataFrame 'sectionals' loaded. Schema:
2025-05-02 05:03:28 - INFO - DataFrame 'runners' loaded. Schema:
2025-05-02 05:03:28 - INFO - DataFrame 'horse' loaded. Schema:
2025-05-02 05:03:28 - INFO - Starting Spark-based aggregation for sectionals...
2025-05-02 05:03:41 - INFO - Writing aggregated results to staging table (overwrite)...
2025-05-02 05:03:57 - INFO - Staging table sectionals_aggregated written successfully.
2025-05-02 05:03:57 - INFO - Spark-based sectionals aggregation and write completed in 28.56 seconds.
2025-05-02 05:03:57 - INFO - Starting Spark-based aggregation for sectionals keyed by (horse_id, as_of_date) with LOCF ...
2025-05-02 05:04:07 - INFO - Writing aggregator keyed by (horse_id, as_of_date) with LOCF to sectionals_aggregated_locf (overwrite).
2025-05-02 05:04:24 - INFO - Done. Wrote table=sectionals_aggregated_locf in 27.39 sec, keyed by (horse_id, as_of_date).
2025-05-02 05:04:25 - INFO - Starting quartile-based GPS metrics calculation...
2025-05-02 05:04:25 - INFO - Writing quartile + overall GPS metrics (with horse_id) to gps_aggregated ...
2025-05-02 05:05:54 - INFO - GPS quartile metrics aggregated (with axciskey => horse_id) and written in 89.90 seconds.
2025-05-02 05:06:02 - INFO - Ingestion job succeeded
2025-05-02 05:06:02 - INFO - Updating net_sentiment beginning...
2025-05-02 05:06:13 - INFO - Net sentiment updated successfully in 11.47 seconds.
2025-05-02 05:06:13 - INFO - Updating distance_meters in racedata beginning...
2025-05-02 05:06:15 - INFO - Distance_meters updated successfully in 1.99 seconds.
2025-05-02 05:06:15 - INFO - Updating rr_par_time in races beginning...
2025-05-02 05:06:16 - INFO - rr_par_time updated successfully in 1.41 seconds.
2025-05-02 05:06:16 - INFO - Updating previous race data and race count in runners beginning...
2025-05-02 05:06:38 - INFO - Previous race data and race count updated successfully.
2025-05-02 05:06:38 - INFO - Time taken to update previous race data and race count: 21.537697315216064 seconds
2025-05-02 05:07:15 - INFO - Updated runners: prev_speed_rating set from results_entries.speed_rating.
2025-05-02 05:07:15 - INFO - Speed_rating updated using forward-fill (LOCF) successfully.
2025-05-02 05:07:52 - INFO - Updated runners: prev_speed_rating set from results_entries.speed_rating.
2025-05-02 05:07:53 - INFO - Update previous_surface successful.
2025-05-02 05:07:53 - INFO - Updating finish_time in results_entries beginning...
2025-05-02 05:08:13 - INFO - finish_time updated successfully in 19.63 seconds.
2025-05-02 05:08:13 - INFO - Closing down clientserver connection
