2025-04-23 05:00:04 - INFO - Logging has been set up successfully.
2025-04-23 05:00:04 - INFO - Loading gpspoint data from PostgreSQL...
2025-04-23 05:00:04 - INFO - Saving gpspoint DataFrame to Parquet at /home/exx/myCode/horse-racing/FoxRiverAIRacing/data/parquet/gpspoint.parquet...
2025-04-23 05:03:00 - INFO - gpspoint data loaded and saved successfully.
2025-04-23 05:03:00 - INFO - Loading sectionals data from PostgreSQL...
2025-04-23 05:03:00 - INFO - Saving sectionals DataFrame to Parquet at /home/exx/myCode/horse-racing/FoxRiverAIRacing/data/parquet/sectionals.parquet...
2025-04-23 05:03:16 - INFO - sectionals data loaded and saved successfully.
2025-04-23 05:03:16 - INFO - Loading runners data from PostgreSQL...
2025-04-23 05:03:16 - INFO - Saving runners DataFrame to Parquet at /home/exx/myCode/horse-racing/FoxRiverAIRacing/data/parquet/runners.parquet...
2025-04-23 05:03:28 - INFO - runners data loaded and saved successfully.
2025-04-23 05:03:28 - INFO - Loading horse data from PostgreSQL...
2025-04-23 05:03:28 - INFO - Saving horse DataFrame to Parquet at /home/exx/myCode/horse-racing/FoxRiverAIRacing/data/parquet/horse.parquet...
2025-04-23 05:03:28 - INFO - horse data loaded and saved successfully.
2025-04-23 05:03:28 - INFO - DataFrame 'gpspoint' loaded. Schema:
2025-04-23 05:03:28 - INFO - DataFrame 'sectionals' loaded. Schema:
2025-04-23 05:03:28 - INFO - DataFrame 'runners' loaded. Schema:
2025-04-23 05:03:28 - INFO - DataFrame 'horse' loaded. Schema:
2025-04-23 05:03:28 - INFO - Starting Spark-based aggregation for sectionals...
2025-04-23 05:03:40 - INFO - Writing aggregated results to staging table (overwrite)...
2025-04-23 05:03:57 - INFO - Staging table sectionals_aggregated written successfully.
2025-04-23 05:03:57 - INFO - Spark-based sectionals aggregation and write completed in 28.55 seconds.
2025-04-23 05:03:57 - INFO - Starting Spark-based aggregation for sectionals keyed by (horse_id, as_of_date) with LOCF ...
2025-04-23 05:04:08 - INFO - Writing aggregator keyed by (horse_id, as_of_date) with LOCF to sectionals_aggregated_locf (overwrite).
2025-04-23 05:04:26 - INFO - Done. Wrote table=sectionals_aggregated_locf in 28.98 sec, keyed by (horse_id, as_of_date).
2025-04-23 05:04:27 - INFO - Starting quartile-based GPS metrics calculation...
2025-04-23 05:04:27 - INFO - Writing quartile + overall GPS metrics (with horse_id) to gps_aggregated ...
2025-04-23 05:05:57 - INFO - GPS quartile metrics aggregated (with axciskey => horse_id) and written in 90.41 seconds.
2025-04-23 05:06:09 - INFO - Ingestion job succeeded
2025-04-23 05:06:09 - INFO - Updating net_sentiment beginning...
2025-04-23 05:06:28 - INFO - Net sentiment updated successfully in 19.23 seconds.
2025-04-23 05:06:28 - INFO - Updating distance_meters in racedata beginning...
2025-04-23 05:06:29 - INFO - Distance_meters updated successfully in 1.14 seconds.
2025-04-23 05:06:29 - INFO - Updating rr_par_time in races beginning...
2025-04-23 05:06:30 - INFO - rr_par_time updated successfully in 0.61 seconds.
2025-04-23 05:06:30 - INFO - Updating previous race data and race count in runners beginning...
2025-04-23 05:06:52 - INFO - Previous race data and race count updated successfully.
2025-04-23 05:06:52 - INFO - Time taken to update previous race data and race count: 21.643078804016113 seconds
2025-04-23 05:07:27 - INFO - Updated runners: prev_speed_rating set from results_entries.speed_rating.
2025-04-23 05:07:27 - INFO - Speed_rating updated using forward-fill (LOCF) successfully.
2025-04-23 05:08:04 - INFO - Updated runners: prev_speed_rating set from results_entries.speed_rating.
2025-04-23 05:08:04 - INFO - Update previous_surface successful.
2025-04-23 05:08:04 - INFO - Updating finish_time in results_entries beginning...
2025-04-23 05:08:18 - INFO - finish_time updated successfully in 14.02 seconds.
2025-04-23 05:08:19 - INFO - Closing down clientserver connection
