2025-04-17 05:00:03 - INFO - Logging has been set up successfully.
2025-04-17 05:00:03 - INFO - Loading gpspoint data from PostgreSQL...
2025-04-17 05:00:04 - INFO - Saving gpspoint DataFrame to Parquet at /home/exx/myCode/horse-racing/FoxRiverAIRacing/data/parquet/gpspoint.parquet...
2025-04-17 05:02:54 - INFO - gpspoint data loaded and saved successfully.
2025-04-17 05:02:54 - INFO - Loading sectionals data from PostgreSQL...
2025-04-17 05:02:54 - INFO - Saving sectionals DataFrame to Parquet at /home/exx/myCode/horse-racing/FoxRiverAIRacing/data/parquet/sectionals.parquet...
2025-04-17 05:03:11 - INFO - sectionals data loaded and saved successfully.
2025-04-17 05:03:11 - INFO - Loading runners data from PostgreSQL...
2025-04-17 05:03:11 - INFO - Saving runners DataFrame to Parquet at /home/exx/myCode/horse-racing/FoxRiverAIRacing/data/parquet/runners.parquet...
2025-04-17 05:03:22 - INFO - runners data loaded and saved successfully.
2025-04-17 05:03:22 - INFO - Loading horse data from PostgreSQL...
2025-04-17 05:03:22 - INFO - Saving horse DataFrame to Parquet at /home/exx/myCode/horse-racing/FoxRiverAIRacing/data/parquet/horse.parquet...
2025-04-17 05:03:23 - INFO - horse data loaded and saved successfully.
2025-04-17 05:03:23 - INFO - DataFrame 'gpspoint' loaded. Schema:
2025-04-17 05:03:23 - INFO - DataFrame 'sectionals' loaded. Schema:
2025-04-17 05:03:23 - INFO - DataFrame 'runners' loaded. Schema:
2025-04-17 05:03:23 - INFO - DataFrame 'horse' loaded. Schema:
2025-04-17 05:03:23 - INFO - Starting Spark-based aggregation for sectionals...
2025-04-17 05:03:34 - INFO - Writing aggregated results to staging table (overwrite)...
2025-04-17 05:03:51 - INFO - Staging table sectionals_aggregated written successfully.
2025-04-17 05:03:51 - INFO - Spark-based sectionals aggregation and write completed in 28.65 seconds.
2025-04-17 05:03:51 - INFO - Starting Spark-based aggregation for sectionals keyed by (horse_id, as_of_date) with LOCF ...
2025-04-17 05:04:02 - INFO - Writing aggregator keyed by (horse_id, as_of_date) with LOCF to sectionals_aggregated_locf (overwrite).
2025-04-17 05:04:21 - INFO - Done. Wrote table=sectionals_aggregated_locf in 29.87 sec, keyed by (horse_id, as_of_date).
2025-04-17 05:04:22 - INFO - Starting quartile-based GPS metrics calculation...
2025-04-17 05:04:23 - INFO - Writing quartile + overall GPS metrics (with horse_id) to gps_aggregated ...
2025-04-17 05:05:52 - INFO - GPS quartile metrics aggregated (with axciskey => horse_id) and written in 89.90 seconds.
2025-04-17 05:06:03 - INFO - Ingestion job succeeded
2025-04-17 05:06:03 - INFO - Updating net_sentiment beginning...
2025-04-17 05:06:23 - INFO - Net sentiment updated successfully in 19.57 seconds.
2025-04-17 05:06:23 - INFO - Updating distance_meters in racedata beginning...
2025-04-17 05:06:24 - INFO - Distance_meters updated successfully in 1.12 seconds.
2025-04-17 05:06:24 - INFO - Updating rr_par_time in races beginning...
2025-04-17 05:06:25 - INFO - rr_par_time updated successfully in 0.62 seconds.
2025-04-17 05:06:25 - INFO - Updating previous race data and race count in runners beginning...
2025-04-17 05:06:50 - INFO - Previous race data and race count updated successfully.
2025-04-17 05:06:50 - INFO - Time taken to update previous race data and race count: 24.8895161151886 seconds
2025-04-17 05:07:28 - INFO - Updated runners: prev_speed_rating set from results_entries.speed_rating.
2025-04-17 05:07:28 - INFO - Speed_rating updated using forward-fill (LOCF) successfully.
2025-04-17 05:08:08 - INFO - Updated runners: prev_speed_rating set from results_entries.speed_rating.
2025-04-17 05:08:09 - INFO - Update previous_surface successful.
2025-04-17 05:08:09 - INFO - Updating finish_time in results_entries beginning...
2025-04-17 05:08:22 - INFO - finish_time updated successfully in 13.50 seconds.
2025-04-17 05:08:23 - INFO - Closing down clientserver connection
