2025-05-27 05:00:03 - INFO - Logging has been set up successfully.
2025-05-27 05:00:03 - INFO - Loading gpspoint data from PostgreSQL...
2025-05-27 05:00:04 - INFO - Saving gpspoint DataFrame to Parquet at /home/exx/myCode/horse-racing/FoxRiverAIRacing/data/parquet/gpspoint.parquet...
2025-05-27 05:03:05 - INFO - gpspoint data loaded and saved successfully.
2025-05-27 05:03:05 - INFO - Loading sectionals data from PostgreSQL...
2025-05-27 05:03:05 - INFO - Saving sectionals DataFrame to Parquet at /home/exx/myCode/horse-racing/FoxRiverAIRacing/data/parquet/sectionals.parquet...
2025-05-27 05:03:21 - INFO - sectionals data loaded and saved successfully.
2025-05-27 05:03:21 - INFO - Loading runners data from PostgreSQL...
2025-05-27 05:03:22 - INFO - Saving runners DataFrame to Parquet at /home/exx/myCode/horse-racing/FoxRiverAIRacing/data/parquet/runners.parquet...
2025-05-27 05:03:34 - INFO - runners data loaded and saved successfully.
2025-05-27 05:03:34 - INFO - Loading horse data from PostgreSQL...
2025-05-27 05:03:34 - INFO - Saving horse DataFrame to Parquet at /home/exx/myCode/horse-racing/FoxRiverAIRacing/data/parquet/horse.parquet...
2025-05-27 05:03:34 - INFO - horse data loaded and saved successfully.
2025-05-27 05:03:34 - INFO - DataFrame 'gpspoint' loaded. Schema:
2025-05-27 05:03:34 - INFO - DataFrame 'sectionals' loaded. Schema:
2025-05-27 05:03:34 - INFO - DataFrame 'runners' loaded. Schema:
2025-05-27 05:03:34 - INFO - DataFrame 'horse' loaded. Schema:
2025-05-27 05:03:34 - INFO - Starting Spark-based aggregation for sectionals...
2025-05-27 05:03:46 - INFO - Writing aggregated results to staging table (overwrite)...
2025-05-27 05:04:02 - INFO - Staging table sectionals_aggregated written successfully.
2025-05-27 05:04:02 - INFO - Spark-based sectionals aggregation and write completed in 27.61 seconds.
2025-05-27 05:04:02 - INFO - Starting Spark-based aggregation for sectionals keyed by (horse_id, as_of_date) with LOCF ...
2025-05-27 05:04:13 - INFO - Writing aggregator keyed by (horse_id, as_of_date) with LOCF to sectionals_aggregated_locf (overwrite).
2025-05-27 05:04:29 - INFO - Done. Wrote table=sectionals_aggregated_locf in 27.61 sec, keyed by (horse_id, as_of_date).
2025-05-27 05:04:30 - INFO - Starting quartile-based GPS metrics calculation...
2025-05-27 05:04:30 - INFO - Writing quartile + overall GPS metrics (with horse_id) to gps_aggregated ...
2025-05-27 05:06:02 - INFO - GPS quartile metrics aggregated (with axciskey => horse_id) and written in 92.39 seconds.
2025-05-27 05:06:09 - INFO - Ingestion job succeeded
2025-05-27 05:06:09 - INFO - Updating net_sentiment beginning...
2025-05-27 05:06:36 - INFO - Net sentiment updated successfully in 26.24 seconds.
2025-05-27 05:06:36 - INFO - Updating distance_meters in racedata beginning...
2025-05-27 05:06:40 - INFO - Distance_meters updated successfully in 4.67 seconds.
2025-05-27 05:06:40 - INFO - Updating rr_par_time in races beginning...
2025-05-27 05:06:42 - INFO - rr_par_time updated successfully in 1.58 seconds.
2025-05-27 05:06:42 - INFO - Updating previous race data and race count in runners beginning...
2025-05-27 05:07:06 - INFO - Previous race data and race count updated successfully.
2025-05-27 05:07:06 - INFO - Time taken to update previous race data and race count: 24.441051244735718 seconds
2025-05-27 05:07:42 - INFO - Updated runners: prev_speed_rating set from results_entries.speed_rating.
2025-05-27 05:07:43 - INFO - Speed_rating updated using forward-fill (LOCF) successfully.
2025-05-27 05:08:17 - INFO - Updated runners: prev_speed_rating set from results_entries.speed_rating.
2025-05-27 05:08:18 - INFO - Update previous_surface successful.
2025-05-27 05:08:18 - INFO - Updating finish_time in results_entries beginning...
2025-05-27 05:08:31 - INFO - finish_time updated successfully in 13.04 seconds.
2025-05-27 05:08:31 - INFO - Closing down clientserver connection
