2025-03-27 05:00:03 - INFO - Logging has been set up successfully.
2025-03-27 05:00:03 - INFO - Loading gpspoint data from PostgreSQL...
2025-03-27 05:00:04 - INFO - Saving gpspoint DataFrame to Parquet at /home/exx/myCode/horse-racing/FoxRiverAIRacing/data/parquet/gpspoint.parquet...
2025-03-27 05:02:51 - INFO - gpspoint data loaded and saved successfully.
2025-03-27 05:02:51 - INFO - Loading sectionals data from PostgreSQL...
2025-03-27 05:02:51 - INFO - Saving sectionals DataFrame to Parquet at /home/exx/myCode/horse-racing/FoxRiverAIRacing/data/parquet/sectionals.parquet...
2025-03-27 05:03:07 - INFO - sectionals data loaded and saved successfully.
2025-03-27 05:03:07 - INFO - Loading runners data from PostgreSQL...
2025-03-27 05:03:07 - INFO - Saving runners DataFrame to Parquet at /home/exx/myCode/horse-racing/FoxRiverAIRacing/data/parquet/runners.parquet...
2025-03-27 05:03:18 - INFO - runners data loaded and saved successfully.
2025-03-27 05:03:18 - INFO - Loading horse data from PostgreSQL...
2025-03-27 05:03:18 - INFO - Saving horse DataFrame to Parquet at /home/exx/myCode/horse-racing/FoxRiverAIRacing/data/parquet/horse.parquet...
2025-03-27 05:03:19 - INFO - horse data loaded and saved successfully.
2025-03-27 05:03:19 - INFO - DataFrame 'gpspoint' loaded. Schema:
2025-03-27 05:03:19 - INFO - DataFrame 'sectionals' loaded. Schema:
2025-03-27 05:03:19 - INFO - DataFrame 'runners' loaded. Schema:
2025-03-27 05:03:19 - INFO - DataFrame 'horse' loaded. Schema:
2025-03-27 05:03:19 - INFO - Starting Spark-based aggregation for sectionals...
2025-03-27 05:03:30 - INFO - Writing aggregated results to staging table (overwrite)...
2025-03-27 05:03:46 - INFO - Staging table sectionals_aggregated written successfully.
2025-03-27 05:03:46 - INFO - Spark-based sectionals aggregation and write completed in 27.85 seconds.
2025-03-27 05:03:46 - INFO - Starting Spark-based aggregation for sectionals keyed by (horse_id, as_of_date) with LOCF ...
2025-03-27 05:03:57 - INFO - Writing aggregator keyed by (horse_id, as_of_date) with LOCF to sectionals_aggregated_locf (overwrite).
2025-03-27 05:04:14 - INFO - Done. Wrote table=sectionals_aggregated_locf in 27.44 sec, keyed by (horse_id, as_of_date).
2025-03-27 05:04:15 - INFO - Starting quartile-based GPS metrics calculation...
2025-03-27 05:04:15 - INFO - Writing quartile + overall GPS metrics (with horse_id) to gps_aggregated ...
2025-03-27 05:05:42 - INFO - GPS quartile metrics aggregated (with axciskey => horse_id) and written in 87.41 seconds.
2025-03-27 05:05:52 - INFO - Ingestion job succeeded
2025-03-27 05:05:52 - INFO - Updating net_sentiment beginning...
2025-03-27 05:06:30 - INFO - Net sentiment updated successfully in 38.34 seconds.
2025-03-27 05:06:30 - INFO - Updating distance_meters in racedata beginning...
2025-03-27 05:06:36 - INFO - Distance_meters updated successfully in 6.07 seconds.
2025-03-27 05:06:36 - INFO - Updating rr_par_time in races beginning...
2025-03-27 05:06:38 - INFO - rr_par_time updated successfully in 1.88 seconds.
2025-03-27 05:06:38 - INFO - Updating previous race data and race count in runners beginning...
2025-03-27 05:07:03 - INFO - Previous race data and race count updated successfully.
2025-03-27 05:07:03 - INFO - Time taken to update previous race data and race count: 25.40058159828186 seconds
2025-03-27 05:07:39 - INFO - Updated runners: prev_speed_rating set from results_entries.speed_rating.
2025-03-27 05:07:39 - INFO - Speed_rating updated using forward-fill (LOCF) successfully.
2025-03-27 05:08:14 - INFO - Updated runners: prev_speed_rating set from results_entries.speed_rating.
2025-03-27 05:08:15 - INFO - Update previous_surface successful.
2025-03-27 05:08:15 - INFO - Updating finish_time in results_entries beginning...
2025-03-27 05:08:28 - INFO - finish_time updated successfully in 12.64 seconds.
2025-03-27 05:08:28 - INFO - Closing down clientserver connection
