2025-04-24 05:00:04 - INFO - Logging has been set up successfully.
2025-04-24 05:00:04 - INFO - Loading gpspoint data from PostgreSQL...
2025-04-24 05:00:05 - INFO - Saving gpspoint DataFrame to Parquet at /home/exx/myCode/horse-racing/FoxRiverAIRacing/data/parquet/gpspoint.parquet...
2025-04-24 05:03:03 - INFO - gpspoint data loaded and saved successfully.
2025-04-24 05:03:03 - INFO - Loading sectionals data from PostgreSQL...
2025-04-24 05:03:03 - INFO - Saving sectionals DataFrame to Parquet at /home/exx/myCode/horse-racing/FoxRiverAIRacing/data/parquet/sectionals.parquet...
2025-04-24 05:03:19 - INFO - sectionals data loaded and saved successfully.
2025-04-24 05:03:19 - INFO - Loading runners data from PostgreSQL...
2025-04-24 05:03:19 - INFO - Saving runners DataFrame to Parquet at /home/exx/myCode/horse-racing/FoxRiverAIRacing/data/parquet/runners.parquet...
2025-04-24 05:03:31 - INFO - runners data loaded and saved successfully.
2025-04-24 05:03:31 - INFO - Loading horse data from PostgreSQL...
2025-04-24 05:03:31 - INFO - Saving horse DataFrame to Parquet at /home/exx/myCode/horse-racing/FoxRiverAIRacing/data/parquet/horse.parquet...
2025-04-24 05:03:31 - INFO - horse data loaded and saved successfully.
2025-04-24 05:03:31 - INFO - DataFrame 'gpspoint' loaded. Schema:
2025-04-24 05:03:31 - INFO - DataFrame 'sectionals' loaded. Schema:
2025-04-24 05:03:31 - INFO - DataFrame 'runners' loaded. Schema:
2025-04-24 05:03:31 - INFO - DataFrame 'horse' loaded. Schema:
2025-04-24 05:03:31 - INFO - Starting Spark-based aggregation for sectionals...
2025-04-24 05:03:43 - INFO - Writing aggregated results to staging table (overwrite)...
2025-04-24 05:04:00 - INFO - Staging table sectionals_aggregated written successfully.
2025-04-24 05:04:00 - INFO - Spark-based sectionals aggregation and write completed in 28.33 seconds.
2025-04-24 05:04:00 - INFO - Starting Spark-based aggregation for sectionals keyed by (horse_id, as_of_date) with LOCF ...
2025-04-24 05:04:10 - INFO - Writing aggregator keyed by (horse_id, as_of_date) with LOCF to sectionals_aggregated_locf (overwrite).
2025-04-24 05:04:28 - INFO - Done. Wrote table=sectionals_aggregated_locf in 27.96 sec, keyed by (horse_id, as_of_date).
2025-04-24 05:04:28 - INFO - Starting quartile-based GPS metrics calculation...
2025-04-24 05:04:28 - INFO - Writing quartile + overall GPS metrics (with horse_id) to gps_aggregated ...
2025-04-24 05:05:58 - INFO - GPS quartile metrics aggregated (with axciskey => horse_id) and written in 90.01 seconds.
2025-04-24 05:06:06 - INFO - Ingestion job succeeded
2025-04-24 05:06:06 - INFO - Updating net_sentiment beginning...
2025-04-24 05:06:22 - INFO - Net sentiment updated successfully in 16.52 seconds.
2025-04-24 05:06:22 - INFO - Updating distance_meters in racedata beginning...
2025-04-24 05:06:24 - INFO - Distance_meters updated successfully in 1.45 seconds.
2025-04-24 05:06:24 - INFO - Updating rr_par_time in races beginning...
2025-04-24 05:06:27 - INFO - rr_par_time updated successfully in 3.07 seconds.
2025-04-24 05:06:27 - INFO - Updating previous race data and race count in runners beginning...
2025-04-24 05:06:54 - INFO - Previous race data and race count updated successfully.
2025-04-24 05:06:54 - INFO - Time taken to update previous race data and race count: 27.081823110580444 seconds
2025-04-24 05:07:32 - INFO - Updated runners: prev_speed_rating set from results_entries.speed_rating.
2025-04-24 05:07:32 - INFO - Speed_rating updated using forward-fill (LOCF) successfully.
2025-04-24 05:08:38 - INFO - Updated runners: prev_speed_rating set from results_entries.speed_rating.
2025-04-24 05:08:39 - INFO - Update previous_surface successful.
2025-04-24 05:08:39 - INFO - Updating finish_time in results_entries beginning...
2025-04-24 05:08:51 - INFO - finish_time updated successfully in 11.66 seconds.
2025-04-24 05:08:51 - INFO - Closing down clientserver connection
