2025-03-30 05:00:03 - INFO - Logging has been set up successfully.
2025-03-30 05:00:03 - INFO - Loading gpspoint data from PostgreSQL...
2025-03-30 05:00:04 - INFO - Saving gpspoint DataFrame to Parquet at /home/exx/myCode/horse-racing/FoxRiverAIRacing/data/parquet/gpspoint.parquet...
2025-03-30 05:02:57 - INFO - gpspoint data loaded and saved successfully.
2025-03-30 05:02:57 - INFO - Loading sectionals data from PostgreSQL...
2025-03-30 05:02:57 - INFO - Saving sectionals DataFrame to Parquet at /home/exx/myCode/horse-racing/FoxRiverAIRacing/data/parquet/sectionals.parquet...
2025-03-30 05:03:14 - INFO - sectionals data loaded and saved successfully.
2025-03-30 05:03:14 - INFO - Loading runners data from PostgreSQL...
2025-03-30 05:03:14 - INFO - Saving runners DataFrame to Parquet at /home/exx/myCode/horse-racing/FoxRiverAIRacing/data/parquet/runners.parquet...
2025-03-30 05:03:26 - INFO - runners data loaded and saved successfully.
2025-03-30 05:03:26 - INFO - Loading horse data from PostgreSQL...
2025-03-30 05:03:26 - INFO - Saving horse DataFrame to Parquet at /home/exx/myCode/horse-racing/FoxRiverAIRacing/data/parquet/horse.parquet...
2025-03-30 05:03:26 - INFO - horse data loaded and saved successfully.
2025-03-30 05:03:26 - INFO - DataFrame 'gpspoint' loaded. Schema:
2025-03-30 05:03:26 - INFO - DataFrame 'sectionals' loaded. Schema:
2025-03-30 05:03:26 - INFO - DataFrame 'runners' loaded. Schema:
2025-03-30 05:03:26 - INFO - DataFrame 'horse' loaded. Schema:
2025-03-30 05:03:26 - INFO - Starting Spark-based aggregation for sectionals...
2025-03-30 05:03:38 - INFO - Writing aggregated results to staging table (overwrite)...
2025-03-30 05:03:54 - INFO - Staging table sectionals_aggregated written successfully.
2025-03-30 05:03:54 - INFO - Spark-based sectionals aggregation and write completed in 27.51 seconds.
2025-03-30 05:03:54 - INFO - Starting Spark-based aggregation for sectionals keyed by (horse_id, as_of_date) with LOCF ...
2025-03-30 05:04:05 - INFO - Writing aggregator keyed by (horse_id, as_of_date) with LOCF to sectionals_aggregated_locf (overwrite).
2025-03-30 05:04:21 - INFO - Done. Wrote table=sectionals_aggregated_locf in 27.57 sec, keyed by (horse_id, as_of_date).
2025-03-30 05:04:22 - INFO - Starting quartile-based GPS metrics calculation...
2025-03-30 05:04:22 - INFO - Writing quartile + overall GPS metrics (with horse_id) to gps_aggregated ...
2025-03-30 05:05:48 - INFO - GPS quartile metrics aggregated (with axciskey => horse_id) and written in 86.32 seconds.
2025-03-30 05:05:55 - INFO - Ingestion job succeeded
2025-03-30 05:05:55 - INFO - Updating net_sentiment beginning...
2025-03-30 05:06:14 - INFO - Net sentiment updated successfully in 18.29 seconds.
2025-03-30 05:06:14 - INFO - Updating distance_meters in racedata beginning...
2025-03-30 05:06:27 - INFO - Distance_meters updated successfully in 13.12 seconds.
2025-03-30 05:06:27 - INFO - Updating rr_par_time in races beginning...
2025-03-30 05:06:29 - INFO - rr_par_time updated successfully in 2.54 seconds.
2025-03-30 05:06:29 - INFO - Updating previous race data and race count in runners beginning...
2025-03-30 05:06:53 - INFO - Previous race data and race count updated successfully.
2025-03-30 05:06:53 - INFO - Time taken to update previous race data and race count: 23.616215229034424 seconds
2025-03-30 05:07:30 - INFO - Updated runners: prev_speed_rating set from results_entries.speed_rating.
2025-03-30 05:07:30 - INFO - Speed_rating updated using forward-fill (LOCF) successfully.
2025-03-30 05:08:07 - INFO - Updated runners: prev_speed_rating set from results_entries.speed_rating.
2025-03-30 05:08:08 - INFO - Update previous_surface successful.
2025-03-30 05:08:08 - INFO - Updating finish_time in results_entries beginning...
2025-03-30 05:08:35 - INFO - finish_time updated successfully in 26.45 seconds.
2025-03-30 05:08:35 - INFO - Closing down clientserver connection
