2025-04-16 05:00:03 - INFO - Logging has been set up successfully.
2025-04-16 05:00:03 - INFO - Loading gpspoint data from PostgreSQL...
2025-04-16 05:00:04 - INFO - Saving gpspoint DataFrame to Parquet at /home/exx/myCode/horse-racing/FoxRiverAIRacing/data/parquet/gpspoint.parquet...
2025-04-16 05:02:55 - INFO - gpspoint data loaded and saved successfully.
2025-04-16 05:02:55 - INFO - Loading sectionals data from PostgreSQL...
2025-04-16 05:02:55 - INFO - Saving sectionals DataFrame to Parquet at /home/exx/myCode/horse-racing/FoxRiverAIRacing/data/parquet/sectionals.parquet...
2025-04-16 05:03:11 - INFO - sectionals data loaded and saved successfully.
2025-04-16 05:03:11 - INFO - Loading runners data from PostgreSQL...
2025-04-16 05:03:11 - INFO - Saving runners DataFrame to Parquet at /home/exx/myCode/horse-racing/FoxRiverAIRacing/data/parquet/runners.parquet...
2025-04-16 05:03:23 - INFO - runners data loaded and saved successfully.
2025-04-16 05:03:23 - INFO - Loading horse data from PostgreSQL...
2025-04-16 05:03:23 - INFO - Saving horse DataFrame to Parquet at /home/exx/myCode/horse-racing/FoxRiverAIRacing/data/parquet/horse.parquet...
2025-04-16 05:03:23 - INFO - horse data loaded and saved successfully.
2025-04-16 05:03:23 - INFO - DataFrame 'gpspoint' loaded. Schema:
2025-04-16 05:03:23 - INFO - DataFrame 'sectionals' loaded. Schema:
2025-04-16 05:03:23 - INFO - DataFrame 'runners' loaded. Schema:
2025-04-16 05:03:23 - INFO - DataFrame 'horse' loaded. Schema:
2025-04-16 05:03:23 - INFO - Starting Spark-based aggregation for sectionals...
2025-04-16 05:03:35 - INFO - Writing aggregated results to staging table (overwrite)...
2025-04-16 05:03:51 - INFO - Staging table sectionals_aggregated written successfully.
2025-04-16 05:03:51 - INFO - Spark-based sectionals aggregation and write completed in 27.50 seconds.
2025-04-16 05:03:51 - INFO - Starting Spark-based aggregation for sectionals keyed by (horse_id, as_of_date) with LOCF ...
2025-04-16 05:04:01 - INFO - Writing aggregator keyed by (horse_id, as_of_date) with LOCF to sectionals_aggregated_locf (overwrite).
2025-04-16 05:04:18 - INFO - Done. Wrote table=sectionals_aggregated_locf in 27.56 sec, keyed by (horse_id, as_of_date).
2025-04-16 05:04:19 - INFO - Starting quartile-based GPS metrics calculation...
2025-04-16 05:04:19 - INFO - Writing quartile + overall GPS metrics (with horse_id) to gps_aggregated ...
2025-04-16 05:05:46 - INFO - GPS quartile metrics aggregated (with axciskey => horse_id) and written in 87.14 seconds.
2025-04-16 05:05:53 - INFO - Ingestion job succeeded
2025-04-16 05:05:53 - INFO - Updating net_sentiment beginning...
2025-04-16 05:06:09 - INFO - Net sentiment updated successfully in 16.00 seconds.
2025-04-16 05:06:09 - INFO - Updating distance_meters in racedata beginning...
2025-04-16 05:06:10 - INFO - Distance_meters updated successfully in 1.43 seconds.
2025-04-16 05:06:10 - INFO - Updating rr_par_time in races beginning...
2025-04-16 05:06:11 - INFO - rr_par_time updated successfully in 0.70 seconds.
2025-04-16 05:06:11 - INFO - Updating previous race data and race count in runners beginning...
2025-04-16 05:06:38 - INFO - Previous race data and race count updated successfully.
2025-04-16 05:06:38 - INFO - Time taken to update previous race data and race count: 26.96683931350708 seconds
2025-04-16 05:07:19 - INFO - Updated runners: prev_speed_rating set from results_entries.speed_rating.
2025-04-16 05:07:19 - INFO - Speed_rating updated using forward-fill (LOCF) successfully.
2025-04-16 05:08:03 - INFO - Updated runners: prev_speed_rating set from results_entries.speed_rating.
2025-04-16 05:08:03 - INFO - Update previous_surface successful.
2025-04-16 05:08:03 - INFO - Updating finish_time in results_entries beginning...
2025-04-16 05:08:39 - INFO - finish_time updated successfully in 35.47 seconds.
2025-04-16 05:08:39 - INFO - Closing down clientserver connection
