2025-05-13 05:00:03 - INFO - Logging has been set up successfully.
2025-05-13 05:00:03 - INFO - Loading gpspoint data from PostgreSQL...
2025-05-13 05:00:04 - INFO - Saving gpspoint DataFrame to Parquet at /home/exx/myCode/horse-racing/FoxRiverAIRacing/data/parquet/gpspoint.parquet...
2025-05-13 05:03:11 - INFO - gpspoint data loaded and saved successfully.
2025-05-13 05:03:11 - INFO - Loading sectionals data from PostgreSQL...
2025-05-13 05:03:11 - INFO - Saving sectionals DataFrame to Parquet at /home/exx/myCode/horse-racing/FoxRiverAIRacing/data/parquet/sectionals.parquet...
2025-05-13 05:03:28 - INFO - sectionals data loaded and saved successfully.
2025-05-13 05:03:28 - INFO - Loading runners data from PostgreSQL...
2025-05-13 05:03:28 - INFO - Saving runners DataFrame to Parquet at /home/exx/myCode/horse-racing/FoxRiverAIRacing/data/parquet/runners.parquet...
2025-05-13 05:03:40 - INFO - runners data loaded and saved successfully.
2025-05-13 05:03:40 - INFO - Loading horse data from PostgreSQL...
2025-05-13 05:03:40 - INFO - Saving horse DataFrame to Parquet at /home/exx/myCode/horse-racing/FoxRiverAIRacing/data/parquet/horse.parquet...
2025-05-13 05:03:41 - INFO - horse data loaded and saved successfully.
2025-05-13 05:03:41 - INFO - DataFrame 'gpspoint' loaded. Schema:
2025-05-13 05:03:41 - INFO - DataFrame 'sectionals' loaded. Schema:
2025-05-13 05:03:41 - INFO - DataFrame 'runners' loaded. Schema:
2025-05-13 05:03:41 - INFO - DataFrame 'horse' loaded. Schema:
2025-05-13 05:03:41 - INFO - Starting Spark-based aggregation for sectionals...
2025-05-13 05:03:52 - INFO - Writing aggregated results to staging table (overwrite)...
2025-05-13 05:04:09 - INFO - Staging table sectionals_aggregated written successfully.
2025-05-13 05:04:09 - INFO - Spark-based sectionals aggregation and write completed in 28.26 seconds.
2025-05-13 05:04:09 - INFO - Starting Spark-based aggregation for sectionals keyed by (horse_id, as_of_date) with LOCF ...
2025-05-13 05:04:20 - INFO - Writing aggregator keyed by (horse_id, as_of_date) with LOCF to sectionals_aggregated_locf (overwrite).
2025-05-13 05:04:36 - INFO - Done. Wrote table=sectionals_aggregated_locf in 27.61 sec, keyed by (horse_id, as_of_date).
2025-05-13 05:04:37 - INFO - Starting quartile-based GPS metrics calculation...
2025-05-13 05:04:37 - INFO - Writing quartile + overall GPS metrics (with horse_id) to gps_aggregated ...
2025-05-13 05:06:08 - INFO - GPS quartile metrics aggregated (with axciskey => horse_id) and written in 91.65 seconds.
2025-05-13 05:06:16 - INFO - Ingestion job succeeded
2025-05-13 05:06:16 - INFO - Updating net_sentiment beginning...
2025-05-13 05:06:27 - INFO - Net sentiment updated successfully in 11.25 seconds.
2025-05-13 05:06:27 - INFO - Updating distance_meters in racedata beginning...
2025-05-13 05:06:32 - INFO - Distance_meters updated successfully in 4.77 seconds.
2025-05-13 05:06:32 - INFO - Updating rr_par_time in races beginning...
2025-05-13 05:06:33 - INFO - rr_par_time updated successfully in 1.52 seconds.
2025-05-13 05:06:33 - INFO - Updating previous race data and race count in runners beginning...
2025-05-13 05:06:55 - INFO - Previous race data and race count updated successfully.
2025-05-13 05:06:55 - INFO - Time taken to update previous race data and race count: 21.89615774154663 seconds
2025-05-13 05:07:30 - INFO - Updated runners: prev_speed_rating set from results_entries.speed_rating.
2025-05-13 05:07:30 - INFO - Speed_rating updated using forward-fill (LOCF) successfully.
2025-05-13 05:08:06 - INFO - Updated runners: prev_speed_rating set from results_entries.speed_rating.
2025-05-13 05:08:07 - INFO - Update previous_surface successful.
2025-05-13 05:08:07 - INFO - Updating finish_time in results_entries beginning...
2025-05-13 05:08:38 - INFO - finish_time updated successfully in 30.75 seconds.
2025-05-13 05:08:38 - INFO - Closing down clientserver connection
