2025-05-13 13:37:05 - INFO - Logging has been set up successfully.
2025-05-13 13:37:05 - INFO - Loading races data from PostgreSQL...
2025-05-13 13:37:06 - INFO - Saving races DataFrame to Parquet at /home/exx/myCode/horse-racing/FoxRiverAIRacing/data/parquet/races.parquet...
2025-05-13 13:37:08 - INFO - races data loaded and saved successfully.
2025-05-13 13:37:08 - INFO - Loading wagers data from PostgreSQL...
2025-05-13 13:37:08 - INFO - Saving wagers DataFrame to Parquet at /home/exx/myCode/horse-racing/FoxRiverAIRacing/data/parquet/wagers.parquet...
2025-05-13 13:37:09 - INFO - wagers data loaded and saved successfully.
2025-05-13 13:37:09 - INFO - DataFrame 'races' loaded. Schema:
2025-05-13 13:37:09 - INFO - DataFrame 'wagers' loaded. Schema:
2025-05-13 13:37:41 - INFO - Exacta ▶ 5779 races after filters
2025-05-13 13:37:41 - INFO - [GAP STATS] gap12 median 0.0887 | 75-pct 0.1811 | 90-pct 0.2958 ; gap23 median 0.0394 | 75-pct 0.0777 | 90-pct 0.1280
2025-05-13 13:37:41 - INFO - 
--- Debugging Race ---
2025-05-13 13:37:41 - INFO - Race Key: ('AQU', datetime.date(2025, 4, 27), 6, 'Exacta')
2025-05-13 13:37:41 - INFO - Wager Amount: 200.0
2025-05-13 13:37:41 - INFO - Generated Combos: [('6', '8')]
2025-05-13 13:37:41 - INFO - Posted Base: 1.00
2025-05-13 13:37:41 - INFO - Cost for Combos: 200.00
2025-05-13 13:37:41 - INFO - Actual Winning Combo: [['6'], ['8']]
2025-05-13 13:37:41 - INFO - Listed Payoff: 6.00
2025-05-13 13:37:41 - INFO - Bad Race Wager info so far: 0
2025-05-13 13:37:41 - INFO - => Match Found! Winning Combo: ('6', '8'), Payoff = 1200.00
2025-05-13 13:37:41 - INFO - combo size 1  |  [('6', '8')]
2025-05-13 13:37:41 - INFO - [AQU-6] ✔ prog=6 rank= 1  score=0.5833  kelly=0.413 edge=+0.293  ML= 0.29  2025-04-27  gap12=0.337  gap23=0.337
2025-05-13 13:37:41 - INFO - [AQU-6] ▶ prog=8 rank= 2  score=0.2465  kelly=0.034 edge=+0.026  ML= 0.22  2025-04-27  gap12=0.337  gap23=0.337
2025-05-13 13:37:41 - INFO - Leader gap (1→2): 0.337 | Trailing gap (2→3): 0.192 | sec_score #1: 4.1293  #2: 106.5518  #3: 303.0179
2025-05-13 13:37:41 - INFO - AQU-6 | Huge gaps straight | stake $200.00 | 1 combos | cost 200.00 | HIT
2025-05-13 13:37:41 - INFO - Debug1 New Race: key=('IND', datetime.date(2025, 5, 12), 1, 'Exacta'), race_wager_info=None, num_tickets=None (type: <class 'NoneType'>)
2025-05-13 13:37:41 - INFO - Debug1 New Race: key=('IND', datetime.date(2025, 5, 12), 2, 'Exacta'), race_wager_info=None, num_tickets=None (type: <class 'NoneType'>)
2025-05-13 13:37:41 - INFO - Debug1 New Race: key=('IND', datetime.date(2025, 5, 12), 3, 'Exacta'), race_wager_info=None, num_tickets=None (type: <class 'NoneType'>)
2025-05-13 13:37:41 - INFO - Debug1 New Race: key=('IND', datetime.date(2025, 5, 12), 4, 'Exacta'), race_wager_info=None, num_tickets=None (type: <class 'NoneType'>)
2025-05-13 13:37:41 - INFO - Debug1 New Race: key=('IND', datetime.date(2025, 5, 12), 5, 'Exacta'), race_wager_info=None, num_tickets=None (type: <class 'NoneType'>)
2025-05-13 13:37:41 - INFO - Debug1 New Race: key=('IND', datetime.date(2025, 5, 12), 6, 'Exacta'), race_wager_info=None, num_tickets=None (type: <class 'NoneType'>)
2025-05-13 13:37:41 - INFO - Debug1 New Race: key=('IND', datetime.date(2025, 5, 12), 7, 'Exacta'), race_wager_info=None, num_tickets=None (type: <class 'NoneType'>)
2025-05-13 13:37:41 - INFO - Debug1 New Race: key=('IND', datetime.date(2025, 5, 13), 1, 'Exacta'), race_wager_info=None, num_tickets=None (type: <class 'NoneType'>)
2025-05-13 13:37:41 - INFO - Debug1 New Race: key=('IND', datetime.date(2025, 5, 13), 2, 'Exacta'), race_wager_info=None, num_tickets=None (type: <class 'NoneType'>)
2025-05-13 13:37:41 - INFO - Debug1 New Race: key=('IND', datetime.date(2025, 5, 13), 3, 'Exacta'), race_wager_info=None, num_tickets=None (type: <class 'NoneType'>)
2025-05-13 13:37:41 - INFO - Debug1 New Race: key=('IND', datetime.date(2025, 5, 13), 4, 'Exacta'), race_wager_info=None, num_tickets=None (type: <class 'NoneType'>)
2025-05-13 13:37:41 - INFO - Debug1 New Race: key=('IND', datetime.date(2025, 5, 13), 5, 'Exacta'), race_wager_info=None, num_tickets=None (type: <class 'NoneType'>)
2025-05-13 13:37:41 - INFO - Debug1 New Race: key=('IND', datetime.date(2025, 5, 13), 6, 'Exacta'), race_wager_info=None, num_tickets=None (type: <class 'NoneType'>)
2025-05-13 13:37:41 - INFO - Debug1 New Race: key=('IND', datetime.date(2025, 5, 13), 7, 'Exacta'), race_wager_info=None, num_tickets=None (type: <class 'NoneType'>)
2025-05-13 13:37:41 - INFO - Debug1 New Race: key=('IND', datetime.date(2025, 5, 13), 8, 'Exacta'), race_wager_info=None, num_tickets=None (type: <class 'NoneType'>)
2025-05-13 13:37:41 - INFO - Debug1 New Race: key=('IND', datetime.date(2025, 5, 14), 1, 'Exacta'), race_wager_info=None, num_tickets=None (type: <class 'NoneType'>)
2025-05-13 13:37:41 - INFO - Debug1 New Race: key=('IND', datetime.date(2025, 5, 14), 2, 'Exacta'), race_wager_info=None, num_tickets=None (type: <class 'NoneType'>)
2025-05-13 13:37:41 - INFO - Debug1 New Race: key=('IND', datetime.date(2025, 5, 14), 3, 'Exacta'), race_wager_info=None, num_tickets=None (type: <class 'NoneType'>)
2025-05-13 13:37:41 - INFO - Debug1 New Race: key=('IND', datetime.date(2025, 5, 14), 4, 'Exacta'), race_wager_info=None, num_tickets=None (type: <class 'NoneType'>)
2025-05-13 13:37:41 - INFO - Debug1 New Race: key=('IND', datetime.date(2025, 5, 14), 5, 'Exacta'), race_wager_info=None, num_tickets=None (type: <class 'NoneType'>)
2025-05-13 13:37:41 - INFO - Debug1 New Race: key=('IND', datetime.date(2025, 5, 14), 6, 'Exacta'), race_wager_info=None, num_tickets=None (type: <class 'NoneType'>)
2025-05-13 13:37:41 - INFO - Debug1 New Race: key=('IND', datetime.date(2025, 5, 14), 7, 'Exacta'), race_wager_info=None, num_tickets=None (type: <class 'NoneType'>)
2025-05-13 13:37:41 - INFO - Debug1 New Race: key=('IND', datetime.date(2025, 5, 14), 8, 'Exacta'), race_wager_info=None, num_tickets=None (type: <class 'NoneType'>)
2025-05-13 13:37:41 - INFO - Debug1 New Race: key=('IND', datetime.date(2025, 5, 14), 9, 'Exacta'), race_wager_info=None, num_tickets=None (type: <class 'NoneType'>)
2025-05-13 13:37:41 - INFO - Debug1 New Race: key=('KEE', datetime.date(2025, 4, 11), 3, 'Exacta'), race_wager_info=None, num_tickets=None (type: <class 'NoneType'>)
2025-05-13 13:37:41 - INFO - 
--- Debugging Race ---
2025-05-13 13:37:41 - INFO - Race Key: ('LRL', datetime.date(2025, 2, 22), 2, 'Exacta')
2025-05-13 13:37:41 - INFO - Wager Amount: 48.254996193636345
2025-05-13 13:37:41 - INFO - Generated Combos: [('2', '6'), ('6', '2')]
2025-05-13 13:37:41 - INFO - Posted Base: 1.00
2025-05-13 13:37:41 - INFO - Cost for Combos: 40.00
2025-05-13 13:37:41 - INFO - Actual Winning Combo: [['3'], ['2']]
2025-05-13 13:37:41 - INFO - Listed Payoff: 20.00
2025-05-13 13:37:41 - INFO - Bad Race Wager info so far: 25
2025-05-13 13:37:41 - INFO - combo size 2  |  [('2', '6'), ('6', '2')]
2025-05-13 13:37:41 - INFO - [LRL-2] ✔ prog=2 rank= 1  score=0.4271  kelly=0.236 edge=+0.177  ML= 0.25  2025-02-22  gap12=0.022  gap23=0.022
2025-05-13 13:37:41 - INFO - [LRL-2] ▶ prog=6 rank= 2  score=0.4054  kelly=-0.081 edge=-0.045  ML= 0.45  2025-02-22  gap12=0.022  gap23=0.022
2025-05-13 13:37:41 - INFO - [LRL-2] ✔ prog=6 rank= 2  score=0.4054  kelly=-0.081 edge=-0.045  ML= 0.45  2025-02-22  gap12=0.022  gap23=0.022
2025-05-13 13:37:41 - INFO - [LRL-2] ▶ prog=2 rank= 1  score=0.4271  kelly=0.236 edge=+0.177  ML= 0.25  2025-02-22  gap12=0.022  gap23=0.022
2025-05-13 13:37:41 - INFO - Leader gap (1→2): 0.022 | Trailing gap (2→3): 0.330 | sec_score #1: 7.7547  #2: 27.3087  #3: 598.2553
2025-05-13 13:37:41 - INFO - LRL-2 | Box 1-2 | stake $48.25 | 2 combos | cost 40.00 | miss
2025-05-13 13:37:41 - INFO - Debug1 New Race: key=('LRL', datetime.date(2025, 3, 1), 9, 'Exacta'), race_wager_info=None, num_tickets=None (type: <class 'NoneType'>)
2025-05-13 13:37:41 - INFO - 
--- Debugging Race ---
2025-05-13 13:37:41 - INFO - Race Key: ('LRL', datetime.date(2025, 4, 11), 8, 'Exacta')
2025-05-13 13:37:41 - INFO - Wager Amount: 296.0
2025-05-13 13:37:41 - INFO - Generated Combos: [('4', '6')]
2025-05-13 13:37:41 - INFO - Posted Base: 1.00
2025-05-13 13:37:41 - INFO - Cost for Combos: 300.00
2025-05-13 13:37:41 - INFO - Actual Winning Combo: [['3'], ['4']]
2025-05-13 13:37:41 - INFO - Listed Payoff: 17.00
2025-05-13 13:37:41 - INFO - Bad Race Wager info so far: 26
2025-05-13 13:37:41 - INFO - combo size 1  |  [('4', '6')]
2025-05-13 13:37:41 - INFO - [LRL-8] ✔ prog=4 rank= 1  score=0.5944  kelly=0.301 edge=+0.174  ML= 0.42  2025-04-11  gap12=0.324  gap23=0.324
2025-05-13 13:37:41 - INFO - [LRL-8] ▶ prog=6 rank= 2  score=0.2708  kelly=-0.176 edge=-0.109  ML= 0.38  2025-04-11  gap12=0.324  gap23=0.324
2025-05-13 13:37:41 - INFO - Leader gap (1→2): 0.324 | Trailing gap (2→3): 0.216 | sec_score #1: 4.2383  #2: 7.0008  #3: 240.6976
2025-05-13 13:37:41 - INFO - LRL-8 | Huge gaps straight | stake $296.00 | 1 combos | cost 300.00 | miss
2025-05-13 13:37:41 - INFO - 
--- Debugging Race ---
2025-05-13 13:37:41 - INFO - Race Key: ('LRL', datetime.date(2025, 5, 2), 2, 'Exacta')
2025-05-13 13:37:41 - INFO - Wager Amount: 51.732015755663156
2025-05-13 13:37:41 - INFO - Generated Combos: [('4', '5'), ('5', '4')]
2025-05-13 13:37:41 - INFO - Posted Base: 1.00
2025-05-13 13:37:41 - INFO - Cost for Combos: 40.00
2025-05-13 13:37:41 - INFO - Actual Winning Combo: [['4'], ['5']]
2025-05-13 13:37:41 - INFO - Listed Payoff: 3.80
2025-05-13 13:37:41 - INFO - Bad Race Wager info so far: 26
2025-05-13 13:37:41 - INFO - => Match Found! Winning Combo: ('4', '5'), Payoff = 76.00
2025-05-13 13:37:41 - INFO - combo size 2  |  [('4', '5'), ('5', '4')]
2025-05-13 13:37:41 - INFO - [LRL-2] ✔ prog=4 rank= 1  score=0.4573  kelly=-0.085 edge=-0.043  ML= 0.50  2025-05-02  gap12=0.089  gap23=0.089
2025-05-13 13:37:41 - INFO - [LRL-2] ▶ prog=5 rank= 2  score=0.3683  kelly=0.110 edge=+0.078  ML= 0.29  2025-05-02  gap12=0.089  gap23=0.089
2025-05-13 13:37:41 - INFO - [LRL-2] ✔ prog=5 rank= 2  score=0.3683  kelly=0.110 edge=+0.078  ML= 0.29  2025-05-02  gap12=0.089  gap23=0.089
2025-05-13 13:37:41 - INFO - [LRL-2] ▶ prog=4 rank= 1  score=0.4573  kelly=-0.085 edge=-0.043  ML= 0.50  2025-05-02  gap12=0.089  gap23=0.089
2025-05-13 13:37:41 - INFO - Leader gap (1→2): 0.089 | Trailing gap (2→3): 0.323 | sec_score #1: 4.1624  #2: 71.6734  #3: 166.8312
2025-05-13 13:37:41 - INFO - LRL-2 | Box 1-2 | stake $51.73 | 2 combos | cost 40.00 | HIT
2025-05-13 13:37:41 - INFO - Debug1 New Race: key=('MTH', datetime.date(2025, 5, 11), 1, 'Exacta'), race_wager_info=None, num_tickets=None (type: <class 'NoneType'>)
2025-05-13 13:37:41 - INFO - Debug1 New Race: key=('MTH', datetime.date(2025, 5, 11), 2, 'Exacta'), race_wager_info=None, num_tickets=None (type: <class 'NoneType'>)
2025-05-13 13:37:41 - INFO - Debug1 New Race: key=('MTH', datetime.date(2025, 5, 11), 3, 'Exacta'), race_wager_info=None, num_tickets=None (type: <class 'NoneType'>)
2025-05-13 13:37:41 - INFO - Debug1 New Race: key=('MTH', datetime.date(2025, 5, 11), 4, 'Exacta'), race_wager_info=None, num_tickets=None (type: <class 'NoneType'>)
2025-05-13 13:37:41 - INFO - Debug1 New Race: key=('MTH', datetime.date(2025, 5, 11), 5, 'Exacta'), race_wager_info=None, num_tickets=None (type: <class 'NoneType'>)
2025-05-13 13:37:41 - INFO - Debug1 New Race: key=('MTH', datetime.date(2025, 5, 11), 6, 'Exacta'), race_wager_info=None, num_tickets=None (type: <class 'NoneType'>)
2025-05-13 13:37:41 - INFO - Debug1 New Race: key=('MTH', datetime.date(2025, 5, 11), 7, 'Exacta'), race_wager_info=None, num_tickets=None (type: <class 'NoneType'>)
2025-05-13 13:37:41 - INFO - Debug1 New Race: key=('MTH', datetime.date(2025, 5, 11), 8, 'Exacta'), race_wager_info=None, num_tickets=None (type: <class 'NoneType'>)
2025-05-13 13:37:41 - INFO - Debug1 New Race: key=('MTH', datetime.date(2025, 5, 11), 9, 'Exacta'), race_wager_info=None, num_tickets=None (type: <class 'NoneType'>)
2025-05-13 13:37:41 - INFO - Debug1 New Race: key=('MTH', datetime.date(2025, 5, 11), 10, 'Exacta'), race_wager_info=None, num_tickets=None (type: <class 'NoneType'>)
2025-05-13 13:37:41 - INFO - Debug1 New Race: key=('PIM', datetime.date(2025, 5, 9), 1, 'Exacta'), race_wager_info=None, num_tickets=None (type: <class 'NoneType'>)
2025-05-13 13:37:41 - INFO - Debug1 New Race: key=('PIM', datetime.date(2025, 5, 10), 2, 'Exacta'), race_wager_info=None, num_tickets=None (type: <class 'NoneType'>)
2025-05-13 13:37:41 - INFO - Debug1 New Race: key=('PIM', datetime.date(2025, 5, 10), 11, 'Exacta'), race_wager_info=None, num_tickets=None (type: <class 'NoneType'>)
2025-05-13 13:37:41 - INFO - Debug1 New Race: key=('PIM', datetime.date(2025, 5, 10), 12, 'Exacta'), race_wager_info=None, num_tickets=None (type: <class 'NoneType'>)
2025-05-13 13:37:41 - INFO - Debug1 New Race: key=('PIM', datetime.date(2025, 5, 10), 13, 'Exacta'), race_wager_info=None, num_tickets=None (type: <class 'NoneType'>)
2025-05-13 13:37:41 - INFO - Debug1 New Race: key=('PIM', datetime.date(2025, 5, 11), 1, 'Exacta'), race_wager_info=None, num_tickets=None (type: <class 'NoneType'>)
2025-05-13 13:37:41 - INFO - Debug1 New Race: key=('PIM', datetime.date(2025, 5, 11), 2, 'Exacta'), race_wager_info=None, num_tickets=None (type: <class 'NoneType'>)
2025-05-13 13:37:41 - INFO - Debug1 New Race: key=('PIM', datetime.date(2025, 5, 11), 3, 'Exacta'), race_wager_info=None, num_tickets=None (type: <class 'NoneType'>)
2025-05-13 13:37:41 - INFO - Debug1 New Race: key=('PIM', datetime.date(2025, 5, 11), 4, 'Exacta'), race_wager_info=None, num_tickets=None (type: <class 'NoneType'>)
2025-05-13 13:37:41 - INFO - Debug1 New Race: key=('PIM', datetime.date(2025, 5, 11), 6, 'Exacta'), race_wager_info=None, num_tickets=None (type: <class 'NoneType'>)
2025-05-13 13:37:41 - INFO - Debug1 New Race: key=('PIM', datetime.date(2025, 5, 11), 7, 'Exacta'), race_wager_info=None, num_tickets=None (type: <class 'NoneType'>)
2025-05-13 13:37:41 - INFO - Debug1 New Race: key=('PIM', datetime.date(2025, 5, 11), 8, 'Exacta'), race_wager_info=None, num_tickets=None (type: <class 'NoneType'>)
2025-05-13 13:37:41 - INFO - Debug1 New Race: key=('PIM', datetime.date(2025, 5, 11), 9, 'Exacta'), race_wager_info=None, num_tickets=None (type: <class 'NoneType'>)
2025-05-13 13:37:41 - INFO - Debug1 New Race: key=('PIM', datetime.date(2025, 5, 11), 10, 'Exacta'), race_wager_info=None, num_tickets=None (type: <class 'NoneType'>)
2025-05-13 13:37:41 - INFO - Debug1 New Race: key=('PIM', datetime.date(2025, 5, 11), 11, 'Exacta'), race_wager_info=None, num_tickets=None (type: <class 'NoneType'>)
2025-05-13 13:37:41 - INFO - Debug1 New Race: key=('PIM', datetime.date(2025, 5, 11), 12, 'Exacta'), race_wager_info=None, num_tickets=None (type: <class 'NoneType'>)
2025-05-13 13:37:41 - INFO - Debug1 New Race: key=('PIM', datetime.date(2025, 5, 11), 13, 'Exacta'), race_wager_info=None, num_tickets=None (type: <class 'NoneType'>)
2025-05-13 13:37:41 - INFO - Debug1 New Race: key=('TAM', datetime.date(2025, 2, 26), 7, 'Exacta'), race_wager_info=None, num_tickets=None (type: <class 'NoneType'>)
2025-05-13 13:37:41 - INFO - 
--- Debugging Race ---
2025-05-13 13:37:41 - INFO - Race Key: ('TCD', datetime.date(2025, 5, 9), 8, 'Exacta')
2025-05-13 13:37:41 - INFO - Wager Amount: 41.79088188273147
2025-05-13 13:37:41 - INFO - Generated Combos: [('1', '5'), ('5', '1')]
2025-05-13 13:37:41 - INFO - Posted Base: 2.00
2025-05-13 13:37:41 - INFO - Cost for Combos: 40.00
2025-05-13 13:37:41 - INFO - Actual Winning Combo: [['5'], ['11']]
2025-05-13 13:37:41 - INFO - Listed Payoff: 55.56
2025-05-13 13:37:41 - INFO - Bad Race Wager info so far: 54
2025-05-13 13:37:41 - INFO - combo size 2  |  [('1', '5'), ('5', '1')]
2025-05-13 13:37:41 - INFO - [TCD-8] ✔ prog=1 rank= 1  score=0.3927  kelly=0.241 edge=+0.193  ML= 0.20  2025-05-09  gap12=0.010  gap23=0.010
2025-05-13 13:37:41 - INFO - [TCD-8] ▶ prog=5 rank= 2  score=0.3826  kelly=0.209 edge=+0.163  ML= 0.22  2025-05-09  gap12=0.010  gap23=0.010
2025-05-13 13:37:41 - INFO - [TCD-8] ✔ prog=5 rank= 2  score=0.3826  kelly=0.209 edge=+0.163  ML= 0.22  2025-05-09  gap12=0.010  gap23=0.010
2025-05-13 13:37:41 - INFO - [TCD-8] ▶ prog=1 rank= 1  score=0.3927  kelly=0.241 edge=+0.193  ML= 0.20  2025-05-09  gap12=0.010  gap23=0.010
2025-05-13 13:37:41 - INFO - Leader gap (1→2): 0.010 | Trailing gap (2→3): 0.311 | sec_score #1: 2.7674  #2: 107.0184  #3: 690.4615
2025-05-13 13:37:41 - INFO - TCD-8 | Box 1-2 | stake $41.79 | 2 combos | cost 40.00 | miss
2025-05-13 13:37:41 - INFO - Debug1 New Race: key=('TCD', datetime.date(2025, 5, 11), 1, 'Exacta'), race_wager_info=None, num_tickets=None (type: <class 'NoneType'>)
2025-05-13 13:37:41 - INFO - Debug1 New Race: key=('TCD', datetime.date(2025, 5, 11), 2, 'Exacta'), race_wager_info=None, num_tickets=None (type: <class 'NoneType'>)
2025-05-13 13:37:41 - INFO - Debug1 New Race: key=('TCD', datetime.date(2025, 5, 11), 3, 'Exacta'), race_wager_info=None, num_tickets=None (type: <class 'NoneType'>)
2025-05-13 13:37:41 - INFO - Debug1 New Race: key=('TCD', datetime.date(2025, 5, 11), 4, 'Exacta'), race_wager_info=None, num_tickets=None (type: <class 'NoneType'>)
2025-05-13 13:37:41 - INFO - Debug1 New Race: key=('TCD', datetime.date(2025, 5, 11), 5, 'Exacta'), race_wager_info=None, num_tickets=None (type: <class 'NoneType'>)
2025-05-13 13:37:41 - INFO - Debug1 New Race: key=('TCD', datetime.date(2025, 5, 11), 6, 'Exacta'), race_wager_info=None, num_tickets=None (type: <class 'NoneType'>)
2025-05-13 13:37:41 - INFO - Debug1 New Race: key=('TCD', datetime.date(2025, 5, 11), 8, 'Exacta'), race_wager_info=None, num_tickets=None (type: <class 'NoneType'>)
2025-05-13 13:37:41 - INFO - Debug1 New Race: key=('TCD', datetime.date(2025, 5, 11), 9, 'Exacta'), race_wager_info=None, num_tickets=None (type: <class 'NoneType'>)
2025-05-13 13:37:41 - INFO - Debug1 New Race: key=('TCD', datetime.date(2025, 5, 11), 10, 'Exacta'), race_wager_info=None, num_tickets=None (type: <class 'NoneType'>)
2025-05-13 13:37:41 - INFO - 
--- Debugging Race ---
2025-05-13 13:37:41 - INFO - Race Key: ('TGP', datetime.date(2025, 2, 7), 3, 'Exacta')
2025-05-13 13:37:41 - INFO - Wager Amount: 41.76397917838331
2025-05-13 13:37:41 - INFO - Generated Combos: [('3', '2'), ('2', '3')]
2025-05-13 13:37:41 - INFO - Posted Base: 1.00
2025-05-13 13:37:41 - INFO - Cost for Combos: 40.00
2025-05-13 13:37:41 - INFO - Actual Winning Combo: [['3'], ['2']]
2025-05-13 13:37:41 - INFO - Listed Payoff: 2.70
2025-05-13 13:37:41 - INFO - Bad Race Wager info so far: 63
2025-05-13 13:37:41 - INFO - => Match Found! Winning Combo: ('3', '2'), Payoff = 54.00
2025-05-13 13:37:41 - INFO - combo size 2  |  [('3', '2'), ('2', '3')]
2025-05-13 13:37:41 - INFO - [TGP-3] ✔ prog=3 rank= 1  score=0.3847  kelly=-0.061 edge=-0.035  ML= 0.42  2025-02-07  gap12=0.014  gap23=0.014
2025-05-13 13:37:41 - INFO - [TGP-3] ▶ prog=2 rank= 2  score=0.3702  kelly=0.060 edge=+0.040  ML= 0.33  2025-02-07  gap12=0.014  gap23=0.014
2025-05-13 13:37:41 - INFO - [TGP-3] ✔ prog=2 rank= 2  score=0.3702  kelly=0.060 edge=+0.040  ML= 0.33  2025-02-07  gap12=0.014  gap23=0.014
2025-05-13 13:37:41 - INFO - [TGP-3] ▶ prog=3 rank= 1  score=0.3847  kelly=-0.061 edge=-0.035  ML= 0.42  2025-02-07  gap12=0.014  gap23=0.014
2025-05-13 13:37:41 - INFO - Leader gap (1→2): 0.014 | Trailing gap (2→3): 0.277 | sec_score #1: 2.7841  #2: 8.1989  #3: 234.7387
2025-05-13 13:37:41 - INFO - TGP-3 | Box 1-2 | stake $41.76 | 2 combos | cost 40.00 | HIT
2025-05-13 13:37:41 - INFO - 
--- Debugging Race ---
2025-05-13 13:37:41 - INFO - Race Key: ('TGP', datetime.date(2025, 2, 21), 6, 'Exacta')
2025-05-13 13:37:41 - INFO - Wager Amount: 267.0
2025-05-13 13:37:41 - INFO - Generated Combos: [('2', '6')]
2025-05-13 13:37:41 - INFO - Posted Base: 1.00
2025-05-13 13:37:41 - INFO - Cost for Combos: 260.00
2025-05-13 13:37:41 - INFO - Actual Winning Combo: [['2'], ['5']]
2025-05-13 13:37:41 - INFO - Listed Payoff: 5.10
2025-05-13 13:37:41 - INFO - Bad Race Wager info so far: 63
2025-05-13 13:37:41 - INFO - combo size 1  |  [('2', '6')]
2025-05-13 13:37:41 - INFO - [TGP-6] ✔ prog=2 rank= 1  score=0.5450  kelly=0.266 edge=+0.165  ML= 0.38  2025-02-21  gap12=0.317  gap23=0.317
2025-05-13 13:37:41 - INFO - [TGP-6] ▶ prog=6 rank= 2  score=0.2282  kelly=-0.087 edge=-0.062  ML= 0.29  2025-02-21  gap12=0.317  gap23=0.317
2025-05-13 13:37:41 - INFO - Leader gap (1→2): 0.317 | Trailing gap (2→3): 0.152 | sec_score #1: 6.4626  #2: 204.6038  #3: 323.6449
2025-05-13 13:37:41 - INFO - TGP-6 | Huge gaps straight | stake $267.00 | 1 combos | cost 260.00 | miss
2025-05-13 13:37:41 - INFO - Debug1 New Race: key=('TGP', datetime.date(2025, 3, 14), 9, 'Exacta'), race_wager_info=None, num_tickets=None (type: <class 'NoneType'>)
2025-05-13 13:37:41 - INFO - Debug1 New Race: key=('TGP', datetime.date(2025, 5, 10), 11, 'Exacta'), race_wager_info=None, num_tickets=None (type: <class 'NoneType'>)
2025-05-13 13:37:41 - INFO - Debug1 New Race: key=('TGP', datetime.date(2025, 5, 11), 1, 'Exacta'), race_wager_info=None, num_tickets=None (type: <class 'NoneType'>)
2025-05-13 13:37:41 - INFO - Debug1 New Race: key=('TGP', datetime.date(2025, 5, 11), 2, 'Exacta'), race_wager_info=None, num_tickets=None (type: <class 'NoneType'>)
2025-05-13 13:37:41 - INFO - Debug1 New Race: key=('TGP', datetime.date(2025, 5, 11), 3, 'Exacta'), race_wager_info=None, num_tickets=None (type: <class 'NoneType'>)
2025-05-13 13:37:41 - INFO - Debug1 New Race: key=('TGP', datetime.date(2025, 5, 11), 4, 'Exacta'), race_wager_info=None, num_tickets=None (type: <class 'NoneType'>)
2025-05-13 13:37:41 - INFO - Debug1 New Race: key=('TGP', datetime.date(2025, 5, 11), 5, 'Exacta'), race_wager_info=None, num_tickets=None (type: <class 'NoneType'>)
2025-05-13 13:37:41 - INFO - Debug1 New Race: key=('TGP', datetime.date(2025, 5, 11), 6, 'Exacta'), race_wager_info=None, num_tickets=None (type: <class 'NoneType'>)
2025-05-13 13:37:41 - INFO - Debug1 New Race: key=('TGP', datetime.date(2025, 5, 11), 7, 'Exacta'), race_wager_info=None, num_tickets=None (type: <class 'NoneType'>)
2025-05-13 13:37:41 - INFO - Debug1 New Race: key=('TGP', datetime.date(2025, 5, 11), 8, 'Exacta'), race_wager_info=None, num_tickets=None (type: <class 'NoneType'>)
2025-05-13 13:37:41 - INFO - Debug1 New Race: key=('TGP', datetime.date(2025, 5, 11), 9, 'Exacta'), race_wager_info=None, num_tickets=None (type: <class 'NoneType'>)
2025-05-13 13:37:41 - INFO - 
--- Debugging Race ---
2025-05-13 13:37:41 - INFO - Race Key: ('TOP', datetime.date(2025, 2, 7), 3, 'Exacta')
2025-05-13 13:37:41 - INFO - Wager Amount: 48.2
2025-05-13 13:37:41 - INFO - Generated Combos: [('8', '4'), ('4', '8')]
2025-05-13 13:37:41 - INFO - Posted Base: 1.00
2025-05-13 13:37:41 - INFO - Cost for Combos: 40.00
2025-05-13 13:37:41 - INFO - Actual Winning Combo: [['8'], ['4']]
2025-05-13 13:37:41 - INFO - Listed Payoff: 5.10
2025-05-13 13:37:41 - INFO - Bad Race Wager info so far: 74
2025-05-13 13:37:41 - INFO - => Match Found! Winning Combo: ('8', '4'), Payoff = 102.00
2025-05-13 13:37:41 - INFO - combo size 2  |  [('8', '4'), ('4', '8')]
2025-05-13 13:37:41 - INFO - [TOP-3] ✔ prog=8 rank= 1  score=0.4887  kelly=0.175 edge=+0.109  ML= 0.38  2025-02-07  gap12=0.141  gap23=0.141
2025-05-13 13:37:41 - INFO - [TOP-3] ▶ prog=4 rank= 2  score=0.3480  kelly=0.205 edge=+0.168  ML= 0.18  2025-02-07  gap12=0.141  gap23=0.141
2025-05-13 13:37:41 - INFO - [TOP-3] ✔ prog=4 rank= 2  score=0.3480  kelly=0.205 edge=+0.168  ML= 0.18  2025-02-07  gap12=0.141  gap23=0.141
2025-05-13 13:37:41 - INFO - [TOP-3] ▶ prog=8 rank= 1  score=0.4887  kelly=0.175 edge=+0.109  ML= 0.38  2025-02-07  gap12=0.141  gap23=0.141
2025-05-13 13:37:41 - INFO - Leader gap (1→2): 0.141 | Trailing gap (2→3): 0.274 | sec_score #1: 3.6394  #2: 22.8408  #3: 209.5159
2025-05-13 13:37:41 - INFO - TOP-3 | Box 1-2 | stake $48.20 | 2 combos | cost 40.00 | HIT
2025-05-13 13:37:41 - INFO - 
--- Debugging Race ---
2025-05-13 13:37:41 - INFO - Race Key: ('TOP', datetime.date(2025, 3, 30), 8, 'Exacta')
2025-05-13 13:37:41 - INFO - Wager Amount: 49.44
2025-05-13 13:37:41 - INFO - Generated Combos: [('12', '3'), ('3', '12')]
2025-05-13 13:37:41 - INFO - Posted Base: 1.00
2025-05-13 13:37:41 - INFO - Cost for Combos: 40.00
2025-05-13 13:37:41 - INFO - Actual Winning Combo: [['12'], ['2']]
2025-05-13 13:37:41 - INFO - Listed Payoff: 11.90
2025-05-13 13:37:41 - INFO - Bad Race Wager info so far: 74
2025-05-13 13:37:41 - INFO - combo size 2  |  [('12', '3'), ('3', '12')]
2025-05-13 13:37:41 - INFO - [TOP-8] ✔ prog=12 rank= 1  score=0.4312  kelly=0.151 edge=+0.101  ML= 0.33  2025-03-30  gap12=0.100  gap23=0.100
2025-05-13 13:37:41 - INFO - [TOP-8] ▶ prog=3 rank= 2  score=0.3307  kelly=0.142 edge=+0.111  ML= 0.22  2025-03-30  gap12=0.100  gap23=0.100
2025-05-13 13:37:41 - INFO - [TOP-8] ✔ prog=3 rank= 2  score=0.3307  kelly=0.142 edge=+0.111  ML= 0.22  2025-03-30  gap12=0.100  gap23=0.100
2025-05-13 13:37:41 - INFO - [TOP-8] ▶ prog=12 rank= 1  score=0.4312  kelly=0.151 edge=+0.101  ML= 0.33  2025-03-30  gap12=0.100  gap23=0.100
2025-05-13 13:37:41 - INFO - Leader gap (1→2): 0.100 | Trailing gap (2→3): 0.280 | sec_score #1: 2.5677  #2: 2.8430  #3: 5.3047
2025-05-13 13:37:41 - INFO - TOP-8 | Box 1-2 | stake $49.44 | 2 combos | cost 40.00 | miss
2025-05-13 13:37:41 - INFO - Debug1 New Race: key=('TSA', datetime.date(2025, 1, 24), 9, 'Exacta'), race_wager_info=None, num_tickets=None (type: <class 'NoneType'>)
2025-05-13 13:37:41 - INFO - 
--- Debugging Race ---
2025-05-13 13:37:41 - INFO - Race Key: ('TSA', datetime.date(2025, 3, 29), 3, 'Exacta')
2025-05-13 13:37:41 - INFO - Wager Amount: 243.20000000000002
2025-05-13 13:37:41 - INFO - Generated Combos: [('1', '2')]
2025-05-13 13:37:41 - INFO - Posted Base: 1.00
2025-05-13 13:37:41 - INFO - Cost for Combos: 240.00
2025-05-13 13:37:41 - INFO - Actual Winning Combo: [['1'], ['4']]
2025-05-13 13:37:41 - INFO - Listed Payoff: 3.80
2025-05-13 13:37:41 - INFO - Bad Race Wager info so far: 75
2025-05-13 13:37:41 - INFO - combo size 1  |  [('1', '2')]
2025-05-13 13:37:41 - INFO - [TSA-3] ✔ prog=1 rank= 1  score=0.6102  kelly=-0.054 edge=-0.020  ML= 0.63  2025-03-29  gap12=0.371  gap23=0.371
2025-05-13 13:37:41 - INFO - [TSA-3] ▶ prog=2 rank= 2  score=0.2392  kelly=-0.014 edge=-0.011  ML= 0.25  2025-03-29  gap12=0.371  gap23=0.371
2025-05-13 13:37:41 - INFO - Leader gap (1→2): 0.371 | Trailing gap (2→3): 0.164 | sec_score #1: 3.6627  #2: 181.1213  #3: 337.4260
2025-05-13 13:37:41 - INFO - TSA-3 | Huge gaps straight | stake $243.20 | 1 combos | cost 240.00 | miss
2025-05-13 13:37:41 - INFO - 
--- Debugging Race ---
2025-05-13 13:37:41 - INFO - Race Key: ('TSA', datetime.date(2025, 4, 19), 1, 'Exacta')
2025-05-13 13:37:41 - INFO - Wager Amount: 43.84
2025-05-13 13:37:41 - INFO - Generated Combos: [('8', '6'), ('6', '8')]
2025-05-13 13:37:41 - INFO - Posted Base: 1.00
2025-05-13 13:37:41 - INFO - Cost for Combos: 40.00
2025-05-13 13:37:41 - INFO - Actual Winning Combo: [['8'], ['6']]
2025-05-13 13:37:41 - INFO - Listed Payoff: 2.80
2025-05-13 13:37:41 - INFO - Bad Race Wager info so far: 75
2025-05-13 13:37:41 - INFO - => Match Found! Winning Combo: ('8', '6'), Payoff = 56.00
2025-05-13 13:37:41 - INFO - combo size 2  |  [('8', '6'), ('6', '8')]
2025-05-13 13:37:41 - INFO - [TSA-1] ✔ prog=8 rank= 1  score=0.4265  kelly=-0.043 edge=-0.024  ML= 0.45  2025-04-19  gap12=0.109  gap23=0.109
2025-05-13 13:37:41 - INFO - [TSA-1] ▶ prog=6 rank= 2  score=0.3179  kelly=0.147 edge=+0.118  ML= 0.20  2025-04-19  gap12=0.109  gap23=0.109
2025-05-13 13:37:41 - INFO - [TSA-1] ✔ prog=6 rank= 2  score=0.3179  kelly=0.147 edge=+0.118  ML= 0.20  2025-04-19  gap12=0.109  gap23=0.109
2025-05-13 13:37:41 - INFO - [TSA-1] ▶ prog=8 rank= 1  score=0.4265  kelly=-0.043 edge=-0.024  ML= 0.45  2025-04-19  gap12=0.109  gap23=0.109
2025-05-13 13:37:41 - INFO - Leader gap (1→2): 0.109 | Trailing gap (2→3): 0.258 | sec_score #1: 2.5712  #2: 2.7043  #3: 406.1642
2025-05-13 13:37:41 - INFO - TSA-1 | Box 1-2 | stake $43.84 | 2 combos | cost 40.00 | HIT
2025-05-13 13:37:41 - INFO - Debug1 New Race: key=('TSA', datetime.date(2025, 5, 11), 1, 'Exacta'), race_wager_info=None, num_tickets=None (type: <class 'NoneType'>)
2025-05-13 13:37:41 - INFO - Debug1 New Race: key=('TSA', datetime.date(2025, 5, 11), 2, 'Exacta'), race_wager_info=None, num_tickets=None (type: <class 'NoneType'>)
2025-05-13 13:37:41 - INFO - Debug1 New Race: key=('TSA', datetime.date(2025, 5, 11), 3, 'Exacta'), race_wager_info=None, num_tickets=None (type: <class 'NoneType'>)
2025-05-13 13:37:41 - INFO - Debug1 New Race: key=('TSA', datetime.date(2025, 5, 11), 4, 'Exacta'), race_wager_info=None, num_tickets=None (type: <class 'NoneType'>)
2025-05-13 13:37:41 - INFO - Debug1 New Race: key=('TSA', datetime.date(2025, 5, 11), 5, 'Exacta'), race_wager_info=None, num_tickets=None (type: <class 'NoneType'>)
2025-05-13 13:37:41 - INFO - Debug1 New Race: key=('TSA', datetime.date(2025, 5, 11), 6, 'Exacta'), race_wager_info=None, num_tickets=None (type: <class 'NoneType'>)
2025-05-13 13:37:41 - INFO - Debug1 New Race: key=('TSA', datetime.date(2025, 5, 11), 7, 'Exacta'), race_wager_info=None, num_tickets=None (type: <class 'NoneType'>)
2025-05-13 13:37:41 - INFO - Debug1 New Race: key=('TSA', datetime.date(2025, 5, 11), 8, 'Exacta'), race_wager_info=None, num_tickets=None (type: <class 'NoneType'>)
2025-05-13 13:37:41 - INFO - Debug1 New Race: key=('TSA', datetime.date(2025, 5, 11), 9, 'Exacta'), race_wager_info=None, num_tickets=None (type: <class 'NoneType'>)
2025-05-13 13:37:41 - INFO - Debug1 New Race: key=('TWO', datetime.date(2025, 5, 11), 1, 'Exacta'), race_wager_info=None, num_tickets=None (type: <class 'NoneType'>)
2025-05-13 13:37:41 - INFO - Debug1 New Race: key=('TWO', datetime.date(2025, 5, 11), 2, 'Exacta'), race_wager_info=None, num_tickets=None (type: <class 'NoneType'>)
2025-05-13 13:37:41 - INFO - Debug1 New Race: key=('TWO', datetime.date(2025, 5, 11), 3, 'Exacta'), race_wager_info=None, num_tickets=None (type: <class 'NoneType'>)
2025-05-13 13:37:41 - INFO - Debug1 New Race: key=('TWO', datetime.date(2025, 5, 11), 4, 'Exacta'), race_wager_info=None, num_tickets=None (type: <class 'NoneType'>)
2025-05-13 13:37:41 - INFO - Debug1 New Race: key=('TWO', datetime.date(2025, 5, 11), 5, 'Exacta'), race_wager_info=None, num_tickets=None (type: <class 'NoneType'>)
2025-05-13 13:37:41 - INFO - Debug1 New Race: key=('TWO', datetime.date(2025, 5, 11), 6, 'Exacta'), race_wager_info=None, num_tickets=None (type: <class 'NoneType'>)
2025-05-13 13:37:41 - INFO - Debug1 New Race: key=('TWO', datetime.date(2025, 5, 11), 7, 'Exacta'), race_wager_info=None, num_tickets=None (type: <class 'NoneType'>)
2025-05-13 13:37:41 - INFO - Debug1 New Race: key=('TWO', datetime.date(2025, 5, 11), 8, 'Exacta'), race_wager_info=None, num_tickets=None (type: <class 'NoneType'>)
2025-05-13 13:37:41 - INFO - Debug1 New Race: key=('TWO', datetime.date(2025, 5, 11), 9, 'Exacta'), race_wager_info=None, num_tickets=None (type: <class 'NoneType'>)
2025-05-13 13:37:41 - INFO - Debug1 New Race: key=('TWO', datetime.date(2025, 5, 11), 10, 'Exacta'), race_wager_info=None, num_tickets=None (type: <class 'NoneType'>)
2025-05-13 13:37:41 - INFO - Exacta ▶ Cost $1280.00 | Payoff $1488.00 | ROI 16.25% | Bankroll $2208.00 | Hit-rate 35.7% (5 / 14)
2025-05-13 13:37:41 - INFO - No forward-dated races matched today’s rule set – no bet-sheet generated.
2025-05-13 13:37:44 - INFO - Closing down clientserver connection
