2025-03-28 05:00:04 - INFO - Logging has been set up successfully.
2025-03-28 05:00:04 - INFO - Loading gpspoint data from PostgreSQL...
2025-03-28 05:00:05 - INFO - Saving gpspoint DataFrame to Parquet at /home/exx/myCode/horse-racing/FoxRiverAIRacing/data/parquet/gpspoint.parquet...
2025-03-28 05:03:00 - INFO - gpspoint data loaded and saved successfully.
2025-03-28 05:03:00 - INFO - Loading sectionals data from PostgreSQL...
2025-03-28 05:03:00 - INFO - Saving sectionals DataFrame to Parquet at /home/exx/myCode/horse-racing/FoxRiverAIRacing/data/parquet/sectionals.parquet...
2025-03-28 05:03:16 - INFO - sectionals data loaded and saved successfully.
2025-03-28 05:03:16 - INFO - Loading runners data from PostgreSQL...
2025-03-28 05:03:16 - INFO - Saving runners DataFrame to Parquet at /home/exx/myCode/horse-racing/FoxRiverAIRacing/data/parquet/runners.parquet...
2025-03-28 05:03:28 - INFO - runners data loaded and saved successfully.
2025-03-28 05:03:28 - INFO - Loading horse data from PostgreSQL...
2025-03-28 05:03:28 - INFO - Saving horse DataFrame to Parquet at /home/exx/myCode/horse-racing/FoxRiverAIRacing/data/parquet/horse.parquet...
2025-03-28 05:03:28 - INFO - horse data loaded and saved successfully.
2025-03-28 05:03:28 - INFO - DataFrame 'gpspoint' loaded. Schema:
2025-03-28 05:03:28 - INFO - DataFrame 'sectionals' loaded. Schema:
2025-03-28 05:03:28 - INFO - DataFrame 'runners' loaded. Schema:
2025-03-28 05:03:28 - INFO - DataFrame 'horse' loaded. Schema:
2025-03-28 05:03:28 - INFO - Starting Spark-based aggregation for sectionals...
2025-03-28 05:03:40 - INFO - Writing aggregated results to staging table (overwrite)...
2025-03-28 05:03:56 - INFO - Staging table sectionals_aggregated written successfully.
2025-03-28 05:03:56 - INFO - Spark-based sectionals aggregation and write completed in 27.24 seconds.
2025-03-28 05:03:56 - INFO - Starting Spark-based aggregation for sectionals keyed by (horse_id, as_of_date) with LOCF ...
2025-03-28 05:04:06 - INFO - Writing aggregator keyed by (horse_id, as_of_date) with LOCF to sectionals_aggregated_locf (overwrite).
2025-03-28 05:04:22 - INFO - Done. Wrote table=sectionals_aggregated_locf in 26.45 sec, keyed by (horse_id, as_of_date).
2025-03-28 05:04:23 - INFO - Starting quartile-based GPS metrics calculation...
2025-03-28 05:04:23 - INFO - Writing quartile + overall GPS metrics (with horse_id) to gps_aggregated ...
2025-03-28 05:05:50 - INFO - GPS quartile metrics aggregated (with axciskey => horse_id) and written in 87.22 seconds.
2025-03-28 05:05:57 - INFO - Ingestion job succeeded
2025-03-28 05:05:57 - INFO - Updating net_sentiment beginning...
2025-03-28 05:06:09 - INFO - Net sentiment updated successfully in 12.41 seconds.
2025-03-28 05:06:09 - INFO - Updating distance_meters in racedata beginning...
2025-03-28 05:06:10 - INFO - Distance_meters updated successfully in 1.10 seconds.
2025-03-28 05:06:10 - INFO - Updating rr_par_time in races beginning...
2025-03-28 05:06:11 - INFO - rr_par_time updated successfully in 0.59 seconds.
2025-03-28 05:06:11 - INFO - Updating previous race data and race count in runners beginning...
2025-03-28 05:06:32 - INFO - Previous race data and race count updated successfully.
2025-03-28 05:06:32 - INFO - Time taken to update previous race data and race count: 21.299855709075928 seconds
2025-03-28 05:07:08 - INFO - Updated runners: prev_speed_rating set from results_entries.speed_rating.
2025-03-28 05:07:08 - INFO - Speed_rating updated using forward-fill (LOCF) successfully.
2025-03-28 05:07:44 - INFO - Updated runners: prev_speed_rating set from results_entries.speed_rating.
2025-03-28 05:07:45 - INFO - Update previous_surface successful.
2025-03-28 05:07:45 - INFO - Updating finish_time in results_entries beginning...
2025-03-28 05:07:57 - INFO - finish_time updated successfully in 12.24 seconds.
2025-03-28 05:07:58 - INFO - Closing down clientserver connection
