2025-04-14 05:00:03 - INFO - Logging has been set up successfully.
2025-04-14 05:00:03 - INFO - Loading gpspoint data from PostgreSQL...
2025-04-14 05:00:04 - INFO - Saving gpspoint DataFrame to Parquet at /home/exx/myCode/horse-racing/FoxRiverAIRacing/data/parquet/gpspoint.parquet...
2025-04-14 05:02:57 - INFO - gpspoint data loaded and saved successfully.
2025-04-14 05:02:57 - INFO - Loading sectionals data from PostgreSQL...
2025-04-14 05:02:57 - INFO - Saving sectionals DataFrame to Parquet at /home/exx/myCode/horse-racing/FoxRiverAIRacing/data/parquet/sectionals.parquet...
2025-04-14 05:03:13 - INFO - sectionals data loaded and saved successfully.
2025-04-14 05:03:13 - INFO - Loading runners data from PostgreSQL...
2025-04-14 05:03:13 - INFO - Saving runners DataFrame to Parquet at /home/exx/myCode/horse-racing/FoxRiverAIRacing/data/parquet/runners.parquet...
2025-04-14 05:03:25 - INFO - runners data loaded and saved successfully.
2025-04-14 05:03:25 - INFO - Loading horse data from PostgreSQL...
2025-04-14 05:03:25 - INFO - Saving horse DataFrame to Parquet at /home/exx/myCode/horse-racing/FoxRiverAIRacing/data/parquet/horse.parquet...
2025-04-14 05:03:25 - INFO - horse data loaded and saved successfully.
2025-04-14 05:03:25 - INFO - DataFrame 'gpspoint' loaded. Schema:
2025-04-14 05:03:25 - INFO - DataFrame 'sectionals' loaded. Schema:
2025-04-14 05:03:25 - INFO - DataFrame 'runners' loaded. Schema:
2025-04-14 05:03:25 - INFO - DataFrame 'horse' loaded. Schema:
2025-04-14 05:03:25 - INFO - Starting Spark-based aggregation for sectionals...
2025-04-14 05:03:37 - INFO - Writing aggregated results to staging table (overwrite)...
2025-04-14 05:03:53 - INFO - Staging table sectionals_aggregated written successfully.
2025-04-14 05:03:53 - INFO - Spark-based sectionals aggregation and write completed in 27.63 seconds.
2025-04-14 05:03:53 - INFO - Starting Spark-based aggregation for sectionals keyed by (horse_id, as_of_date) with LOCF ...
2025-04-14 05:04:04 - INFO - Writing aggregator keyed by (horse_id, as_of_date) with LOCF to sectionals_aggregated_locf (overwrite).
2025-04-14 05:04:21 - INFO - Done. Wrote table=sectionals_aggregated_locf in 27.94 sec, keyed by (horse_id, as_of_date).
2025-04-14 05:04:21 - INFO - Starting quartile-based GPS metrics calculation...
2025-04-14 05:04:22 - INFO - Writing quartile + overall GPS metrics (with horse_id) to gps_aggregated ...
2025-04-14 05:05:50 - INFO - GPS quartile metrics aggregated (with axciskey => horse_id) and written in 88.87 seconds.
2025-04-14 05:05:58 - INFO - Ingestion job succeeded
2025-04-14 05:05:58 - INFO - Updating net_sentiment beginning...
2025-04-14 05:06:32 - INFO - Net sentiment updated successfully in 34.22 seconds.
2025-04-14 05:06:32 - INFO - Updating distance_meters in racedata beginning...
2025-04-14 05:06:36 - INFO - Distance_meters updated successfully in 4.45 seconds.
2025-04-14 05:06:36 - INFO - Updating rr_par_time in races beginning...
2025-04-14 05:06:38 - INFO - rr_par_time updated successfully in 1.39 seconds.
2025-04-14 05:06:38 - INFO - Updating previous race data and race count in runners beginning...
2025-04-14 05:07:12 - INFO - Previous race data and race count updated successfully.
2025-04-14 05:07:12 - INFO - Time taken to update previous race data and race count: 34.82849311828613 seconds
2025-04-14 05:07:58 - INFO - Updated runners: prev_speed_rating set from results_entries.speed_rating.
2025-04-14 05:07:58 - INFO - Speed_rating updated using forward-fill (LOCF) successfully.
2025-04-14 05:08:44 - INFO - Updated runners: prev_speed_rating set from results_entries.speed_rating.
2025-04-14 05:08:45 - INFO - Update previous_surface successful.
2025-04-14 05:08:45 - INFO - Updating finish_time in results_entries beginning...
2025-04-14 05:09:00 - INFO - finish_time updated successfully in 14.96 seconds.
2025-04-14 05:09:00 - INFO - Closing down clientserver connection
